#
#model:
#
#<?xml version="1.0" encoding="UTF-8" standalone="no"?><input id="posterior" spec="beast.core.util.CompoundDistribution">
#    <distribution id="prior" spec="beast.core.util.CompoundDistribution">
#        <distribution id="BirthDeath.t:AARS_betterPriors" spec="beast.evolution.speciation.BirthDeathGernhard08Model">
#            <parameter id="relativeDeathRate2.t:AARS_betterPriors" lower="0.0" name="relativeDeathRate" upper="1.0">0.5</parameter>
#            <parameter id="birthRate2.t:AARS_betterPriors" lower="0.0" name="birthDiffRate" upper="10000.0">1.0</parameter>
#            <tree id="Tree.t:AARS_betterPriors">
#                <taxonset id="TaxonSet.AARS_betterPriors" spec="beast.evolution.alignment.TaxonSet">
#                </taxonset>
#            </tree>
#        </distribution>
#        <prior id="BirthRatePrior.t:AARS_betterPriors" name="distribution" x="@birthRate2.t:AARS_betterPriors">
#            <LogNormal id="LogNormalDistributionModel.1" name="distr">
#                <parameter estimate="false" id="RealParameter.6" name="M">1.0</parameter>
#                <parameter estimate="false" id="RealParameter.7" lower="0.0" name="S" upper="5.0">1.25</parameter>
#            </LogNormal>
#        </prior>
#        <prior id="GammaShapePrior.s:AARS_betterPriors" name="distribution">
#            <parameter id="gammaShape.s:AARS_betterPriors" name="x">1.0</parameter>
#            <Exponential id="Exponential.0" name="distr">
#                <parameter id="RealParameter.0" lower="0.0" name="mean" upper="0.0">1.0</parameter>
#            </Exponential>
#        </prior>
#        <prior id="DeathRatePrior.t:AARS_betterPriors" name="distribution" x="@relativeDeathRate2.t:AARS_betterPriors">
#            <LogNormal id="LogNormalDistributionModel.2" name="distr">
#                <parameter estimate="false" id="RealParameter.8" name="M">1.0</parameter>
#                <parameter estimate="false" id="RealParameter.9" lower="0.0" name="S" upper="5.0">1.25</parameter>
#            </LogNormal>
#        </prior>
#        <prior id="ucldStdevPrior.c:AARS_betterPriors" name="distribution">
#            <parameter id="ucldStdev.c:AARS_betterPriors" lower="0.0" name="x">0.1</parameter>
#            <Gamma id="Gamma.0" name="distr">
#                <parameter estimate="false" id="RealParameter.2" name="alpha">0.5396</parameter>
#                <parameter estimate="false" id="RealParameter.3" name="beta">0.3819</parameter>
#            </Gamma>
#        </prior>
#    </distribution>
#    <distribution id="likelihood" spec="beast.core.util.CompoundDistribution" useThreads="true">
#        <distribution data="@AARS_betterPriors" id="treeLikelihood.AARS_betterPriors" spec="beast.evolution.likelihood.ThreadedTreeLikelihood" tree="@Tree.t:AARS_betterPriors">
#            <siteModel gammaCategoryCount="4" id="SiteModel.s:AARS_betterPriors" shape="@gammaShape.s:AARS_betterPriors" spec="beast.evolution.sitemodel.SiteModel">
#                <parameter id="mutationRate.s:AARS_betterPriors" name="mutationRate">1.0</parameter>
#                <parameter estimate="false" id="proportionInvariant.s:AARS_betterPriors" lower="0.0" name="proportionInvariant" upper="1.0">0.0</parameter>
#                <substModel id="WAG.s:AARS_betterPriors" spec="beast.evolution.substitutionmodel.WAG"/>
#            </siteModel>
#            <branchRateModel id="RelaxedClock.c:AARS_betterPriors" spec="beast.evolution.branchratemodel.UCRelaxedClockModel" tree="@Tree.t:AARS_betterPriors">
#                <LogNormal S="@ucldStdev.c:AARS_betterPriors" id="LogNormalDistributionModel.c:AARS_betterPriors" meanInRealSpace="true" name="distr">
#                    <parameter estimate="false" id="RealParameter.1" lower="0.0" name="M" upper="1.0">1.0</parameter>
#                </LogNormal>
#                <rateCategories dimension="1920" id="rateCategories.c:AARS_betterPriors" spec="beast.core.parameter.IntegerParameter">1</rateCategories>
#                <parameter estimate="false" id="ucldMean.c:AARS_betterPriors" name="clock.rate">1.0</parameter>
#            </branchRateModel>
#        </distribution>
#    </distribution>
#</input>
#
Sample	posterior	likelihood	prior	treeLikelihood	TreeHeight	gammaShape	mutationRate	ucldStdev	rate.mean	rate.variance	rate.coefficientOfVariation	BirthDeath	birthRate2	relativeDeathRate2
0	-206184.46662246887	-202552.66703972177	-3631.7995827471013	-202552.66703972177	500.1	1.0	1.0	0.1	0.9902520632165057	0.010398241986273251	0.10185591375631378	-3628.790570743732	1.0	0.5
10000	-169338.77392323475	-168694.05273537568	-644.7211878590725	-168694.05273537568	981.042294718375	2.255697559675595	1.0	0.20852020616757633	0.9304819306105335	0.04491767973008649	0.2114064133334938	-635.7092812805282	0.015668033192522784	0.9933863955702155
20000	-161389.57057969234	-160832.7732186952	-556.7973609971442	-160832.7732186952	534.6382500225487	2.255697559675595	1.0	0.356578854511114	0.8834303913429715	0.14041717637128232	0.37409569235358986	-547.4771861984779	0.01811018958637248	0.9933863955702155
30000	-154313.96263153956	-153822.19617143727	-491.7664601022942	-153822.19617143727	523.4794276638611	2.790638419360327	1.0	0.517645764623524	0.7582941002645647	0.29111937183811154	0.5427885749079855	-481.3218360218106	0.018142902344129894	0.993753959065608
40000	-149321.7895326062	-148898.97422390303	-422.81530870315714	-148898.97422390303	411.85376819637196	2.4136786605458798	1.0	0.5986305631714626	1.0490767491588553	0.39736377091361463	0.6311231502174769	-412.7156068857783	0.020329962165405096	0.993753959065608
50000	-145251.08441912662	-144867.65813436208	-383.4262847645373	-144867.65813436208	378.993554267064	2.653628105456154	1.0	0.6073794164595591	0.9309714575163938	0.4082316884966192	0.6475151278899469	-372.87805233508743	0.01871565117742979	0.9946149246283268
60000	-142334.53054624	-142002.8631119138	-331.66743432623406	-142002.8631119138	247.03507985059272	2.653628105456154	1.0	0.6097189228448886	0.9106415349847139	0.41639320284285153	0.6501444075757016	-321.0808941067728	0.018457620898934782	0.9946149246283268
70000	-140014.85786201485	-139676.5915049021	-338.26635711274764	-139676.5915049021	234.82875653238315	2.653628105456154	1.0	0.6315321125363793	1.0374766057287028	0.43998469711892124	0.6716958454209769	-327.7458488211729	0.019677810688806027	0.9942547901485868
80000	-137679.19733643046	-137384.61122927067	-294.58610715979404	-137384.61122927067	213.83380489030165	2.653628105456154	1.0	0.6518369529627857	0.8850281082543388	0.46590587371154824	0.6885665630521027	-284.1458568617832	0.021092384759583006	0.9942547901485868
90000	-135637.17972612072	-135379.8807949094	-257.29893121132227	-135379.8807949094	119.19369146213474	2.653628105456154	1.0	0.6608897855817502	1.0748778312887999	0.49577619492453107	0.7042878223303184	-246.86052300114582	0.021414459407917207	0.9942547901485868
100000	-134152.76625534942	-133909.58949504056	-243.17676030884772	-133909.58949504056	78.40839017592081	2.5497888615902493	1.0	0.6452337190314964	0.9597654353791724	0.47105738227694266	0.6821955452061057	-232.947516016739	0.021967030314253136	0.9942547901485868
110000	-132735.60071652252	-132525.43954127288	-210.16117524964727	-132525.43954127288	67.32723105073065	2.5497888615902493	1.0	0.6579603912761169	0.876879381359679	0.499527079999855	0.702543138035549	-200.03526584936193	0.023575590320228167	0.9942547901485868
120000	-131874.8447822821	-131691.61408065585	-183.23070162625774	-131691.61408065585	63.19584967438796	2.572407269539791	1.0	0.6553221751208634	1.1761304883075614	0.48849244553485754	0.6905841384071034	-172.93136502298245	0.021820972964030013	0.9942547901485868
130000	-130810.67382851515	-130649.8853113188	-160.78851719635892	-130649.8853113188	32.890887720734476	2.8633700745722113	1.0	0.6545390971542265	0.8234893559250142	0.49261895145754764	0.6934232247861283	-150.43322090347544	0.02443451850783091	0.9934168829387339
140000	-129915.1672149155	-129774.54250813262	-140.62470678288747	-129774.54250813262	52.48521561704457	2.372870840828645	1.0	0.6714266045063502	0.8176836911430186	0.5053758367511171	0.7030434793828962	-130.77970890651534	0.02537604117240694	0.9934168829387339
150000	-129176.438883659	-129057.05679761563	-119.38208604336556	-129057.05679761563	26.082836410736856	2.606088666861689	1.0	0.6349564729540537	0.8917911950663598	0.4502811203382798	0.656101967126569	-109.50304416744017	0.02639585747084338	0.9934168829387339
160000	-128267.95959882534	-128167.1245420931	-100.83505673225203	-128167.1245420931	9.630009524659267	2.606088666861689	1.0	0.6383782250078758	0.858391250642737	0.46275282204769563	0.6642564744220797	-91.04989306589835	0.027861511150637758	0.9934168829387339
170000	-127659.91074964328	-127563.31993062224	-96.59081902104477	-127563.31993062224	6.540823713350926	2.606088666861689	1.0	0.6201344029993519	0.8843915919367983	0.4386548565376123	0.6466746112283693	-86.81463936471786	0.027122768228763715	0.9934168829387339
180000	-127241.99778913653	-127126.70488490432	-115.29290423220783	-127126.70488490432	10.283132776824806	2.475964449986695	1.0	0.6375457643804314	0.8659769687925775	0.4620966667712496	0.6690341691445161	-105.90183476081197	0.031993028948151585	0.9927690787305918
190000	-126869.27185727436	-126782.51649556891	-86.75536170545796	-126782.51649556891	10.051458728046327	2.475964449986695	1.0	0.6413352756632623	0.8684219796809215	0.45310470771514344	0.6677069021981679	-77.29248394402302	0.030987914553910912	0.9927690787305918
200000	-126623.24850131721	-126528.06903974687	-95.17946157034083	-126528.06903974687	13.270313749492027	2.475964449986695	1.0	0.6628332457038508	0.8521477967807403	0.48696027387454327	0.6891383872472633	-85.66227347342718	0.03127518360422336	0.9927870455060483
210000	-126303.359887438	-126236.5684154721	-66.79147196590807	-126236.5684154721	9.031453872366528	2.603221565023117	1.0	0.6333918676013802	0.9277260947279752	0.45147135873408833	0.6610170332986743	-57.771078998104876	0.0421357751898579	0.9905839380697462
220000	-126194.40161587096	-126126.91207069022	-67.48954518073201	-126126.91207069022	5.740235191364744	2.556020781347534	1.0	0.6344137008225273	0.8925739410035957	0.4475193177503053	0.6573859185504066	-58.45567049410613	0.040723306418649075	0.9907542542441596
230000	-125979.77604623114	-125912.61006694712	-67.16597928402801	-125912.61006694712	7.6735998676978365	2.3350042946353	1.0	0.6248173965881455	0.9157161872992804	0.42788838110423477	0.6517251460561745	-58.46428688998436	0.04269233296224333	0.9907542542441596
240000	-125871.46331598399	-125810.26696635263	-61.1963496313484	-125810.26696635263	6.427500686208625	2.468345867438367	1.0	0.61613247336409	0.9115072785145152	0.4134492466446861	0.6406814494207004	-52.26374330214566	0.03959410187471016	0.9907542542441596
250000	-125709.42217343929	-125651.43490090579	-57.987272533494554	-125651.43490090579	15.285936647748352	2.37630382314113	1.0	0.6254566153503969	0.8632898490056317	0.4130116144438976	0.6446044518336278	-49.217718303440925	0.04207009616754622	0.9907542542441596
260000	-125498.65024005118	-125432.67867501291	-65.97156503827244	-125432.67867501291	9.203501093278593	2.334748875096832	1.0	0.6311145416964773	0.8609813404895221	0.4335482616974864	0.661468194552322	-57.02624221040067	0.03745992897403169	0.9920941236788202
270000	-125468.78004193731	-125380.25386418514	-88.52617775217047	-125380.25386418514	17.898346919020092	2.39128098372057	1.0	0.6132296903120551	0.8429258785716651	0.404092762494816	0.6392515013024311	-79.4951398252843	0.035605960574136127	0.9920941236788202
280000	-125148.53928585662	-125077.46341640825	-71.07586944837172	-125077.46341640825	9.689826927981231	2.6168403527851143	1.0	0.6244140233170554	0.885198703899253	0.40266200031604704	0.637796163666954	-61.77059220035416	0.03538325886627873	0.9918872597465824
290000	-125025.93320756363	-124974.58440160193	-51.34880596170763	-124974.58440160193	6.269710838543683	2.394218397104374	1.0	0.6008186797785043	0.8904840837337135	0.37118077152352713	0.6083313648244961	-42.6090699407478	0.041196715031308916	0.9911891602805621
300000	-124903.34876742736	-124854.67189950915	-48.67686791821562	-124854.67189950915	9.548133784428256	2.394218397104374	1.0	0.6025464765094143	0.9164879059475742	0.3791573660630497	0.6169726624194918	-40.04918874962746	0.044223957485025736	0.9903487251514477
310000	-124811.62310413754	-124755.20912751538	-56.41397662216959	-124755.20912751538	10.348257998574033	2.4111820061065115	1.0	0.5812375492347397	0.8978748757430074	0.3512482191025029	0.5946852706725019	-47.935793794782136	0.046873122129941845	0.9903487251514477
320000	-124795.06312215271	-124719.45291467546	-75.61020747724277	-124719.45291467546	7.293913289291389	2.295539259092687	1.0	0.5741079008244816	0.8767512718341316	0.3448914136697871	0.5906992898908651	-66.90533729168034	0.037632492297343736	0.991014726563314
330000	-124684.03312353129	-124615.7787214933	-68.25440203798281	-124615.7787214933	11.547407917740559	2.400045212872844	1.0	0.5818293274263143	0.8851143462316994	0.3567167616024487	0.6032485647692848	-59.84224442150042	0.04857827431323938	0.9898056746853242
340000	-124599.35570133374	-124531.93532668725	-67.42037464648708	-124531.93532668725	6.483065029901714	2.342031593982852	1.0	0.5905307718175584	0.8700176458295841	0.3758435752377876	0.6209068433421497	-58.99869003402035	0.04742866869702901	0.9898056746853242
350000	-124519.26161102924	-124469.84905262632	-49.41255840292304	-124469.84905262632	11.602931731318478	2.4300572372513374	1.0	0.5816006411057999	0.875458064379121	0.3542094138880315	0.6021004506368361	-40.934900792782464	0.04747800283668748	0.9898056746853242
360000	-124466.74295540941	-124403.77558076537	-62.96737464404204	-124403.77558076537	11.630060561956677	2.5285095686832433	1.0	0.5554984099561012	0.8755686995568674	0.3213277678926436	0.5729454158009124	-54.61341171296231	0.051675071868893425	0.9891515347016628
370000	-124455.59715710602	-124404.16498814618	-51.43216895983795	-124404.16498814618	18.64750008802806	2.39019626340567	1.0	0.5625027882287411	0.8879675962180344	0.3289986830458318	0.5799809436973427	-43.06141678814154	0.04751651150242449	0.98875230185067
380000	-124298.25960299309	-124252.37488050607	-45.88472248700729	-124252.37488050607	12.262055928714378	2.39019626340567	1.0	0.5523288687063559	0.891495757119856	0.30721763751867426	0.5611579310745568	-37.736828190077446	0.053632735294784524	0.98875230185067
390000	-124243.96440650562	-124231.94146795999	-12.022938545630346	-124231.94146795999	5.760327764854432	2.372807538321487	1.0	0.5193943937260317	0.8924273812453722	0.2865048709035317	0.5356934432576245	-3.847586206131055	0.048376776573456556	0.98875230185067
400000	-124261.3768129983	-124235.75736629288	-25.619446705410233	-124235.75736629288	9.818670509923116	2.3925421883691893	1.0	0.5233556223245375	0.8945542137599898	0.3013413673458828	0.5482882579413534	-17.556553351837938	0.05316308543083551	0.98875230185067
410000	-124186.21292428118	-124142.60899078328	-43.60393349789571	-124142.60899078328	9.829062280282116	2.3925421883691893	1.0	0.5213310860020355	0.8988687009119446	0.3030146865689446	0.5465811923148269	-35.6404910566137	0.056533044805983916	0.9879798329545958
420000	-124079.84764999311	-124053.03821188488	-26.809438108239082	-124053.03821188488	10.021178719463505	2.3568563774494415	1.0	0.5188465519765875	0.8953746283597055	0.3032553034787712	0.5469755742969112	-18.717048033961753	0.05043294831116262	0.9889066602327489
430000	-124013.38754088114	-123993.84669241516	-19.540848465991637	-123993.84669241516	10.147389336444519	2.4408055824292587	1.0	0.5188877682631124	0.896201892237851	0.3117793309517115	0.5542661224410467	-11.69749275496174	0.06311767240812044	0.9858459981298626
440000	-123992.77499293243	-123970.56966317706	-22.20532975537711	-123970.56966317706	13.04005901336094	2.2919289267701326	1.0	0.4936285593114379	0.9119681892891065	0.27472423185416633	0.5238613263162054	-14.500866566403344	0.05890869698779773	0.9869600341145885
450000	-123893.33916013983	-123878.84354873117	-14.495611408661588	-123878.84354873117	6.973596761590816	2.306289163685517	1.0	0.4799289085495574	0.9298753743471287	0.2597344378769268	0.5083637237393739	-6.828146579676158	0.0590224244515036	0.9877227659089339
460000	-123825.42703864316	-123815.64259449186	-9.784444151303733	-123815.64259449186	5.404003000852259	2.306289163685517	1.0	0.4994736129499131	0.9052519632941947	0.2704094087986567	0.5194653014322342	-2.2587661152092977	0.06858487730031303	0.9858471482569767
470000	-123816.5983449256	-123802.8078087745	-13.790536151104472	-123802.8078087745	10.450938081885825	2.306289163685517	1.0	0.5000748908158852	0.9079069255703464	0.2762294904263727	0.5263710117016365	-6.500409435838247	0.08231052988294459	0.9826367754503441
480000	-123770.4685774265	-123730.29593045141	-40.17264697509229	-123730.29593045141	15.695988356937876	2.4746458843332735	1.0	0.5030017608976025	0.8713618493450013	0.2760635582521329	0.5268467939809057	-32.73537313907445	0.08442511963851632	0.9816304379157498
490000	-123685.77849682885	-123660.27432508966	-25.504171739193172	-123660.27432508966	6.153668855722615	2.2978219100606023	1.0	0.5025536731396113	0.8942042316922537	0.2765364127911131	0.5274411947041863	-18.1169392419856	0.07623691186273225	0.9826654653278398
500000	-123633.49504549883	-123628.39132733629	-5.103718162547661	-123628.39132733629	10.397002614842506	2.3173398053394036	1.0	0.4829725225536588	0.8941440972605605	0.2541483831024116	0.5083661839198874	2.013261847006026	0.0910960159283793	0.9795092730264795
510000	-123536.69710808188	-123521.1603876954	-15.536720386480631	-123521.1603876954	11.085794825695547	2.3173398053394036	1.0	0.49698156051513104	0.8975649094788581	0.26381312282589153	0.5179824185150362	-8.454685354503939	0.09806816269588405	0.9795092730264795
520000	-123493.44623441643	-123502.65961004538	9.213375628942782	-123502.65961004538	5.54276068585984	2.082555519474717	1.0	0.4767610743788022	0.9010108465659549	0.24321673376448935	0.49771974044743433	15.831074435079508	0.11331842533800231	0.9755610879066934
530000	-123449.28039476817	-123453.90784718012	4.6274524119447085	-123453.90784718012	11.276791867550346	2.1797881451208623	1.0	0.46730229681225727	0.8995127789599833	0.23581964517097775	0.4896874218058302	11.336711391608768	0.11028089149250112	0.9755610879066934
540000	-123489.20036134901	-123503.33284953299	14.132488183983263	-123503.33284953299	9.372980695152163	2.1797881451208623	1.0	0.4614180647813021	0.9038819222100218	0.23860595344203464	0.4907051382682618	20.59772741874771	0.13812890980815093	0.9688646949691233
550000	-123466.63312839522	-123480.00373841813	13.3706100229163	-123480.00373841813	5.670743086318274	2.1797881451208623	1.0	0.4551001028830244	0.9060649545550913	0.22667786407277646	0.4794189571391279	19.61289112754272	0.1753689584573074	0.9636802276759303
560000	-123463.51285783671	-123467.67185188684	4.1589940501277844	-123467.67185188684	7.987713503324825	2.2800075717140103	1.0	0.4525744311908971	0.9281305595297075	0.2324654290815448	0.48302011496481595	10.463801175591328	0.1821845488046707	0.9630250763931295
570000	-123396.64573308102	-123415.76035247726	19.11461939623917	-123415.76035247726	5.610194158592468	2.2800075717140103	1.0	0.45301157772200107	0.9287814709984143	0.22406163360034498	0.471452465721952	25.33370172814203	0.20573421324715593	0.9534313074966719
580000	-123316.96018618463	-123389.02644199166	72.06625580702698	-123389.02644199166	4.707895398320776	2.2800075717140103	1.0	0.45029931026117925	0.9297541920454017	0.21347220263770167	0.4638067128686218	77.92877280975793	0.7257693427040077	0.850796219095945
590000	-123138.9551409314	-123329.91929247585	190.96415154445313	-123329.91929247585	4.200115974763028	2.4095883189740452	1.0	0.4370182086279546	0.9348084624169307	0.2070187290441767	0.4538619632857502	203.23424047193012	3.3685630717271424	0.009417443162952495
600000	-123102.74816058915	-123307.8101993781	205.06203878895158	-123307.8101993781	3.3934268937304006	2.4431483649332275	1.0	0.4533364585416874	0.9261039173219655	0.22187184207906988	0.46942250702492666	213.89446310464822	3.3844673500824527	0.05145909424970111
610000	-123077.80072929805	-123275.41877811114	197.61804881309146	-123275.41877811114	3.407063774164714	2.380333515993538	1.0	0.4470189863669368	0.9318450863091616	0.2153241266043996	0.4640895415010554	206.28890805368755	3.48041349368176	0.055253928110670994
620000	-123098.66499494587	-123298.6413132827	199.97631833683934	-123298.6413132827	3.5632841678991123	2.436457735888727	1.0	0.436863881542981	0.9376011111757654	0.20759001511848416	0.4535363688929719	208.18785262675607	3.254281629327084	0.0736043306232411
630000	-123059.16113004704	-123246.9607006091	187.7995705620503	-123246.9607006091	3.925093567758756	2.436457735888727	1.0	0.42907222407458323	0.9364184180841041	0.20321922826871272	0.44698841412369394	197.42441218642531	3.401512505644944	0.030667190132553483
640000	-122994.40908782024	-123206.61801462929	212.20892680905547	-123206.61801462929	3.5673939398573	2.571839165521908	1.0	0.42008555065565123	0.9378668653270282	0.19743716832258343	0.4409775579438856	222.1397955517569	3.40331858675771	0.027561671512174157
650000	-122893.06535227237	-123108.32926611467	215.26391384229666	-123108.32926611467	3.5653872285309633	2.2933018859411343	1.0	0.4207031397809189	0.9486082647141171	0.1975801512366755	0.437112735408653	223.37036019017998	3.3246206941850964	0.06962714503727664
660000	-122901.86713700609	-123107.31523569644	205.4480986903553	-123107.31523569644	3.5502201849766912	2.2358625189359507	1.0	0.43112918836261577	0.9428250347032979	0.21375464210891537	0.455996371221464	214.1178490175705	3.1940622589566767	0.0455958685264832
670000	-122944.50425492869	-123162.6296578504	218.12540292170922	-123162.6296578504	3.643557010315684	2.3549499320022904	1.0	0.42332697620348436	0.9417624088279579	0.20703231326558175	0.4485906471768467	227.52603348014753	3.2063336028434626	0.03158720041566056
680000	-122877.69431690006	-123111.16206228701	233.4677453869556	-123111.16206228701	3.7513057359403055	2.387923465196696	1.0	0.42502986387520897	0.9539836007291955	0.2130772319515197	0.4533180789206669	244.7096069193494	3.3697459742299376	0.013835898284720542
690000	-122879.58437690907	-123108.38429241773	228.79991550866535	-123108.38429241773	3.2891819032838043	2.2693861918606117	1.0	0.4220117182809034	0.9444886445691796	0.20591769533865317	0.44776093968538333	238.32039268793616	3.542038451007176	0.02998840889899128
700000	-122826.17098460917	-123050.47269697482	224.30171236564237	-123050.47269697482	3.506311491230494	2.2693861918606117	1.0	0.424250387877818	0.9393938395032844	0.20878892623107648	0.4508945335267731	233.32881441765747	3.2434745205652047	0.037412674112679505
710000	-122928.28740050622	-123143.11807987922	214.8306793729999	-123143.11807987922	3.9044476081860537	2.235258713305712	1.0	0.420225821707216	0.940942893400185	0.20187052346521717	0.4417708564830001	223.88438879151732	3.374924196933819	0.03675654388941697
720000	-122914.36301836217	-123125.06038672272	210.69736836054676	-123125.06038672272	3.5455116858579165	2.540915635430047	1.0	0.42971052962408035	0.9448031050091167	0.21031865571686575	0.4515147688528675	222.64923542982416	3.4104849317889796	0.011160946764385102
730000	-122924.98706410431	-123156.9658961013	231.97883199700067	-123156.9658961013	3.007389612275692	2.2311947012297244	1.0	0.3960513135340692	0.9476327566779696	0.1787653854408178	0.4179191845733929	241.47421633897926	3.2437473471684295	0.026870890333261017
740000	-122854.25727409546	-123072.20783825124	217.95056415577875	-123072.20783825124	3.6229418107164064	2.539387651174737	1.0	0.40775046099795553	0.948372297484041	0.18957844198992968	0.4303792697438918	229.0784007995154	3.5047036832218357	0.015367514287133567
750000	-122855.2662615112	-123075.9767748965	220.71051338529028	-123075.9767748965	2.9993785148680807	2.539387651174737	1.0	0.40127143961267625	0.9499065952686205	0.18108669429734442	0.41903616447311043	231.0185942540501	3.3185320026506058	0.021423524747132414
760000	-122877.10840254735	-123101.37865211481	224.27024956745788	-123101.37865211481	2.839162360524055	2.539387651174737	1.0	0.4036944387271956	0.9379934294708839	0.17926192977401265	0.4200770221654341	234.2273132792662	3.327778877976505	0.025593088548978807
770000	-122872.04371468828	-123075.14882176156	203.10510707327384	-123075.14882176156	3.6405457891430926	2.273659986993327	1.0	0.40217376567485463	0.9325993700138928	0.17639291584113972	0.4199692335622961	214.02793173742506	3.1087546076195083	0.014010893057739383
780000	-122823.87855676714	-123013.67502062707	189.79646385991805	-123013.67502062707	4.017824927350946	2.4494725902767542	1.0	0.42369095922610006	0.9203001694028566	0.19574158087665744	0.44260452790825666	199.21349927466133	3.2924153080246468	0.03352313662152662
790000	-122793.41945529298	-123007.88179363206	214.46233833906857	-123007.88179363206	3.5735935100831053	2.581973239852653	1.0	0.4089151023849932	0.9287584802754774	0.18272359542351185	0.42767568325929267	224.50416121949502	3.4954634136338654	0.02603247582801827
800000	-122805.42019902353	-123008.7370827425	203.31688371897434	-123008.7370827425	3.6347048009247174	2.581973239852653	1.0	0.40062155950523753	0.9326955191455031	0.17656548154824528	0.42267173136113423	211.5853666023698	3.455156639390559	0.07484114335184022
810000	-122764.64413612292	-122973.34690098246	208.70276485953767	-122973.34690098246	2.9969157809646094	2.4912781667236046	1.0	0.40723057554022524	0.9243897553974715	0.18617388368643878	0.4328591798008346	218.97161577523434	3.3858764247094735	0.021798078853964765
820000	-122705.1047999462	-122906.76681761933	201.6620176731166	-122906.76681761933	3.568441991699019	2.422842250619091	1.0	0.40523538931346315	0.9266584312517511	0.18485118367604314	0.43260983746299053	210.20614175063528	3.4463946200842255	0.05537653611443764
830000	-122679.24531335896	-122871.77457224957	192.52925889061032	-122871.77457224957	3.639717336944248	2.1475017145420736	1.0	0.42605869198066487	0.9241630639921882	0.20833544353799713	0.45614983519473806	205.55285727752587	3.3853763744347662	0.006426027044015618
840000	-122690.58045362169	-122886.36155649279	195.78110287110508	-122886.36155649279	3.946069661417134	2.6058063328546273	1.0	0.4192728205891541	0.9188731030775883	0.1921484504181314	0.4402645582917573	205.66417590102748	3.203954001792404	0.027716673673441567
850000	-122737.88570023305	-122913.70017692634	175.8144766932976	-122913.70017692634	3.473843798570475	2.6058063328546273	1.0	0.40523251537231014	0.9290869540533355	0.1806339856006656	0.42655178481293937	185.6064833438406	3.0803470266281576	0.027654212886434652
860000	-122724.51107035829	-122911.66775260612	187.15668224783036	-122911.66775260612	3.7270427922342675	2.1484835812832106	1.0	0.44055274453073373	0.9235926351138816	0.21549708758776753	0.46552505711716885	196.05483586153784	3.236108400885442	0.0388571241876173
870000	-122700.84963555893	-122880.33296827614	179.48333271721026	-122880.33296827614	3.6107697822866047	2.3493790210972265	1.0	0.42138053225732086	0.9278296755799111	0.1968875241446395	0.44611241228174	188.29058083963227	3.302698782777174	0.04495947249885578
880000	-122707.64405258484	-122920.85626327932	213.21221069447856	-122920.85626327932	4.183320004786541	2.2913070842877015	1.0	0.42640776152886845	0.9369143463371459	0.20299002942629843	0.44833807685501054	221.97632042760353	3.3724310687821424	0.04572439503930341
890000	-122640.7392539057	-122879.62727665398	238.88802274826992	-122879.62727665398	3.387556841489434	2.292368440246585	1.0	0.41389219657350057	0.936297935716033	0.19069701440641798	0.4341604424158775	249.33276992758388	3.707857856849401	0.01943706893550923
900000	-122634.31399026829	-122863.32748692067	229.01349665236998	-122863.32748692067	3.2676098466841537	2.2776271147743206	1.0	0.4241753967495961	0.9425619669717048	0.20043299473795223	0.4443174570022243	241.76659954784583	3.706228018992278	0.007674529016954913
910000	-122627.7846313556	-122848.23178504912	220.4471536935266	-122848.23178504912	3.3937416025061884	2.442099449734893	1.0	0.4121636778226122	0.9431229111713166	0.18650359192660987	0.43051559321468	231.27170801298763	3.4656062975438706	0.016844506518108135
920000	-122654.41596919268	-122877.94340855088	223.52743935821061	-122877.94340855088	3.219336143473807	2.442099449734893	1.0	0.4169767768296965	0.9361027285453413	0.19240302176272228	0.4379647244945157	234.56267630481784	3.634316152010489	0.015858564422167983
930000	-122670.89548229004	-122881.74410268368	210.84862039363273	-122881.74410268368	3.9395718153684127	2.2405967056661087	1.0	0.4131640805531574	0.9358023743500675	0.18487688271998387	0.43055835463388237	219.91595331415087	3.21955553017505	0.034983207171152116
940000	-122644.7163909075	-122869.56947427703	224.85308336952414	-122869.56947427703	3.3527322319636057	2.2405967056661087	1.0	0.41602076192860277	0.9323759683404268	0.1921640959099134	0.4368469385217704	235.02516894016296	3.4896716634330742	0.020920788698716122
950000	-122654.01782451931	-122880.00288306929	225.98505854998078	-122880.00288306929	3.519049257441935	2.389419855229215	1.0	0.4151954536577437	0.9417771126669249	0.19276052715986206	0.43619399263162434	234.62558301243945	3.303568315004936	0.050483802038548097
960000	-122700.46306023705	-122928.67116546293	228.20810522588684	-122928.67116546293	2.9631106540600465	2.2358524586593727	1.0	0.42584340827251177	0.9365705741278021	0.20216741890891965	0.4457901297684814	237.20657557648164	3.2287272726758456	0.03732542800454057
970000	-122713.90780200069	-122936.50407456461	222.59627256392986	-122936.50407456461	2.986092826198136	2.3533312289530763	1.0	0.4072147258221435	0.9404915715171087	0.1894281872631058	0.4315892257522925	232.76061326105096	3.16022215699798	0.020682178299480644
980000	-122735.32073104654	-122964.35359995201	229.03286890547048	-122964.35359995201	3.3402113785572953	2.24154404381576	1.0	0.4039438677225267	0.9389575531286541	0.17687820552063052	0.41989548189468096	241.69647320578147	3.4844456635703325	0.007416130775271002
990000	-122749.15675666372	-122975.34242383482	226.1856671710985	-122975.34242383482	2.531669290869822	2.4196781299913264	1.0	0.3998100428618076	0.9455050822629655	0.17663434293362879	0.42037887153155584	235.7253598197605	3.457646496124667	0.030309712586175958
1000000	-122675.75730197605	-122916.2853254332	240.5280234571562	-122916.2853254332	3.844676419567624	2.3028325803605854	1.0	0.38140486493586145	0.9609780011236942	0.16376090199346868	0.403159683423245	249.4623475542171	3.543581126512948	0.03886746517052369
1010000	-122758.86779637306	-122974.75146750036	215.88367112729975	-122974.75146750036	3.148378530716094	2.2743503222292536	1.0	0.3898654600682393	0.9539986138650264	0.1711253105363423	0.41335232556536783	226.57937631330185	3.3164861037611795	0.015611943641982406
1020000	-122737.98146381741	-122961.67303524796	223.6915714305465	-122961.67303524796	3.3055639567402038	2.480788938598642	1.0	0.39274118024672017	0.9503670993370171	0.17246072528393477	0.41618332362899607	231.86232003435822	3.17595377040801	0.06796606304215888
1030000	-122697.36957556459	-122902.69972220213	205.33014663754582	-122902.69972220213	3.7484849755974867	2.480788938598642	1.0	0.39063185373002657	0.9442640979133167	0.1737779700127936	0.4152878781227236	215.99404462045212	3.3742195433479996	0.017516070700186143
1040000	-122683.57734125893	-122906.42693494562	222.84959368667768	-122906.42693494562	3.3990798558662587	2.279107504079108	1.0	0.40755203994223294	0.9452645436692141	0.18954069016018618	0.4336438400268293	231.83511714712444	3.3145785014030493	0.03770130554652831
1050000	-122675.62924715412	-122912.4105252941	236.78127813996608	-122912.4105252941	3.386703664094404	2.4036953531113086	1.0	0.3958842563896456	0.9452705412692206	0.17580374250287079	0.41873443302376046	245.25190758776128	3.4283938130825433	0.0558654714722683
1060000	-122700.32476780967	-122888.71975918401	188.39499137434038	-122888.71975918401	3.7333113784728136	2.4036953531113086	1.0	0.401978238477186	0.9335774043214418	0.1768593201878154	0.4216505036964009	196.93782174226132	3.461866171088282	0.05446205326765579
1070000	-122653.71143973399	-122875.08319602287	221.37175628887425	-122875.08319602287	3.6098587604036245	2.4036953531113086	1.0	0.40682399173196576	0.9306937968082454	0.182217044821739	0.4285014500058244	231.90851199650922	3.3328457033073557	0.018301602980994255
1080000	-122682.56858811385	-122868.97421123543	186.4056231215743	-122868.97421123543	3.1546280432700415	2.3941960643693103	1.0	0.41198811695467796	0.9274664218698713	0.1924441413512228	0.43965120611367864	196.76374686932672	3.4807619737677427	0.020429420802193
1090000	-122681.21382346941	-122894.8315553824	213.61773191299577	-122894.8315553824	3.209206404575147	2.463797400944201	1.0	0.39568597855417836	0.9318200996127841	0.1753134595558143	0.41850948560465706	222.53146676629046	3.3134390210004763	0.042699830724335766
1100000	-122639.06224368267	-122844.46638120842	205.40413752574872	-122844.46638120842	3.2787557031953547	2.530158155055452	1.0	0.4066169536463319	0.922109591105821	0.18234987454043775	0.4286839330667534	216.23530890580207	3.4154725056246127	0.0171768681534224
1110000	-122632.49668967721	-122826.74721763922	194.25052796200376	-122826.74721763922	3.3419793129777204	2.530158155055452	1.0	0.4202080290827916	0.9187123025410712	0.1944405804864958	0.44189049654946483	203.92371916977442	3.1260021617131972	0.029364576704066628
1120000	-122653.41957172615	-122869.76728850762	216.34771678147263	-122869.76728850762	3.308007724200078	2.2383606986158004	1.0	0.40037919907415	0.930450494674838	0.17426920737332635	0.41987818145700384	224.89815215470097	3.2467483680403832	0.04631925621383529
1130000	-122718.6192837298	-122920.55048702675	201.93120329694463	-122920.55048702675	2.784173612560777	2.386543532525132	1.0	0.40843990174573397	0.9297256239867964	0.18295880019670246	0.43123161868290205	211.79031073601158	3.3766783407408645	0.025330213014910317
1140000	-122692.29845215644	-122896.82588417189	204.5274320154631	-122896.82588417189	3.717334001878818	2.285722244786006	1.0	0.39699280021431027	0.9261814095566259	0.17200042288981965	0.41924208535332186	214.75227426130084	3.4280143377344285	0.01996511566152018
1150000	-122648.67607172976	-122847.16627326414	198.4902015343836	-122847.16627326414	3.3258783485364534	2.3105772183325177	1.0	0.4052659520994391	0.924195485583247	0.1835150649932069	0.42873769437379333	208.2364260643265	3.2543419276260948	0.025120647677608885
1160000	-122569.12501871736	-122792.73428446187	223.6092657445116	-122792.73428446187	3.4645717184554896	2.2796964246288773	1.0	0.40154401632660586	0.9255342969200133	0.18443889045749104	0.427764050729394	232.02645548209713	3.458985173562943	0.05442748718909569
1170000	-122603.22562585092	-122815.32623112678	212.10060527586563	-122815.32623112678	3.3318613975407	2.335871493055708	1.0	0.38811794457676824	0.9270235515458954	0.16844960883961985	0.4093769363705964	220.4526256511053	3.171046190302137	0.05344906443295037
1180000	-122625.48280964662	-122823.49966161452	198.01685196790422	-122823.49966161452	2.909564516249594	2.3587766439356237	1.0	0.40927185653262066	0.9272080152969865	0.18614499058937653	0.4321775043066792	207.69340473870295	3.5723097525271497	0.02838994426205128
1190000	-122644.892827383	-122835.39144498153	190.49861759853633	-122835.39144498153	2.944194459570672	2.3587766439356237	1.0	0.40806338739763154	0.9245590863899329	0.18343728626175929	0.42787700247767213	199.1223980251524	3.3263966798770936	0.04943228645295193
1200000	-122580.73249229851	-122791.43722199653	210.70472969801028	-122791.43722199653	3.322496408524351	2.3587766439356237	1.0	0.4198606342640103	0.9210546498082386	0.19940505988424317	0.44588431458674394	219.41688053743206	3.249662587423015	0.0472724577124872
1210000	-122547.54302399511	-122760.43546742662	212.8924434315056	-122760.43546742662	3.2869138951982015	2.3576800536057	1.0	0.404281181158596	0.9220500112792583	0.18506491279920514	0.430665673815642	223.6155996505499	3.5202912194949545	0.016886554333480384
1220000	-122591.60246368485	-122765.18263627315	173.58017258831305	-122765.18263627315	3.204883832508675	2.3962038783566886	1.0	0.426588304169136	0.9188264083607292	0.20768790039941798	0.45715172873292154	181.8968991065411	2.9921287046514564	0.0602639929263407
1230000	-122570.25958836294	-122762.61743338162	192.35784501867826	-122762.61743338162	3.290660842844398	2.219793011680359	1.0	0.4146324630970992	0.9217485135595338	0.1934866082090177	0.44242023257607355	201.69129313648168	3.184435250432544	0.029816551309076067
1240000	-122518.09291556467	-122734.09015249017	215.99723692550074	-122734.09015249017	3.1810517124721835	2.219793011680359	1.0	0.43980837905933234	0.9290334983645614	0.20708623813038687	0.4581007805996671	231.23725581453198	3.3075018714019366	0.00323583563144086
1250000	-122518.16295738581	-122723.59017013354	205.42721274772532	-122723.59017013354	3.0221097514495296	2.373080674984857	1.0	0.41760428445519254	0.9246598125613352	0.18158158335104613	0.4309372319299107	214.66969991029342	3.2239323872985315	0.03450547937352579
1260000	-122582.15505836082	-122770.6779576703	188.5228993094835	-122770.6779576703	3.3263101725262296	2.42435394833949	1.0	0.40280377290149944	0.926774333063893	0.1754762519501508	0.422505955934655	197.62544629439122	3.2457494001486134	0.03741831542963483
1270000	-122618.53867759669	-122820.6185426834	202.07986508670274	-122820.6185426834	2.8985353615433853	2.389603498616237	1.0	0.4044564882469973	0.9278755622932623	0.17442462664918365	0.42131054668450224	211.02996883721931	3.286840613803858	0.04054892341870728
1280000	-122670.93213756601	-122851.10167612437	180.169538558362	-122851.10167612437	2.9532343847266294	2.356001709154714	1.0	0.407429582324999	0.9302288679358756	0.18373966662420496	0.42980953120304405	190.18277906073317	3.158171125466339	0.022255387746124893
1290000	-122623.69559062069	-122825.77372953552	202.0781389148379	-122825.77372953552	3.3641843631178	2.356001709154714	1.0	0.4106378626419049	0.9274329579143004	0.1845839768557801	0.43226726539802407	211.60279380110646	3.4387218268923396	0.030079934810580935
1300000	-122604.39837760052	-122800.15162964836	195.75325204783522	-122800.15162964836	3.054244086500307	2.418182136087576	1.0	0.40920033999596384	0.9250653343762881	0.18110184648763614	0.42857562135236604	206.2889347451607	3.3392982069798904	0.018525008257001006
1310000	-122578.27294765902	-122788.4442297387	210.1712820796821	-122788.4442297387	3.237796070237673	2.418182136087576	1.0	0.4155565059006722	0.9245269989961359	0.18756357705965354	0.43338367017098617	221.3293972276885	3.21449260100883	0.013987425053038465
1320000	-122593.06021775093	-122777.39638983755	184.33617208662616	-122777.39638983755	3.7493556024812222	2.2126916935060517	1.0	0.4263745905558481	0.9270828068868803	0.19776799387395627	0.4461511846733311	193.3914207662302	3.2303077522110937	0.03571752626075087
1330000	-122600.14728944117	-122786.02770376443	185.88041432325167	-122786.02770376443	2.9543923535968952	2.3603583085951736	1.0	0.44697937469338406	0.9211258135443487	0.217711732122318	0.46690066378987205	194.58794345176193	3.213142034887427	0.05016461124972887
1340000	-122590.25742457168	-122784.87867757629	194.62125300460713	-122784.87867757629	3.286452474964288	2.248700724446311	1.0	0.4438961458244888	0.9193845673774821	0.2147539662633502	0.4657703504095553	204.8754107280385	3.2417531856590878	0.020387192894841824
1350000	-122602.14003315064	-122771.82433787323	169.68430472257987	-122771.82433787323	3.4707381487330307	2.248700724446311	1.0	0.4646734069646167	0.9131294610999674	0.23034768808696918	0.48349021548916965	178.45532594284293	3.234122294979994	0.04696972692266365
1360000	-122539.67165529713	-122710.16455659756	170.4929013004258	-122710.16455659756	2.768720266252392	2.243892658072356	1.0	0.4763168454153661	0.9081078947412281	0.24542614059377638	0.4973760041320642	180.03993358550224	3.239419441521918	0.03069962263679822
1370000	-122559.85794624628	-122738.73812687864	178.8801806323571	-122738.73812687864	2.7794379449182016	2.3424029332436778	1.0	0.4719670053634421	0.9016669800752266	0.23629105150259855	0.48800186819036284	188.4871999867724	3.258897532933528	0.031190732309947313
1380000	-122554.03906894088	-122725.27050477584	171.23143583495713	-122725.27050477584	2.904822525857364	2.2436197602121273	1.0	0.47859123977735074	0.8938846358171272	0.2402251274109967	0.49429100394302694	180.47740278982883	3.234750702738901	0.036363213727106505
1390000	-122588.22625525678	-122769.02253026831	180.7962750115261	-122769.02253026831	3.3143927555670594	2.3247511614719922	1.0	0.47456116810082516	0.8995472349195202	0.23872215719319806	0.49357482951844617	189.86003095126816	3.3776206831469393	0.04329483542728381
1400000	-122574.82175476944	-122768.31557650822	193.4938217387822	-122768.31557650822	2.8162191431349	2.4203065051808417	1.0	0.46247355563913994	0.9106593225585523	0.22095632728496672	0.47185339807601623	202.88260730573415	3.3854363269518988	0.03692987035982552
1410000	-122547.14158768475	-122723.46657902702	176.32499134228107	-122723.46657902702	4.002990831746325	2.5450004213277957	1.0	0.4496173149406931	0.918340694800355	0.21011018483382185	0.4609662838968644	184.502506364712	3.1862148426733405	0.08388492423551475
1420000	-122595.98763397861	-122783.04959159144	187.061957612818	-122783.04959159144	2.8592504041497953	2.4711612823179827	1.0	0.45709268417969867	0.9116999163912034	0.21939853539372736	0.4697134639000146	196.56361395941917	3.3954301214380522	0.03533110007948241
1430000	-122537.55498833739	-122743.58173297398	206.0267446365929	-122743.58173297398	3.5123788923102324	2.2768063656273534	1.0	0.44271407883703356	0.9208997403332632	0.2152121197565143	0.4642398275912077	215.5195053549481	3.2323516829385976	0.03010137885941689
1440000	-122552.79486048577	-122755.57939544256	202.78453495679537	-122755.57939544256	2.655502525412478	2.299160244119921	1.0	0.45863768357169254	0.9165504171395953	0.2267835130835087	0.47762592424842965	213.18934327599044	3.3222162388885863	0.020205789205159575
1450000	-122566.59574744833	-122765.54829642558	198.9525489772556	-122765.54829642558	3.037426147673377	2.299160244119921	1.0	0.4673164718846483	0.9229187626382681	0.23768705293627213	0.48640189362033553	208.74903684379908	3.279966875926353	0.027457266690626946
1460000	-122536.97664471534	-122735.38162246307	198.40497774773883	-122735.38162246307	3.2113030086538226	2.299160244119921	1.0	0.4387721200660193	0.9259567738420301	0.20579755731871976	0.45631012955971173	206.81722971835836	3.172235228072063	0.056864335398163185
1470000	-122541.3313050381	-122737.2159864991	195.88468146099433	-122737.2159864991	3.0648728397648846	2.317376620316016	1.0	0.44470082217703344	0.9139360926347161	0.2161731159947883	0.46877474133705505	206.16792502858613	3.3915570051108395	0.021307169167838723
1480000	-122536.9216815637	-122737.15170299925	200.23002143554734	-122737.15170299925	3.039797637446991	2.317376620316016	1.0	0.4631518815565397	0.9082165145953295	0.22747105199791062	0.48018036097070615	209.89639989812338	3.376442084094716	0.029946814666965995
1490000	-122556.70648143832	-122736.76186339598	180.05538195765322	-122736.76186339598	3.3532079578199454	2.458765089737826	1.0	0.47407662622558167	0.9065042886805426	0.23528660903357224	0.49127158973401214	189.76423961904982	3.141695430148931	0.030884965610174474
1500000	-122525.37557695858	-122687.88042197333	162.50484501474833	-122687.88042197333	3.370674721886909	2.2804247842236838	1.0	0.46794428909682617	0.9011232775474735	0.2288058008034563	0.48471290271254036	172.73018883768907	3.2009176621477144	0.02172053120222246
1510000	-122511.48909206847	-122672.80473039523	161.3156383267602	-122672.80473039523	2.970027049841904	2.2804247842236838	1.0	0.4435133881633531	0.9037005783429258	0.20660566459662247	0.46153159509337893	170.02128154362563	3.2183509091292466	0.04740815261154262
1520000	-122519.23590473292	-122689.75393959288	170.51803485994606	-122689.75393959288	3.0833398073171434	2.294877376620407	1.0	0.44561008081057013	0.9020435095785846	0.21240938591477318	0.46512379182912056	179.22674708712694	3.098467327527293	0.046742737383695075
1530000	-122551.32544922915	-122744.66401470135	193.33856547220077	-122744.66401470135	2.675932452432485	2.366843658604252	1.0	0.450302974588721	0.9003226500199296	0.21232230506039287	0.4678139691896824	203.90628376744448	3.274772046991517	0.018922088126053796
1540000	-122532.32515560053	-122724.66944185537	192.34428625484318	-122724.66944185537	2.8656455563477743	2.366843658604252	1.0	0.4560590294107657	0.8963341661028418	0.21560281609837598	0.4709626707147144	201.38344951965718	3.339869737449246	0.042959792446526895
1550000	-122605.87808321715	-122780.27557934297	174.39749612582094	-122780.27557934297	2.9556078739335674	2.4044228338703717	1.0	0.456377348492059	0.908030201713327	0.21525647475608004	0.4704066465347371	183.40811239641735	3.241483774638291	0.04384808771734654
1560000	-122588.2866889589	-122767.21422756853	178.92753860962668	-122767.21422756853	3.7229803157307795	2.3435826280269394	1.0	0.46598724335763586	0.8971002913442484	0.22817626542751288	0.4882501671511069	188.25660455265123	3.1469389215893666	0.03517677423550193
1570000	-122575.62552265046	-122763.31284354899	187.68732089853657	-122763.31284354899	3.2322226031849954	2.3435826280269394	1.0	0.439882729683185	0.9120164352622765	0.20902660881970198	0.46551232545522025	196.7306681596346	3.262260521464929	0.040162024216074954
1580000	-122599.32797982707	-122759.3986096759	160.0706298488364	-122759.3986096759	2.670271162055771	2.7261041590469883	1.0	0.42959835109488115	0.9141362578411371	0.20436876419195119	0.45865989371085125	170.83672101106723	3.370758719674486	0.019979993357942667
1590000	-122498.26838386711	-122710.63992626812	212.371542401014	-122710.63992626812	2.7236801461788063	2.268985730504251	1.0	0.43135973284107076	0.9165969406478164	0.21089656410286683	0.4633395653590517	221.2718735477018	3.1817082887500816	0.04038462510711229
1600000	-122554.03942802083	-122753.10122879746	199.0618007766354	-122753.10122879746	3.2157587626464403	2.374046360622509	1.0	0.42140106481756523	0.9208007694327469	0.19830461278347178	0.44762003088499797	208.44083140809735	3.260116670437996	0.03249216313266828
1610000	-122588.06650073639	-122790.76598997126	202.6994892348801	-122790.76598997126	3.5118394126037282	2.374046360622509	1.0	0.41778852809606676	0.9257215544717861	0.19512578713613354	0.4426615713411141	212.39738723708717	3.387442290790287	0.027866713433580614
1620000	-122542.37779481849	-122718.22253927345	175.84474445497426	-122718.22253927345	3.2410610487404288	2.374046360622509	1.0	0.4338490886913261	0.9119051240097676	0.2121349017199041	0.4636123688172065	184.68447489063104	3.328478052920799	0.0462869662163597
1630000	-122551.7307995514	-122741.0589810489	189.32818149750486	-122741.0589810489	3.207021438879669	2.363351816417888	1.0	0.44286835513211165	0.9168634297285333	0.22368734297802872	0.47433279174148374	198.23290230081412	3.258441242615125	0.04442588858470387
1640000	-122532.35736428264	-122736.19347037279	203.836106090145	-122736.19347037279	3.2003699121089784	2.294335832079612	1.0	0.42351683600566686	0.9264529841357916	0.20047354324860403	0.4493988468123684	213.53160855238664	3.376468745424223	0.02702214816936588
1650000	-122524.02413386047	-122737.19541557686	213.1712817163893	-122737.19541557686	3.371975989922251	2.3178016178894403	1.0	0.4217724115716344	0.933087899050059	0.1967420795801829	0.4446193239977231	221.29284789700682	3.1600618201770794	0.06744649355496654
1660000	-122476.61467480387	-122684.60889362279	207.99421881892283	-122684.60889362279	3.1647110308976876	2.4412918671208135	1.0	0.41961733078682056	0.924030652371976	0.2034663340132192	0.4507091595535227	219.2180104506038	3.605929965444747	0.014618094774515304
1670000	-122481.94942581741	-122677.08948641185	195.14006059444134	-122677.08948641185	3.0280276322568387	2.4412918671208135	1.0	0.4218787711991536	0.9263352290977676	0.21075167217411037	0.45937784141467125	203.4392625061639	3.299099970734842	0.06715360408980088
1680000	-122536.41340770705	-122740.66381392692	204.25040621986417	-122740.66381392692	3.0456911281360903	2.5500075444740564	1.0	0.42010139148133646	0.9194739210705473	0.20860265510764284	0.4578468518161912	212.59107836301814	3.32360636237993	0.0706684509436443
1690000	-122542.56928306494	-122749.27129156442	206.70200849948927	-122749.27129156442	3.2637384994495915	2.343006168003844	1.0	0.43726377791243726	0.9286551230374673	0.22451605574238473	0.47269028987748507	214.92965856779767	3.3876039114267753	0.07019667347330628
1700000	-122584.03749493611	-122813.9370379007	229.89954296458365	-122813.9370379007	3.080288297611209	2.3814835618596315	1.0	0.41211053195055936	0.9411624163740534	0.1980678578490867	0.44012733538817134	238.15825530232212	3.4922756267746577	0.06761275914949048
1710000	-122542.16388579614	-122771.70284073323	229.5389549370941	-122771.70284073323	2.70826986681605	2.3037156722844925	1.0	0.4332748894880958	0.9377562243137469	0.22272851244868533	0.46380902820304926	238.12831016998263	3.4152877286471948	0.05284358962081528
1720000	-122521.39441208288	-122750.38027751453	228.9858654316495	-122750.38027751453	2.786106192633999	2.373493082509564	1.0	0.42434070701542764	0.9339484442151693	0.20496460950860743	0.44996674121810304	240.758006502018	3.358554576946888	0.011050589880752668
1730000	-122511.40366574086	-122730.60895635371	219.20529061284648	-122730.60895635371	2.914587458239749	2.373493082509564	1.0	0.4153078770334655	0.9308671724918258	0.20294662592258	0.44787048713018474	230.3654691893509	3.3444155359130843	0.013967972658526725
1740000	-122537.54297305482	-122734.76996091461	197.22698785978443	-122734.76996091461	2.861696097264732	2.515016388781865	1.0	0.42906484769923314	0.9335995387326294	0.22189679190531136	0.46511967346020283	206.1834888743677	3.2836311245914627	0.046037329912750335
1750000	-122539.13591675404	-122765.84388443036	226.7079676763177	-122765.84388443036	3.0351033799219587	2.2226513926690803	1.0	0.43522214384111096	0.9479340641810731	0.22575873513598255	0.46622458299114955	236.42753005523053	3.576234379411107	0.027216575512793818
1760000	-122494.21236207277	-122746.09458923062	251.8822271578469	-122746.09458923062	2.5975036151484163	2.2353136966096687	1.0	0.41905782602888697	0.9453137130900924	0.21564144177946656	0.45523891309097475	261.68153191942173	3.4651973789435475	0.02505098983845527
1770000	-122526.66753982982	-122733.70354575833	207.03600592849887	-122733.70354575833	3.126112447484335	2.4911954671993652	1.0	0.4264260825590075	0.9420818712452385	0.21796726602989974	0.46266590241619027	216.68968334061768	3.5231885260844753	0.03161641959152137
1780000	-122520.43382353162	-122748.18224558249	227.7484220508577	-122748.18224558249	3.564981622134154	2.2743822947750902	1.0	0.4104906406810371	0.9512769668865803	0.19973342994788867	0.4431735699792467	235.96915925116193	3.2394986649310398	0.06029076819666362
1790000	-122513.73385706906	-122746.37910948553	232.64525241646405	-122746.37910948553	2.8598398053337117	2.4100649524636575	1.0	0.42077329041651634	0.9496026651194751	0.2169679789434615	0.4572975270720382	241.03238429832038	3.318592450805274	0.06176848875864073
1800000	-122432.39015722455	-122677.00528622087	244.61512899632197	-122677.00528622087	2.9085499675456448	2.2870790639412304	1.0	0.4079463301599494	0.9478046695427186	0.20559133257077575	0.444829266818083	253.83444322320693	3.3249563055677274	0.033297457071063644
1810000	-122447.0971776275	-122694.67092453432	247.5737469068208	-122694.67092453432	2.9379594012956476	2.3018594862880843	1.0	0.435345095988732	0.9388951639851743	0.2390583221446543	0.4809089208962655	257.7248092629955	3.465987130138471	0.02243156362527709
1820000	-122514.83347285062	-122746.73656516202	231.90309231140807	-122746.73656516202	3.240527507608441	2.3018594862880843	1.0	0.41951693544966884	0.9517314261694135	0.22315445202601958	0.46203079918618084	242.5572075912016	3.611313362539969	0.01765916239655223
