#
#model:
#
#<?xml version="1.0" encoding="UTF-8" standalone="no"?><input id="posterior" spec="beast.core.util.CompoundDistribution">
#    <distribution id="prior" spec="beast.core.util.CompoundDistribution">
#        <distribution id="BirthDeath.t:Euk_READY" spec="beast.evolution.speciation.BirthDeathGernhard08Model">
#            <parameter id="relativeDeathRate2.t:Euk_READY" lower="0.0" name="relativeDeathRate" upper="1.0">0.5</parameter>
#            <parameter id="birthRate2.t:Euk_READY" lower="0.0" name="birthDiffRate" upper="10000.0">1.0</parameter>
#            <tree id="Tree.t:Euk_READY">
#                <taxonset id="TaxonSet.Euk_READY" spec="beast.evolution.alignment.TaxonSet">
#                </taxonset>
#            </tree>
#        </distribution>
#        <prior id="BirthRatePrior.t:Euk_READY" name="distribution" x="@birthRate2.t:Euk_READY">
#            <Uniform id="Uniform.4" name="distr" upper="1000.0"/>
#        </prior>
#        <prior id="DeathRatePrior.t:Euk_READY" name="distribution" x="@relativeDeathRate2.t:Euk_READY">
#            <Uniform id="Uniform.5" name="distr"/>
#        </prior>
#        <prior id="ucldStdevPrior.c:Euk_READY" name="distribution">
#            <parameter id="ucldStdev.c:Euk_READY" lower="0.0" name="x">0.1</parameter>
#            <Gamma id="Gamma.0" name="distr">
#                <parameter estimate="false" id="RealParameter.2" name="alpha">0.5396</parameter>
#                <parameter estimate="false" id="RealParameter.3" name="beta">0.3819</parameter>
#            </Gamma>
#        </prior>
#    </distribution>
#    <distribution id="likelihood" spec="beast.core.util.CompoundDistribution" useThreads="true">
#        <distribution data="@Euk_READY" id="treeLikelihood.Euk_READY" spec="beast.evolution.likelihood.ThreadedTreeLikelihood" tree="@Tree.t:Euk_READY">
#            <siteModel gammaCategoryCount="4" id="SiteModel.s:Euk_READY" spec="beast.evolution.sitemodel.SiteModel">
#                <parameter estimate="false" id="mutationRate.s:Euk_READY" name="mutationRate">1.0</parameter>
#                <parameter estimate="false" id="gammaShape.s:Euk_READY" name="shape">1.0</parameter>
#                <parameter estimate="false" id="proportionInvariant.s:Euk_READY" lower="0.0" name="proportionInvariant" upper="1.0">0.0</parameter>
#                <substModel id="WAG.s:Euk_READY" spec="beast.evolution.substitutionmodel.WAG"/>
#            </siteModel>
#            <branchRateModel id="RelaxedClock.c:Euk_READY" spec="beast.evolution.branchratemodel.UCRelaxedClockModel" tree="@Tree.t:Euk_READY">
#                <LogNormal S="@ucldStdev.c:Euk_READY" id="LogNormalDistributionModel.c:Euk_READY" meanInRealSpace="true" name="distr">
#                    <parameter estimate="false" id="RealParameter.1" lower="0.0" name="M" upper="1.0">1.0</parameter>
#                </LogNormal>
#                <rateCategories dimension="640" id="rateCategories.c:Euk_READY" spec="beast.core.parameter.IntegerParameter">1</rateCategories>
#                <parameter estimate="false" id="ucldMean.c:Euk_READY" name="clock.rate">1.0</parameter>
#            </branchRateModel>
#        </distribution>
#    </distribution>
#</input>
#
Sample	posterior	likelihood	prior	treeLikelihood	TreeHeight	ucldStdev	rate.mean	rate.variance	rate.coefficientOfVariation	BirthDeath	birthRate2	relativeDeathRate2
0	-176594.98544697464	-176779.91425581998	184.92880884535685	-176779.91425581998	2.3588403247603678	0.1	1.0408507197104526	0.00958468311918761	0.09814209789434246	191.0171999792182	1.0	0.5
10000	-84810.76470309605	-83988.69689399957	-822.067809096474	-83988.69689399957	101.69660871359036	1.198304198864487	0.9344654744264286	3.455061952686196	1.8930905338499997	-811.9601232897032	0.0559271734709296	0.8484517236406304
20000	-76876.02462798244	-76178.12772238252	-697.8969055999177	-76178.12772238252	23.852745563489908	1.5364716032669856	0.6033082787360083	4.852404958706816	2.3187151643520876	-686.7892862061042	0.22758143002142145	0.4472199694677958
30000	-71769.69752625597	-70985.52603673545	-784.1714895205179	-70985.52603673545	32.41716601987365	1.6531754583718326	0.5715168807641207	5.581691838250488	2.5575425912489544	-772.7245770768365	0.16081976613276494	0.5449559840588916
40000	-68521.7149085049	-67695.15747830659	-826.5574301983183	-67695.15747830659	40.13471892674814	1.7613381760498208	0.5290855613927583	5.388134887351688	2.5923520723495295	-814.7981168777775	0.17587690678899545	0.3857239678725153
50000	-66729.10281911382	-65921.48927722419	-807.6135418896326	-65921.48927722419	36.88208273850116	1.7731943297226918	0.5163207945611381	6.2147433925492965	2.79348673557708	-795.8200946688826	0.14364620374744716	0.4487595610546213
60000	-64932.104833558304	-64151.04758172335	-781.0572518349488	-64151.04758172335	32.18357025007413	1.8174507194111686	0.6028757301261517	12.108478634168783	3.523319112296759	-769.1365699865843	0.22471370603633672	0.05038455699072258
70000	-63338.55218833632	-62592.00567617715	-746.5465121591727	-62592.00567617715	28.99546507699018	1.833856633586881	0.5163955706036334	12.35255234885843	3.5711180726756946	-734.5787343146853	0.24504760951398089	0.28174074806269317
80000	-61139.71791641055	-60507.94719439193	-631.7707220186189	-60507.94719439193	17.00727707477079	1.7788253258953814	0.5442330036274696	11.003432368149014	3.3471157888357195	-619.9610703701999	0.3831233995712105	0.048597519545470834
90000	-60325.30503299456	-59643.84213102843	-681.4629019661279	-59643.84213102843	18.654819343142275	1.751275272302206	0.5508459254342779	10.432983392883266	3.260211052897922	-669.732576130212	0.321421659518861	0.16646100153220347
100000	-59582.50579282375	-58898.813906308445	-683.6918865153075	-58898.813906308445	17.672712028238234	1.7930717649834118	0.5569226812275373	7.483749530924438	2.916493179085095	-671.8412581466571	0.28812601148835915	0.16929635414478048
110000	-58544.09210735833	-57865.85434935997	-678.2377579983607	-57865.85434935997	19.089667286261054	1.763409694906328	0.5242812717345604	7.593203019461822	2.9194219029666555	-666.4724792729978	0.33152882911561327	0.055875012952010264
120000	-57772.76390054718	-57117.170896282805	-655.5930042643774	-57117.170896282805	25.40493355763688	1.7763685276859926	0.6069359861646135	11.110085042689242	3.338497269457258	-643.7904220230881	0.3479464698258326	0.15590865986525562
130000	-57211.389657106076	-56576.167284182004	-635.2223729240721	-56576.167284182004	23.19378554037118	1.7284692670627027	0.5555510123172577	10.21697849459173	3.3120643616226464	-623.5577992513088	0.32999220775075366	0.21250784856746316
140000	-57002.18331899974	-56377.223353946065	-624.9599650536752	-56377.223353946065	18.114987283681458	1.7124738761149771	0.7316162262259982	9.958126103589574	3.238925309518528	-613.3415555106609	0.39067070481355076	0.05280347669985145
150000	-56756.799081144614	-56151.663787677215	-605.135293467401	-56151.663787677215	14.137270581995958	1.6571372846796049	0.7026836825756031	8.483017695156674	3.0302161401654057	-593.6769050087488	0.3636365102166946	0.23734841996016323
160000	-56287.92677168726	-55692.10269853458	-595.8240731526785	-55692.10269853458	13.538561265656234	1.6369828496472643	0.6656491429332426	8.704944559827911	2.8822268967751623	-584.4240926168492	0.353409000038897	0.22143829426476036
170000	-55991.48398702222	-55385.060171546924	-606.4238154752932	-55385.060171546924	14.98905949733181	1.6609508847628898	0.8960762793143655	9.034964634537616	3.0439326743280812	-594.9543828466683	0.40655268145167506	0.018094931525500704
180000	-55308.356390609726	-54709.16512773836	-599.1912628713706	-54709.16512773836	15.776598659279683	1.6693620065183161	0.8521363705328966	9.310881747900277	3.123139210940299	-587.6974802333383	0.3703949834149299	0.26700756957710076
190000	-55165.591146276296	-54579.063626916184	-586.5275193601128	-54579.063626916184	13.599370145638233	1.6208232834757355	0.6395325232213673	8.433598983284725	2.9694019802346197	-575.1744198754602	0.47596258537279895	0.1291696350195959
200000	-54765.05170443289	-54218.331120067254	-546.7205843656351	-54218.331120067254	12.36632497603091	1.580874548730254	0.756968143709312	8.59636656702298	2.9291120596798725	-535.4835798530739	0.5020855077886252	0.09703978486390466
210000	-54381.75569236692	-53852.38451018087	-529.3711821860503	-53852.38451018087	11.62029987029576	1.5408146645699368	0.7675707556724096	7.679061328206	2.75701637397607	-518.250890992789	0.4845614402610262	0.03689225473577142
220000	-53886.87472501527	-53367.76627945226	-519.1084455630069	-53367.76627945226	12.467783448446045	1.5157226610173835	0.6594550253473519	6.957975785427082	2.6315502438368057	-508.061416727403	0.5239543393662052	0.0983967158067755
230000	-53358.68716786546	-52850.30266608374	-508.3845017817181	-52850.30266608374	12.343149391219619	1.5134769188677202	0.6442156226867806	6.838990944817131	2.6460797612200238	-497.34403604054535	0.5830437401556537	0.0046949792396226535
240000	-52858.74887536296	-52372.86573908857	-485.8831362743911	-52372.86573908857	12.71531685467632	1.492619648030449	0.6668813378125875	5.218861554325663	2.3851240748091405	-474.9036739265604	0.6187404550684579	0.029399470041608172
250000	-52009.994724237986	-51562.832787274056	-447.16193696393344	-51562.832787274056	10.328924310834386	1.4004728627766034	0.6872503970386431	4.087045082244994	2.2109746505123065	-436.4530977034345	0.7324540447220558	0.005503695127823447
260000	-51121.37808711412	-50691.83790256334	-429.5401845507836	-50691.83790256334	10.42971101545476	1.4037118081816267	0.6476968126561496	4.208456725778084	2.21254184418581	-418.8218005941332	0.6452516055294075	0.2321104923564723
270000	-50613.0990007377	-50221.78078289013	-391.3182178475719	-50221.78078289013	9.047931838416252	1.3398751450598025	0.6640672343576037	3.8205085526154083	2.1000167498670086	-380.78841799917956	0.8594476460391608	0.00810748195803359
280000	-50306.82061364987	-49906.7465371491	-400.0740765007751	-49906.7465371491	8.722572276065465	1.3491639400467603	0.6952152257113879	3.5739069458194854	2.0901962781096035	-389.51677331969114	0.6924230055844907	0.17417307748200786
290000	-49611.64343604775	-49216.4555887856	-395.1878472621522	-49216.4555887856	8.188544883263054	1.388441623118178	0.7753060783903456	4.7770320316384005	2.3548538843714155	-384.51448395092126	0.790749990727847	0.023564221136938106
300000	-49096.96425343811	-48738.93844044206	-358.02581299604816	-48738.93844044206	7.797178906885918	1.3629201189430213	0.6589693287169626	4.557127010340152	2.236027888007237	-347.4278189425054	0.9390194118531612	0.036486002589905205
310000	-48255.60419421243	-47933.33244646946	-322.2717477429683	-47933.33244646946	7.708418657788666	1.232732609156594	0.7815579494284245	3.3108836656821143	1.8643480320189045	-312.060870341226	0.8056727695714121	0.32915916222338826
320000	-47506.529833517	-47188.64025488196	-317.8895786350403	-47188.64025488196	7.202722225749587	1.2254606599915594	0.7004274257918625	3.78099303148641	1.9595627697895217	-307.70046669826695	0.9172296611119403	0.1131166827651873
330000	-46915.63795401353	-46608.34096128528	-307.29699272825076	-46608.34096128528	6.689458155980879	1.192926755577505	0.7281471935238852	3.773157970925154	1.990465276889979	-297.2054583993448	1.068591953781292	0.022576037397144675
340000	-46576.894281645975	-46290.904829418396	-285.98945222758215	-46290.904829418396	6.256081570936785	1.189161970142521	0.7550458478922372	3.8360901413334374	2.0000736632576737	-275.90923122328485	1.1669114770297702	0.008690476691800866
350000	-46385.48828182176	-46104.42324907882	-281.0650327429391	-46104.42324907882	6.465566865031918	1.1148559361543826	0.7666998122625684	3.189447198434598	1.803360324610499	-271.20908777089943	0.9014027109089706	0.20823171358905598
360000	-46045.18945401692	-45817.50278459395	-227.6866694229742	-45817.50278459395	4.553258620253007	1.0453392940441597	0.7885158832676229	2.5803623193861367	1.6103118166510986	-218.04239508496545	1.3930417325788198	0.10592390461630344
370000	-45704.83225679095	-45489.19562494964	-215.63663184130485	-45489.19562494964	4.4409752024781755	0.9950992965104838	0.8295551896843529	2.324307342701578	1.514230162142169	-206.14658692401972	1.4679176341359144	0.02625439427847661
380000	-45523.96087791058	-45312.305795537526	-211.65508237304985	-45312.305795537526	4.886131769864725	0.9937774745551083	0.8683340322168799	2.283030855942684	1.5263550756951665	-202.16911059919147	1.3322990831559698	0.052663339136069146
390000	-45267.84181405255	-45063.26404991419	-204.5777641383549	-45063.26404991419	4.40129241932258	0.9427403283894246	0.8890584916785732	1.880015519938276	1.3994568233882096	-195.24970585292087	1.4517677896726453	0.11475432921570673
400000	-45008.5816399322	-44816.28769121716	-192.29394871503607	-44816.28769121716	4.67490387034052	0.8829896934384918	0.9545022538663583	1.4536811733418171	1.2365950256259668	-183.15249243287073	1.5574467629327855	0.05737271286816398
410000	-44821.9197821456	-44641.31498383565	-180.60479830994802	-44641.31498383565	4.112596479969539	0.8955251756357092	0.8998387410048664	1.3359019284256546	1.199912870365334	-171.42402786708342	1.5383084626912218	0.028721454364921916
420000	-44473.7409024093	-44301.80272244321	-171.93817996608982	-44301.80272244321	4.354659810007686	0.8001785171525064	0.9350994997169922	0.9038821589771656	0.9776212596558358	-163.05890321616616	1.654381776927633	0.015763826546804943
430000	-44295.85862088955	-44146.39598757517	-149.4626333143834	-44146.39598757517	4.041874819608094	0.7579145687546445	0.9520223104429579	0.7874597455520682	0.9035126185101028	-140.7190073700563	1.7861543816991095	0.04440082751752
440000	-44238.0756937508	-44089.71506026961	-148.36063348118262	-44089.71506026961	5.685249210892499	0.7486889504099241	0.9958148421376269	0.7542365243730026	0.8767803639262114	-139.64680324161185	1.7088076273571184	0.00739412883962325
450000	-44136.96447631687	-43998.12511745544	-138.83935886142834	-43998.12511745544	3.973975520302708	0.7029781233032749	0.9474819099440589	0.5871639606936738	0.8118167422466699	-130.27422601105715	1.7899969174669499	0.03834975160474143
460000	-43730.60141441237	-43595.16770130388	-135.43371310849165	-43595.16770130388	4.990342583615264	0.6980554619516015	1.0072658688978608	0.5558843712162876	0.7701571411968074	-126.8847055099416	1.8392819885856406	0.04152826504440954
470000	-43152.87413799808	-43032.55821481082	-120.3159231872589	-43032.55821481082	5.244346094362677	0.6454444101158318	1.0010833019191034	0.4155449598728775	0.6582098748731253	-111.94075361869685	1.9376714844813334	0.0719048976222241
480000	-42984.51261499126	-42875.17329070902	-109.33932428224472	-42875.17329070902	4.245685307106181	0.6187455609205872	0.9830865389232614	0.4037330723979473	0.639171531725366	-101.05351486426622	2.1047895649320822	0.004916519056137214
490000	-42919.974773569025	-42820.30513446912	-99.66963909990749	-42820.30513446912	4.5186302739505235	0.5534994679895516	0.9742039592810006	0.3309735218499227	0.5787964529133217	-91.60597961011396	1.9309167297381944	0.0037231998300509203
500000	-42932.618110619325	-42807.42587920489	-125.19223141443494	-42807.42587920489	4.65880941894574	0.553346712137529	0.95488805652907	0.34014896395459276	0.5815961886984831	-117.12909899339772	1.7386015128926262	0.09625565923916597
510000	-42852.98099386519	-42750.308105947865	-102.67288791732621	-42750.308105947865	3.9224216549811337	0.4704612077950971	0.9861155323649051	0.2250546199010146	0.47792397890510047	-94.90149976172856	2.0913106547532916	0.10095783246156954
520000	-42819.339902761145	-42704.8670709999	-114.47283176124854	-42704.8670709999	4.198699599215294	0.486751134135208	0.9471889588642948	0.23313287285157222	0.49407277431304214	-106.64311688234982	1.873179455418337	0.07241643732084577
530000	-42796.06075040734	-42684.341956724245	-111.71879368309723	-42684.341956724245	4.424645218227084	0.4559865997417323	0.9687134972839109	0.22210646581908847	0.4728366154941101	-103.99969463225094	2.1353338492599443	0.011281841204499767
540000	-42734.03709972046	-42613.251234989504	-120.78586473095838	-42613.251234989504	4.643215555256826	0.47536734313114054	0.9800618858248095	0.24352030756956006	0.49097161568998987	-112.99685357430822	1.6965336282520478	0.05871017588051643
550000	-42637.36103356228	-42528.116368535404	-109.24466502687842	-42528.116368535404	4.924666472775973	0.5014695360726539	0.9637804707938689	0.2764706930726848	0.5251970401366292	-101.36269494762303	1.7974056889007897	0.09917629377560763
560000	-42605.10528289299	-42512.71179695545	-92.39348593753829	-42512.71179695545	3.988104403382436	0.43192450209728583	0.9640799549579265	0.1975170631664204	0.4457846024281866	-84.76235265202911	2.02933997532487	0.0025362629584258587
570000	-42626.704364811776	-42514.351048799326	-112.35331601244735	-42514.351048799326	4.813026219868118	0.47268422214472977	0.9866429686132342	0.22429127590610382	0.47398935820496435	-104.57393657404995	1.7247624156317267	0.21414020097337896
580000	-42632.56196615288	-42529.6710876749	-102.89087847798493	-42529.6710876749	4.864345236049012	0.446194721199282	0.9873837695212266	0.21965167954453507	0.4622131795309833	-95.20741367899413	1.8779305471239482	0.001989845506088265
590000	-42404.70087631068	-42304.95606121429	-99.7448150963916	-42304.95606121429	4.927045972790402	0.4488252229191551	0.9732156062327794	0.23558877378656073	0.4749765123664652	-92.05175608592626	2.0572149447016095	0.015167767016730139
600000	-42431.133010193684	-42335.855905222495	-95.27710497118592	-42335.855905222495	4.474771790467449	0.41886790217579606	0.9906840437628653	0.18641040046383794	0.4308656853902501	-87.6942922904307	1.9039197099983645	0.058672396527197065
610000	-42450.37847294741	-42349.660723292815	-100.71774965459036	-42349.660723292815	4.302804857091467	0.46839296109562895	0.9565483024511088	0.23574785899732825	0.49432650036947484	-92.95380565267428	1.9723478383306485	0.025783343452194536
620000	-42426.989466802304	-42319.7280938922	-107.26137291010382	-42319.7280938922	4.564046280032129	0.44890041350942594	0.9662219438585761	0.21133453305274894	0.4643150554205974	-99.56803989086742	2.0299849226713773	0.0016228929239782617
630000	-42429.767052125084	-42320.004650768795	-109.76240135628929	-42320.004650768795	5.293418667226861	0.4487840693755961	0.9821239996741261	0.20800742286596052	0.4531017163760758	-102.06949232261272	1.7828820428549732	0.09128594898750342
640000	-42390.81146597368	-42297.53133106003	-93.28013491365189	-42297.53133106003	4.439229526048	0.41031245929963767	0.981155268763452	0.162192518611173	0.3988775101574083	-85.72922565174493	1.861883352805151	0.1500248720699009
650000	-42459.998700091484	-42344.48919289889	-115.50950719259498	-42344.48919289889	5.562675994541419	0.4568115374429714	0.9813381653277147	0.20697046984849599	0.4580268045581094	-107.78741588392282	1.66038462151771	0.06136802178367602
660000	-42413.14748579864	-42307.42635857792	-105.72112722072157	-42307.42635857792	4.830297682738082	0.4257640243479101	0.9723902762169053	0.1870765978947805	0.4333802568098356	-98.11273896233071	1.8689262926941441	0.08126295646453706
670000	-42424.37497627466	-42303.01656330445	-121.35841297020593	-42303.01656330445	6.473682281324635	0.42488815580079525	0.9817866249628289	0.19233808544963482	0.44015188978947534	-113.7532662579282	1.6767045712040545	0.07553252081374937
680000	-42425.448759307576	-42320.41540472486	-105.03335458271755	-42320.41540472486	4.600813793034437	0.4143740613370388	0.9615028118185186	0.19638655729909535	0.4462743651427895	-97.46727507061837	1.8825805171893126	0.054744614828583525
690000	-42401.480808530156	-42296.77787103941	-104.7029374907446	-42296.77787103941	5.01764959039601	0.43018727735828877	0.9610255005559137	0.1895018654202353	0.43962362210463557	-97.07820859353393	2.1108794502289254	0.08340546780921733
700000	-42384.77926316806	-42274.32139126293	-110.45787190512993	-42274.32139126293	4.707236144916643	0.43577025363034344	0.9830924931544449	0.21986432288293287	0.4670154599423701	-102.81258742253617	1.8187965145955267	0.08780722476003924
710000	-42403.72327619459	-42311.75464022541	-91.96863596918708	-42311.75464022541	4.5768652523941915	0.3808973076075359	0.9672283056309173	0.17447387864011965	0.417209705538873	-84.52899865473985	2.1012936256631582	0.008899621668673707
720000	-42431.916873685936	-42324.05168050547	-107.86519318046358	-42324.05168050547	4.481049341976066	0.37974526651302776	0.9594959010693523	0.17339267289546031	0.41399355710743957	-100.42996708075816	1.9439524664792924	0.09177559238740839
730000	-42415.75095583688	-42308.943774322404	-106.80718151447164	-42308.943774322404	5.444956657354183	0.3763565323051196	0.9535076912841074	0.16300792831418412	0.40685683096876635	-99.38495568392605	1.8519878141477915	0.14929256645045996
740000	-42426.93179238554	-42316.804014331705	-110.12777805383394	-42316.804014331705	5.491378029642927	0.4083722599912638	0.9624261377020191	0.19234763776424174	0.4379760134739646	-102.58413138384893	1.8051041393183846	0.10819142142171002
750000	-42395.11020770888	-42298.43778777597	-96.67241993291304	-42298.43778777597	4.76291940598084	0.41158224377437175	0.9776974884119273	0.19927303295930576	0.4381807065327617	-89.11676316834743	1.9068401614132557	0.04889619117243194
760000	-42397.648428314315	-42299.23002380628	-98.41840450803225	-42299.23002380628	4.453530770003136	0.41051878993587626	0.9920415957548724	0.20141569986465935	0.4408109103951188	-90.86672351255956	2.1830988299573764	0.05383086954328245
770000	-42418.74341532403	-42317.30686537816	-101.43654994587537	-42317.30686537816	5.303843290832978	0.4049749857000481	1.0099226171134517	0.1822123546629896	0.417290338122426	-93.90564510942922	1.9252757033203443	0.03723732715614674
780000	-42383.589749165454	-42264.95667311494	-118.63307605051735	-42264.95667311494	5.758299931864295	0.4524676380635161	0.9568190964591713	0.23235514681726202	0.48548082522387603	-110.92675815507141	1.907820854967899	0.09108914106769457
790000	-42392.014108481206	-42280.30622991856	-111.70787856264444	-42280.30622991856	4.6626744559019295	0.4502878809775254	0.9345463038295712	0.24712750606934372	0.5042526088569246	-104.0094916626168	1.8483376938988452	0.07659849409000423
800000	-42412.75996458745	-42292.72367516957	-120.03628941788345	-42292.72367516957	5.181256037657994	0.44818544248478764	0.9391648662651575	0.24272129141525697	0.5010327435704277	-112.3455624118171	1.6347994250547324	0.2564394973956681
810000	-42417.77057093139	-42297.52813288422	-120.24243804717379	-42297.52813288422	4.669738659751365	0.4568349914263233	0.9475401640332476	0.2639080292935014	0.5142951783947791	-112.52026168694425	1.822369613591595	0.0015473641887823648
820000	-42388.14429301937	-42284.856739061244	-103.28755395812894	-42284.856739061244	5.311624141738476	0.3899813130135615	0.9877252565999146	0.19438583498740683	0.428340929461212	-95.81327912229116	2.068517858148869	0.03701731323069455
830000	-42389.96211064993	-42292.19002409025	-97.77208655968542	-42292.19002409025	4.017925486251469	0.434377585623061	0.9712271294102733	0.21595308036282718	0.4547523308444383	-90.13192249732712	2.164137151307688	0.034268275708428504
840000	-42383.16805116699	-42283.77439865509	-99.39365251190007	-42283.77439865509	4.596943139618221	0.4435380956699534	0.9603866560070936	0.21643899695884256	0.4618225256275453	-91.71989344726799	1.8902813878156297	0.026542353211718064
850000	-42422.67577971022	-42298.75805664743	-123.91772306279186	-42298.75805664743	6.61654170154311	0.46586144215570485	0.9497973685417693	0.23415563769626213	0.4866123829051592	-116.16290287716703	1.9567783585496072	0.048260772254406795
860000	-42400.81279185841	-42289.742832500204	-111.06995935820318	-42289.742832500204	5.209615499853385	0.4443518720996169	0.940708478377853	0.21131480779257256	0.4625094346972286	-103.39322549131666	1.7986734143690772	0.1287982618510819
870000	-42410.39961159376	-42301.02258753603	-109.37702405773241	-42301.02258753603	5.157872829797904	0.42813380009318086	0.9362909919236876	0.20211352785756012	0.4582326510635919	-101.75987512126923	1.85245604420138	0.007526257114896572
880000	-42422.536130809465	-42329.2968021749	-93.23932863457102	-42329.2968021749	4.504949081321154	0.3695942883742317	0.9665409242196279	0.14223542518982016	0.3807944906702248	-85.84315717579764	1.9624367460570218	0.0561809328532086
890000	-42394.80660459593	-42286.4310766956	-108.37552790032892	-42286.4310766956	5.736327225249186	0.39934413418475057	0.9408072766793898	0.17105258052221045	0.4265207968067962	-100.86581378508575	2.019414386603704	0.015680266108620323
900000	-42369.18759817966	-42278.70346392613	-90.48413425353041	-42278.70346392613	4.352465000730514	0.3951145357270925	0.9696989608247202	0.1788851947501228	0.4248491730706008	-82.99039755500363	2.000039702399505	3.928751414479302E-4
910000	-42379.69084199407	-42289.74711125537	-89.9437307386961	-42289.74711125537	4.061300457619178	0.41537325211982534	0.961809936932288	0.1951740637087451	0.43684338032878145	-82.37392602104751	2.1203421123489057	0.00626341896989868
920000	-42378.38498610767	-42271.95566967398	-106.42931643368541	-42271.95566967398	5.475511517415292	0.42106444419874833	0.9559186869658519	0.19270328294986486	0.4420156280235009	-98.83834410938611	1.749860156612925	0.28374953517448553
930000	-42406.82429380882	-42302.937187185424	-103.88710662339663	-42302.937187185424	5.134966262821988	0.3983886997519047	0.9675299084893251	0.18222663194780486	0.42086161162351726	-96.38099713126576	1.9293478779791096	0.0057122753258206
940000	-42421.72060212117	-42306.73132932505	-114.989272796123	-42306.73132932505	6.013384557248344	0.45778613923593076	0.970883440397614	0.27062679233884745	0.5091835749988346	-107.26364829439446	1.91670578922182	0.08725653082998203
950000	-42396.5759143262	-42296.420181764435	-100.15573256176232	-42296.420181764435	5.2163068410191435	0.4178906606946648	0.9452842314759113	0.20562194448610335	0.45271204645834423	-92.57655416772332	2.084528550870975	0.03650255206872858
960000	-42413.63182091636	-42295.511270426294	-118.12055049006493	-42295.511270426294	5.283640633851852	0.4546758136084635	0.9444946443657037	0.22155855229681096	0.46748941263610116	-110.40620909388558	1.559408427821936	0.3448218861400751
970000	-42399.20245099951	-42297.15582354387	-102.04662745563839	-42297.15582354387	4.849631441999482	0.46661852297838646	0.9463513644160646	0.22134467126444607	0.4715779944769961	-94.28907726606974	1.9369072287907536	0.048579327150906605
980000	-42397.18044628032	-42283.99348569597	-113.18696058434698	-42283.99348569597	5.279174841871924	0.4765591999278427	0.9625676834616409	0.20288275452981686	0.4513238994561661	-105.3936756812436	2.3451823422350664	0.04901003644964285
990000	-42431.45794352899	-42331.03052118556	-100.42742234343437	-42331.03052118556	5.208782407292032	0.4158501145502782	0.9696919653774414	0.17581824370129318	0.42110957449503394	-92.85584071646166	1.9640697711382469	0.09147175007706401
1000000	-42431.64619076218	-42332.35191047562	-99.2942802865613	-42332.35191047562	4.598113151692854	0.371367937919658	0.9781309515034526	0.14110612730938135	0.3805851912415596	-91.89126041693127	1.7442729992435395	0.08709561817729275
1010000	-42411.4123989949	-42285.109821374026	-126.30257762087594	-42285.109821374026	7.689292427706285	0.4274711829295614	0.9781578368921605	0.17765990449059157	0.43694648121174207	-118.68787684564126	1.6232539124910428	0.20026476077866961
1020000	-42413.01758947849	-42298.26835650437	-114.74923297412131	-42298.26835650437	5.125388273936086	0.3887285191547236	0.9394065869329936	0.15219315867049618	0.40201211833237915	-107.27971995290773	1.8316051391717625	0.04611057920502656
1030000	-42445.56978108252	-42338.255764822854	-107.31401625966465	-42338.255764822854	4.1469794468498575	0.3984726203560145	0.9476154595256274	0.1509936150196661	0.40238642112822004	-99.80759004948862	2.2843805524522325	0.07483510111282189
1040000	-42422.60316969833	-42314.67023790973	-107.93293178859393	-42314.67023790973	5.122007200730829	0.4170595250804838	0.947860802146029	0.17396459931768302	0.43229506331517614	-100.35684630546845	2.0939452799701814	0.05016109468169467
1050000	-42453.28896124366	-42344.86052039971	-108.42844084395406	-42344.86052039971	4.856879814512727	0.4134711736249312	0.9577493099629403	0.1694292310129362	0.42151005942320424	-100.86572980018806	2.124968724117336	0.0038661537547626944
1060000	-42438.22971154968	-42339.862339490064	-98.36737205961111	-42339.862339490064	5.515069207849599	0.3803124571063599	1.0065981270000768	0.14930808448301983	0.380571569991012	-90.9299736348662	2.1540769448880295	0.024940522348619598
1070000	-42398.53678660054	-42296.538850230216	-101.99793637032593	-42296.538850230216	5.212328625694869	0.38325479467091045	0.9886894591469447	0.15633416115644627	0.387873235160437	-94.54928523699954	2.0625148345034	0.07134424622466787
1080000	-42406.21269210244	-42303.75624269755	-102.45644940489308	-42303.75624269755	4.891702982721118	0.40176139243432485	0.9978580285701428	0.17718699084617698	0.4158747788951396	-94.93762729837117	1.8685389191421535	0.09730745792089619
1090000	-42431.692493925104	-42322.354947538995	-109.33754638611063	-42322.354947538995	4.667422526557033	0.4036746573213727	0.960757134561183	0.18268945327598782	0.4313900068933467	-101.81152711215722	2.0447731400727984	0.11044776564684448
