#
#model:
#
#<?xml version="1.0" encoding="UTF-8" standalone="no"?><input id="posterior" spec="beast.core.util.CompoundDistribution">
#    <distribution id="prior" spec="beast.core.util.CompoundDistribution">
#        <distribution id="BirthDeath.t:NormalBEAST2" spec="beast.evolution.speciation.BirthDeathGernhard08Model">
#            <parameter id="relativeDeathRate2.t:NormalBEAST2" lower="0.0" name="relativeDeathRate" upper="1.0">0.5</parameter>
#            <parameter id="birthRate2.t:NormalBEAST2" lower="0.0" name="birthDiffRate" upper="10000.0">1.0</parameter>
#            <tree id="Tree.t:NormalBEAST2">
#                <taxonset id="TaxonSet.NormalBEAST2" spec="beast.evolution.alignment.TaxonSet">
#                </taxonset>
#            </tree>
#        </distribution>
#        <prior id="BirthRatePrior.t:NormalBEAST2" name="distribution" x="@birthRate2.t:NormalBEAST2">
#            <LogNormal id="LogNormalDistributionModel.1" name="distr">
#                <parameter estimate="false" id="RealParameter.6" name="M">1.0</parameter>
#                <parameter estimate="false" id="RealParameter.7" lower="0.0" name="S" upper="5.0">1.25</parameter>
#            </LogNormal>
#        </prior>
#        <prior id="GammaShapePrior.s:NormalBEAST2" name="distribution">
#            <parameter id="gammaShape.s:NormalBEAST2" name="x">1.0</parameter>
#            <Exponential id="Exponential.0" name="distr">
#                <parameter id="RealParameter.0" lower="0.0" name="mean" upper="0.0">1.0</parameter>
#            </Exponential>
#        </prior>
#        <prior id="DeathRatePrior.t:NormalBEAST2" name="distribution" x="@relativeDeathRate2.t:NormalBEAST2">
#            <LogNormal id="LogNormalDistributionModel.2" name="distr">
#                <parameter estimate="false" id="RealParameter.8" name="M">1.0</parameter>
#                <parameter estimate="false" id="RealParameter.9" lower="0.0" name="S" upper="5.0">1.25</parameter>
#            </LogNormal>
#        </prior>
#        <prior id="ucldStdevPrior.c:NormalBEAST2" name="distribution">
#            <parameter id="ucldStdev.c:NormalBEAST2" lower="0.0" name="x">0.1</parameter>
#            <Gamma id="Gamma.0" name="distr">
#                <parameter estimate="false" id="RealParameter.2" name="alpha">0.5396</parameter>
#                <parameter estimate="false" id="RealParameter.3" name="beta">0.3819</parameter>
#            </Gamma>
#        </prior>
#    </distribution>
#    <distribution id="likelihood" spec="beast.core.util.CompoundDistribution" useThreads="true">
#        <distribution data="@NormalBEAST2" id="treeLikelihood.NormalBEAST2" spec="beast.evolution.likelihood.ThreadedTreeLikelihood" tree="@Tree.t:NormalBEAST2">
#            <siteModel gammaCategoryCount="4" id="SiteModel.s:NormalBEAST2" shape="@gammaShape.s:NormalBEAST2" spec="beast.evolution.sitemodel.SiteModel">
#                <parameter id="mutationRate.s:NormalBEAST2" name="mutationRate">1.0</parameter>
#                <parameter estimate="false" id="proportionInvariant.s:NormalBEAST2" lower="0.0" name="proportionInvariant" upper="1.0">0.0</parameter>
#                <substModel id="WAG.s:NormalBEAST2" spec="beast.evolution.substitutionmodel.WAG"/>
#            </siteModel>
#            <branchRateModel id="RelaxedClock.c:NormalBEAST2" spec="beast.evolution.branchratemodel.UCRelaxedClockModel" tree="@Tree.t:NormalBEAST2">
#                <LogNormal S="@ucldStdev.c:NormalBEAST2" id="LogNormalDistributionModel.c:NormalBEAST2" meanInRealSpace="true" name="distr">
#                    <parameter estimate="false" id="RealParameter.1" lower="0.0" name="M" upper="1.0">1.0</parameter>
#                </LogNormal>
#                <rateCategories dimension="734" id="rateCategories.c:NormalBEAST2" spec="beast.core.parameter.IntegerParameter">1</rateCategories>
#                <parameter estimate="false" id="ucldMean.c:NormalBEAST2" name="clock.rate">1.0</parameter>
#            </branchRateModel>
#        </distribution>
#        <distribution id="arg.prior" monophyletic="true" spec="beast.math.distributions.MRCAPrior" tree="@Tree.t:NormalBEAST2">
#            <taxonset id="arg" spec="beast.evolution.alignment.TaxonSet">
#                <taxon id="arg_bact_1iq0_T_thermophilus" spec="beast.evolution.alignment.Taxon"/>
#                <taxon id="arg_bact_3fnr_C_jejuni" spec="beast.evolution.alignment.Taxon"/>
#                <taxon id="arg_bact_R_marinus" spec="beast.evolution.alignment.Taxon"/>
#                <taxon id="arg_bact_E_coli" spec="beast.evolution.alignment.Taxon"/>
#                <taxon id="arg_bact_C_aggregans" spec="beast.evolution.alignment.Taxon"/>
#                <taxon id="arg_bact_P_mikurensis" spec="beast.evolution.alignment.Taxon"/>
#                <taxon id="arg_bact_S_elongatus" spec="beast.evolution.alignment.Taxon"/>
#                <taxon id="arg_bact_B_fragilis" spec="beast.evolution.alignment.Taxon"/>
#                <taxon id="arg_bact_H_aurantiacus" spec="beast.evolution.alignment.Taxon"/>
#                <taxon id="arg_bact_B_thailandensis" spec="beast.evolution.alignment.Taxon"/>
#                <taxon id="arg_bact_B_licheniformis" spec="beast.evolution.alignment.Taxon"/>
#                <taxon id="arg_bact_T_maritima" spec="beast.evolution.alignment.Taxon"/>
#                <taxon id="arg_bact_A_aeolicus" spec="beast.evolution.alignment.Taxon"/>
#                <taxon id="arg_bact_G_stearothermophilus" spec="beast.evolution.alignment.Taxon"/>
#                <taxon id="arg_bact_S_aureus" spec="beast.evolution.alignment.Taxon"/>
#                <taxon id="arg_bact_G_obscuriglobus" spec="beast.evolution.alignment.Taxon"/>
#                <taxon id="arg_bact_C_thermalis" spec="beast.evolution.alignment.Taxon"/>
#                <taxon id="arg_bact_B_burgdorferi" spec="beast.evolution.alignment.Taxon"/>
#                <taxon id="arg_bact_C_A_asiaticus" spec="beast.evolution.alignment.Taxon"/>
#                <taxon id="arg_bact_D_radiodurans" spec="beast.evolution.alignment.Taxon"/>
#            </taxonset>
#        </distribution>
#        <distribution id="cys.prior" monophyletic="true" spec="beast.math.distributions.MRCAPrior" tree="@Tree.t:NormalBEAST2">
#            <taxonset id="cys" spec="beast.evolution.alignment.TaxonSet">
#                <taxon id="cys_bact_1li5_E_coli" spec="beast.evolution.alignment.Taxon"/>
#                <taxon id="cys_bact_3c8z_M_smegmatis" spec="beast.evolution.alignment.Taxon"/>
#                <taxon id="cys_bact_R_marinus" spec="beast.evolution.alignment.Taxon"/>
#                <taxon id="cys_bact_H_aurantiacus" spec="beast.evolution.alignment.Taxon"/>
#                <taxon id="cys_bact_C_aggregans" spec="beast.evolution.alignment.Taxon"/>
#                <taxon id="cys_bact_S_elongatus" spec="beast.evolution.alignment.Taxon"/>
#                <taxon id="cys_bact_T_maritima" spec="beast.evolution.alignment.Taxon"/>
#                <taxon id="cys_bact_T_thermophilus" spec="beast.evolution.alignment.Taxon"/>
#                <taxon id="cys_bact_B_fragilis" spec="beast.evolution.alignment.Taxon"/>
#                <taxon id="cys_bact_B_licheniformis" spec="beast.evolution.alignment.Taxon"/>
#                <taxon id="cys_bact_B_thailandensis" spec="beast.evolution.alignment.Taxon"/>
#                <taxon id="cys_bact_C_jejuni" spec="beast.evolution.alignment.Taxon"/>
#                <taxon id="cys_bact_C_thermalis" spec="beast.evolution.alignment.Taxon"/>
#                <taxon id="cys_bact_A_aeolicus" spec="beast.evolution.alignment.Taxon"/>
#                <taxon id="cys_bact_D_radiodurans" spec="beast.evolution.alignment.Taxon"/>
#                <taxon id="cys_bact_P_mikurensis" spec="beast.evolution.alignment.Taxon"/>
#                <taxon id="cys_bact_S_aureus" spec="beast.evolution.alignment.Taxon"/>
#                <taxon id="cys_bact_G_obscuriglobus" spec="beast.evolution.alignment.Taxon"/>
#                <taxon id="cys_bact_M_mobile" spec="beast.evolution.alignment.Taxon"/>
#                <taxon id="cys_bact_B_burgdorferi" spec="beast.evolution.alignment.Taxon"/>
#                <taxon id="cys_bact_C_A_asiaticus" spec="beast.evolution.alignment.Taxon"/>
#            </taxonset>
#        </distribution>
#        <distribution id="gln.prior" monophyletic="true" spec="beast.math.distributions.MRCAPrior" tree="@Tree.t:NormalBEAST2">
#            <taxonset id="gln" spec="beast.evolution.alignment.TaxonSet">
#                <taxon id="gln_bact_1qtq_E_coli" spec="beast.evolution.alignment.Taxon"/>
#                <taxon id="gln_bact_2hz7_D_radiodurans" spec="beast.evolution.alignment.Taxon"/>
#                <taxon id="gln_bact_C_jejuni" spec="beast.evolution.alignment.Taxon"/>
#                <taxon id="gln_bact_P_mikurensis" spec="beast.evolution.alignment.Taxon"/>
#                <taxon id="gln_bact_B_thailandensis" spec="beast.evolution.alignment.Taxon"/>
#                <taxon id="gln_bact_S_elongatus" spec="beast.evolution.alignment.Taxon"/>
#                <taxon id="gln_bact_T_thermophilus" spec="beast.evolution.alignment.Taxon"/>
#                <taxon id="gln_bact_B_fragilis" spec="beast.evolution.alignment.Taxon"/>
#                <taxon id="gln_bact_G_obscuriglobus" spec="beast.evolution.alignment.Taxon"/>
#            </taxonset>
#        </distribution>
#        <distribution id="glu.prior" monophyletic="true" spec="beast.math.distributions.MRCAPrior" tree="@Tree.t:NormalBEAST2">
#            <taxonset id="glu" spec="beast.evolution.alignment.TaxonSet">
#                <taxon id="glu_bact_1j09_T_thermophilus" spec="beast.evolution.alignment.Taxon"/>
#                <taxon id="glu_bact_1nzj_E_coli" spec="beast.evolution.alignment.Taxon"/>
#                <taxon id="glu_bact_2cfo_T_elongatus" spec="beast.evolution.alignment.Taxon"/>
#                <taxon id="glu_bact_2o5r_T_maritima" spec="beast.evolution.alignment.Taxon"/>
#                <taxon id="glu_bact_R_marinus" spec="beast.evolution.alignment.Taxon"/>
#                <taxon id="glu_bact_C_aggregans" spec="beast.evolution.alignment.Taxon"/>
#                <taxon id="glu_bact_C_jejuni" spec="beast.evolution.alignment.Taxon"/>
#                <taxon id="glu_bact_P_mikurensis" spec="beast.evolution.alignment.Taxon"/>
#                <taxon id="glu_bact_B_thailandensis" spec="beast.evolution.alignment.Taxon"/>
#                <taxon id="glu_bact_B_fragilis" spec="beast.evolution.alignment.Taxon"/>
#                <taxon id="glu_bact_G_stearothermophilus" spec="beast.evolution.alignment.Taxon"/>
#                <taxon id="glu_bact_H_aurantiacus" spec="beast.evolution.alignment.Taxon"/>
#                <taxon id="glu_bact_D_radiodurans" spec="beast.evolution.alignment.Taxon"/>
#                <taxon id="glu_bact_A_aeolicus" spec="beast.evolution.alignment.Taxon"/>
#                <taxon id="glu_bact_G_obscuriglobus" spec="beast.evolution.alignment.Taxon"/>
#                <taxon id="glu_bact_M_mobile" spec="beast.evolution.alignment.Taxon"/>
#                <taxon id="glu_bact_B_licheniformis" spec="beast.evolution.alignment.Taxon"/>
#                <taxon id="glu_bact_B_burgdorferi" spec="beast.evolution.alignment.Taxon"/>
#                <taxon id="glu_bact_S_aureus" spec="beast.evolution.alignment.Taxon"/>
#            </taxonset>
#        </distribution>
#        <distribution id="ile.prior" monophyletic="true" spec="beast.math.distributions.MRCAPrior" tree="@Tree.t:NormalBEAST2">
#            <taxonset id="ile" spec="beast.evolution.alignment.TaxonSet">
#                <taxon id="ile_bact_1ile_T_thermophilus" spec="beast.evolution.alignment.Taxon"/>
#                <taxon id="ile_bact_1qu2_S_aureus" spec="beast.evolution.alignment.Taxon"/>
#                <taxon id="ile_bact_R_marinus" spec="beast.evolution.alignment.Taxon"/>
#                <taxon id="ile_bact_E_coli" spec="beast.evolution.alignment.Taxon"/>
#                <taxon id="ile_bact_C_aggregans" spec="beast.evolution.alignment.Taxon"/>
#                <taxon id="ile_bact_C_jejuni" spec="beast.evolution.alignment.Taxon"/>
#                <taxon id="ile_bact_P_mikurensis" spec="beast.evolution.alignment.Taxon"/>
#                <taxon id="ile_bact_B_thailandensis" spec="beast.evolution.alignment.Taxon"/>
#                <taxon id="ile_bact_S_elongatus" spec="beast.evolution.alignment.Taxon"/>
#                <taxon id="ile_bact_B_fragilis" spec="beast.evolution.alignment.Taxon"/>
#                <taxon id="ile_bact_G_stearothermophilus" spec="beast.evolution.alignment.Taxon"/>
#                <taxon id="ile_bact_H_aurantiacus" spec="beast.evolution.alignment.Taxon"/>
#                <taxon id="ile_bact_T_maritima" spec="beast.evolution.alignment.Taxon"/>
#                <taxon id="ile_bact_A_aeolicus" spec="beast.evolution.alignment.Taxon"/>
#                <taxon id="ile_bact_M_mobile" spec="beast.evolution.alignment.Taxon"/>
#                <taxon id="ile_bact_C_thermalis" spec="beast.evolution.alignment.Taxon"/>
#                <taxon id="ile_bact_C_A_asiaticus" spec="beast.evolution.alignment.Taxon"/>
#                <taxon id="ile_bact_G_obscuriglobus" spec="beast.evolution.alignment.Taxon"/>
#                <taxon id="ile_bact_B_licheniformis" spec="beast.evolution.alignment.Taxon"/>
#                <taxon id="ile_bact_B_burgdorferi" spec="beast.evolution.alignment.Taxon"/>
#                <taxon id="ile_bact_D_radiodurans" spec="beast.evolution.alignment.Taxon"/>
#            </taxonset>
#        </distribution>
#        <distribution id="leu.prior" monophyletic="true" spec="beast.math.distributions.MRCAPrior" tree="@Tree.t:NormalBEAST2">
#            <taxonset id="leu" spec="beast.evolution.alignment.TaxonSet">
#                <taxon id="leu_bact_2v0c_T_thermophilus" spec="beast.evolution.alignment.Taxon"/>
#                <taxon id="leu_bact_A_aeolicus" spec="beast.evolution.alignment.Taxon"/>
#                <taxon id="leu_bact_B_burgdorferi" spec="beast.evolution.alignment.Taxon"/>
#                <taxon id="leu_bact_B_licheniformis" spec="beast.evolution.alignment.Taxon"/>
#                <taxon id="leu_bact_B_thailandensis" spec="beast.evolution.alignment.Taxon"/>
#                <taxon id="leu_bact_C_Amoebophilus_asiaticus" spec="beast.evolution.alignment.Taxon"/>
#                <taxon id="leu_bact_C_aggregans" spec="beast.evolution.alignment.Taxon"/>
#                <taxon id="leu_bact_C_jejuni" spec="beast.evolution.alignment.Taxon"/>
#                <taxon id="leu_bact_C_thermalis" spec="beast.evolution.alignment.Taxon"/>
#                <taxon id="leu_bact_D_radiodurans" spec="beast.evolution.alignment.Taxon"/>
#                <taxon id="leu_bact_E_coli" spec="beast.evolution.alignment.Taxon"/>
#                <taxon id="leu_bact_G_obscuriglobus" spec="beast.evolution.alignment.Taxon"/>
#                <taxon id="leu_bact_G_stearothermophilus" spec="beast.evolution.alignment.Taxon"/>
#                <taxon id="leu_bact_M_mobile" spec="beast.evolution.alignment.Taxon"/>
#                <taxon id="leu_bact_M_smegmatis" spec="beast.evolution.alignment.Taxon"/>
#                <taxon id="leu_bact_S_aureus" spec="beast.evolution.alignment.Taxon"/>
#                <taxon id="leu_bact_S_elongatus" spec="beast.evolution.alignment.Taxon"/>
#                <taxon id="leu_bact_T_maritima" spec="beast.evolution.alignment.Taxon"/>
#                <taxon id="leu_bact_T_thermophilus" spec="beast.evolution.alignment.Taxon"/>
#                <taxon id="leu_bact_R_marinus" spec="beast.evolution.alignment.Taxon"/>
#            </taxonset>
#        </distribution>
#        <distribution id="met.prior" monophyletic="true" spec="beast.math.distributions.MRCAPrior" tree="@Tree.t:NormalBEAST2">
#            <taxonset id="met" spec="beast.evolution.alignment.TaxonSet">
#                <taxon id="met_bact_1pfv_E_coli" spec="beast.evolution.alignment.Taxon"/>
#                <taxon id="met_bact_1woy_T_thermophilus" spec="beast.evolution.alignment.Taxon"/>
#                <taxon id="met_bact_2csx_A_aeolicus" spec="beast.evolution.alignment.Taxon"/>
#                <taxon id="met_bact_2x1l_M_smegmatis" spec="beast.evolution.alignment.Taxon"/>
#                <taxon id="met_bact_R_marinus" spec="beast.evolution.alignment.Taxon"/>
#                <taxon id="met_bact_C_aggregans" spec="beast.evolution.alignment.Taxon"/>
#                <taxon id="met_bact_C_jejuni" spec="beast.evolution.alignment.Taxon"/>
#                <taxon id="met_bact_P_mikurensis" spec="beast.evolution.alignment.Taxon"/>
#                <taxon id="met_bact_S_elongatus" spec="beast.evolution.alignment.Taxon"/>
#                <taxon id="met_bact_H_aurantiacus" spec="beast.evolution.alignment.Taxon"/>
#                <taxon id="met_bact_S_aureus" spec="beast.evolution.alignment.Taxon"/>
#                <taxon id="met_bact_T_maritima" spec="beast.evolution.alignment.Taxon"/>
#                <taxon id="met_bact_B_burgdorferi" spec="beast.evolution.alignment.Taxon"/>
#                <taxon id="met_bact_B_fragilis" spec="beast.evolution.alignment.Taxon"/>
#                <taxon id="met_bact_B_licheniformis" spec="beast.evolution.alignment.Taxon"/>
#                <taxon id="met_bact_B_thailandensis" spec="beast.evolution.alignment.Taxon"/>
#                <taxon id="met_bact_D_radiodurans" spec="beast.evolution.alignment.Taxon"/>
#                <taxon id="met_bact_G_stearothermophilus" spec="beast.evolution.alignment.Taxon"/>
#                <taxon id="met_bact_G_obscuriglobus" spec="beast.evolution.alignment.Taxon"/>
#                <taxon id="met_bact_C_thermalis" spec="beast.evolution.alignment.Taxon"/>
#                <taxon id="met_bact_C_A_asiaticus" spec="beast.evolution.alignment.Taxon"/>
#            </taxonset>
#        </distribution>
#        <distribution id="trp.prior" monophyletic="true" spec="beast.math.distributions.MRCAPrior" tree="@Tree.t:NormalBEAST2">
#            <taxonset id="trp" spec="beast.evolution.alignment.TaxonSet">
#                <taxon id="trp_bact_1i6m_G_stearothermophilus" spec="beast.evolution.alignment.Taxon"/>
#                <taxon id="trp_bact_2el7_T_thermophilus" spec="beast.evolution.alignment.Taxon"/>
#                <taxon id="trp_bact_2g36_T_maritima" spec="beast.evolution.alignment.Taxon"/>
#                <taxon id="trp_bact_E_coli" spec="beast.evolution.alignment.Taxon"/>
#                <taxon id="trp_bact_C_aggregans" spec="beast.evolution.alignment.Taxon"/>
#                <taxon id="trp_bact_C_jejuni" spec="beast.evolution.alignment.Taxon"/>
#                <taxon id="trp_bact_P_mikurensis" spec="beast.evolution.alignment.Taxon"/>
#                <taxon id="trp_bact_S_elongatus" spec="beast.evolution.alignment.Taxon"/>
#                <taxon id="trp_bact_B_fragilis" spec="beast.evolution.alignment.Taxon"/>
#                <taxon id="trp_bact_H_aurantiacus" spec="beast.evolution.alignment.Taxon"/>
#                <taxon id="trp_bact_G_obscuriglobus" spec="beast.evolution.alignment.Taxon"/>
#                <taxon id="trp_bact_C_thermalis" spec="beast.evolution.alignment.Taxon"/>
#                <taxon id="trp_bact_A_aeolicus" spec="beast.evolution.alignment.Taxon"/>
#                <taxon id="trp_bact_B_thailandensis" spec="beast.evolution.alignment.Taxon"/>
#                <taxon id="trp_bact_B_licheniformis" spec="beast.evolution.alignment.Taxon"/>
#                <taxon id="trp_bact_B_burgdorferi" spec="beast.evolution.alignment.Taxon"/>
#                <taxon id="trp_bact_C_A_asiaticus" spec="beast.evolution.alignment.Taxon"/>
#                <taxon id="trp_bact_D_radiodurans" spec="beast.evolution.alignment.Taxon"/>
#                <taxon id="trp_bact_S_aureus" spec="beast.evolution.alignment.Taxon"/>
#                <taxon id="trp_bact_R_marinus" spec="beast.evolution.alignment.Taxon"/>
#            </taxonset>
#        </distribution>
#        <distribution id="tyr.prior" monophyletic="true" spec="beast.math.distributions.MRCAPrior" tree="@Tree.t:NormalBEAST2">
#            <taxonset id="tyr" spec="beast.evolution.alignment.TaxonSet">
#                <taxon id="tyr_bact_1h3f_T_thermophilus" spec="beast.evolution.alignment.Taxon"/>
#                <taxon id="tyr_bact_1jil_S_aureus" spec="beast.evolution.alignment.Taxon"/>
#                <taxon id="tyr_bact_1wq4_E_coli" spec="beast.evolution.alignment.Taxon"/>
#                <taxon id="tyr_bact_C_aggregans" spec="beast.evolution.alignment.Taxon"/>
#                <taxon id="tyr_bact_C_jejuni" spec="beast.evolution.alignment.Taxon"/>
#                <taxon id="tyr_bact_P_mikurensis" spec="beast.evolution.alignment.Taxon"/>
#                <taxon id="tyr_bact_S_elongatus" spec="beast.evolution.alignment.Taxon"/>
#                <taxon id="tyr_bact_B_fragilis" spec="beast.evolution.alignment.Taxon"/>
#                <taxon id="tyr_bact_G_stearothermophilus" spec="beast.evolution.alignment.Taxon"/>
#                <taxon id="tyr_bact_H_aurantiacus" spec="beast.evolution.alignment.Taxon"/>
#                <taxon id="tyr_bact_T_maritima" spec="beast.evolution.alignment.Taxon"/>
#                <taxon id="tyr_bact_A_aeolicus" spec="beast.evolution.alignment.Taxon"/>
#                <taxon id="tyr_bact_G_obscuriglobus" spec="beast.evolution.alignment.Taxon"/>
#                <taxon id="tyr_bact_C_thermalis" spec="beast.evolution.alignment.Taxon"/>
#                <taxon id="tyr_bact_B_licheniformis" spec="beast.evolution.alignment.Taxon"/>
#                <taxon id="tyr_bact_M_mobile" spec="beast.evolution.alignment.Taxon"/>
#                <taxon id="tyr_bact_B_burgdorferi" spec="beast.evolution.alignment.Taxon"/>
#                <taxon id="tyr_bact_C_A_asiaticus" spec="beast.evolution.alignment.Taxon"/>
#                <taxon id="tyr_bact_D_radiodurans" spec="beast.evolution.alignment.Taxon"/>
#            </taxonset>
#        </distribution>
#        <distribution id="val.prior" monophyletic="true" spec="beast.math.distributions.MRCAPrior" tree="@Tree.t:NormalBEAST2">
#            <taxonset id="val" spec="beast.evolution.alignment.TaxonSet">
#                <taxon id="val_bact_1gax_T_thermophilus" spec="beast.evolution.alignment.Taxon"/>
#                <taxon id="val_bact_R_marinus" spec="beast.evolution.alignment.Taxon"/>
#                <taxon id="val_bact_E_coli" spec="beast.evolution.alignment.Taxon"/>
#                <taxon id="val_bact_C_jejuni" spec="beast.evolution.alignment.Taxon"/>
#                <taxon id="val_bact_B_thailandensis" spec="beast.evolution.alignment.Taxon"/>
#                <taxon id="val_bact_S_elongatus" spec="beast.evolution.alignment.Taxon"/>
#                <taxon id="val_bact_G_stearothermophilus" spec="beast.evolution.alignment.Taxon"/>
#                <taxon id="val_bact_T_thermophilus" spec="beast.evolution.alignment.Taxon"/>
#                <taxon id="val_bact_B_licheniformis" spec="beast.evolution.alignment.Taxon"/>
#                <taxon id="val_bact_T_maritima" spec="beast.evolution.alignment.Taxon"/>
#                <taxon id="val_bact_C_thermalis" spec="beast.evolution.alignment.Taxon"/>
#                <taxon id="val_bact_M_smegmatis" spec="beast.evolution.alignment.Taxon"/>
#                <taxon id="val_bact_M_mobile" spec="beast.evolution.alignment.Taxon"/>
#                <taxon id="val_bact_B_burgdorferi" spec="beast.evolution.alignment.Taxon"/>
#                <taxon id="val_bact_C_A_asiaticus" spec="beast.evolution.alignment.Taxon"/>
#                <taxon id="val_bact_D_radiodurans" spec="beast.evolution.alignment.Taxon"/>
#                <taxon id="val_bact_S_aureus" spec="beast.evolution.alignment.Taxon"/>
#            </taxonset>
#        </distribution>
#        <distribution id="ala.prior" monophyletic="true" spec="beast.math.distributions.MRCAPrior" tree="@Tree.t:NormalBEAST2">
#            <taxonset id="ala" spec="beast.evolution.alignment.TaxonSet">
#                <taxon id="ala_bact_1yfsa_A_aeolicus" spec="beast.evolution.alignment.Taxon"/>
#                <taxon id="ala_bact_3hxv_E_coli" spec="beast.evolution.alignment.Taxon"/>
#                <taxon id="ala_bact_D_radiodurans" spec="beast.evolution.alignment.Taxon"/>
#                <taxon id="ala_bact_C_aggregans" spec="beast.evolution.alignment.Taxon"/>
#                <taxon id="ala_bact_P_mikurensis" spec="beast.evolution.alignment.Taxon"/>
#                <taxon id="ala_bact_B_thailandensis" spec="beast.evolution.alignment.Taxon"/>
#                <taxon id="ala_bact_S_elongatus" spec="beast.evolution.alignment.Taxon"/>
#                <taxon id="ala_bact_B_fragilis" spec="beast.evolution.alignment.Taxon"/>
#                <taxon id="ala_bact_G_stearothermophilus" spec="beast.evolution.alignment.Taxon"/>
#                <taxon id="ala_bact_T_thermophilus" spec="beast.evolution.alignment.Taxon"/>
#                <taxon id="ala_bact_H_aurantiacus" spec="beast.evolution.alignment.Taxon"/>
#                <taxon id="ala_bact_T_maritima" spec="beast.evolution.alignment.Taxon"/>
#                <taxon id="ala_bact_G_obscuriglobus" spec="beast.evolution.alignment.Taxon"/>
#                <taxon id="ala_bact_C_thermalis" spec="beast.evolution.alignment.Taxon"/>
#                <taxon id="ala_bact_M_mobile" spec="beast.evolution.alignment.Taxon"/>
#                <taxon id="ala_bact_B_licheniformis" spec="beast.evolution.alignment.Taxon"/>
#                <taxon id="ala_bact_B_burgdorferi" spec="beast.evolution.alignment.Taxon"/>
#                <taxon id="ala_bact_C_A_asiaticus" spec="beast.evolution.alignment.Taxon"/>
#                <taxon id="ala_bact_S_aureus" spec="beast.evolution.alignment.Taxon"/>
#            </taxonset>
#        </distribution>
#        <distribution id="asn.prior" monophyletic="true" spec="beast.math.distributions.MRCAPrior" tree="@Tree.t:NormalBEAST2">
#            <taxonset id="asn" spec="beast.evolution.alignment.TaxonSet">
#                <taxon id="asn_bact_R_marinus" spec="beast.evolution.alignment.Taxon"/>
#                <taxon id="asn_bact_E_coli" spec="beast.evolution.alignment.Taxon"/>
#                <taxon id="asn_bact_C_aggregans" spec="beast.evolution.alignment.Taxon"/>
#                <taxon id="asn_bact_S_elongatus" spec="beast.evolution.alignment.Taxon"/>
#                <taxon id="asn_bact_B_fragilis" spec="beast.evolution.alignment.Taxon"/>
#                <taxon id="asn_bact_H_aurantiacus" spec="beast.evolution.alignment.Taxon"/>
#                <taxon id="asn_bact_G_obscuriglobus" spec="beast.evolution.alignment.Taxon"/>
#                <taxon id="asn_bact_C_thermalis" spec="beast.evolution.alignment.Taxon"/>
#                <taxon id="asn_bact_M_mobile" spec="beast.evolution.alignment.Taxon"/>
#                <taxon id="asn_bact_B_burgdorferi" spec="beast.evolution.alignment.Taxon"/>
#                <taxon id="asn_bact_C_A_asiaticus" spec="beast.evolution.alignment.Taxon"/>
#                <taxon id="asn_bact_D_radiodurans" spec="beast.evolution.alignment.Taxon"/>
#                <taxon id="asn_bact_S_aureus" spec="beast.evolution.alignment.Taxon"/>
#                <taxon id="asn_bact_d1asza_T_thermophilus" spec="beast.evolution.alignment.Taxon"/>
#            </taxonset>
#        </distribution>
#        <distribution id="asp.prior" monophyletic="true" spec="beast.math.distributions.MRCAPrior" tree="@Tree.t:NormalBEAST2">
#            <taxonset id="asp" spec="beast.evolution.alignment.TaxonSet">
#                <taxon id="asp_bact_R_marinus" spec="beast.evolution.alignment.Taxon"/>
#                <taxon id="asp_bact_C_aggregans" spec="beast.evolution.alignment.Taxon"/>
#                <taxon id="asp_bact_C_jejuni" spec="beast.evolution.alignment.Taxon"/>
#                <taxon id="asp_bact_B_thailandensis" spec="beast.evolution.alignment.Taxon"/>
#                <taxon id="asp_bact_S_elongatus" spec="beast.evolution.alignment.Taxon"/>
#                <taxon id="asp_bact_B_fragilis" spec="beast.evolution.alignment.Taxon"/>
#                <taxon id="asp_bact_G_stearothermophilus" spec="beast.evolution.alignment.Taxon"/>
#                <taxon id="asp_bact_H_aurantiacus" spec="beast.evolution.alignment.Taxon"/>
#                <taxon id="asp_bact_D_radiodurans" spec="beast.evolution.alignment.Taxon"/>
#                <taxon id="asp_bact_P_mikurensis" spec="beast.evolution.alignment.Taxon"/>
#                <taxon id="asp_bact_T_maritima" spec="beast.evolution.alignment.Taxon"/>
#                <taxon id="asp_bact_A_aeolicus" spec="beast.evolution.alignment.Taxon"/>
#                <taxon id="asp_bact_M_smegmatis" spec="beast.evolution.alignment.Taxon"/>
#                <taxon id="asp_bact_M_mobile" spec="beast.evolution.alignment.Taxon"/>
#                <taxon id="asp_bact_B_licheniformis" spec="beast.evolution.alignment.Taxon"/>
#                <taxon id="asp_bact_B_burgdorferi" spec="beast.evolution.alignment.Taxon"/>
#                <taxon id="asp_bact_C_A_asiaticus" spec="beast.evolution.alignment.Taxon"/>
#                <taxon id="asp_bact_S_aureus" spec="beast.evolution.alignment.Taxon"/>
#                <taxon id="asp_bact_d1c0aa_E_coli" spec="beast.evolution.alignment.Taxon"/>
#                <taxon id="asp_bact_d1efwa_T_thermophilus" spec="beast.evolution.alignment.Taxon"/>
#            </taxonset>
#        </distribution>
#        <distribution id="gly.prior" monophyletic="true" spec="beast.math.distributions.MRCAPrior" tree="@Tree.t:NormalBEAST2">
#            <taxonset id="gly" spec="beast.evolution.alignment.TaxonSet">
#                <taxon id="gly_bact_R_marinus" spec="beast.evolution.alignment.Taxon"/>
#                <taxon id="gly_bact_C_A_asiaticus" spec="beast.evolution.alignment.Taxon"/>
#                <taxon id="gly_bact_G_obscuriglobus" spec="beast.evolution.alignment.Taxon"/>
#                <taxon id="gly_bact_G_stearothermophilus" spec="beast.evolution.alignment.Taxon"/>
#                <taxon id="gly_bact_H_aurantiacus" spec="beast.evolution.alignment.Taxon"/>
#                <taxon id="gly_bact_M_mobile" spec="beast.evolution.alignment.Taxon"/>
#                <taxon id="gly_bact_P_mikurensis" spec="beast.evolution.alignment.Taxon"/>
#                <taxon id="gly_bact_S_aureus" spec="beast.evolution.alignment.Taxon"/>
#                <taxon id="gly_bact_B_fragilis" spec="beast.evolution.alignment.Taxon"/>
#                <taxon id="gly_bact_C_aggregans" spec="beast.evolution.alignment.Taxon"/>
#                <taxon id="gly_bact_D_radiodurans" spec="beast.evolution.alignment.Taxon"/>
#                <taxon id="gly_bact_B_burgdorferi" spec="beast.evolution.alignment.Taxon"/>
#                <taxon id="gly_bact_d1atib_T_thermophilus" spec="beast.evolution.alignment.Taxon"/>
#            </taxonset>
#        </distribution>
#        <distribution id="his.prior" monophyletic="true" spec="beast.math.distributions.MRCAPrior" tree="@Tree.t:NormalBEAST2">
#            <taxonset id="his" spec="beast.evolution.alignment.TaxonSet">
#                <taxon id="his_bact_1htt_E_coli" spec="beast.evolution.alignment.Taxon"/>
#                <taxon id="his_bact_C_aggregans" spec="beast.evolution.alignment.Taxon"/>
#                <taxon id="his_bact_C_jejuni" spec="beast.evolution.alignment.Taxon"/>
#                <taxon id="his_bact_P_mikurensis" spec="beast.evolution.alignment.Taxon"/>
#                <taxon id="his_bact_S_elongatus" spec="beast.evolution.alignment.Taxon"/>
#                <taxon id="his_bact_B_fragilis" spec="beast.evolution.alignment.Taxon"/>
#                <taxon id="his_bact_G_stearothermophilus" spec="beast.evolution.alignment.Taxon"/>
#                <taxon id="his_bact_H_aurantiacus" spec="beast.evolution.alignment.Taxon"/>
#                <taxon id="his_bact_B_thailandensis" spec="beast.evolution.alignment.Taxon"/>
#                <taxon id="his_bact_T_maritima" spec="beast.evolution.alignment.Taxon"/>
#                <taxon id="his_bact_A_aeolicus" spec="beast.evolution.alignment.Taxon"/>
#                <taxon id="his_bact_G_obscuriglobus" spec="beast.evolution.alignment.Taxon"/>
#                <taxon id="his_bact_C_thermalis" spec="beast.evolution.alignment.Taxon"/>
#                <taxon id="his_bact_M_mobile" spec="beast.evolution.alignment.Taxon"/>
#                <taxon id="his_bact_B_licheniformis" spec="beast.evolution.alignment.Taxon"/>
#                <taxon id="his_bact_B_burgdorferi" spec="beast.evolution.alignment.Taxon"/>
#                <taxon id="his_bact_C_A_asiaticus" spec="beast.evolution.alignment.Taxon"/>
#                <taxon id="his_bact_D_radiodurans" spec="beast.evolution.alignment.Taxon"/>
#                <taxon id="his_bact_d1adjc_T_thermophilus" spec="beast.evolution.alignment.Taxon"/>
#                <taxon id="his_bact_d1qe0a_S_aureus" spec="beast.evolution.alignment.Taxon"/>
#            </taxonset>
#        </distribution>
#        <distribution id="lys.prior" monophyletic="true" spec="beast.math.distributions.MRCAPrior" tree="@Tree.t:NormalBEAST2">
#            <taxonset id="lys" spec="beast.evolution.alignment.TaxonSet">
#                <taxon id="lys_bact_3e9h_G_stearothermophilus" spec="beast.evolution.alignment.Taxon"/>
#                <taxon id="lys_bact_3g1z_S_typhimurium" spec="beast.evolution.alignment.Taxon"/>
#                <taxon id="lys_bact_C_aggregans" spec="beast.evolution.alignment.Taxon"/>
#                <taxon id="lys_bact_C_jejuni" spec="beast.evolution.alignment.Taxon"/>
#                <taxon id="lys_bact_P_mikurensis" spec="beast.evolution.alignment.Taxon"/>
#                <taxon id="lys_bact_B_thailandensis" spec="beast.evolution.alignment.Taxon"/>
#                <taxon id="lys_bact_S_elongatus" spec="beast.evolution.alignment.Taxon"/>
#                <taxon id="lys_bact_B_fragilis" spec="beast.evolution.alignment.Taxon"/>
#                <taxon id="lys_bact_T_thermophilus" spec="beast.evolution.alignment.Taxon"/>
#                <taxon id="lys_bact_H_aurantiacus" spec="beast.evolution.alignment.Taxon"/>
#                <taxon id="lys_bact_T_maritima" spec="beast.evolution.alignment.Taxon"/>
#                <taxon id="lys_bact_G_obscuriglobus" spec="beast.evolution.alignment.Taxon"/>
#                <taxon id="lys_bact_M_mobile" spec="beast.evolution.alignment.Taxon"/>
#                <taxon id="lys_bact_B_licheniformis" spec="beast.evolution.alignment.Taxon"/>
#                <taxon id="lys_bact_C_A_asiaticus" spec="beast.evolution.alignment.Taxon"/>
#                <taxon id="lys_bact_D_radiodurans" spec="beast.evolution.alignment.Taxon"/>
#                <taxon id="lys_bact_S_aureus" spec="beast.evolution.alignment.Taxon"/>
#                <taxon id="lys_bact_d1e1oa_E_coli" spec="beast.evolution.alignment.Taxon"/>
#            </taxonset>
#        </distribution>
#        <distribution id="phe.prior" monophyletic="true" spec="beast.math.distributions.MRCAPrior" tree="@Tree.t:NormalBEAST2">
#            <taxonset id="phe" spec="beast.evolution.alignment.TaxonSet">
#                <taxon id="phe_bact_2alya_T_thermophilus" spec="beast.evolution.alignment.Taxon"/>
#                <taxon id="phe_bact_2rhq_S_haemolyticus" spec="beast.evolution.alignment.Taxon"/>
#                <taxon id="phe_bact_R_marinus" spec="beast.evolution.alignment.Taxon"/>
#                <taxon id="phe_bact_C_thermalis" spec="beast.evolution.alignment.Taxon"/>
#                <taxon id="phe_bact_C_A_asiaticus" spec="beast.evolution.alignment.Taxon"/>
#                <taxon id="phe_bact_D_radiodurans" spec="beast.evolution.alignment.Taxon"/>
#                <taxon id="phe_bact_G_obscuriglobus" spec="beast.evolution.alignment.Taxon"/>
#                <taxon id="phe_bact_H_aurantiacus" spec="beast.evolution.alignment.Taxon"/>
#                <taxon id="phe_bact_M_mobile" spec="beast.evolution.alignment.Taxon"/>
#                <taxon id="phe_bact_P_mikurensis" spec="beast.evolution.alignment.Taxon"/>
#                <taxon id="phe_bact_S_aureus" spec="beast.evolution.alignment.Taxon"/>
#                <taxon id="phe_bact_M_smegmatis" spec="beast.evolution.alignment.Taxon"/>
#                <taxon id="phe_bact_E_coli" spec="beast.evolution.alignment.Taxon"/>
#                <taxon id="phe_bact_A_aeolicus" spec="beast.evolution.alignment.Taxon"/>
#                <taxon id="phe_bact_B_licheniformis" spec="beast.evolution.alignment.Taxon"/>
#                <taxon id="phe_bact_B_thailandensis" spec="beast.evolution.alignment.Taxon"/>
#                <taxon id="phe_bact_C_aggregans" spec="beast.evolution.alignment.Taxon"/>
#                <taxon id="phe_bact_C_jejuni" spec="beast.evolution.alignment.Taxon"/>
#            </taxonset>
#        </distribution>
#        <distribution id="pro.prior" monophyletic="true" spec="beast.math.distributions.MRCAPrior" tree="@Tree.t:NormalBEAST2">
#            <taxonset id="pro" spec="beast.evolution.alignment.TaxonSet">
#                <taxon id="pro_bact_2i4la_R_palustris" spec="beast.evolution.alignment.Taxon"/>
#                <taxon id="pro_bact_2j3mb_E_faecalis" spec="beast.evolution.alignment.Taxon"/>
#                <taxon id="pro_bact_R_marinus" spec="beast.evolution.alignment.Taxon"/>
#                <taxon id="pro_bact_E_coli" spec="beast.evolution.alignment.Taxon"/>
#                <taxon id="pro_bact_C_aggregans" spec="beast.evolution.alignment.Taxon"/>
#                <taxon id="pro_bact_B_thailandensis" spec="beast.evolution.alignment.Taxon"/>
#                <taxon id="pro_bact_P_mikurensis" spec="beast.evolution.alignment.Taxon"/>
#                <taxon id="pro_bact_S_elongatus" spec="beast.evolution.alignment.Taxon"/>
#                <taxon id="pro_bact_B_fragilis" spec="beast.evolution.alignment.Taxon"/>
#                <taxon id="pro_bact_G_stearothermophilus" spec="beast.evolution.alignment.Taxon"/>
#                <taxon id="pro_bact_H_aurantiacus" spec="beast.evolution.alignment.Taxon"/>
#                <taxon id="pro_bact_T_maritima" spec="beast.evolution.alignment.Taxon"/>
#                <taxon id="pro_bact_A_aeolicus" spec="beast.evolution.alignment.Taxon"/>
#                <taxon id="pro_bact_G_obscuriglobus" spec="beast.evolution.alignment.Taxon"/>
#                <taxon id="pro_bact_C_thermalis" spec="beast.evolution.alignment.Taxon"/>
#                <taxon id="pro_bact_B_licheniformis" spec="beast.evolution.alignment.Taxon"/>
#                <taxon id="pro_bact_B_burgdorferi" spec="beast.evolution.alignment.Taxon"/>
#                <taxon id="pro_bact_C_A_asiaticus" spec="beast.evolution.alignment.Taxon"/>
#                <taxon id="pro_bact_D_radiodurans" spec="beast.evolution.alignment.Taxon"/>
#                <taxon id="pro_bact_S_aureus" spec="beast.evolution.alignment.Taxon"/>
#                <taxon id="pro_bact_d1hc7a_T_thermophilus" spec="beast.evolution.alignment.Taxon"/>
#            </taxonset>
#        </distribution>
#        <distribution id="ser.prior" monophyletic="true" spec="beast.math.distributions.MRCAPrior" tree="@Tree.t:NormalBEAST2">
#            <taxonset id="ser" spec="beast.evolution.alignment.TaxonSet">
#                <taxon id="ser_bact_R_marinus" spec="beast.evolution.alignment.Taxon"/>
#                <taxon id="ser_bact_E_coli" spec="beast.evolution.alignment.Taxon"/>
#                <taxon id="ser_bact_C_aggregans" spec="beast.evolution.alignment.Taxon"/>
#                <taxon id="ser_bact_C_jejuni" spec="beast.evolution.alignment.Taxon"/>
#                <taxon id="ser_bact_B_thailandensis" spec="beast.evolution.alignment.Taxon"/>
#                <taxon id="ser_bact_S_elongatus" spec="beast.evolution.alignment.Taxon"/>
#                <taxon id="ser_bact_B_fragilis" spec="beast.evolution.alignment.Taxon"/>
#                <taxon id="ser_bact_G_stearothermophilus" spec="beast.evolution.alignment.Taxon"/>
#                <taxon id="ser_bact_H_aurantiacus" spec="beast.evolution.alignment.Taxon"/>
#                <taxon id="ser_bact_T_maritima" spec="beast.evolution.alignment.Taxon"/>
#                <taxon id="ser_bact_A_aeolicus" spec="beast.evolution.alignment.Taxon"/>
#                <taxon id="ser_bact_C_thermalis" spec="beast.evolution.alignment.Taxon"/>
#                <taxon id="ser_bact_M_smegmatis" spec="beast.evolution.alignment.Taxon"/>
#                <taxon id="ser_bact_M_mobile" spec="beast.evolution.alignment.Taxon"/>
#                <taxon id="ser_bact_B_licheniformis" spec="beast.evolution.alignment.Taxon"/>
#                <taxon id="ser_bact_B_burgdorferi" spec="beast.evolution.alignment.Taxon"/>
#                <taxon id="ser_bact_C_A_asiaticus" spec="beast.evolution.alignment.Taxon"/>
#                <taxon id="ser_bact_D_radiodurans" spec="beast.evolution.alignment.Taxon"/>
#                <taxon id="ser_bact_S_aureus" spec="beast.evolution.alignment.Taxon"/>
#                <taxon id="ser_bact_d1sera_T_thermophilus" spec="beast.evolution.alignment.Taxon"/>
#            </taxonset>
#        </distribution>
#        <distribution id="thr.prior" monophyletic="true" spec="beast.math.distributions.MRCAPrior" tree="@Tree.t:NormalBEAST2">
#            <taxonset id="thr" spec="beast.evolution.alignment.TaxonSet">
#                <taxon id="thr_bact_R_marinus" spec="beast.evolution.alignment.Taxon"/>
#                <taxon id="thr_bact_C_aggregans" spec="beast.evolution.alignment.Taxon"/>
#                <taxon id="thr_bact_C_jejuni" spec="beast.evolution.alignment.Taxon"/>
#                <taxon id="thr_bact_P_mikurensis" spec="beast.evolution.alignment.Taxon"/>
#                <taxon id="thr_bact_S_elongatus" spec="beast.evolution.alignment.Taxon"/>
#                <taxon id="thr_bact_B_fragilis" spec="beast.evolution.alignment.Taxon"/>
#                <taxon id="thr_bact_T_thermophilus" spec="beast.evolution.alignment.Taxon"/>
#                <taxon id="thr_bact_H_aurantiacus" spec="beast.evolution.alignment.Taxon"/>
#                <taxon id="thr_bact_T_maritima" spec="beast.evolution.alignment.Taxon"/>
#                <taxon id="thr_bact_A_aeolicus" spec="beast.evolution.alignment.Taxon"/>
#                <taxon id="thr_bact_B_thailandensis" spec="beast.evolution.alignment.Taxon"/>
#                <taxon id="thr_bact_G_obscuriglobus" spec="beast.evolution.alignment.Taxon"/>
#                <taxon id="thr_bact_B_licheniformis" spec="beast.evolution.alignment.Taxon"/>
#                <taxon id="thr_bact_B_burgdorferi" spec="beast.evolution.alignment.Taxon"/>
#                <taxon id="thr_bact_C_A_asiaticus" spec="beast.evolution.alignment.Taxon"/>
#                <taxon id="thr_bact_D_radiodurans" spec="beast.evolution.alignment.Taxon"/>
#                <taxon id="thr_bact_d1evka_E_coli" spec="beast.evolution.alignment.Taxon"/>
#                <taxon id="thr_bact_d1nyra_S_aureus" spec="beast.evolution.alignment.Taxon"/>
#            </taxonset>
#        </distribution>
#    </distribution>
#</input>
#
Sample	posterior	likelihood	prior	treeLikelihood	TreeHeight	gammaShape	mutationRate	ucldStdev	rate.mean	rate.variance	rate.coefficientOfVariation	BirthDeath	birthRate2	relativeDeathRate2	mrcatime(arg)	mrcatime(cys)	mrcatime(glu)	mrcatime(gln)	mrcatime(ile)	mrcatime(leu)	mrcatime(met)	mrcatime(tyr)	mrcatime(trp)	mrcatime(val)	mrcatime(ala)	mrcatime(asn)	mrcatime(asp)	mrcatime(gly)	mrcatime(his)	mrcatime(lys)	mrcatime(phe)	mrcatime(pro)	mrcatime(ser)	mrcatime(thr)
0	-72791.95375371246	-68316.22864799999	-4475.725105712466	-68316.22864799999	700.1	1.0	1.0	0.1	0.9765761406912505	0.009776762185241131	0.0989397507252172	-4472.716093709097	1.0	0.5	0.10000000000002274	0.10000000000002274	0.10000000000002274	0.10000000000002274	0.10000000000002274	0.10000000000002274	0.10000000000002274	0.10000000000002274	0.10000000000002274	0.10000000000002274	0.10000000000002274	0.10000000000002274	0.10000000000002274	0.10000000000002274	0.10000000000002274	0.10000000000002274	0.10000000000002274	0.10000000000002274	0.10000000000002274	0.10000000000002274
