Sample	posterior	likelihood	prior	Tree.t:Ala.CFheight	Tree.t:Ala.CFlength	Tree.t:Ala.nConv	Tree.t:Ala.nUselessConvs	Tree.t:Ala.meanEdgeLength	Tree.t:Ala.meanDepartureHeight	Tree.t:Ala.locus.Ala.meanTractLength	Tree.t:Ala.locus.Ala.meanRegionLength	Tree.t:Ala.locus.Ala.meanStartSite	Tree.t:Ala.locus.Ala.meanEndSite	Tree.t:Ala.locus.Ala.randomStartSite	Tree.t:Ala.locus.Ala.randomEndSite	rho.t:Ala	delta.t:Ala	popSize.t:Ala	gammaShape.s:Ala	mutationRate.s:Ala
0	-11151.69610555217	-11098.244830727132	-53.45127482503886	2.130811423642951	10.13559879360377	0	0	NaN	NaN	NaN	NaN	NaN	NaN	NaN	NaN	0.001	1000.0	1.0	1.0	1.0
1000	-7009.070426595004	-6841.933406235373	-167.13702035963132	3.653908273516278	18.173577841902723	12	4	0.11773760251163852	0.9007458195748271	94.58333333333333	52.0	9.416666666666666	103.0	0.0	103.0	9.804432812098207E-4	414.5691947905084	1.1684617237923958	0.9085315730507455	1.0
2000	-6021.865330603359	-5832.855278679508	-189.01005192385102	2.818119969460246	20.83266936035991	11	3	1.3091126289732946	0.7313146684265664	89.0	34.666666666666664	10.090909090909092	98.0909090909091	0.0	49.0	9.195014875342124E-4	381.0977590987814	3.1320458398219744	0.9085315730507455	1.0
3000	-5773.533593621433	-5601.697382138927	-171.83621148250612	3.518306116687926	19.48788158516268	9	2	0.35181795218798695	0.5869882902081166	89.77777777777777	52.0	0.3333333333333333	89.11111111111111	0.0	103.0	0.0012623581961346778	353.68636389601915	2.8927946459312044	0.9085315730507455	1.0
4000	-5653.221101871903	-5485.135525637824	-168.08557623407864	1.7163170699618817	16.954818472900193	9	1	0.2790993081250488	0.45763878394544855	95.77777777777777	52.0	8.222222222222221	103.0	0.0	103.0	9.990745639646538E-4	720.576346003691	3.772850318794155	0.5707449894375209	1.0
5000	-5639.4297721325565	-5451.583851588407	-187.84592054414927	6.837302376537374	28.845360904849755	14	7	1.2305913459341908	1.8407208910561892	104.0	104.0	0.0	103.0	0.0	103.0	6.488918468087699E-4	626.9291392567005	4.918043923439921	0.5707449894375209	1.0
6000	-5542.62890025506	-5350.5892427839835	-192.03965747107694	3.904947885635023	23.2289814436692	10	3	1.301187175057352	0.8003307170141838	81.5	52.0	9.1	89.6	91.0	103.0	4.6249820915741436E-4	457.00871490985105	6.407382579991585	0.5707449894375209	1.0
7000	-5507.567238164969	-5340.491485671504	-167.07575249346485	2.2638014060228207	18.560884751747036	8	0	0.15163835531009812	0.14919857819058643	82.0	34.666666666666664	12.0	93.0	0.0	103.0	6.136876898411732E-4	600.391729633673	5.183413067152928	0.5707449894375209	1.0
8000	-5473.157676174068	-5320.951928627449	-152.20574754661914	2.229465605956808	20.364164441167986	5	0	0.17260315105605306	0.14416178401435292	104.0	104.0	0.0	103.0	0.0	103.0	5.945084036529057E-4	406.1211656034061	4.501685590346391	0.5707449894375209	1.0
9000	-5581.855186105664	-5315.064704417377	-266.79048168828785	14.719372961648741	50.23857722722439	17	12	2.7589398655426214	5.068653489800396	95.29411764705883	104.0	7.823529411764706	102.11764705882354	0.0	101.0	5.56315637274251E-4	414.87368361473506	6.103858504440051	0.5658572707537143	1.0
10000	-5590.444383566682	-5306.093584825841	-284.3507987408403	31.0341640716685	83.86500717953521	24	20	2.3264544091672144	11.437806388792739	94.04166666666667	104.0	3.6666666666666665	96.70833333333333	0.0	103.0	5.168133245506755E-4	416.85159039546414	5.6385632094737606	0.5658572707537143	1.0
11000	-5477.772000040002	-5306.726305677294	-171.04569436270867	4.387323050703297	25.31772639724342	7	4	1.0785521947405876	1.0377319837285648	89.57142857142857	104.0	0.0	88.57142857142857	0.0	103.0	5.674417619349482E-4	461.2567555287386	5.581193508287751	0.5658572707537143	1.0
12000	-5478.883574415302	-5303.7559361452995	-175.1276382700024	4.939524461911268	23.364299272572257	9	4	1.7628337838975598	1.245317968850788	93.88888888888889	104.0	10.11111111111111	103.0	0.0	103.0	9.018988325870785E-4	317.07656549322337	4.894880777818611	0.5658572707537143	1.0
13000	-5460.387962196756	-5297.497779941668	-162.89018225508786	5.463709214489271	26.195489701335973	6	1	0.2161832999214668	0.6502224173370791	89.16666666666667	104.0	0.0	88.16666666666667	0.0	103.0	7.077929000950398E-4	314.73338910481925	5.418594924101159	0.5658572707537143	1.0
14000	-5493.947024777571	-5304.9374561016575	-189.0095686759135	5.05048309653865	23.9963328600479	10	3	1.2925332670842695	1.689374263904126	75.5	26.0	0.0	74.5	0.0	103.0	7.398329976156354E-4	377.2623953365447	4.893291449022218	0.5658572707537143	1.0
15000	-5571.11339583646	-5304.930458630939	-266.18293720552066	19.130302400332685	54.69739136557741	19	11	3.0066941350377148	6.037816726882259	85.15789473684211	26.0	1.736842105263158	85.89473684210526	0.0	103.0	7.685271065256024E-4	338.4367732401237	5.584003733874162	0.5658572707537143	1.0
16000	-5548.8940719419725	-5305.981371572493	-242.9127003694793	10.389514780581388	35.28755021353751	13	9	4.424824672759698	3.869702048755729	72.61538461538461	52.0	15.384615384615385	87.0	0.0	103.0	9.168367517470114E-4	312.8255888989996	6.486446296504827	0.5658572707537143	1.0
17000	-5498.776480289078	-5293.027736769957	-205.74874351912047	10.037708395215242	35.954720084002254	9	5	5.5581677111181635	4.128312888781016	69.66666666666667	52.0	9.88888888888889	78.55555555555556	0.0	103.0	5.614393030627559E-4	360.3646262787811	6.107924457500822	0.6609431207084878	1.0
18000	-5437.126536318928	-5287.217867247389	-149.9086690715388	1.5883189252978536	17.904427098322742	4	0	0.1699069099581218	0.1331037161225529	80.5	52.0	0.0	79.5	0.0	9.0	4.491303540092863E-4	345.28242392903854	5.656215508012317	0.6609431207084878	1.0
19000	-5435.120443530174	-5290.414525246379	-144.70591828379568	1.689879983507481	17.683023157188263	3	0	0.18722242747362683	0.14681878880222987	74.66666666666667	52.0	0.0	73.66666666666667	0.0	103.0	3.247902168719799E-4	270.240628881932	5.223518009879646	0.6609431207084878	1.0
20000	-5489.737110376246	-5284.13844087573	-205.59866950051605	8.739481590719969	30.684969007097145	10	6	1.9210707391709332	2.0582013787792635	66.8	34.666666666666664	0.0	65.8	0.0	15.0	6.403234234015219E-4	296.6578153927814	4.161248575640263	0.6609431207084878	1.0
21000	-5422.547162547864	-5277.763584676405	-144.78357787145902	1.311477505657928	16.52953191532208	3	0	0.2137790125412052	0.1434731894632902	74.66666666666667	52.0	0.0	73.66666666666667	0.0	103.0	4.8476617916788607E-4	524.5815288027213	5.488599848520801	0.6609431207084878	1.0
22000	-5430.124446452327	-5276.312774046143	-153.81167240618404	7.737818883532968	31.170199565158814	3	0	0.24942200765350497	0.14639791894263895	74.66666666666667	52.0	0.0	73.66666666666667	0.0	103.0	3.899290245174667E-4	447.36940508361573	6.047999291408969	0.6609431207084878	1.0
23000	-5437.507531251611	-5272.1108903768345	-165.39664087477678	6.22943325271726	25.569307114754128	8	5	2.0705814890714054	2.2154298517865176	93.0	52.0	0.0	92.0	0.0	15.0	3.0306851565865573E-4	653.8956454462767	4.779253562408877	0.6609431207084878	1.0
24000	-5421.448658126031	-5264.5345382169435	-156.91411990908767	1.778970429470572	19.055881696617554	3	0	0.2717258184223782	0.1214873289585668	41.0	34.666666666666664	0.0	40.0	0.0	15.0	2.726518301340056E-4	462.31815601437717	5.5872616979031315	0.6609431207084878	1.0
25000	-5417.374239566003	-5275.206139736219	-142.16809982978424	1.4042448950403328	15.837224337407735	3	0	0.10684628267839842	0.10659208646683949	100.66666666666667	52.0	3.3333333333333335	103.0	0.0	103.0	2.5803575380645903E-4	518.3512687154521	5.9921141150006125	0.6609431207084878	1.0
26000	-5407.708178531849	-5268.053385653757	-139.6547928780918	1.3033963517701423	14.754307132589298	3	0	0.13999126956232924	0.10367042858110691	72.0	52.0	0.0	71.0	0.0	103.0	3.4321152158564653E-4	968.7741000767521	5.013366802278574	0.6609431207084878	1.0
27000	-5418.5784654081135	-5265.555704384019	-153.02276102409462	1.7001265339421834	17.891082244715726	4	0	0.14892366383644268	0.3332995289456793	100.0	52.0	4.0	103.0	0.0	103.0	4.2645987447512726E-4	974.6355922408546	5.06840222950143	0.6609431207084878	1.0
28000	-5419.910708719403	-5265.669583184319	-154.24112553508408	1.7382520659062128	16.91966577689762	4	0	0.07069005219254415	0.14741959626608905	76.75	34.666666666666664	27.25	103.0	0.0	103.0	3.2201085487917994E-4	679.4337354002048	5.956750839819578	0.6609431207084878	1.0
29000	-5421.006859624727	-5268.7692054736945	-152.2376541510327	1.3660222705372003	16.509380347108536	5	0	0.10174838460211151	0.3628922304107537	100.8	52.0	3.2	103.0	16.0	103.0	3.668874631263805E-4	664.490939837248	3.920607814379536	0.6609431207084878	1.0
30000	-5410.193309919477	-5270.697824547303	-139.49548537217362	1.0888208431379864	13.627280084267985	4	0	0.12951086281764781	0.12260727633715716	82.0	52.0	0.0	81.0	0.0	103.0	2.9217318929259425E-4	1200.1332978842343	3.9360215543563224	0.6609431207084878	1.0
31000	-5422.5431855893685	-5270.946071445624	-151.59711414374453	1.5824932821795785	17.446516893967303	4	0	0.12721878227522204	0.14396345139144598	99.5	52.0	4.5	103.0	0.0	103.0	3.134896902717972E-4	872.9923176896814	5.341720879417298	0.6609431207084878	1.0
32000	-5420.393083681633	-5262.244837132278	-158.14824654935433	1.6121834494352993	17.34843119912816	4	0	0.1528637895963618	0.14632949476479906	77.75	34.666666666666664	2.75	79.5	0.0	9.0	2.925378726993839E-4	819.9885323484668	5.12238982080967	0.6609431207084878	1.0
33000	-5416.303427356018	-5261.4516136727925	-154.8518136832254	1.1526945350998892	15.824490370894983	4	0	0.15516099456350346	0.13545257166115504	77.75	34.666666666666664	2.75	79.5	0.0	103.0	2.812160206263614E-4	607.1562500344805	4.945044140568379	0.6609431207084878	1.0
34000	-5402.198015869471	-5252.78041421658	-149.41760165289162	1.1351795022095659	14.332119799881768	4	0	0.1350770717796737	0.11735300387768693	77.75	34.666666666666664	2.75	79.5	11.0	103.0	5.877873675782762E-4	426.8905299152129	4.238074629140781	0.6609431207084878	1.0
35000	-5420.2300501335485	-5249.69426247826	-170.53578765528917	1.1171204668277863	15.327520420408131	5	0	0.14453428338463142	0.13668428236709929	61.8	20.8	6.2	67.0	20.0	103.0	3.6688191887793424E-4	211.75240105412644	6.222736271127001	0.6609431207084878	1.0
36000	-5419.064194434993	-5254.059970314616	-165.00422412037665	1.3283469462461357	16.343747051576802	5	0	0.09510007241960625	0.24648592757101154	94.8	26.0	9.2	103.0	0.0	103.0	2.9760936306414055E-4	366.24169093945585	4.797744813589171	0.6609431207084878	1.0
37000	-5427.806114970495	-5257.455724059168	-170.35039091132742	1.3818939232466239	16.577025938888944	6	0	0.16063785577541503	0.2273273414563708	83.16666666666667	26.0	4.333333333333333	86.5	0.0	103.0	4.999456284193912E-4	345.3128986476037	5.246025400682433	0.6786644610216072	1.0
38000	-5477.0208250223095	-5253.961916263727	-223.05890875858216	9.180369837026515	30.85648303592756	14	7	1.2983579401393806	2.650011130586638	77.42857142857143	26.0	10.285714285714286	86.71428571428571	0.0	103.0	8.566255959207407E-4	421.0505073791464	4.226322336007812	0.6786644610216072	1.0
39000	-5429.779745783384	-5261.141156594003	-168.63858918938024	1.179551333267438	14.717477177064522	7	0	0.16436464290988587	0.27670352703112566	91.0	26.0	13.0	103.0	0.0	103.0	0.0011252789231845492	348.65559858673555	4.918191998881658	0.6786644610216072	1.0
40000	-5437.920696220689	-5258.246597197535	-179.67409902315362	1.3124469096405917	15.534363604557775	9	2	0.1484704072187805	0.19265714296342062	93.66666666666667	34.666666666666664	0.3333333333333333	93.0	0.0	103.0	7.340261466435935E-4	311.21011579109194	4.333385270440748	0.6786644610216072	1.0
41000	-5437.102139709384	-5257.892231891305	-179.20990781807944	1.192519005073577	15.353167167068767	9	1	0.5365077358062027	0.24312946316458225	87.11111111111111	26.0	7.111111111111111	93.22222222222223	0.0	103.0	8.737951191760491E-4	550.6991596175358	4.309088340308247	0.6786644610216072	1.0
42000	-5452.103608800487	-5264.443390045226	-187.6602187552607	4.961982579472238	23.80972285329633	8	3	0.30940525087520027	1.1120986310139338	66.375	34.666666666666664	1.875	67.25	0.0	4.0	0.001174313444515072	394.40994213638146	4.148042392043047	0.6786644610216072	1.0
43000	-5425.535491529468	-5264.099634085892	-161.43585744357685	1.3290362174230352	15.310923181556449	6	0	0.19423116131514043	0.18298802963398722	86.83333333333333	34.666666666666664	2.5	88.33333333333333	0.0	103.0	0.001227316916918061	302.4889095965669	4.461952843837911	0.6786644610216072	1.0
44000	-5541.111254640456	-5266.855133727252	-274.2561209132036	11.252073715177591	36.15079003521375	27	18	2.5281473577260662	4.00869238703397	98.29629629629629	34.666666666666664	2.3333333333333335	99.62962962962963	0.0	100.0	0.0012636695658212055	523.8267331373382	5.252695542141929	0.6786644610216072	1.0
45000	-5450.088601428936	-5268.18071878949	-181.907882639446	2.6194184497781086	18.70215216092911	9	3	0.5723824848368624	0.8823049517273334	74.55555555555556	34.666666666666664	10.555555555555555	84.11111111111111	0.0	103.0	0.0012241209718682757	478.19859489358623	4.825828961922521	0.6786644610216072	1.0
46000	-5553.194092751957	-5269.520964261738	-283.67312849021886	17.367641591066356	47.80432587152389	20	14	1.7599480396254628	6.627135460816952	75.6	34.666666666666664	15.25	89.85	0.0	103.0	7.830288429570007E-4	285.0818607580592	5.292519708107899	0.6786644610216072	1.0
47000	-5492.697942073872	-5279.903502999377	-212.79443907449428	7.8059908745931255	29.047887283116058	11	6	2.1706102448800544	3.167320590945502	66.0	52.0	15.090909090909092	80.0909090909091	0.0	35.0	8.603753235205156E-4	283.3470778798203	4.202809345416287	0.6786644610216072	1.0
48000	-5433.151065480471	-5268.724433421359	-164.42663205911123	3.4722929484129996	18.04018558048304	7	2	0.5332452781726399	0.9037652582568512	83.14285714285714	26.0	6.714285714285714	88.85714285714286	0.0	103.0	9.66790372761082E-4	524.5237250058681	4.54754118112474	0.6786644610216072	1.0
49000	-5522.641020415732	-5268.161141180419	-254.4798792353131	18.823671297961614	54.344016616277415	20	15	4.095699562801464	6.038678125417246	91.75	52.0	4.8	95.55	0.0	103.0	5.04881363092976E-4	545.201743969662	6.37474860509912	0.7118650343585444	1.0
50000	-5430.480674376998	-5257.679966434688	-172.80070794230969	4.803109229116758	26.895410944605846	7	2	1.401804202773447	0.8140360950076871	102.0	52.0	2.0	103.0	0.0	103.0	4.159862448627717E-4	512.4305987319105	6.16596300347891	0.7093410456808164	1.0
51000	-5442.407554018046	-5262.384065289967	-180.02348872807895	2.160253959501772	17.24658073469275	9	4	0.4703223210941235	0.5504466846394735	83.77777777777777	52.0	20.22222222222222	103.0	14.0	103.0	5.0918097795677E-4	577.6625058740502	6.40898922605289	0.7093410456808164	1.0
52000	-5429.306603306527	-5264.120048123502	-165.18655518302492	4.904328160141536	24.706394593007715	7	2	1.462442906800405	1.224855018172832	102.0	52.0	2.0	103.0	14.0	103.0	2.919619113281218E-4	595.6147066956734	6.040044585476815	0.6666209789910008	1.0
53000	-5443.599932771299	-5265.463048809082	-178.13688396221755	8.706075217497904	33.6590126331545	8	3	1.3109719912783135	1.4395542852099315	102.25	52.0	1.75	103.0	0.0	103.0	2.008753276905925E-4	613.5923396223427	5.11818712713323	0.6666209789910008	1.0
54000	-5428.966793273005	-5264.895694623513	-164.07109864949268	5.671816198364069	25.752804115928566	6	1	0.7326450004049522	0.8123008181655571	101.66666666666667	52.0	2.3333333333333335	103.0	14.0	103.0	2.5264020315814584E-4	554.4948346408214	7.204938051185276	0.6666209789910008	1.0
55000	-5446.924431984088	-5267.459557568418	-179.46487441567032	8.218523914064477	31.552131884172635	7	1	0.27804991364779535	1.2626868552809847	82.71428571428571	52.0	4.0	85.71428571428571	0.0	103.0	2.325857561367691E-4	414.03078331806444	5.075738575498873	0.6666209789910008	1.0
56000	-5442.074858039647	-5270.148686369572	-171.9261716700746	14.186860961105156	46.327672258245144	6	1	0.43395675108120674	2.1593770577071862	89.66666666666667	52.0	0.0	88.66666666666667	0.0	103.0	2.712453292907282E-4	296.9823996124102	5.808582295363962	0.6666209789910008	1.0
57000	-5447.894176617054	-5259.261145682915	-188.63303093413808	9.094702730497598	32.940027499881054	9	2	1.7079394852986982	1.5647542886815986	82.44444444444444	34.666666666666664	0.5555555555555556	82.0	0.0	103.0	7.242659923980608E-4	219.40992057446599	6.000784004416107	0.6666209789910008	1.0
58000	-5547.992866925593	-5256.211183063105	-291.78168386248876	14.969095495508604	47.71239175455041	20	14	2.3379797742712407	3.790023706685497	72.25	26.0	18.55	89.8	0.0	103.0	0.0012303007802380373	288.9930968698092	7.564636725568848	0.6666209789910008	1.0
59000	-5702.297480010605	-5268.672559735893	-433.624920274712	26.22016376980443	70.67270157111494	46	39	1.7130985299734118	9.873820691504733	84.91304347826087	34.666666666666664	5.565217391304348	89.47826086956522	22.0	103.0	0.001395120379993231	276.5501551392124	4.81144056766425	0.6666209789910008	1.0
60000	-5435.561537210663	-5262.216574796304	-173.34496241435946	6.936611557744666	28.763688739099102	10	5	0.7911206806698055	1.6190400955034945	95.3	52.0	0.0	94.3	0.0	103.0	8.609948699488197E-4	531.088150723211	4.982948829799974	0.6666209789910008	1.0
61000	-5459.231417767858	-5258.224948196665	-201.00646957119315	3.825561336554174	26.438957253827	11	5	4.614879047551091	1.2762213105555007	95.0	52.0	1.0909090909090908	95.0909090909091	0.0	103.0	7.419723205206915E-4	771.3649806115512	6.72716062945668	0.6666209789910008	1.0
62000	-5594.804435683881	-5259.889832786397	-334.91460289748335	21.309387279435718	67.72481808216394	37	30	1.9943962528786605	6.885350931379267	93.91891891891892	52.0	0.4864864864864865	93.4054054054054	0.0	40.0	4.21242299161635E-4	1012.0630918583913	5.956863987293713	0.6666209789910008	1.0
63000	-5629.421208375382	-5260.52401716001	-368.8971912153721	28.87803936200996	77.31400486873517	50	43	2.2551143290167355	11.308684111233335	96.36	52.0	2.0	97.36	0.0	103.0	3.453887827997258E-4	1727.8201912818206	5.385020838461981	0.6666209789910008	1.0
64000	-5453.246909813587	-5260.190687184061	-193.05622262952636	6.925615462062278	32.04410723625577	14	7	0.4468162629344183	1.2545482520175606	95.57142857142857	52.0	2.2142857142857144	96.78571428571429	31.0	103.0	4.285462564182265E-4	1122.233612432723	4.054848785799788	0.7449925036235447	1.0
65000	-5483.260298711125	-5257.156402343955	-226.10389636717014	7.205632574256754	36.13256128141414	18	10	0.4166707984579545	2.0372653659094997	90.61111111111111	52.0	8.555555555555555	98.16666666666667	0.0	103.0	2.0253011344735223E-4	1146.2888293893893	3.959194098438707	0.7449925036235447	1.0
66000	-5453.447792923654	-5255.034934594303	-198.41285832935043	6.260123389713051	29.67694532330762	13	5	0.5661393903160079	0.9614050850177646	93.15384615384616	52.0	3.230769230769231	95.38461538461539	0.0	103.0	2.576060907436971E-4	1261.8111285873467	4.657048617742886	0.7449925036235447	1.0
67000	-5438.170810092872	-5257.254936574909	-180.91587351796306	3.053690418665287	22.151406375306205	11	4	0.4568552731177642	0.9356001807314446	95.0	52.0	0.0	94.0	0.0	103.0	3.8160559154466756E-4	1803.7743609808147	4.584410828422619	0.7449925036235447	1.0
68000	-5435.673851163598	-5259.658146345574	-176.01570481802372	4.479398503771267	21.159065949729463	13	7	1.2296079145347751	1.226711830281178	97.3076923076923	52.0	0.0	96.3076923076923	0.0	103.0	6.647400677505831E-4	1716.6704348945075	4.0061011062967005	0.7449925036235447	1.0
69000	-5704.552224694264	-5262.930118263566	-441.62210643069704	28.835543812858923	70.97785284844132	62	56	2.788806078105444	13.777474052690755	94.20967741935483	52.0	4.709677419354839	97.91935483870968	0.0	103.0	4.429124301393188E-4	1412.1217976405771	4.901043147529792	0.6068107576820435	1.0
70000	-5515.127832970122	-5267.041823865591	-248.0860091045308	14.362911639423354	42.67515457105416	19	13	2.7168825541816104	5.804104681714237	87.05263157894737	52.0	8.210526315789474	94.26315789473684	86.0	103.0	3.831211149247763E-4	1478.2157055874613	5.352047240298187	0.6068107576820435	1.0
71000	-5426.112462368027	-5271.820637511336	-154.29182485669153	4.097530116837744	22.949722228049197	6	1	0.2983841690805234	0.3928664843113198	89.5	52.0	0.0	88.5	0.0	16.0	3.6617881237142376E-4	1099.986592136271	4.218420269764331	0.6068107576820435	1.0
72000	-5436.768848554982	-5267.710973492575	-169.05787506240603	4.755539741576533	23.261013542086232	10	4	1.2049286470785225	1.400654647842629	95.3	52.0	0.0	94.3	0.0	103.0	3.604902325377502E-4	1143.4349680111288	4.4447420760118	0.6068107576820435	1.0
73000	-5440.513831759051	-5272.855530857711	-167.65830090134006	4.321332630176524	25.072630964886134	8	2	1.474604825119728	0.7933445905798499	93.125	52.0	0.0	92.125	0.0	103.0	3.2874078421740575E-4	1366.450678447936	4.770126523396553	0.6815305806887121	1.0
74000	-5507.33384357809	-5260.898963156498	-246.43488042159146	8.561265164613898	32.60658660701791	22	16	2.7626750982209614	3.3352800801181632	96.95454545454545	52.0	0.09090909090909091	96.04545454545455	0.0	103.0	2.661007935443356E-4	1320.1864532825723	4.99993936600449	0.6815305806887121	1.0
75000	-5430.252590611173	-5255.798505884824	-174.4540847263491	2.0018570210668445	19.306606332132382	7	1	0.30843305319627196	0.41548122106315544	66.14285714285714	34.666666666666664	13.571428571428571	78.71428571428571	0.0	103.0	3.2248813959042684E-4	793.2195511651472	4.9578260818081255	0.6815305806887121	1.0
76000	-5446.041952415029	-5263.141359970234	-182.90059244479565	5.469354852896056	26.12678485078399	9	3	0.8417212714780118	0.7302161251755325	91.11111111111111	34.666666666666664	3.2222222222222223	93.33333333333333	0.0	103.0	2.569723113642946E-4	1112.2285577933026	5.107473152985412	0.6815305806887121	1.0
77000	-5473.3812694671005	-5267.787320799645	-205.5939486674553	4.757323905604593	26.485431699885275	12	5	0.8937447998008968	1.102437683282606	79.91666666666667	34.666666666666664	2.25	81.16666666666667	0.0	32.0	5.360353463507326E-4	1100.1148350010137	5.660087811683049	0.6815305806887121	1.0
78000	-5523.095935039873	-5265.860567044372	-257.2353679955009	6.585264830254322	35.210272939904634	21	10	2.0054502827567484	1.821491669092018	90.38095238095238	20.8	4.095238095238095	93.47619047619048	0.0	21.0	4.139159050235048E-4	1459.804585953103	4.773081453726563	0.6815305806887121	1.0
79000	-5469.864051990733	-5269.514566291004	-200.34948569972974	7.2059560334206045	35.81859998325555	13	3	1.2600845090191901	1.6448702450818489	97.07692307692308	34.666666666666664	0.07692307692307693	96.15384615384616	1.0	103.0	3.2627804807855914E-4	1190.7162292539829	4.293113558994237	0.6815305806887121	1.0
80000	-5429.630431432682	-5273.774460486186	-155.8559709464951	2.1179482796801965	18.487062134392183	7	0	0.11753848491759229	0.26620315119843607	91.28571428571429	52.0	0.0	90.28571428571429	0.0	103.0	4.2162663515126533E-4	952.7335934984778	4.0338402164002	0.6815305806887121	1.0
81000	-5528.297806951305	-5269.224457916392	-259.07334903491255	11.991935615746963	40.59055938669759	21	14	2.176741528728782	4.40246944029157	91.19047619047619	34.666666666666664	6.9523809523809526	97.14285714285714	0.0	103.0	3.6625376880208583E-4	746.2798733732118	4.367448859990482	0.6815305806887121	1.0
82000	-5454.382099177532	-5272.788304614572	-181.59379456295983	3.6735084589343505	25.612473731462288	11	5	2.1387158747189043	1.200583378389566	103.54545454545455	52.0	0.0	102.54545454545455	0.0	98.0	3.6861671998577965E-4	1013.0603719943273	4.7961021268787025	0.6815305806887121	1.0
83000	-5449.318190598732	-5268.504230341406	-180.81396025732656	6.75167137763668	29.85691460256861	10	4	0.693987852101181	1.7828568628050447	98.7	52.0	4.8	102.5	0.0	103.0	5.849216518166287E-4	758.8976662095884	4.096531650831683	0.6815305806887121	1.0
84000	-5475.58972230534	-5267.968343847891	-207.62137845744877	9.964410131855223	36.855105324861405	13	7	0.6724659140323639	2.5396596908214883	97.15384615384616	52.0	6.230769230769231	102.38461538461539	0.0	103.0	8.004353742284878E-4	637.949915317258	4.729903394720066	0.6815305806887121	1.0
85000	-5481.433002647493	-5267.228795693339	-214.2042069541543	5.064152938535224	28.73154055574949	19	11	1.4237224669132855	1.5966187167285701	102.26315789473684	52.0	1.4736842105263157	102.73684210526316	0.0	103.0	5.976567587591388E-4	595.7700900755248	4.369959481062646	0.6815305806887121	1.0
86000	-5617.91336147634	-5271.254355326968	-346.6590061493718	25.581788830374	80.24095795674755	36	26	2.0675892282262716	10.873939492543132	98.75	34.666666666666664	1.9166666666666667	99.66666666666667	0.0	103.0	5.437879631530052E-4	519.7305434404682	5.897343529423628	0.7163513045874522	1.0
87000	-5524.667418555776	-5271.50773385965	-253.15968469612585	5.8283118924918265	32.787607868146104	22	10	1.591217883844466	2.124153639145516	92.27272727272727	20.8	7.136363636363637	98.4090909090909	0.0	103.0	7.207974220417834E-4	877.2081782009105	4.762968761126577	0.7163513045874522	1.0
88000	-5522.181563472922	-5269.435196704613	-252.7463667683083	9.301327417051631	39.509612244891876	20	9	0.6591898026082268	2.242283827385119	94.15	20.8	4.1	97.25	22.0	103.0	4.973352888074043E-4	753.8550353908466	4.596646895272605	0.7163513045874522	1.0
89000	-5485.693254471046	-5260.628006700469	-225.06524777057692	4.583705109354223	26.88511849821873	12	3	1.1481137466451743	0.578369817659714	86.83333333333333	26.0	10.916666666666666	96.75	0.0	103.0	3.889458401792061E-4	1815.7116862262155	4.90849203857769	0.6189734140978024	1.0
90000	-5481.681484487072	-5273.89643395264	-207.7850505344319	6.764471266258698	33.15233984760305	16	6	1.2471445867816264	1.0467316000726168	103.625	34.666666666666664	0.0	102.625	0.0	103.0	2.517651922856596E-4	1875.6907376970967	4.90849203857769	0.6189734140978024	1.0
91000	-5509.034583898981	-5264.202609354943	-244.8319745440372	8.760881702525504	41.45138855943735	27	18	1.0118982374338577	2.433000656553088	100.92592592592592	52.0	2.888888888888889	102.81481481481481	0.0	103.0	1.9223191461299838E-4	2812.8663459009717	5.069778274979837	0.6189734140978024	1.0
92000	-5449.9973508044395	-5259.269519329685	-190.72783147475465	5.2319646742440025	29.803725793265052	13	4	1.0597597422630096	0.8190367504734934	103.61538461538461	52.0	0.0	102.61538461538461	0.0	103.0	1.598543493098709E-4	2467.538146264197	5.1579395658503975	0.6189734140978024	1.0
93000	-5507.902110399587	-5264.439804586414	-243.46230581317366	9.177698270080288	41.17166070377036	25	17	1.2616293556054672	2.5679221488682358	100.64	52.0	0.0	99.64	0.0	103.0	1.806180407096907E-4	2744.0233442585663	4.937244018210978	0.6189734140978024	1.0
94000	-5456.71967713331	-5261.765953984094	-194.9537231492158	2.0781745669806138	21.283341027864413	17	6	0.9923838252825289	0.6944548911991744	103.70588235294117	52.0	0.0	102.70588235294117	0.0	103.0	2.2481654689325228E-4	2169.5124755105335	5.021889560635975	0.6189734140978024	1.0
95000	-5440.639298387424	-5259.8657858680635	-180.77351251936048	1.9748232770735767	19.3619170482738	13	2	0.45946231602018395	0.4863241443871535	103.61538461538461	52.0	0.0	102.61538461538461	0.0	103.0	3.775700033894027E-4	1911.6747970575623	6.081664608089969	0.6189734140978024	1.0
96000	-5608.402833496714	-5256.827961403159	-351.5748720935556	28.082796640328073	73.96636160599502	47	37	1.8816709993292324	11.271873164195439	100.97872340425532	52.0	2.297872340425532	102.27659574468085	0.0	103.0	3.0265623296663795E-4	1779.2933833583475	5.73586026283715	0.6189734140978024	1.0
97000	-5466.691356983608	-5262.644047968021	-204.0473090155862	4.697840197249851	24.27821328561139	19	9	1.2441948486256307	1.234495302209019	100.6842105263158	52.0	3.0526315789473686	102.73684210526316	0.0	103.0	6.077836577250293E-4	1167.4927073609633	4.1069095897250305	0.77848920062253	1.0
98000	-5539.551193135049	-5264.7172822395605	-274.83391089548877	12.188757265328837	41.233693326476875	29	19	1.5194778589720759	4.670465020769295	94.20689655172414	52.0	3.8620689655172415	97.06896551724138	0.0	103.0	6.729510554519112E-4	849.2535150051851	5.143417448991104	0.77848920062253	1.0
99000	-5464.451059195741	-5275.179792391032	-189.27126680470994	3.2426841504479347	21.456967045341653	14	4	1.3944023294484107	0.6288314929613643	103.64285714285714	52.0	0.0	102.64285714285714	0.0	103.0	6.31842142356129E-4	954.8359018139753	6.296462391162547	0.8478273970565054	1.0
100000	-5501.752620967153	-5270.41258439249	-231.34003657466315	3.946955521320978	27.828338080843668	15	5	1.478126604476828	0.438182220917327	93.26666666666667	26.0	10.4	102.66666666666667	0.0	103.0	4.385592239970081E-4	954.7494219343188	7.1498182995334805	0.8478273970565054	1.0
101000	-5468.772240240441	-5268.1937732619035	-200.57846697853725	3.1122374655452973	21.499090579225836	11	3	2.092081479497082	0.5026970099255008	90.0909090909091	34.666666666666664	6.818181818181818	95.9090909090909	0.0	103.0	5.584328937552769E-4	560.7324714110092	6.189997555362465	0.8478273970565054	1.0
102000	-5552.8341503280035	-5257.656520383561	-295.17762994444263	24.05982206814597	65.09219680060079	24	16	1.5480627750368485	6.136273979661206	90.625	34.666666666666664	7.25	96.875	0.0	103.0	3.8763893195047354E-4	685.1135239237673	5.332039042522471	0.8478273970565054	1.0
103000	-5489.1465417674135	-5255.837267042754	-233.30927472465905	9.472839031598495	33.3930032497092	18	10	2.0237118241493484	2.642396349077477	97.0	34.666666666666664	5.888888888888889	101.88888888888889	0.0	88.0	2.827545590040059E-4	992.1651704429121	4.926638019916827	0.8478273970565054	1.0
104000	-5418.150087096582	-5253.809196920021	-164.34089017656086	4.20505925064712	21.566400138122003	7	1	0.17711450469291629	0.5119657218552155	101.14285714285714	34.666666666666664	0.0	100.14285714285714	0.0	103.0	3.7270675269128413E-4	962.8898046618544	3.8540535434244134	0.8091089416710701	1.0
105000	-5480.7030722965	-5261.739712299455	-218.9633599970448	15.078217130129548	44.19551140081073	16	9	1.413965050462057	4.408990133314084	102.0625	34.666666666666664	0.75	101.8125	0.0	103.0	2.429443255283993E-4	994.269360574424	4.801295723073875	0.8091089416710701	1.0
106000	-5439.417232401786	-5262.221630503167	-177.19560189861912	4.486741421855278	22.251100909468207	8	1	0.12870567618261192	0.30881897392631596	91.625	26.0	0.0	90.625	0.0	103.0	3.0845476631264577E-4	1072.7722008434023	4.69914288155362	0.8091089416710701	1.0
107000	-5507.622196601575	-5252.957786891599	-254.66440970997505	9.002428932544001	31.537025279429447	24	17	1.277887861745056	3.1659105941869936	93.58333333333333	26.0	4.125	96.70833333333333	0.0	89.0	5.208190040171166E-4	1354.858649055302	4.025789162049134	0.8091089416710701	1.0
108000	-5474.344633815355	-5255.964803565341	-218.37983025001466	9.15273130324046	33.5303138334324	16	9	1.2819296090203678	2.6276432301273114	97.8125	26.0	0.0	96.8125	0.0	98.0	5.209896195607416E-4	967.6244296753209	4.222551029912411	0.8091089416710701	1.0
109000	-5568.739863920068	-5256.668107870657	-312.0717560494116	16.725854470970656	50.558838466899275	25	11	2.092187733884641	7.182493524739604	85.04	26.0	14.28	98.32	0.0	103.0	6.679134330369838E-4	689.045071530707	8.04747369527389	0.8091089416710701	1.0
110000	-5501.00329727418	-5258.013551200742	-242.98974607343854	13.631603606282278	43.713562821711015	17	8	1.3109388951148677	4.700901880760538	90.17647058823529	20.8	10.0	99.17647058823529	0.0	103.0	0.001288990351752711	382.04442646951463	6.109947317060611	0.750194661926366	1.0
111000	-5470.186892725292	-5262.384127914854	-207.80276481043765	4.71045992380941	22.308637687118406	13	5	1.3509453150630262	1.551546695760615	76.61538461538461	26.0	7.538461538461538	83.15384615384616	0.0	103.0	9.513748200447779E-4	439.0267469725721	5.358420906245134	0.750194661926366	1.0
112000	-5544.608291546612	-5258.285756667573	-286.32253487903967	10.496498282099475	40.825091091907666	24	12	2.6844281420255736	3.2814345588780367	92.70833333333333	26.0	4.916666666666667	96.625	0.0	103.0	0.0011207048289401246	525.5117199825199	5.619076095853912	0.750194661926366	1.0
113000	-5515.581542375519	-5276.502462573251	-239.0790798022684	7.899532790141209	30.446856206624542	21	9	1.2350170253392432	2.246873833221567	100.23809523809524	20.8	3.3333333333333335	102.57142857142857	0.0	103.0	8.209726098395822E-4	680.290581786144	4.793654242338895	0.7540292468031572	1.0
114000	-5484.676581190016	-5262.813724531868	-221.8628566581485	2.2892073882460156	18.185604469347386	16	6	2.9370735358590228	0.5365248160463357	90.75	20.8	4.75	94.5	0.0	103.0	0.0011273882915802948	791.671072287985	5.515705565584798	0.6788454323555034	1.0
115000	-5576.463596405314	-5262.64904023246	-313.81455617285417	19.293995824472567	57.98628499284713	32	24	2.213047796219851	5.271963283341629	97.59375	34.666666666666664	0.0625	96.65625	0.0	103.0	6.968582830037711E-4	831.9326325856277	5.97597558947732	0.6788454323555034	1.0
116000	-5521.452188254934	-5254.439901718688	-267.0122865362461	15.343165049128654	45.145525138574584	28	20	1.1337151569560764	7.018127928936791	97.53571428571429	34.666666666666664	3.1785714285714284	99.71428571428571	0.0	103.0	5.904057393507146E-4	903.7681573990185	4.96853648020503	0.6788454323555034	1.0
117000	-5517.286706570737	-5267.47310491041	-249.8136016603263	7.265890451200822	30.926834505546033	21	13	2.2231992011605337	2.027496991004886	90.52380952380952	34.666666666666664	6.238095238095238	95.76190476190476	0.0	103.0	5.495217134823369E-4	1413.4900016972565	4.9654855038026575	0.6788454323555034	1.0
118000	-5493.246388919411	-5261.014105501313	-232.23228341809866	6.4034555028088045	31.716243956621256	18	10	1.4444927922417137	1.217313717372144	96.27777777777777	34.666666666666664	0.6666666666666666	95.94444444444444	0.0	103.0	5.149114808077994E-4	1066.9387084900052	5.638847902024624	0.7704732164775461	1.0
119000	-5519.311125906921	-5260.831670043244	-258.47945586367666	9.281151845364489	42.890148682307135	21	13	1.0245054250440209	2.6006206239754097	89.19047619047619	34.666666666666664	8.476190476190476	96.66666666666667	2.0	103.0	5.963411707113419E-4	584.6950314354757	5.4021226941223315	0.7704732164775461	1.0
120000	-5483.556955776971	-5251.57394751957	-231.9830082574015	12.509498649721339	45.35467323616481	16	8	0.7271669944274379	2.2256589319252473	92.8125	34.666666666666664	3.3125	95.125	0.0	103.0	8.996505723713625E-4	343.7650237429616	4.461482952886998	0.7704732164775461	1.0
121000	-5490.48541327302	-5253.528647234742	-236.9567660382782	16.74232877002798	49.60935607642504	18	9	0.6238316976206735	3.855603547389476	83.61111111111111	34.666666666666664	5.444444444444445	88.05555555555556	0.0	92.0	7.550517284733808E-4	335.0933039182972	4.4246234476629756	0.7704732164775461	1.0
122000	-5453.020442516359	-5252.18953947839	-200.83090303796965	2.5672334919760433	20.393220812221337	13	4	1.4737407162083893	0.5975819655510293	83.84615384615384	34.666666666666664	1.3076923076923077	84.15384615384616	0.0	50.0	0.0010383165355501134	606.9709379304991	5.444789421101953	0.7704732164775461	1.0
123000	-5442.272125836757	-5246.209709563367	-196.06241627338997	3.090101061981375	20.693712363146325	13	2	0.5522145961121768	0.4278485413568592	86.76923076923077	26.0	0.0	85.76923076923077	0.0	103.0	5.805446038688965E-4	680.1310505126754	4.032075210293236	0.6757297667722616	1.0
124000	-5451.06675034625	-5240.359260592438	-210.7074897538119	5.557317355886533	26.547344356626063	15	4	1.6881833212788078	0.8316256042998629	82.8	26.0	6.266666666666667	88.06666666666666	0.0	103.0	9.800160603407175E-4	511.88254871964733	5.03513492832004	0.6757297667722616	1.0
125000	-5475.690725889734	-5240.275336029235	-235.41538986049807	7.365243690160087	27.646328159156816	20	10	1.3169444949054765	1.859202214444603	86.1	34.666666666666664	4.65	89.75	0.0	103.0	9.93218464059534E-4	577.4544214640914	4.389948939829621	0.6712517896515932	1.0
126000	-5427.684001361901	-5248.275297575567	-179.40870378633483	1.5126623065462526	14.908387150743991	12	2	0.501372005762236	0.28575553039557156	91.41666666666667	34.666666666666664	0.08333333333333333	90.5	0.0	103.0	0.0015341429730749397	505.1643026138412	4.820539417608343	0.6621222676701103	1.0
127000	-5499.173940661764	-5244.737484729438	-254.43645593232657	6.557874105985291	27.483384126158157	25	15	1.1813760234662147	2.126213242751159	87.64	34.666666666666664	4.84	91.48	56.0	103.0	0.0011853606388453034	683.1673001031942	3.6612526175311784	0.5862334561056467	1.0
128000	-5428.680879351042	-5236.52416979694	-192.1567095541009	2.6509082596250857	18.424669320438866	14	4	2.329769149270075	0.6748603321740454	93.28571428571429	34.666666666666664	0.0	92.28571428571429	0.0	103.0	0.0011208573951657457	813.3122602452269	5.341736824411037	0.7026441819233159	1.0
129000	-5414.202653269077	-5240.9137982447955	-173.28885502428184	1.3231261101704526	15.52455056768683	10	0	0.11842292983967292	0.24860489421614465	89.0	34.666666666666664	0.0	88.0	0.0	103.0	0.001158616187528367	900.698673773902	4.0295250462014	0.6559031697145243	1.0
130000	-5425.146998658568	-5246.78474860088	-178.3622500576877	1.0681479958820095	15.326020364519715	9	0	0.09544829286316722	0.19342036438393675	85.0	26.0	0.0	84.0	0.0	103.0	7.297081572613522E-4	664.8725751761237	6.135659456829618	0.6598684124206309	1.0
131000	-5421.951603635581	-5257.271631132112	-164.67997250346846	1.0727876098004372	14.92048868768261	8	0	0.09426545376649997	0.2176317385314089	80.25	34.666666666666664	11.625	90.875	0.0	103.0	8.257570377379982E-4	446.8355274793975	4.841890741933482	0.6598684124206309	1.0
132000	-5421.444699410036	-5250.11906366774	-171.3256357422963	1.4992705738980991	17.310294239544533	6	0	0.08928375277997963	0.1796582544341586	84.0	26.0	1.5	84.5	0.0	103.0	0.0010508727568420636	296.8899359675219	5.279008961014258	0.6598684124206309	1.0
133000	-5425.693362704589	-5244.28331242578	-181.41005027880843	1.3951606267421213	14.99502576559805	9	0	0.11258839829131809	0.17707175152721472	96.66666666666667	20.8	1.1111111111111112	96.77777777777777	0.0	103.0	0.001674201102542646	234.5603488239042	6.012458247128678	0.6598684124206309	1.0
134000	-5421.110552736517	-5250.4580174548155	-170.6525352817018	1.5994771518264153	17.339051442538675	6	0	0.14254311926132934	0.20340298806314072	92.16666666666667	26.0	9.5	100.66666666666667	0.0	103.0	0.0012165146954446003	229.5107216854766	4.664855708360719	0.6266779203238189	1.0
135000	-5429.339875254926	-5244.194025173142	-185.14585008178346	1.4089504313809673	17.598832087842343	7	0	0.15704076840949804	0.16102344569562235	93.14285714285714	20.8	8.142857142857142	100.28571428571429	0.0	103.0	9.869770006203015E-4	268.101116324317	6.224747796090365	0.7245506019494484	1.0
136000	-5444.508841667267	-5251.935658406883	-192.5731832603839	3.8420014595380247	22.249754228551264	9	2	1.025721114203513	0.7014513508196676	92.88888888888889	26.0	6.333333333333333	98.22222222222223	9.0	74.0	0.0011705626108941987	473.67808268918543	3.996953653958183	0.7245506019494484	1.0
137000	-5443.645092371426	-5254.64305680096	-189.00203557046547	4.460387384618723	25.760249289868867	10	3	0.8371119847649773	0.6869706648464727	96.9	26.0	5.7	101.6	0.0	89.0	6.310667204535983E-4	434.64706770545627	4.559202939996437	0.7245506019494484	1.0
138000	-5507.164856217911	-5253.973408316765	-253.1914479011454	9.971338312412444	34.2870458583264	20	11	1.2572610257378054	2.87629834211035	91.9	20.8	5.05	95.95	48.0	103.0	8.992897616912436E-4	473.9308355379357	4.434843730074453	0.7245506019494484	1.0
139000	-5432.521916452847	-5242.187771874453	-190.33414457839433	1.4167181620457174	16.04330645929947	10	1	0.25637640725861016	0.2804827774835531	80.1	17.333333333333332	5.7	84.8	0.0	103.0	0.002325424752536494	357.26906348139545	3.9370744105401703	0.7245506019494484	1.0
140000	-5445.292159559116	-5253.197695219632	-192.0944643394843	1.2895918443845762	15.417061660466926	11	2	1.0529769816334826	0.2351316718986717	80.9090909090909	20.8	5.181818181818182	85.0909090909091	0.0	103.0	0.0019115865837347518	358.5759256651564	4.835279746960976	0.7245506019494484	1.0
141000	-5432.999057105723	-5231.059517376097	-201.93953972962692	1.236878662501846	15.477856662591796	11	2	0.8460350547469798	0.22172681004053343	73.54545454545455	17.333333333333332	5.181818181818182	77.72727272727273	0.0	4.0	8.960992759101276E-4	376.7705656818402	4.171084990957899	0.7245506019494484	1.0
142000	-5433.315026520373	-5236.987888023724	-196.32713849664944	1.4523384087057913	16.736055374686202	11	1	0.14599731349827802	0.22978208158323027	80.9090909090909	17.333333333333332	5.181818181818182	85.0909090909091	0.0	89.0	0.001263127813427006	338.67436015602016	4.463846427537959	0.8016055169624492	1.0
143000	-5455.657692249975	-5239.410265007865	-216.2474272421105	3.058315288819622	18.64464647615383	16	5	0.6088140719681887	0.46448541558541684	87.75	17.333333333333332	4.75	91.5	0.0	103.0	0.0016079671373323808	551.6405052565841	4.120289290950076	0.8016055169624492	1.0
144000	-5521.57198953418	-5242.655046764963	-278.91694276921646	8.526646369658932	31.90011326185987	21	9	1.2517715490579664	2.936687623336757	79.47619047619048	13.0	6.571428571428571	85.04761904761905	0.0	89.0	0.001145210976229513	496.9479117566451	4.3140440080912015	0.8016055169624492	1.0
145000	-5440.1526314395	-5248.311407340664	-191.84122409883582	1.5368288506724999	15.577665559947885	10	0	0.18660280376765687	0.2316175862055713	79.9	17.333333333333332	5.7	84.6	0.0	103.0	0.001393415964870073	516.6239764166891	4.854575306418066	0.8016055169624492	1.0
146000	-5414.6153483070375	-5235.092511756246	-179.52283655079182	0.9058256493953192	13.169025574019257	9	0	0.18066481402363282	0.19651769161655397	83.0	17.333333333333332	8.444444444444445	90.44444444444444	0.0	89.0	0.0012650236193739986	243.20093537081073	4.417346563004049	0.645475800370705	1.0
147000	-5425.277258901178	-5233.684180753652	-191.59307814752654	1.6982062447098327	16.63011375880692	10	0	0.11315850268923952	0.29276263732898344	87.6	17.333333333333332	6.5	93.1	9.0	103.0	0.0012093727606768705	316.46281370010246	4.2467280113300525	0.645475800370705	1.0
148000	-5437.156709767189	-5227.257500247751	-209.89920951943822	1.5064623524233827	17.079078315803276	10	0	0.1525001497162133	0.24706686499304426	69.9	13.0	14.8	83.7	48.0	9.0	0.0026029240955631116	215.4249539313298	5.4889278051932155	0.7533907878750793	1.0
149000	-5434.310750944857	-5224.257747401265	-210.0530035435919	2.830373685330836	17.518781868927015	11	4	0.8874437576716935	0.71920014798593	70.9090909090909	17.333333333333332	12.454545454545455	82.36363636363636	0.0	103.0	0.0015355401988553924	194.22573135940883	4.679712186016554	0.7533907878750793	1.0
150000	-5425.246530109808	-5229.17089340263	-196.07563670717852	1.6005484687090024	15.506261982799034	9	1	0.7203224187515743	0.44847654724944797	92.55555555555556	13.0	6.222222222222222	97.77777777777777	0.0	73.0	0.0017242393411132004	207.54190898307894	4.568484858301649	0.7533907878750793	1.0
151000	-5436.006551577179	-5228.923894360705	-207.08265721647464	0.9086480042292461	13.918174595099558	9	0	0.39644803872414563	0.2351924808741003	47.333333333333336	13.0	4.222222222222222	50.55555555555556	0.0	17.0	0.0019739627099011016	185.66068772055442	4.12447581749902	0.7533907878750793	1.0
152000	-5440.625103015025	-5224.055489972538	-216.56961304248688	0.9257437126163758	14.503259913133551	9	0	0.36255584803456986	0.2337982044375217	61.55555555555556	9.454545454545455	8.88888888888889	69.44444444444444	10.0	89.0	0.0027776612773118257	165.91313552207765	3.720196256499033	0.7533907878750793	1.0
153000	-5434.298963684275	-5238.334388027432	-195.96457565684256	2.19960285776764	19.019875374515372	7	1	0.3210854164483433	0.3969736319343465	59.142857142857146	17.333333333333332	2.4285714285714284	60.57142857142857	8.0	9.0	0.0015941439760178717	142.82026348690516	5.772357053799121	0.7533907878750793	1.0
154000	-5406.26790930905	-5235.682779599039	-170.5851297100105	1.302920225997805	16.277104602864828	4	0	0.18758882047587966	0.08570549236518278	34.25	17.333333333333332	45.25	78.5	74.0	103.0	0.0011323781948093528	147.92688529542818	5.131412030538534	0.6344246421082149	1.0
155000	-5440.659595974362	-5246.824261151067	-193.83533482329452	1.0095868004642548	15.401356631197004	6	0	0.40188891972594476	0.1885908791472735	47.333333333333336	13.0	31.833333333333332	78.16666666666667	42.0	89.0	0.0014708267242249803	332.7975625381204	4.923012839741355	0.6344246421082149	1.0
156000	-5509.076581246237	-5246.200815133605	-262.87576611263194	18.94791788837748	51.698011502961535	17	11	2.3108498462589777	7.340340835466055	85.70588235294117	20.8	10.882352941176471	95.58823529411765	0.0	103.0	9.331190650791454E-4	246.1529395513457	6.27175258684651	0.6344246421082149	1.0
157000	-5528.3228685977065	-5244.280085790344	-284.0427828073621	11.755646233215002	37.267802454237	17	2	2.09298141217416	3.2179894372355533	55.11764705882353	8.666666666666666	5.294117647058823	59.411764705882355	0.0	34.0	0.001502240122830704	131.02718680101884	5.343788393775356	0.6344246421082149	1.0
158000	-5415.501046999059	-5245.4829488918385	-170.01809810722108	0.988097328003174	14.756701548529207	5	0	0.6869641384754793	0.3210701763807774	72.4	17.333333333333332	8.6	80.0	34.0	103.0	0.0018858459486652641	84.06991678113116	4.616607709058451	0.6344246421082149	1.0
159000	-5388.699729697406	-5243.595284261861	-145.1044454355448	1.0058507667876728	13.768719912860558	2	0	0.07991959066269191	0.13220599370545572	64.5	30.0	4.5	68.0	9.0	47.0	0.002671674104073083	69.21220055026448	3.7778381041536897	0.6344246421082149	1.0
160000	-5413.721899234702	-5238.684295459746	-175.0376037749557	1.3643169798086696	16.834443694507875	4	0	0.1598382231420738	0.17352912594049089	45.5	15.0	5.5	50.0	13.0	43.0	0.001943613282278106	76.54369857334669	5.027076396659677	0.6393083071989439	1.0
161000	-5418.946134410463	-5239.513112138183	-179.43302227228	1.2270798069804658	14.451127357309606	5	0	0.10231646559784227	0.2381985255995346	47.8	11.555555555555555	24.2	71.0	9.0	95.0	0.0015789954775393205	75.3307441702557	4.602239229784088	0.6393083071989439	1.0
162000	-5415.444179365402	-5226.870454420936	-188.57372494446616	1.3240268927782832	14.8403718725298	6	1	0.5385027496342291	0.27614797227229215	34.333333333333336	11.25	24.166666666666668	57.5	103.0	47.0	0.0013900638776648537	44.41223659245228	4.093054125367582	0.7184093829397779	1.0
163000	-5425.848449478528	-5227.06496633611	-198.78348314241805	1.238647458163743	13.825352605834253	7	0	0.38173808743440835	0.1870424377600672	39.57142857142857	9.454545454545455	8.285714285714286	46.857142857142854	20.0	89.0	0.002339081877204883	35.13514845139461	4.573734550543818	0.7006778344294763	1.0
164000	-5414.9685483528265	-5227.010432990205	-187.95811536262175	1.3733656744550966	16.01111281490055	5	0	0.5474606127385708	0.19432423749170105	32.8	11.25	8.4	40.2	13.0	44.0	0.002513897535251215	59.809795824484404	6.274712947883279	0.7006778344294763	1.0
165000	-5408.530437738357	-5217.383176450263	-191.14726128809397	0.9345168758643461	12.792895032975846	6	0	0.13510353718421653	0.19643234961330944	35.0	8.636363636363637	24.666666666666668	58.666666666666664	28.0	21.0	0.0027391064333117093	73.65802884512365	4.297387050105244	0.6547976243213995	1.0
166000	-5423.811338763476	-5208.02247844794	-215.78886031553637	0.9822911910452573	13.848305154839892	8	0	0.21704605782644928	0.2729243518552526	41.125	6.933333333333334	21.5	61.625	0.0	103.0	0.004252781009266149	55.94476936204023	3.8451278198945413	0.6547976243213995	1.0
