#
#model:
#
#<?xml version="1.0" encoding="UTF-8" standalone="no"?><input id="posterior" spec="beast.core.util.CompoundDistribution">
#    <distribution id="prior" spec="beast.core.util.CompoundDistribution">
#        <distribution id="BayesianSkyline.t:Ser" spec="beast.evolution.tree.coalescent.BayesianSkyline">
#            <parameter dimension="5" id="bPopSizes.t:Ser" lower="0.0" name="popSizes" upper="380000.0">380.0</parameter>
#            <groupSizes dimension="5" id="bGroupSizes.t:Ser" spec="beast.core.parameter.IntegerParameter">1</groupSizes>
#            <treeIntervals id="BSPTreeIntervals.t:Ser" spec="beast.evolution.tree.coalescent.TreeIntervals">
#                <tree id="Tree.t:Ser">
#                    <taxonset id="TaxonSet.Ser" spec="beast.evolution.alignment.TaxonSet">
#                    </taxonset>
#                </tree>
#            </treeIntervals>
#        </distribution>
#        <distribution id="MarkovChainedPopSizes.t:Ser" jeffreys="true" parameter="@bPopSizes.t:Ser" spec="beast.math.distributions.MarkovChainDistribution"/>
#        <prior id="GammaShapePrior.s:Ser" name="distribution">
#            <parameter id="gammaShape.s:Ser" name="x">1.0</parameter>
#            <Exponential id="Exponential.0" name="distr">
#                <parameter id="RealParameter.0" lower="0.0" name="mean" upper="0.0">1.0</parameter>
#            </Exponential>
#        </prior>
#        <prior id="ucldStdevPrior.c:Ser" name="distribution">
#            <parameter id="ucldStdev.c:Ser" lower="0.0" name="x">0.1</parameter>
#            <Gamma id="Gamma.0" name="distr">
#                <parameter estimate="false" id="RealParameter.2" name="alpha">0.5396</parameter>
#                <parameter estimate="false" id="RealParameter.3" name="beta">0.3819</parameter>
#            </Gamma>
#        </prior>
#    </distribution>
#    <distribution id="likelihood" spec="beast.core.util.CompoundDistribution" useThreads="true">
#        <distribution data="@Ser" id="treeLikelihood.Ser" spec="beast.evolution.likelihood.ThreadedTreeLikelihood" tree="@Tree.t:Ser">
#            <siteModel gammaCategoryCount="4" id="SiteModel.s:Ser" shape="@gammaShape.s:Ser" spec="beast.evolution.sitemodel.SiteModel">
#                <parameter id="mutationRate.s:Ser" name="mutationRate">1.0</parameter>
#                <parameter estimate="false" id="proportionInvariant.s:Ser" lower="0.0" name="proportionInvariant" upper="1.0">0.0</parameter>
#                <substModel id="WAG.s:Ser" spec="beast.evolution.substitutionmodel.WAG"/>
#            </siteModel>
#            <branchRateModel id="RelaxedClock.c:Ser" spec="beast.evolution.branchratemodel.UCRelaxedClockModel" tree="@Tree.t:Ser">
#                <LogNormal S="@ucldStdev.c:Ser" id="LogNormalDistributionModel.c:Ser" meanInRealSpace="true" name="distr">
#                    <parameter estimate="false" id="RealParameter.1" lower="0.0" name="M" upper="1.0">1.0</parameter>
#                </LogNormal>
#                <rateCategories dimension="112" id="rateCategories.c:Ser" spec="beast.core.parameter.IntegerParameter">1</rateCategories>
#                <parameter estimate="false" id="ucldMean.c:Ser" name="clock.rate">1.0</parameter>
#            </branchRateModel>
#        </distribution>
#    </distribution>
#</input>
#
Sample	posterior	likelihood	prior	treeLikelihood	TreeHeight	gammaShape	mutationRate	ucldStdev	rate.mean	rate.variance	rate.coefficientOfVariation	BayesianSkyline	bPopSizes.1	bPopSizes.2	bPopSizes.3	bPopSizes.4	bPopSizes.5	bGroupSizes.1	bGroupSizes.2	bGroupSizes.3	bGroupSizes.4	bGroupSizes.5
0	-15216.243890251822	-14849.574786906838	-366.6691033449841	-14849.574786906838	3.9108244779391397	1.0	1.0	0.1	0.9847154200975804	0.009255682988713397	0.09598441939313997	-332.78761122650275	380.0	380.0	380.0	380.0	380.0	12	11	11	11	11
10000	-8038.982987951631	-7837.6513970035385	-201.3315909480925	-7837.6513970035385	6.932885867060357	0.8929250861308928	1.0	0.9251760234660381	0.7620142526121746	0.8244314843741992	0.957680670498624	-182.09964557998816	28.81692534343765	9.033011439038374	7.002178737657046	9.05472564807852	4.701935937737704	15	4	17	8	12
20000	-7611.427030566145	-7439.952149917243	-171.47488064890175	-7439.952149917243	3.419734141786321	0.8929250861308928	1.0	0.7597409653993619	0.8116179867505676	0.8988121138590506	0.9011692062640091	-152.81459238163075	18.609259745312094	22.45713652570397	4.900432577667801	7.618618341429384	2.7967091877653756	9	7	16	10	14
30000	-7175.860280294929	-7014.893428708381	-160.96685158654753	-7014.893428708381	2.6442992093881084	0.7698745874509351	1.0	0.5134780598842436	0.8980948006703166	0.3148738028864679	0.5321904088997204	-145.20587178813855	16.99430891937539	8.177288494950957	3.814348700481937	3.392897290890008	6.1405874219587995	10	5	30	10	1
40000	-7166.912101642205	-7014.0040440933735	-152.90805754883186	-7014.0040440933735	2.5534482270206795	0.7698745874509351	1.0	0.30594185183637357	0.921960335034111	0.09427918071147641	0.30838574015333253	-137.95257511649166	23.210622392750672	6.355869577599914	8.891008113283238	3.016488230845629	1.5419637963483392	8	5	11	15	17
50000	-7178.158408444528	-7032.944323970978	-145.21408447354963	-7032.944323970978	1.8872408998921781	0.8809515504553515	1.0	0.05427471446737729	1.0115287226241658	0.003379265255449166	0.05789785524628555	-133.13917061524143	14.677850235525739	9.436156808386691	4.295371728271046	3.342231737416364	0.8583526843354707	13	12	4	2	25
60000	-7151.704346776811	-6998.549989446838	-153.1543573299735	-6998.549989446838	2.1098140330707165	0.8809515504553515	1.0	0.3898452017471197	0.9752987775954881	0.14435771455273771	0.38926331447380713	-137.30897173187873	36.83951908906868	28.429405028460128	4.3816660418893765	0.7040843430943066	1.143975669395095	5	10	17	9	15
70000	-7136.018244470006	-7000.501248146606	-135.51699632340035	-7000.501248146606	1.646061069996779	0.996537547556668	1.0	0.319499528652344	0.9667190306076573	0.1325922036091944	0.3587440018781493	-122.63766535306826	22.30469400027428	9.73993666743533	2.4283427701559948	0.9758255520271858	1.1282470281597692	10	9	18	8	11
80000	-7147.793606413803	-7009.331241789171	-138.462364624632	-7009.331241789171	1.4331362630245434	0.996537547556668	1.0	0.3202088171797614	0.948680951801852	0.08541194583824635	0.2994804883449362	-124.31589624978454	33.077916046592726	6.764462144634346	6.041436186242683	1.4358019848285222	0.6487131438101946	5	10	16	8	17
90000	-7147.592158098786	-7006.474671349252	-141.1174867495339	-7006.474671349252	1.6014636741214774	0.996537547556668	1.0	0.3457876708392727	0.9565302842057171	0.09688160329639063	0.3277983908617658	-128.1932793688101	21.40277654651852	8.756159592519184	4.164523571090604	0.5995057364690904	0.7744502340935397	6	13	23	3	11
100000	-7144.235889526403	-7005.599078539944	-138.63681098646003	-7005.599078539944	1.4706658645620625	0.8220529188056033	1.0	0.47797708765101055	0.9326809600205765	0.20275846814651938	0.4736412349667775	-126.12107319504416	11.077362772141642	6.033478438471301	4.228398188429579	0.705558418715531	1.1927707413430029	20	7	9	6	14
110000	-7132.313253219732	-6990.296082371418	-142.0171708483143	-6990.296082371418	1.4763107630852477	0.9624622797271549	1.0	0.38141233710674766	0.9630783272562584	0.16096377682469962	0.4022320500116352	-128.35014290561358	35.23013830971035	10.067270184631553	3.318514562283076	1.2015789622450932	0.4529844968880844	4	12	29	3	8
120000	-7137.116958171996	-6990.663635163594	-146.4533230084012	-6990.663635163594	2.050881417839946	0.7745526030990159	1.0	0.33980787327025536	0.9568334694759191	0.1304501849066949	0.36436428354670364	-130.74822801419145	26.95015590823548	28.627839904165796	8.316602080543648	1.7730225620704494	0.6375078618048693	5	8	9	28	6
130000	-7133.287417672855	-6996.910512389438	-136.37690528341636	-6996.910512389438	1.4377511182276925	0.8757774315854188	1.0	0.3254595538634767	1.007123799847581	0.11971707233380048	0.34176736743341385	-122.01446005228371	25.33012377833835	9.516726342806342	5.8159301997791	1.9252907288819963	1.3896286368613227	4	5	13	23	11
140000	-7124.120272159497	-6996.974518776261	-127.14575338323645	-6996.974518776261	1.689367492420825	0.8757774315854188	1.0	0.44157102859663555	0.9887784438179325	0.19738712566071082	0.43852905943379294	-115.16794273810203	23.79036731000401	3.002105484606732	2.1241231514279746	1.5209224204949388	0.2782025355288381	10	25	10	2	9
150000	-7147.48623230418	-7011.842496587136	-135.6437357170439	-7011.842496587136	1.9855783923756711	0.7962783081182789	1.0	0.26552633398132364	1.005512885460059	0.07494005731242658	0.27028001653842715	-122.6618452019509	15.115648058212022	12.206756869268569	5.863815888335163	1.0882833989804463	0.9376312769670594	9	5	13	25	4
160000	-7169.563841138642	-7018.8389408076055	-150.72490033103583	-7018.8389408076055	2.6861715290587624	0.7342278276903632	1.0	0.24006957902759174	0.997521892915444	0.05546947677934748	0.2325779496557236	-137.65938554468394	24.17212712437532	6.117544921230762	1.6962422489872546	2.0478207579787724	2.4907686682758716	11	23	15	6	1
170000	-7121.602409210645	-6985.308048696513	-136.29436051413307	-6985.308048696513	1.302124718811888	0.8289770554893265	1.0	0.43218747049398154	1.0608060925619378	0.1602248997002477	0.37467084100316056	-123.96367103616399	14.41780280720725	2.0523394003348003	2.8535075008883757	2.0443351919051476	1.4488030156060319	16	2	8	4	26
180000	-7135.546564952833	-6997.512928220958	-138.03363673187522	-6997.512928220958	1.7102729707354838	0.8844978460665016	1.0	0.3448473389150879	0.9813536925204303	0.11503200032485132	0.3359970237465911	-124.35286526845844	15.944305916156745	14.095692388492045	4.377011301594598	0.7278073744586127	1.23798994733646	13	2	22	18	1
190000	-7149.050831084636	-7016.197301106306	-132.85352997832942	-7016.197301106306	1.3979230383007542	0.8894734605372543	1.0	0.29674085699950203	0.9671794042455055	0.09526074306586156	0.31864056721350026	-118.90773032475406	25.433112875899262	5.83474391904936	2.67907796259557	3.701858922181496	0.9594186681589864	8	17	4	6	21
200000	-7140.799257293249	-7003.239520954203	-137.55973633904614	-7003.239520954203	2.0179003605982877	1.0050604245465342	1.0	0.2561719791988627	0.9717040436236742	0.0756549569674733	0.27864834306731534	-122.62848051267166	38.14248995697499	4.454802833123645	7.265262038532698	1.2033801891815457	1.2579486366563901	7	2	13	25	9
210000	-7143.609082549166	-7000.972162976203	-142.63691957296243	-7000.972162976203	2.7173760301337624	0.7874714827326512	1.0	0.405380082295022	0.9501803338928325	0.1674805378865862	0.42139112260077427	-130.09222418217712	23.62243672404566	4.045472610003194	3.131238477183012	1.028859947629868	0.9947385606234909	10	20	8	12	6
220000	-7126.517683306926	-6988.266941761956	-138.2507415449696	-6988.266941761956	1.7031490908768527	0.8923350786116654	1.0	0.3578511968187506	1.0056855048377384	0.16280678130029977	0.3985180365105967	-118.94106049116371	28.061221095948046	54.667643395532856	1.1882867539725837	4.164725958675923	0.9604855683023735	16	1	5	10	24
230000	-7137.698110107414	-6995.774943523233	-141.92316658418162	-6995.774943523233	2.4041187662430645	0.9190585176944136	1.0	0.4449616865385871	0.9542662167437167	0.22269030369191284	0.45840871570013414	-128.3741211431109	14.754880759497537	13.362119553189125	5.8826656882592445	0.916361805226455	0.6386245168647544	10	1	24	9	12
240000	-7130.130693208419	-6997.429274896763	-132.70141831165625	-6997.429274896763	1.2758374576256486	0.9823162560657985	1.0	0.48900625082281834	1.018947363694707	0.23297747293745555	0.47182210334882274	-121.74224994243254	9.90695559003294	2.730370611986085	2.6471045148517813	1.2368967264825026	0.6895782269354803	28	5	3	5	15
250000	-7120.607367934305	-6989.48662821839	-131.12073971591474	-6989.48662821839	1.4270545701882789	0.8875750998422326	1.0	0.38457089516205195	1.0116841721102479	0.1872211581846057	0.41540464505676894	-118.79948617288363	27.277771805106557	6.0042811765806725	4.247160929892894	0.6290729885159018	0.2672367934941284	5	13	17	16	5
260000	-7129.659162435958	-6991.857400805189	-137.80176163076842	-6991.857400805189	1.4563995161679373	0.8875750998422326	1.0	0.3164931955663605	0.9949813683262286	0.11546968854415182	0.3291580163830457	-125.14878764699169	12.248997881922696	8.209588169321291	4.3288412220209445	2.343986673832262	0.738579722134563	17	10	7	8	14
270000	-7146.939171453853	-7012.531940878198	-134.40723057565566	-7012.531940878198	2.1708137391375595	0.6690518500155468	1.0	0.2911867791466738	1.0156400790698286	0.08500953484772819	0.2929187860288691	-123.67729301294453	22.75359939882701	4.697384158352902	1.3542388747733973	0.6231682887563672	0.8137954310664721	10	22	17	6	1
280000	-7159.152814264184	-7012.559773177918	-146.59304108626526	-7012.559773177918	2.1210082140097968	0.7246208605529887	1.0	0.3195942028934796	0.9481276018705411	0.09623198453038963	0.3086323459276914	-137.145560726042	12.770819003294603	1.5039457279765762	1.9969963890061635	0.7299906336401033	0.5415097911115164	24	10	6	12	4
290000	-7140.994368500575	-6993.151095721772	-147.84327277880217	-6993.151095721772	1.8382056360789494	0.8881789059428395	1.0	0.5838895409089927	0.9033428000078432	0.2938565498182275	0.5720605451918079	-132.057054326995	25.72542223081934	7.813260941079001	1.9572121675469196	4.415145196052426	0.5322761776411167	3	25	20	1	7
300000	-7139.925768553904	-7003.873934816335	-136.05183373756915	-7003.873934816335	1.586760805783497	1.0486448319681823	1.0	0.42421700184186545	0.9204393269184211	0.1408866188275265	0.40329685642037977	-124.07090065561462	17.369618264168253	5.910181209918388	1.2728395667874226	1.5067197048283798	0.5434810544922749	8	18	2	19	9
310000	-7145.284149413131	-6998.0919858288125	-147.19216358431842	-6998.0919858288125	2.529027248209213	0.9226499995456937	1.0	0.37957222833727206	0.9148155414731353	0.11671629940773753	0.35712593246988544	-129.23664905480754	94.22338006001338	29.43090416794957	7.966381826617516	1.130073691480348	1.2546900664593212	3	1	23	18	11
320000	-7147.446566839343	-7006.341495848626	-141.1050709907166	-7006.341495848626	1.7123814419000298	0.8921458398898048	1.0	0.29138099548843444	0.9200082101398894	0.07001380461599724	0.2764660685449931	-127.40196607480028	11.67601948541876	3.386435361247283	1.9112630327026503	5.846148462759585	1.0242795799969595	21	6	21	1	7
330000	-7134.024526725926	-6987.676121941155	-146.34840478477108	-6987.676121941155	2.144888892671686	0.8476619055256566	1.0	0.28910779309156737	0.9682677225390292	0.09614474629173174	0.3098656159180709	-131.9111872176658	11.547560874108598	10.678826400177048	3.6664063536865785	5.768434133475565	1.5616370646244297	19	9	4	1	23
340000	-7138.952814617481	-6998.949516479381	-140.00329813810006	-6998.949516479381	1.8175178784841528	0.7597222598508027	1.0	0.36184044200517584	0.9812107556374795	0.10571854454546746	0.3307358795061726	-128.6032647049495	25.278835960229802	4.835869373404528	1.4717057117084733	1.1870272617721975	0.33936154334682966	6	19	8	20	3
350000	-7133.153208685873	-6993.915444745131	-139.2377639407424	-6993.915444745131	1.8732968255600748	0.8594462798100002	1.0	0.34181906979676796	0.9408171121920801	0.09813997578808314	0.32077697950588946	-127.33650887434285	18.81285776648964	8.591185820396024	1.583687468962716	1.2880565558363328	0.611891153451432	10	18	2	12	14
360000	-7130.83942635042	-6989.791563630877	-141.04786271954208	-6989.791563630877	2.1014272265299434	0.840225215465581	1.0	0.33115596136598413	0.9949369548965248	0.10776579529165471	0.3104217428393883	-127.19244246717186	25.398363603435225	9.594391156911682	4.436319290925623	2.356633947113177	0.5397263693874048	4	15	3	25	9
370000	-7130.290689501428	-6985.6069378475595	-144.68375165386774	-6985.6069378475595	1.851301328857266	0.9368802600843185	1.0	0.3622990802865625	0.9649593634878888	0.13194036034669002	0.37465025118791645	-132.258273805455	27.217633837209515	1.8232641698534047	2.420848745997707	1.8321923380218474	0.3277604704938356	18	5	12	14	7
380000	-7146.669738270649	-6994.325620945155	-152.3441173254939	-6994.325620945155	1.6448498053207734	0.9412624908726285	1.0	0.38238641025091924	0.9681261251199632	0.16147315129509218	0.40347973949571775	-138.3193185885235	33.84982850350087	6.9167549530139665	4.465017112097365	1.760099923358844	0.4619025035126705	18	9	3	21	5
390000	-7156.800117512579	-7008.419167377018	-148.38095013556074	-7008.419167377018	1.5720387333488048	0.772270150719449	1.0	0.2868262383315618	0.977118325697392	0.08991739249787069	0.2969211227376734	-133.80182729432053	20.983298847674433	25.199642413784087	5.5706416034572115	0.7995498153645236	1.0220433698079083	11	4	16	1	24
400000	-7160.794101100703	-7015.130511485063	-145.6635896156401	-7015.130511485063	2.2116421723970294	0.8475851198886647	1.0	0.24808703502460625	1.033028083867882	0.06804803669668252	0.2586657730670493	-131.02714660181942	26.783857735730106	6.379170049357284	3.559065465651266	5.304459278035998	0.7901088638932989	18	5	8	3	22
410000	-7150.730892947689	-7014.2903327981285	-136.440560149561	-7014.2903327981285	1.8289642813574525	0.7882778150306681	1.0	0.32801672510620455	0.9468496428800257	0.09837684109399482	0.3231621415874382	-123.45324884187424	18.289512132411456	13.143769761650178	2.6243208905759445	1.581453548703528	0.8567280650639532	17	1	12	9	17
420000	-7151.7037413377475	-7014.980936284744	-136.72280505300412	-7014.980936284744	1.6299670696848414	0.993151116658699	1.0	0.20440695249589633	0.9669161973371035	0.043867362512887816	0.21209062028895173	-124.57129243154407	15.160468994871453	7.02274989091472	5.3261017147503615	1.3262788846484637	0.7466870841040695	16	6	12	14	8
430000	-7158.16776775625	-7013.8358892971	-144.33187845915035	-7013.8358892971	2.0429785530217646	0.8522196088033079	1.0	0.3105996484317196	0.9714105733430394	0.0969634652264723	0.31170454140125553	-132.1607022770768	16.194320013878905	13.406105751600272	1.6302091017914104	0.8046185538195595	0.9540612349587644	8	18	11	12	7
440000	-7118.776527178364	-6981.78101227138	-136.995514906984	-6981.78101227138	1.998120540115085	0.8982520238945783	1.0	0.40779646459016106	0.8937277373012135	0.1398808718970807	0.40240414042633493	-123.50907996329731	36.61325048909766	15.986492847149789	1.44852847680319	0.9518627037117487	0.4533776850598067	5	15	32	2	2
450000	-7130.330703505705	-7000.80293920377	-129.52776430193506	-7000.80293920377	2.4246940250785323	0.9743419241938098	1.0	0.32032346551497465	0.9163163183866885	0.1147156577064562	0.33785499614873415	-119.96863827538218	11.980877930774122	3.115967139042279	0.8720705460776986	0.8588709881138987	0.8179016366685185	18	18	1	12	7
460000	-7136.970880060242	-7001.364045318411	-135.60683474183125	-7001.364045318411	1.6049916008178504	0.8742552891362765	1.0	0.29639000051523423	0.9696062998714198	0.09476168341330281	0.30852735628496886	-123.1173522479825	13.588423763432141	4.313390292916872	3.42484957751025	3.1485733035064394	1.0427589079223654	21	5	8	2	20
470000	-7137.120709743843	-6996.977256106782	-140.1434536370606	-6996.977256106782	1.9721116191320809	0.9675799545657972	1.0	0.34101036428588744	0.9631298586032181	0.10669049945162139	0.32548444602056603	-129.37118510033056	15.96381266789657	5.140913639004862	1.698884981114786	0.7805346191403416	0.6682655579254883	19	14	13	1	9
480000	-7131.894949984188	-6990.2117533518585	-141.68319663232973	-6990.2117533518585	1.8004344107427344	0.804928244414645	1.0	0.37019706840117866	0.9489116482330207	0.11736082936826046	0.35443156033179823	-127.71445951174819	22.791536280853652	11.557267167562008	4.830329517687427	2.0707089861857124	0.6552615985047013	10	5	15	16	10
490000	-7137.6724809468515	-6992.043458345585	-145.62902260126592	-6992.043458345585	1.9426311991252816	0.7279268127472271	1.0	0.35790566059794854	0.9671248923910577	0.10958802415214638	0.34146255739059606	-130.19414919131864	8.562503016856555	25.495232147396905	3.8992188091921913	3.2260614961124685	0.7767494199935544	1	14	25	3	13
500000	-7144.177832049416	-6994.978255894679	-149.19957615473646	-6994.978255894679	2.9594075500926107	0.9227989799567846	1.0	0.32116102552660575	0.9164719914528364	0.13322993575308162	0.36897209281654697	-131.2094480642846	20.430701194475702	9.154659341064935	26.770332737523717	4.347022826223728	1.0023461850550346	4	3	13	14	22
510000	-7137.648356767037	-6990.8651037900245	-146.78325297701204	-6990.8651037900245	1.276252835669675	0.9558123591526273	1.0	0.35918950375637826	0.9646182162730288	0.11866889311018336	0.358158304083045	-135.223553800616	17.296594591979886	4.817331406524471	1.961699551190016	1.2679895576844824	0.8105952288157003	13	16	20	3	4
520000	-7131.486934739637	-6991.053816126995	-140.43311861264218	-6991.053816126995	1.4012478579552696	0.9084359923091676	1.0	0.30684578918141725	0.9647191982254351	0.10766391194173146	0.3293580899451615	-128.19154702619002	21.150007435506406	3.6349638933926527	4.592640943494627	0.8949137755170522	0.5881320857778247	11	3	24	8	10
530000	-7135.192764216652	-6984.529244358109	-150.66351985854263	-6984.529244358109	2.3650086859461954	0.8351675929178143	1.0	0.3847517642427342	0.9166986985247457	0.14701753683289856	0.38886994900332006	-138.1731497951519	18.403093932827428	5.797262981731328	2.657451041035215	1.4912485876669013	1.2147959526782466	14	11	11	5	15
540000	-7179.6738542587555	-7012.493569548536	-167.1802847102203	-7012.493569548536	3.0889053844988723	0.7083137356471073	1.0	0.28624630381021	0.927495662544552	0.08261279989572691	0.2984848039707067	-147.05736537314897	216.3728538229064	26.872282658647396	12.566061414497165	4.324352672343917	1.2358244707092152	2	5	11	28	10
550000	-7141.436867815346	-6998.7506382128095	-142.6862296025362	-6998.7506382128095	1.9524321853996245	0.8155971209330306	1.0	0.4444430083222738	1.0079712154338332	0.17625697050445094	0.4089649466092002	-129.630728083483	31.204620205600943	3.490858532361259	2.4091415954089417	1.6292407319131028	0.8042830514510932	7	25	4	4	16
560000	-7147.090009571715	-7009.71316803817	-137.37684153354553	-7009.71316803817	1.9296422998891776	0.7996598385992717	1.0	0.30390457502949175	0.9518133225194376	0.08635218343096777	0.3032959443825813	-127.42204940249248	15.482094433846958	2.412427092412834	1.63084213616492	0.8648507617347865	0.7461704043356637	20	19	2	3	12
570000	-7141.200020025247	-6993.424922341066	-147.77509768418108	-6993.424922341066	2.035179416754893	0.7587721496691293	1.0	0.33315182063100085	0.957845129578793	0.09960640128497082	0.318609689624221	-133.14024918954985	26.25144083499418	19.361550209296716	3.335898151815289	2.267218266068686	0.9508053071660303	8	12	11	4	21
580000	-7125.876236032246	-6988.425712387995	-137.4505236442513	-6988.425712387995	1.6833511506705954	0.9103542842353732	1.0	0.344297302881419	0.9726356272618262	0.12472328206239396	0.3570357849804159	-125.0358164789861	13.217222244006932	14.30921009530716	2.7923018691149593	1.1573725923288325	0.4925891984553651	10	7	14	15	10
590000	-7146.477307419928	-7001.990971130789	-144.4863362891388	-7001.990971130789	2.036413314299834	0.9172459565972821	1.0	0.35211313590506166	0.9987699631509133	0.13123150747631765	0.36124671979987283	-129.56539105290014	41.196518727783705	12.068132076825353	2.612863288361409	2.2727381848131096	1.1258708542127176	4	17	12	14	9
600000	-7170.340797020471	-7016.659420476402	-153.6813765440682	-7016.659420476402	2.734194229300097	0.8284948591535801	1.0	0.24049554202659207	0.9709960066019797	0.058185291219486644	0.24768186072559073	-139.3999546187714	34.984323780099224	9.252337861562616	2.7123221818300727	2.8843167075300515	1.4063562745546303	7	19	6	17	7
610000	-7174.643330249806	-7017.6248807284	-157.01844952140576	-7017.6248807284	2.9177842940487286	0.8670839130935556	1.0	0.33808787019525793	0.9055757153313764	0.10937525179279164	0.33403810935024	-140.79190119546448	17.939151658824297	17.018087643127483	3.1592740942904918	6.30378617892004	1.671780918622263	1	22	13	1	19
620000	-7161.58974098523	-7019.2973511305145	-142.29238985471477	-7019.2973511305145	1.696107323699787	0.9805422952718439	1.0	0.24058152023169868	0.9711599586766865	0.05355274760775809	0.23133793391043464	-128.38305990074056	16.560697704795654	18.804727344489535	5.350797101923254	1.6123548806083685	0.8890014121977772	7	9	13	7	20
630000	-7149.135941464297	-7014.606221988699	-134.52971947559752	-7014.606221988699	2.056928519592906	0.9238210485107358	1.0	0.2818088744375085	0.9744235541377305	0.06751687962917215	0.2664750879031387	-121.42507779510406	16.526867910992273	12.985832053072304	2.362180222001993	2.177547507183918	0.7534707999195872	6	13	18	9	10
640000	-7155.753244797871	-7024.7485536089025	-131.0046911889684	-7024.7485536089025	1.3348582584849145	0.9475713185138593	1.0	0.2858082447968589	1.0498217946669293	0.10783832572447385	0.3191046842202105	-117.22628029619108	17.109338883192894	13.479698013823752	7.37778285813671	1.5860745381854207	0.618327097981271	1	16	7	22	10
650000	-7142.9520929137025	-7000.5259481152325	-142.42614479846986	-7000.5259481152325	1.5932049930645908	0.944685748148006	1.0	0.2749197550491871	1.0042269961296917	0.09607147014105409	0.30902922094913954	-127.17494235394457	14.181430225109478	14.536829658426257	5.751146711387375	5.8770121037798155	1.520248542411628	5	1	10	17	23
660000	-7155.289882625179	-7022.475105894575	-132.81477673060476	-7022.475105894575	2.131607813813668	0.8643216701951519	1.0	0.30087831537104326	0.9575821393207797	0.08365695761513986	0.28754221694211035	-119.1583905087493	14.58109780732966	10.2857252102845	6.469079682167338	2.5667307220101168	0.8913918413822985	9	9	1	13	24
670000	-7124.3884653778405	-7001.287474538161	-123.10099083967874	-7001.287474538161	1.3682827080696383	0.9314009388440259	1.0	0.29513721068089677	1.0616070371427997	0.09792919263349593	0.29850960609382265	-112.31741311926022	13.881186000446219	5.274822274620508	1.8487931960461645	1.026369639831503	0.8334904739307079	18	8	1	15	14
680000	-7139.267827087251	-7007.1740545215025	-132.09377256574848	-7007.1740545215025	1.9029520917627578	0.8884913089894729	1.0	0.3946272866242582	0.9839577485398475	0.16368606876823014	0.4056425021194113	-116.41575144637304	53.26862126354924	10.747161084062347	4.235265997371076	2.3690497233876164	0.9924464429178985	4	14	9	4	25
690000	-7167.919649626875	-7016.89005552996	-151.02959409691536	-7016.89005552996	1.8731758193254462	0.7648996454752163	1.0	0.43310003418719417	0.9678992974596032	0.17160421458606553	0.4209098576128892	-135.9326082904228	15.924797861466166	6.236011208901599	13.729736817119441	1.864142329400391	0.49747769411076587	14	6	4	14	18
700000	-7172.071996741898	-7025.037467019821	-147.03452972207702	-7025.037467019821	1.8138518972485365	1.122181713272926	1.0	0.2528520485437183	0.9910087978669595	0.08309206934478701	0.28420256271295125	-134.04858287092037	13.738249193477833	6.582738899850806	5.469451246910736	1.4190412501908936	1.5784656989761985	17	10	4	21	4
710000	-7153.823102301429	-7024.2465988746635	-129.5765034267655	-7024.2465988746635	1.4705490353182369	0.8810763019218576	1.0	0.31060473896346313	1.0295814900973193	0.10141808286229508	0.31653001295185684	-117.02537835611619	14.454749199190543	7.424104120524826	2.7560871727359753	2.633968167491705	0.6493645631641959	11	10	18	5	12
720000	-7176.156499149534	-7023.456097056221	-152.70040209331341	-7023.456097056221	1.6875642306120597	0.8791572264848125	1.0	0.28970084382431793	0.9666103052856148	0.07333738676972736	0.27447080418494135	-137.94029439535154	19.867563139047572	5.06121825647862	8.672592971402665	3.6836623575809075	0.9466076536458484	15	14	6	5	16
730000	-7170.523573209378	-7023.936989526977	-146.58658368240083	-7023.936989526977	2.503988718850251	0.9007009626240827	1.0	0.17365006629813023	0.9588644228054074	0.027865868966912132	0.16918298146675514	-134.72019493976785	22.22797697164252	5.709816852689622	4.218043516017289	1.0427914682251276	0.6977559369657965	8	19	12	8	9
740000	-7142.771475244672	-7003.878558652771	-138.89291659190064	-7003.878558652771	1.7450183650721722	0.7532783012347707	1.0	0.3557087657508581	0.9731656875349607	0.0931189169789469	0.3094331678525206	-126.24718943611005	21.29738630280535	8.784566581400073	1.7845753571138585	1.4844228444197674	1.107709905172412	7	21	12	4	12
750000	-7154.119324311884	-7013.151378064243	-140.96794624764144	-7013.151378064243	1.8702180679808444	0.8850475600783202	1.0	0.18070598733419466	0.9847129411696715	0.03594114670675686	0.192993080653693	-129.8350432160078	18.415997041277866	5.281219792296933	2.3297842887832796	0.8450817980051408	1.119542672993636	12	20	10	11	3
760000	-7170.8258120093615	-7019.787730006105	-151.03808200325633	-7019.787730006105	2.0877974615918817	1.1261132436605015	1.0	0.34161236943666384	0.9889737691118212	0.10867731236429956	0.3395874693055744	-134.81100537926457	51.40505231933609	16.699878500964118	6.293456725493623	2.5082059014755567	0.42099013859548606	1	8	19	20	8
770000	-7140.215106820787	-7008.44829868736	-131.76680813342668	-7008.44829868736	1.8293417580495828	0.8939378908972655	1.0	0.2491342672842249	0.9677928272485836	0.05549546185337218	0.24025795809081332	-121.26829472207778	17.328382855077464	4.088268627485863	1.106951935205302	1.138594597367433	0.8353583243105173	13	21	10	1	11
780000	-7168.437824945212	-7026.922673973391	-141.51515097182047	-7026.922673973391	1.993762792392852	0.9798517305805521	1.0	0.13517434598608316	1.0007152407306816	0.013899468256420008	0.11665664252023586	-126.10578657203352	18.938440996387538	8.28962423895837	13.382468426243966	5.6645283608527395	1.2297232202287818	5	5	1	25	20
790000	-7157.22714738597	-7010.922907167783	-146.3042402181875	-7010.922907167783	2.477380065687592	0.9232738939899677	1.0	0.27365271632843297	0.9704337882932523	0.06924671547898575	0.2640456563019308	-131.81733133849693	29.135826937587584	11.672335076927737	3.930553895827509	2.839408196383262	1.111697486342683	4	13	19	4	16
800000	-7123.338305369014	-6984.909651540064	-138.42865382894965	-6984.909651540064	1.53658784239661	0.884979731740672	1.0	0.28531429894844834	0.9840625320133968	0.10255669408363732	0.3118993529412613	-125.33327029459825	35.47490082347522	7.177244697526772	0.620922967500135	1.4535133981996362	0.6193517669513572	3	26	3	18	6
810000	-7132.845241744155	-6988.401338208278	-144.44390353587755	-6988.401338208278	1.4052944430108278	0.884979731740672	1.0	0.36325779003456055	0.99077533185845	0.17867806218482726	0.4235841033522048	-127.52124225702839	51.13727337233222	20.366359530706447	3.696814164112546	0.8139307425199988	2.270346667054309	3	13	31	8	1
820000	-7137.655878734593	-6994.773680814423	-142.88219792016983	-6994.773680814423	1.8832101664144887	0.882405926941585	1.0	0.3023147692865474	0.9745558705537082	0.08232924664038273	0.29085651416975694	-126.93218347284088	31.21851476584793	18.585381718125078	3.912419486283022	4.516596887194688	0.9543269893006333	10	5	15	7	19
830000	-7141.167305529083	-7017.1031381896	-124.06416733948285	-7017.1031381896	1.3031713019645115	0.9161768130127421	1.0	0.1791096928549147	1.0185763328356536	0.037516049654426606	0.19411792337307057	-111.44120603465525	26.51363523299019	8.562407363564036	5.110269960367308	1.2852606484669786	0.37848116274156124	5	12	13	17	9
840000	-7155.118448188188	-7000.125687364154	-154.99276082403384	-7000.125687364154	1.8389725377610224	0.8475595401202398	1.0	0.3800989615077195	0.9183787587958495	0.15443956545764254	0.40416408459698905	-137.4229064229026	36.97184270329007	29.117599326652243	8.754776759090644	4.740159479676839	1.1683308527023968	6	5	12	11	22
850000	-7134.499278292778	-6999.019608105862	-135.47967018691617	-6999.019608105862	1.8119979727514133	0.8834403043603555	1.0	0.2665827588503273	0.9965289501232756	0.08309299372776285	0.2934591385348044	-124.3968284055108	12.584645851421055	1.7404951501283144	1.5496660454511855	2.748298676528903	0.7169088082991114	23	14	8	2	9
860000	-7133.115369895279	-6993.903711369134	-139.21165852614575	-6993.903711369134	2.4728671292575615	0.9480167387510192	1.0	0.43756111266774494	0.9646192104952384	0.22656622886592967	0.4514526095429805	-125.34073974850946	25.115196548426315	6.3903436403740255	2.727992825579982	2.444115729918989	0.9838495545418273	12	12	2	12	18
870000	-7143.69985341995	-7010.8205019122315	-132.87935150771847	-7010.8205019122315	1.9774417700955522	0.9480167387510192	1.0	0.3618624490965926	0.996854807097148	0.12120074177891316	0.3487021919325237	-120.66077658445336	21.776535288526667	10.152584537348066	1.5968143643591823	0.9981757829400341	0.6168122836878542	12	6	25	11	2
880000	-7124.839419236945	-6994.1336791415615	-130.7057400953836	-6994.1336791415615	1.514854771890272	0.9480167387510192	1.0	0.4126754388207343	0.998141435316348	0.22956582450630442	0.454001289872209	-116.43569613018393	13.912167195848586	19.552827944167394	4.866513951468651	1.2846869586886862	0.8738156855925525	9	2	15	22	8
890000	-7137.389280663905	-6998.60557476841	-138.78370589549502	-6998.60557476841	1.6207738206805582	1.0062289889969804	1.0	0.32919351591238977	1.034124718353737	0.17683939215976155	0.3960176314398142	-127.59822941946081	21.596316115906248	7.351577230456613	1.5409519754826857	0.723393243941958	0.4209387580396507	6	29	8	9	4
900000	-7149.38479834393	-6991.122710302865	-158.26208804106514	-6991.122710302865	2.44645565664718	0.8490628929646068	1.0	0.46887788035577466	0.9560945125247929	0.2425027902539674	0.5052297347664749	-141.1339637648769	65.26994946835657	15.59347135962179	6.645599222864472	2.158276579657542	1.433294988161009	3	6	23	16	8
910000	-7137.080837377199	-7009.760899818769	-127.31993755842983	-7009.760899818769	1.388193320294615	0.8312629515142418	1.0	0.325039257619222	1.023228226189987	0.09249327968936048	0.2945797441381164	-115.66367476272573	19.171685856935355	12.073777101799434	1.6126307116760623	0.7096607346898961	0.5508314739025577	4	15	27	8	2
920000	-7158.014413635328	-7006.852007294598	-151.1624063407306	-7006.852007294598	2.150834786626326	0.9381530162587496	1.0	0.3448445681953322	0.9730286911791883	0.1015165397555918	0.3179699607265134	-134.7279096449392	54.92562949330355	11.212978786841198	4.931047681724132	3.6397859468548694	1.4780800562819947	5	17	1	7	26
930000	-7136.755736898098	-7001.492657045562	-135.26307985253624	-7001.492657045562	1.455175233655485	1.067520326708748	1.0	0.4187668009117058	0.9696557653210925	0.1658309453896983	0.41834992708100766	-120.51574604492512	17.215952448328974	3.8304611946238434	7.512906316457771	2.7745575562250058	1.0548914721773812	12	9	3	6	26
940000	-7126.934793189138	-6991.619227411798	-135.31556577733963	-6991.619227411798	1.6133533839464251	0.8238154560444565	1.0	0.3372038354008546	1.0147242202524012	0.11219654538797683	0.3373578597566533	-121.48908953897637	24.22566931131904	7.77442281497769	5.800695636493064	1.9172529149636572	0.7845132905439935	7	10	8	20	11
950000	-7147.48427383342	-7011.846987779236	-135.63728605418441	-7011.846987779236	1.7449721627300756	0.689143182806345	1.0	0.35577706587241037	1.007264025627075	0.11287764463608618	0.3340167032366845	-122.4847838265427	35.57624158378272	5.293317814586341	2.5869513814051364	1.6616290149837798	0.798853558548055	6	14	21	7	8
960000	-7167.460978813016	-7023.025344726686	-144.43563408632932	-7023.025344726686	2.072404986717542	0.8097294445415985	1.0	0.3207086769902077	1.0098856148190811	0.1331948945314903	0.35324731218131433	-130.6699845432824	29.79342734491496	9.679704168571886	2.360974391924126	2.3037334952670334	0.8386900539694723	5	15	12	16	8
970000	-7154.773618608749	-7004.546124502532	-150.22749410621665	-7004.546124502532	1.8131585457509583	0.8097294445415985	1.0	0.1969816542073968	1.0215982114327191	0.04199649551112065	0.20526993478551533	-134.64941178117977	25.365673739035515	20.993869760603335	13.10750389594368	2.3572197793895797	1.0563193650248968	4	10	6	15	21
980000	-7149.772191578278	-7011.11293229104	-138.65925928723743	-7011.11293229104	2.23818977726173	0.8571286393463166	1.0	0.23224512927561353	0.9936274703370489	0.04415010976790753	0.21414702021394397	-124.74880915359299	31.06361400260205	9.379003061722784	2.370877973186779	2.969947603928821	0.7980675479490338	7	17	11	11	10
990000	-7171.723024313219	-7026.92046250102	-144.8025618121994	-7026.92046250102	1.6508733707349104	0.944498832457647	1.0	0.1769295861789912	1.0118321605493328	0.03127773170776324	0.17844320316148918	-131.56695422118446	18.565636883530036	8.791699225476023	7.9122159422940355	2.0822584426486337	0.3984671310118004	4	5	13	24	10
1000000	-7150.018970001685	-7007.884945792133	-142.13402420955177	-7007.884945792133	1.7404339685339656	0.838064089237625	1.0	0.27374625677326797	0.9699801062257107	0.06187284622428798	0.25713191243644096	-128.82776105983044	18.1497093399284	5.045177994805563	5.877952603058604	1.6051018181216106	1.5934250829091392	15	4	11	3	23
1010000	-7164.448771917255	-7002.973750855578	-161.47502106167676	-7002.973750855578	1.7265516378666328	0.842472690227823	1.0	0.472368738799072	0.8930581379545374	0.16915793810309035	0.44414010579261926	-146.13164942860934	26.559393720313807	6.987186230078039	6.258075028695641	3.2569299366913524	1.412664966488367	5	4	21	5	21
1020000	-7154.392038165898	-6998.339926878022	-156.05211128787573	-6998.339926878022	3.5328788377401388	0.8357525499947873	1.0	0.48028624583411395	0.8062016455238001	0.22096866905027296	0.5033745395861244	-138.9576567208337	62.898156662672264	18.637788673194127	4.712187244171039	2.407311954767235	1.5958617146339211	5	13	10	25	3
1030000	-7141.465580397196	-7003.172619725729	-138.2929606714674	-7003.172619725729	2.037002558981629	0.8895586494472055	1.0	0.3785568531797267	0.9617989301731872	0.0930089894306502	0.3106180762050455	-125.1502147897021	35.02569554915483	8.361731109302177	2.085990549767351	0.7425864903039731	0.9004800699761523	7	16	9	18	6
1040000	-7149.998424725357	-6995.527779367019	-154.47064535833738	-6995.527779367019	2.1739494504537227	0.8411373766550074	1.0	0.27016511163910706	0.9586751555949321	0.08065152245813116	0.28424029345977225	-139.2893621732125	30.484805448254306	13.432113204926504	5.385529337380068	3.0928672450069015	1.842074383635264	4	14	9	10	19
1050000	-7141.810771093225	-6996.828797940011	-144.9819731532141	-6996.828797940011	1.9411702473177805	0.8770532344041577	1.0	0.3520487870142456	0.938247089479619	0.12159310114613249	0.36151544495414706	-132.8831091244755	31.131159342468987	2.837452821333159	1.7310594139583513	1.0625737792132994	1.017868787557261	15	24	5	3	9
1060000	-7138.083344561512	-7005.098901023336	-132.9844435381756	-7005.098901023336	1.6084633518474243	1.0643539904892885	1.0	0.3011450261989556	0.9958603106917403	0.08360808835741351	0.2939631109433114	-121.05290826874395	17.106881565563143	4.9146920835208565	3.0010569564735707	0.43521888376007273	0.9013822527345581	13	1	21	6	15
1070000	-7150.671972732771	-7017.676023097361	-132.99594963540952	-7017.676023097361	1.737780940016658	1.0643539904892885	1.0	0.22059436510469363	0.9938228208270442	0.0457696402091914	0.21766081077874946	-117.98709366139121	24.34111034824534	21.757913116447764	7.504327721774408	2.1263120364610386	0.6964578732520569	1	7	10	18	20
1080000	-7147.383580329769	-7008.68609280214	-138.69748752762922	-7008.68609280214	2.869680543466061	1.008591175690728	1.0	0.3544056400408217	0.9718145989306456	0.09994891326618813	0.31688697610841704	-128.19093190401426	13.235252336590468	2.526337936993006	1.3961012835596764	0.4973923279619345	1.1146677652313972	20	17	4	1	14
1090000	-7144.435568423074	-6994.483323707446	-149.9522447156277	-6994.483323707446	2.061570290621032	0.8218396988581433	1.0	0.4157285794438596	0.9886347721407703	0.1632459548577653	0.40219225077927406	-136.93261288041975	14.596438551146708	6.238843781655433	3.1577717922235102	2.0252944520158795	1.846155842928076	18	9	7	12	10
1100000	-7139.7998940856	-6998.901256715929	-140.89863736967104	-6998.901256715929	1.846718460061105	0.9804924209188036	1.0	0.3565445627539168	0.9667895264207167	0.11075322194696105	0.3434320296602824	-128.1916568428722	23.27052365313911	4.43983250803906	2.0365922667020016	1.6026612012938835	1.4174305597474046	14	15	20	5	2
1110000	-7137.051891302294	-7004.487408826353	-132.56448247594085	-7004.487408826353	3.175983927608741	0.9009702273208893	1.0	0.25067416343082666	0.9744116798439346	0.08526663589013037	0.28814043277593043	-117.66982286609742	34.309312982186135	11.040175628784551	8.43293181579544	1.7475029402077273	0.9434077967003456	4	1	16	19	16
1120000	-7129.649766934765	-6993.054636466754	-136.59513046800993	-6993.054636466754	1.7621342500547055	0.924746188453352	1.0	0.2971734481681806	1.0219987989543942	0.1029765142539644	0.31187087179795236	-125.01253864580231	23.151777846668594	9.061241423976073	1.3198063086630354	0.5586725088072083	0.7350406451770362	10	19	22	4	1
1130000	-7143.635696685553	-7009.996187605058	-133.6395090804941	-7009.996187605058	1.402685630226982	1.0294112023359914	1.0	0.23566921622763362	1.0046036237707427	0.08835806897013589	0.2875133384603518	-121.19641745022724	21.068101141649016	8.049384732259103	4.1541222350319424	0.994816793781827	0.7416087250559212	6	10	22	13	5
1140000	-7168.346401996679	-7029.837855517881	-138.5085464787978	-7029.837855517881	2.0134594597412354	0.9827773129856895	1.0	0.22518326005803138	1.0224136756224056	0.04089661420761676	0.2028462263469473	-125.51365809044749	36.94086146133355	7.25467784223381	1.1027458916607271	1.7100396275155516	0.6776081908685756	6	25	15	5	5
1150000	-7141.067151529638	-6998.217216631559	-142.8499348980796	-6998.217216631559	1.975883371728281	0.8123055243450219	1.0	0.2919692042290584	1.0386837740837904	0.11262941094446188	0.3248895928705449	-130.0041958735676	23.187383612785286	5.172224215408134	4.4545694589001315	1.8758588871371578	0.5587894725122793	13	11	4	20	8
1160000	-7136.7645017943405	-7017.073837130691	-119.69066466364987	-7017.073837130691	1.278490797947941	0.9967659136519617	1.0	0.21090482004637645	1.0071932710954072	0.05234729345923441	0.23085744594791135	-108.5305193477414	15.112076094968398	7.592641069396374	1.324675726868173	1.6499867185938306	0.3072313211385251	12	9	16	15	4
1170000	-7167.141968999124	-7017.474852305795	-149.6671166933291	-7017.474852305795	1.7873702720885867	0.8136142599375771	1.0	0.2340560073150262	0.9984548779545602	0.06236553960198797	0.2513381144703048	-132.11765575293285	92.79993076484766	7.688829962864054	13.016191283197585	2.7618253500487135	0.39221545235311933	4	2	12	31	7
1180000	-7154.938614508771	-7011.894851988685	-143.0437625200855	-7011.894851988685	1.6835309076076872	0.839724042830997	1.0	0.2604206753584558	0.9735821200262833	0.05799690141528986	0.24274512506842383	-129.27359753202725	23.02151743014987	9.24343968888435	6.502354077305277	2.377722950799568	0.43598735959749185	7	15	3	20	11
1190000	-7138.539128121885	-7000.7282954464745	-137.81083267541112	-7000.7282954464745	1.5918661359186657	0.9083701217053539	1.0	0.3415230381369052	1.0019587178888139	0.12175436871698925	0.3424993880289519	-124.62957294873696	18.704568679992445	20.487951954754056	2.8406566101541557	1.0064088352531582	0.3806906766758786	2	17	26	2	9
1200000	-7135.800394813196	-6999.5826961333605	-136.21769867983616	-6999.5826961333605	2.704228011109543	0.8570677889310017	1.0	0.3798022985614219	0.9996014968706812	0.11937028659511457	0.3414078155926351	-123.75778785139724	16.880174063483665	10.406863499336431	2.709124652656824	0.8966885873363881	0.8832440102351319	14	8	5	27	2
1210000	-7132.327517473169	-6989.656777631267	-142.67073984190176	-6989.656777631267	2.110741534165647	0.8902554305460271	1.0	0.35022282539971944	0.9744918053187891	0.12313522639475072	0.3467043479296898	-130.92374127007088	33.806208270467984	7.786511513210808	1.896734424869704	0.1924649066852946	0.343063133158283	10	26	11	1	8
1220000	-7144.983721275896	-7007.534222620501	-137.4494986553949	-7007.534222620501	1.9414268490162006	0.8902554305460271	1.0	0.24068760093846644	0.9963114532358761	0.06219468900950187	0.24667755896739227	-125.13969666277735	29.687302035874865	10.463559647145619	1.7609534478763185	1.3339777090250615	0.2727937293224468	14	9	8	23	2
1230000	-7152.67858082098	-7006.278717875149	-146.39986294583142	-7006.278717875149	1.9984960495982167	0.9910071765867572	1.0	0.3038881149449965	0.9650601641320212	0.08688133380943595	0.29180970473950113	-131.31106712065653	35.00580602504567	10.51183570584288	5.847891285298991	2.1171289303140015	1.425329302979954	6	7	11	11	21
1240000	-7143.156617216324	-7000.095645858376	-143.0609713579483	-7000.095645858376	1.544957594276959	0.8529463984301278	1.0	0.3327376323223023	0.9727029920740778	0.13864360539046597	0.3690798621323506	-127.14277272573801	55.763581928286044	6.27390613059908	8.699591471632452	1.7677723463495083	0.7207764091382067	6	5	19	21	5
1250000	-7145.924554115024	-6997.449499668025	-148.47505444699863	-6997.449499668025	2.538994571895674	0.8529463984301278	1.0	0.3229551851631559	0.9151308123942997	0.10716620335061569	0.33403208061006595	-131.40864534286266	26.802175303570305	9.735340012320224	2.1586733106939113	7.662098626618427	0.8915093395865766	4	18	16	3	15
1260000	-7137.625548199679	-6998.773068124656	-138.85248007502307	-6998.773068124656	1.6265713121395915	1.0030504790311114	1.0	0.3852969418343712	1.0176850509503992	0.17153648592432977	0.4004867227389097	-126.21349595439288	16.648674245435654	5.974877210644491	1.0382626329517934	1.8508139395723708	1.3077603319240332	12	21	2	1	20
1270000	-7158.934954408188	-7011.653013666309	-147.28194074187948	-7011.653013666309	1.6004766814352982	0.9253828833742104	1.0	0.32608390970658824	0.9746702088465913	0.13510794858129027	0.37140640494529387	-135.70771653673782	17.213913154905715	4.383429312672762	0.7128349733271132	1.2784871991988542	1.3357543693966096	15	21	15	3	2
1280000	-7145.712718447459	-6998.325913469788	-147.38680497767126	-6998.325913469788	1.7905323085970788	0.9180931825282685	1.0	0.3495009063588687	0.9522146772117114	0.14047910977594283	0.38676553101518274	-133.32717324010665	33.415070618630395	7.049418598855332	3.8468585367999726	2.314014155043484	0.5000021845171947	6	28	1	15	6
1290000	-7155.864702820149	-7003.779344227733	-152.08535859241582	-7003.779344227733	1.813812027477049	0.8849507581079497	1.0	0.2698029205650809	0.9661184552152852	0.08163493004921926	0.29105508970998595	-135.6278956094784	18.141187927752025	24.91266624828347	11.170671792983583	1.4903151260378962	2.5502202558246343	1	12	6	3	34
1300000	-7147.209633649614	-7011.591597913544	-135.61803573607006	-7011.591597913544	1.769933225828657	0.859950883565564	1.0	0.3429206489133258	0.8717786766450845	0.09930525357240781	0.34491286847713754	-119.4197652838519	39.863563866666546	4.222982777592072	8.57817019694723	3.2202539854715795	1.0029291692795739	5	15	6	11	19
1310000	-7162.716656177073	-7009.462446067689	-153.2542101093838	-7009.462446067689	2.2560932530967697	0.923121843690635	1.0	0.3665299646996768	0.9096922741637892	0.16445157690142728	0.41180492106485783	-134.20635509306854	96.82997222281516	21.961683354207604	11.19892797769449	4.727182588104307	1.3470904828113393	5	2	19	4	26
1320000	-7138.929306253248	-6992.456731755077	-146.47257449817027	-6992.456731755077	2.2414382119245024	0.9110993993842007	1.0	0.35177831808686305	0.920363669234618	0.10177243103745083	0.3269144162897178	-126.30573958700786	47.78812489349796	21.29704349789904	26.674370176274714	12.05794950372683	1.4587273486497303	2	2	2	14	36
1330000	-7163.566182825867	-7011.904830559588	-151.6613522662792	-7011.904830559588	1.487017302111976	0.9110993993842007	1.0	0.35580019231487153	0.9715674805482972	0.1329610076436388	0.3625460798938249	-132.79353230725505	22.004811517675744	16.771679693622147	28.334565195056715	9.264700245833652	1.5827938493402565	8	4	2	13	29
1340000	-7147.261701974989	-7005.962702647421	-141.29899932756825	-7005.962702647421	2.1481083874371327	0.8682907921029537	1.0	0.3016296254943084	1.0307739611794762	0.08201771058585913	0.2786432897351715	-128.88721958682913	11.341746446800297	2.542119263863285	5.172010011037533	2.0270180792352392	1.086890356594711	14	8	5	11	18
1350000	-7151.824160264965	-7007.406596233733	-144.41756403123267	-7007.406596233733	1.8796845125869046	0.8421195708483135	1.0	0.3126046677329423	1.0269108330194432	0.08349364319518889	0.2814945823819122	-129.1105274188994	46.92631784879057	6.129085795939369	1.4114801256022083	3.6004961245856735	0.5586060385670267	11	10	30	1	4
1360000	-7133.689302032991	-6995.385571701558	-138.30373033143348	-6995.385571701558	2.217585402488762	0.8681913883600186	1.0	0.31694990396516537	0.9701757994258865	0.12934353144577512	0.35573545629322784	-125.4954493794055	18.303318862651224	2.0229770324207164	4.06810487902222	2.0382084811655656	0.823004492620904	17	1	12	15	11
1370000	-7120.040432265235	-6992.390974505493	-127.64945775974152	-6992.390974505493	1.904244660438954	0.8853817516488062	1.0	0.29808257919611836	1.024352647468767	0.10303031043317815	0.31532381999965936	-115.27213629572556	15.913111062273243	8.272178728306685	2.342449028708787	2.0610078834804537	0.7941962359948079	8	15	4	9	20
1380000	-7152.615382941602	-7001.374931239556	-151.24045170204548	-7001.374931239556	2.198368040977351	0.7784895519551284	1.0	0.3735877266507078	0.9740614816721708	0.1451785901332577	0.38484577927048724	-135.14877943705628	32.71125643302994	14.504565735709415	12.854582593538657	1.0177152784260755	1.2002648828873255	5	9	9	3	30
1390000	-7139.854208317826	-6999.452410126815	-140.4017981910114	-6999.452410126815	1.6180919802114033	1.002996309396112	1.0	0.33819433401449245	1.012054208126712	0.12433524339377951	0.34424621864971267	-124.46812260709015	16.62192304775083	22.813849468515805	10.082245722443282	2.101425821002539	1.5556350639662544	3	5	11	9	28
1400000	-7150.464782401528	-6992.491766955676	-157.973015445852	-6992.491766955676	3.1589157889109023	0.8522145229918954	1.0	0.43067360239228475	0.842634252989447	0.22077783713413318	0.48355171417920084	-139.04848636901426	51.555731233097376	45.46814348407215	12.36543512869695	3.699879778974383	1.38712687409634	2	5	11	16	22
1410000	-7146.829628719241	-6997.024249275414	-149.8053794438269	-6997.024249275414	2.9100443557458004	0.8360848175574799	1.0	0.40270860963946703	0.9257327967237997	0.14339565294796608	0.37273958065354207	-134.9680845044327	23.777029169273774	15.98773416758495	3.947456734494955	1.7577221617730963	1.714902932667405	7	14	16	5	14
1420000	-7146.043309137817	-6994.822354482922	-151.22095465489588	-6994.822354482922	2.1886572167284037	0.9315007824410434	1.0	0.30560201082694577	0.9669910201051748	0.08103686534912295	0.2911713816479814	-135.5008149889311	53.13795977063747	6.2413045226960655	0.9408531166250023	2.921081659053111	1.1522001336039736	5	30	8	3	10
1430000	-7134.182474675982	-6990.113550208716	-144.06892446726602	-6990.113550208716	2.110952916274412	0.8526161288881825	1.0	0.29168245776104595	0.9948641584375141	0.08020069759986863	0.28412685428687506	-126.37189758549864	108.84653975517394	9.17129963946381	1.6604377428166464	4.209269252580526	1.3820355208672834	4	21	10	3	18
1440000	-7132.578616380205	-6992.180215279472	-140.39840110073322	-6992.180215279472	2.0582222943863004	0.8189568164888394	1.0	0.2508040483087539	0.9961445474667376	0.07132584256871513	0.2652204239666137	-124.4560288318878	25.034641627253414	10.72594598847689	10.915010351678848	5.786122329097031	1.097029807501523	5	3	5	19	24
1450000	-7145.716367522491	-6998.2596049056365	-147.45676261685435	-6998.2596049056365	2.0970610676442183	0.8996908275822986	1.0	0.29810104799292697	0.9469561633095454	0.09506358283725093	0.31162019668526314	-132.3573344994228	18.35330573716069	25.274228343575352	3.2619605189159113	0.8058580690990824	1.7957818560726522	19	1	9	1	26
1460000	-7120.501870569085	-6989.072411355152	-131.42945921393277	-6989.072411355152	1.6911674556872272	0.96101182246465	1.0	0.3233453742322904	0.9965021313877332	0.12443608233785936	0.35456168645300185	-116.32622167482945	20.217543203325615	14.379763789562995	11.11677414119083	2.148198624697735	0.6592312235331425	4	7	7	18	20
1470000	-7138.259392597354	-6993.509745881365	-144.74964671598875	-6993.509745881365	2.4404494329582076	0.7527766296237239	1.0	0.39780090089028153	0.9545011525042736	0.1712846933348567	0.40273788435955243	-131.49111202436455	16.436195406523385	4.631577719839848	3.3031958024305745	3.518420669589129	0.9313702670390626	11	11	5	8	21
1480000	-7140.960059267781	-7008.223944747797	-132.73611451998428	-7008.223944747797	1.7174962037170212	0.9040044036978114	1.0	0.2848640951010335	0.9187924673536912	0.059038500601096416	0.25423620848562456	-121.87110260764231	11.519077235761966	4.721997465819844	3.504119121465817	1.3323194741326116	0.40104431906469423	20	4	6	16	10
1490000	-7148.603609516422	-7005.0499324255725	-143.55367709084928	-7005.0499324255725	1.7037804339666047	0.9195896512397203	1.0	0.26720253319647846	0.9984779513371863	0.056988419591868886	0.24302915787029367	-129.8880435947034	29.85253146233849	12.210265353252252	2.86550667833477	1.792723967141626	0.8505993222994841	6	13	14	18	5
1500000	-7138.629388342025	-6996.3840843255375	-142.24530401648744	-6996.3840843255375	1.9669064795591695	0.8825631444726492	1.0	0.32162152358452484	0.9678282211512075	0.11033299915297917	0.34958979741018315	-129.54385854286394	16.03961706660393	3.0552333021318323	5.702281681615786	0.44225493574464364	0.7932632497585332	24	5	6	3	18
1510000	-7141.327685065726	-7002.118399081864	-139.20928598386175	-7002.118399081864	1.7325977105604582	1.018646710588483	1.0	0.28594213179947636	1.0062682492365598	0.08015284299947116	0.2799866675453241	-125.60633691381511	26.209268127303627	9.19364112559215	3.398639529415661	1.486440475238802	1.3448751060471709	9	5	22	3	17
1520000	-7148.639222752576	-7006.242489699304	-142.396733053271	-7006.242489699304	1.670624767420471	0.8243357515757315	1.0	0.3327785100872153	0.9721852898365374	0.08622830943037112	0.3038194290892544	-128.03229505248285	27.379505214303148	14.978281419566581	4.82204818055373	1.6457567112936897	0.968545930054605	5	14	13	19	5
1530000	-7152.552513839213	-7000.178613804346	-152.3739000348669	-7000.178613804346	3.2525319736919927	0.8243357515757315	1.0	0.37013193901964464	0.8630624328595636	0.12538021354633647	0.3761971089294893	-136.93009915617682	33.02491491234978	20.60552111141992	4.654538143963539	1.1469192963823402	1.5342691415662668	5	15	15	17	4
1540000	-7149.796721063947	-7002.130436535823	-147.66628452812432	-7002.130436535823	1.5523378661582927	0.6888387599669648	1.0	0.4248880550608411	1.0094999527097184	0.18281236338780696	0.4463477166660198	-131.03530690117054	21.60528772762648	26.569614262907987	16.884349473127607	1.6611094015048167	0.8664336432640467	1	4	20	24	7
1550000	-7140.653426973868	-6998.770754515949	-141.88267245791883	-6998.770754515949	1.7577308545617254	0.9423202518348741	1.0	0.3164328859032562	0.9733919672295335	0.08102462104063743	0.284830645926035	-130.28981855512674	14.787624014623207	7.58694026653141	2.9116614099147213	1.352906211523528	0.30622382915122515	13	8	21	10	4
1560000	-7161.639047267625	-6999.909559978819	-161.72948728880564	-6999.909559978819	3.020457548867264	0.6576731067596214	1.0	0.31871894244378607	0.9243899084075292	0.10010383749585369	0.33218728832974215	-145.97363325451954	40.21097566905712	17.05647417357902	3.657367944994329	1.9329277920935328	2.8287843094350644	4	12	34	4	2
1570000	-7163.86638938772	-7006.253657045631	-157.61273234208898	-7006.253657045631	2.991641178612005	0.8262072560291335	1.0	0.21968038353601427	0.9814389394302654	0.05423547737039511	0.23529329758189255	-144.4395621712942	15.87229437864384	9.467380050457034	3.794210289447797	3.1754939449455843	1.2400212023274206	13	10	1	24	8
1580000	-7137.403146401141	-6993.13703827116	-144.26610812998098	-6993.13703827116	1.779683810703523	0.8823522063799498	1.0	0.3640281410343471	0.9625801077730521	0.12751332118174358	0.3598518878355741	-131.55388375233224	26.124017324944717	5.614880343480496	2.954466227223301	1.3524600428385931	0.7137727748015961	12	16	15	3	10
1590000	-7180.016405957663	-7031.068195510935	-148.94821044672796	-7031.068195510935	2.22697597857032	0.7224036853357589	1.0	0.2748384622009534	0.9621317339829926	0.06410167097229733	0.2596666309928346	-137.12313039194362	19.386040277586613	3.1031533825803312	2.171337032043972	1.5372739055126268	1.7895447856007438	19	7	3	14	13
1600000	-7121.261547768577	-6992.049010794241	-129.21253697433545	-6992.049010794241	1.4407744274520373	0.9483695223871925	1.0	0.3200964619888362	1.0397921052213512	0.10642218930751234	0.31475530389740075	-119.69710980555637	15.27519339001798	2.867456571966406	1.410601717389461	0.43370331073133883	0.5520292077266193	14	20	18	1	3
1610000	-7141.786326086924	-6993.7591719622815	-148.0271541246426	-6993.7591719622815	2.0127055702417365	0.8464630837134458	1.0	0.3857181600327575	0.8893021940208923	0.1204613477094326	0.36647502768551793	-132.21150843598437	24.45421706627167	31.649624174209524	4.952402725218688	1.5666780520528245	1.1823121899833806	11	2	13	22	8
1620000	-7137.433395743615	-7005.26206410778	-132.17133163583435	-7005.26206410778	1.4281014811151884	0.8464630837134458	1.0	0.29628258779603	0.9657076115307108	0.09547852455555882	0.3213926997883548	-121.41739951807484	6.613633730395653	11.843772570714702	1.6517225037887984	1.17227807511518	0.1898757870052733	1	21	20	11	3
1630000	-7130.508251131809	-6994.585062704119	-135.9231884276901	-6994.585062704119	1.555783462240247	0.8464630837134458	1.0	0.3848571452797328	0.970363612754656	0.13824231196169204	0.3891148173275362	-124.88462170672791	14.398456754622151	4.8024886054948475	2.2796212679075003	0.7817780114904136	0.7917308643137292	19	9	11	16	1
1640000	-7139.501300314427	-6995.141181018957	-144.36011929547013	-6995.141181018957	2.2095615340303847	0.8816730062309448	1.0	0.3163879658879124	1.013878847401517	0.1085355863181726	0.3174694352182026	-129.5836619469108	16.432464047293895	20.00987655293098	3.127424528783143	3.417507442054982	0.6378217592809711	3	18	11	2	22
1650000	-7135.463368095557	-6995.441494046919	-140.0218740486382	-6995.441494046919	2.0444745989739523	0.8993672867909612	1.0	0.3530318325857193	0.9149380801749877	0.12883476760357454	0.38110887784723224	-127.69772239486399	17.772813510155775	4.6197465057552165	1.6407467315306974	1.1143104463429012	2.0253003173305055	16	14	16	8	2
1660000	-7121.9500534791105	-6982.052813297085	-139.89724018202546	-6982.052813297085	1.3096794845130586	0.8993672867909612	1.0	0.4689936587303651	0.9920131910783819	0.3310797572201346	0.5497165399968639	-126.11910705328314	25.7840604278811	10.692294246563922	2.828640078942124	1.531607651616634	0.7115296518736678	4	23	5	16	8
1670000	-7137.434370252797	-6994.916907822686	-142.51746243011053	-6994.916907822686	1.9168493736167769	0.9228446714182875	1.0	0.3354117897008034	0.9951327459487137	0.13180523015138979	0.3608259081077156	-128.4899993525991	37.06225498251422	7.069607353810046	0.6364951405314602	1.698742625564668	0.9200267917270164	7	28	1	5	15
1680000	-7165.829744955988	-7020.711622793943	-145.11812216204436	-7020.711622793943	2.5677739606354506	0.8225416889326035	1.0	0.2568968785236713	0.9672465623874656	0.0757210200964761	0.2681785303078612	-135.2954245057501	15.168178030094166	3.178069689954312	1.3132636452072477	1.012950964132578	0.70923717603901	18	17	10	8	3
1690000	-7163.359075233729	-7018.74280984093	-144.61626539279862	-7018.74280984093	2.553684502399104	0.8225416889326035	1.0	0.27228541367809866	1.0022094295909871	0.07764085993775664	0.28099305944356917	-130.71288229306865	17.654989164142094	21.27621655467929	2.1781283088386236	2.136629202181074	0.773781899847646	23	1	21	1	10
1700000	-7130.410780718172	-6989.944714616904	-140.46606610126736	-6989.944714616904	1.9417540601058627	0.8225416889326035	1.0	0.28611610280952743	0.9903431004712084	0.06726715837821094	0.2633807139207987	-126.93559231623439	15.324656486327576	15.960476350592222	3.1510547016269146	2.298757800673754	0.8698090106766742	1	11	27	4	13
1710000	-7132.536233541592	-6994.78042494596	-137.75580859563274	-6994.78042494596	1.8995993016414454	0.7888797112031234	1.0	0.26845129645505367	0.9345073977685218	0.07106904168345352	0.27060792891556135	-122.64616975102103	19.97382807249755	8.934451297070948	13.198768754303865	2.811073243224246	0.8836995570190597	6	1	13	9	27
1720000	-7133.2704523772845	-7000.703081261324	-132.56737111596067	-7000.703081261324	1.504766293211548	0.882783939118268	1.0	0.3276213883706786	1.0081096964316785	0.11233149690377887	0.3399003218523538	-117.6566052975138	33.52990781173664	13.907519728222786	2.238541606392781	2.9636694427955574	0.7579458755553629	4	15	20	8	9
1730000	-7120.377787310612	-6992.50647909057	-127.871308220042	-6992.50647909057	1.6557323379749989	0.8896109327268698	1.0	0.37111343580708017	0.9674926503042923	0.17689972134608148	0.4095930677595134	-114.95188249080593	25.083559516510086	10.34922377685267	2.572007445131092	0.9861087923368554	0.7681641699255815	5	16	18	5	12
1740000	-7156.031694118945	-7003.64143844149	-152.39025567745503	-7003.64143844149	2.0376287177582126	0.730174783390468	1.0	0.37465306677314175	0.9120876991278299	0.12708500836274145	0.3726854643148641	-136.05288365883044	32.5240758475136	21.03593125802904	3.343980937719538	0.6355097714767995	2.1222575730812103	6	9	27	13	1
1750000	-7129.4293861784	-7000.218487698087	-129.21089848031232	-7000.218487698087	2.151643178610462	0.9084028242274507	1.0	0.27538208242583395	0.9016862104169939	0.07298425733100697	0.2783938206604699	-115.75226223265298	13.965587661130678	9.273690235834078	8.942035513483852	1.86183723317938	0.5488569912339697	5	6	12	27	6
1760000	-7144.280135346529	-7001.227439107812	-143.05269623871797	-7001.227439107812	1.9948461292375173	0.694745006499478	1.0	0.382282459812693	0.8880575381076055	0.14814246963124672	0.42165424541173246	-127.15504080482464	65.08808246500975	3.4255672436731377	8.113232418084936	0.878785271026943	0.5178848413678832	5	6	21	19	5
1770000	-7138.48366205792	-7001.031536790262	-137.45212526765772	-7001.031536790262	1.5742762850726866	1.0363202533666962	1.0	0.2933777188030316	0.9746539511874811	0.0797673900330637	0.28145541394059453	-125.99729440761294	15.051827635077549	5.2814991797010595	3.2865253461427018	0.8473513283027307	0.7572007344791924	19	15	4	16	2
1780000	-7138.697318053287	-7000.033468357084	-138.66384969620307	-7000.033468357084	1.7977140988952987	0.827487847252843	1.0	0.26511688766052516	0.9715233402515997	0.0772376634330358	0.2801975210084647	-126.63018810600325	15.672768754561725	9.741964283674085	2.2128167502021463	1.5295362249006652	0.9250989606613893	16	9	8	4	19
1790000	-7160.36253723221	-7010.570099249606	-149.7924379826046	-7010.570099249606	1.7277654516410992	0.8282985870888324	1.0	0.3646566629301283	0.9757911739103219	0.17029523437550073	0.41123115159968293	-135.28378473284965	44.96392115848029	9.267516347101093	3.7870052481317615	1.6272499504879212	0.8297693543274982	3	24	12	7	10
1800000	-7128.339717824449	-6991.247414971714	-137.0923028527349	-6991.247414971714	1.5314132544540469	0.9869276762929582	1.0	0.35979163809892356	0.9372570084772992	0.1410902949281722	0.38300259466174524	-122.77725350450618	22.989181565291204	9.107677845521541	3.6324413453915816	3.344676659590772	0.6205204592425725	8	10	6	13	19
1810000	-7146.419053399459	-7006.722355291701	-139.69669810775736	-7006.722355291701	1.7068547460842132	1.0633857748633015	1.0	0.4101591315073943	1.0071007796075329	0.17626411218614482	0.4078967761161813	-128.49963860006287	16.981218150411944	3.634917802686899	1.4469453848632479	0.9084233867542139	0.9292590613895623	13	21	11	3	8
1820000	-7139.925895642201	-7002.148510330472	-137.77738531172855	-7002.148510330472	1.4786664526918931	1.0103717120250382	1.0	0.343409925321806	1.0193343646939557	0.17621764905466392	0.39618776088457835	-124.79955786571283	19.730097945528385	10.338825085932633	3.297637385617263	1.2511829441686961	0.802700868717388	7	5	23	12	9
1830000	-7130.251645098554	-6987.908968862413	-142.342676236141	-6987.908968862413	1.7158886513088594	0.9261930950285192	1.0	0.3315284273879585	0.9797425962251012	0.10256180420821878	0.3233017450132429	-128.584695863333	16.02294579586087	19.222887704546707	2.9390126938523955	1.8275630091169772	0.6094108713064957	13	4	24	3	12
1840000	-7143.522190650103	-7006.324130190124	-137.1980604599781	-7006.324130190124	2.2672123294987276	0.9679212685995935	1.0	0.3917155072363904	1.0067364236668694	0.16257161771877252	0.40652926572310194	-125.53261101569561	11.71193169262872	5.229207624265259	2.8318921613269867	0.6835242802190452	1.1340295931968394	17	15	3	2	19
1850000	-7155.469343903269	-7006.957298631917	-148.51204527135144	-7006.957298631917	1.6093601513523952	0.8750318621590786	1.0	0.2511488451103641	0.9618490630750097	0.055899293034241425	0.24910517133500115	-133.01353237011796	45.34919393018289	7.0858612490942035	6.714460137631839	3.4233236122359	0.984722904261671	9	7	17	3	20
1860000	-7155.622711365213	-7018.900265797169	-136.72244556804404	-7018.900265797169	1.406135769935904	1.1540683670074883	1.0	0.3968539791115016	1.0284650769280521	0.16692175022970324	0.4063937923042466	-121.01590709325367	45.04222026593934	16.561544171979467	3.9611188391407706	2.1065846311962844	0.5842665853898119	3	11	20	15	7
1870000	-7129.547680811754	-7003.330556229754	-126.21712458199963	-7003.330556229754	1.379203741853314	1.0066652223379582	1.0	0.29994421543692434	1.0019059628411893	0.09116749124956176	0.3067899941485673	-113.99451150929993	16.261561368228094	4.3776488532141675	2.9936097986536887	2.2501607207172847	0.7644856260195667	12	8	6	26	4
1880000	-7150.857135014572	-7017.385327533752	-133.47180748081954	-7017.385327533752	1.5580790561956144	1.0659586130090304	1.0	0.1564003777573511	0.9990692347126069	0.02795339278701432	0.16641987442447534	-122.40254325419787	19.26175461586785	7.114128799500257	1.4109959912339511	1.2976488553011858	0.6469448357129804	15	14	7	15	5
1890000	-7139.379563019029	-7013.711549226393	-125.66801379263622	-7013.711549226393	1.4590956676230817	0.9197011176734441	1.0	0.34897000820949103	1.0595713163047056	0.1422364804470119	0.35978705701369534	-113.6307818100451	18.990980972469554	3.635827540498682	1.6499597358050229	2.3436668930279487	0.26396151497951514	18	6	10	12	10
1900000	-7130.615201825235	-7007.105929564018	-123.50927226121726	-7007.105929564018	1.1491343046928095	0.9268927556093907	1.0	0.3383289187755711	0.9961709745999661	0.1348173190561648	0.36948802556430593	-112.12013913999549	25.74635536536485	6.21227230186794	0.5834609735762443	0.9048644554242377	0.47591851783941086	14	12	1	23	6
1910000	-7152.433113561495	-7014.524462517162	-137.90865104433345	-7014.524462517162	2.1945681894273994	0.8808174032254195	1.0	0.28981901582552066	0.9960033863815225	0.08910216558814725	0.3034804611009317	-124.45022049712985	23.478927292243107	14.544041047217348	3.2123807046940924	1.1251560875932938	1.0634206556276253	12	10	1	17	16
1920000	-7144.6398176713565	-7018.319019834185	-126.32079783717107	-7018.319019834185	1.3170440231463183	0.9688332770856222	1.0	0.3427592764389769	1.0211195123212153	0.10993104902425692	0.3335390060953909	-116.89496201723712	21.433710072339363	2.805932661351684	1.104829145019837	0.41287978377973644	0.3296577638889325	19	6	20	2	9
1930000	-7153.423917199614	-7007.670269811604	-145.75364738801008	-7007.670269811604	2.547209554493875	0.7475245441514567	1.0	0.3480745437400283	0.9094701125390583	0.139840505453499	0.3923970699543949	-133.44350594315782	19.26354210916579	3.5439629345455774	0.8909769187759046	2.173173152187322	0.9589633553772795	16	12	4	12	12
1940000	-7143.667455843322	-7002.921838610538	-140.74561723278453	-7002.921838610538	2.606985418703831	0.815790912462902	1.0	0.3855181988113538	0.8787987922143584	0.14608858236547198	0.403741993715635	-129.9819418449923	13.553216200122682	2.9892406521419477	2.289917392277338	1.21143920421224	0.6712803806874874	19	18	6	2	11
1950000	-7147.311004451622	-7002.140461049125	-145.17054340249584	-7002.140461049125	2.6504030595651	0.8436272226346523	1.0	0.32995855767003507	0.9280632487778351	0.13310350319544703	0.3699022026189023	-129.26433875270476	63.381460130068035	8.586791757563352	4.1529423652015645	2.7884091368726716	1.5106680750741324	5	10	18	6	17
1960000	-7151.1929695380895	-7009.737793725322	-141.45517581276715	-7009.737793725322	1.8305384423612585	0.8436272226346523	1.0	0.2696260944037959	1.0056959730821677	0.08952199823118295	0.2977019764843957	-127.88942791454447	17.350609914224975	18.499195966046727	3.653121297753282	1.8978135419719229	0.5621726600330937	4	11	15	19	7
1970000	-7165.234684337663	-7018.314451202963	-146.92023313469963	-7018.314451202963	2.4275942200520655	0.8436272226346523	1.0	0.3684457470797629	1.0163331522040568	0.13260820567162232	0.35334124046153387	-132.51884396969282	19.20933888580745	11.304870714099394	4.2167708885961375	3.450193591041373	0.967910369701582	11	2	5	30	8
1980000	-7144.995611961297	-7008.476391438329	-136.51922052296817	-7008.476391438329	1.6973826196799553	0.8700215291343993	1.0	0.32636442771266666	0.9840253251512436	0.11638217205736202	0.34818966681750907	-126.05226990570114	12.994333840361046	4.007833781010368	2.506211126441399	0.7176656555063303	0.6850612800080411	16	17	8	14	1
1990000	-7162.961437512538	-7020.6069309997665	-142.35450651277185	-7020.6069309997665	2.0619129829946856	0.8700215291343993	1.0	0.2699066759350159	1.006885105266369	0.06663903704589402	0.26397488907268085	-129.96684620956736	15.09244368956218	18.108047748471872	2.0340327330061956	1.0606707054488744	0.5385083850922446	1	19	20	4	12
2000000	-7118.115259893554	-6991.839877234031	-126.27538265952312	-6991.839877234031	1.928842214960131	0.8706998400485233	1.0	0.3612268908097532	0.9630162227087937	0.140763682471887	0.36754406991585237	-115.38722061312973	16.346093956438978	2.6370799248912173	1.9742539738844362	0.9222122159820647	0.9476093631237623	13	2	21	3	17
2010000	-7158.579701239322	-7012.623884406711	-145.95581683261108	-7012.623884406711	2.6499178674013297	0.9630504165311103	1.0	0.2878370890711279	0.9741237072273771	0.0967309881763754	0.3062496634163594	-133.66539294401468	13.6189530523159	11.870593293588643	2.4041356003652763	1.1933655874717184	1.0103671961273286	13	7	15	9	12
2020000	-7158.277563457355	-7009.585960579478	-148.69160287787815	-7009.585960579478	1.4972709700192541	0.9630504165311103	1.0	0.3233365655313532	0.9378965615942497	0.09618914713476454	0.32480207309903464	-132.09880169366588	17.035112251855235	19.81616494480145	19.043394057882626	3.1186637826534134	0.9194486225786207	8	11	5	9	23
2030000	-7150.945280844714	-7003.6422243922625	-147.30305645245173	-7003.6422243922625	1.4896216359101426	0.9494438371875823	1.0	0.5161931519423469	0.9587667895654737	0.23812589084661648	0.49617370409626127	-133.22754138278347	22.228668502852134	7.158593593891028	3.1584759627720675	0.7527594171054536	1.5516122973274413	4	25	2	5	20
2040000	-7142.521848096149	-7009.302234458752	-133.21961363739737	-7009.302234458752	1.9659586474367619	0.9494438371875823	1.0	0.42648401334713115	0.9950091365824411	0.18200541098930242	0.41878176982855086	-122.36997792345979	14.965739672781913	4.583650935431935	0.6951755488957955	1.09418356314634	0.552067524289298	18	19	9	3	7
2050000	-7164.954625322716	-7009.3429647392	-155.6116605835159	-7009.3429647392	2.187584703710847	0.7300118079195904	1.0	0.2825066395795197	0.966706344300445	0.08391310043918204	0.3030993842134091	-138.44477217113516	64.22282589236958	13.62091631920181	1.009441097272936	2.2441923841022478	4.570841063952311	4	15	2	33	2
2060000	-7168.378386927401	-7013.232799035889	-155.14558789151246	-7013.232799035889	2.304087146962182	0.7796431572400877	1.0	0.3628054790285101	1.0012982200655949	0.12001070661259831	0.34172214890769387	-133.05881851324688	149.20600995239664	204.39014474601638	7.014997153208028	4.058290091308834	0.741990887905669	2	3	12	24	15
2070000	-7130.331596833353	-7015.506809580525	-114.82478725282743	-7015.506809580525	1.194986993437116	0.7796431572400877	1.0	0.3375465508827831	1.0268047776446572	0.10768695751933215	0.3263463417363479	-104.04342024053874	18.68597935365875	3.4835286948760906	2.2456504689197145	0.7347177180654598	0.643919850133995	7	17	13	12	7
2080000	-7133.08318645278	-7005.372302027898	-127.71088442488218	-7005.372302027898	1.7800150802559795	0.7878557854743119	1.0	0.3290962671488241	0.9472545401166816	0.09013962227508882	0.31308242797990643	-113.37996864071597	40.56544099291957	9.962646324505583	4.453879494679549	1.6215286327614866	0.7711591584314514	6	3	14	19	14
2090000	-7140.963044552665	-7009.542501675462	-131.4205428772037	-7009.542501675462	1.5603519095104603	0.9037357613374472	1.0	0.3221501151066084	0.920298286240541	0.10601915077816025	0.3507571863151901	-119.59922759697949	20.19542744323117	6.555800209637361	3.116385902464792	0.8194748290012205	0.5940093094953603	12	12	4	2	26
2100000	-7145.1505015275425	-7025.405605454282	-119.7448960732612	-7025.405605454282	2.0729787521116534	0.9963903080301837	1.0	0.23934319703058546	0.976754841928264	0.06417240488870776	0.25284192147973567	-111.40889728608957	10.665345123665952	0.9212245007336757	0.8689974987798158	1.0365060308728022	0.6451926085363003	23	20	1	2	10
2110000	-7149.95649041999	-7007.387650912964	-142.568839507026	-7007.387650912964	1.3525037851689274	0.9963903080301837	1.0	0.2965944806895775	1.018792707101149	0.10552276682589223	0.3235318993672052	-130.5026796119458	10.297799412476149	11.772301479036168	4.00172033076148	0.866430378547472	0.694202022417031	3	23	9	16	5
2120000	-7143.42855524634	-6990.047791952627	-153.3807632937127	-6990.047791952627	1.9967307298926806	0.8457763738419215	1.0	0.3346314203569716	0.959726452626889	0.09224886466127906	0.31772981096243974	-138.88362614138867	20.01863599408118	24.09179801292698	6.399092758002983	1.3255003395500202	0.4120742284216349	17	3	11	22	3
2130000	-7160.823747720741	-6999.82846099467	-160.99528672607101	-6999.82846099467	2.923802373870338	0.7901245215837098	1.0	0.4041877056426453	0.9269589432080159	0.15879455098948536	0.40917728829682487	-142.41328940108664	26.904827090913805	22.377841231329555	38.56894849101437	1.8779225977314784	1.1125198122443543	5	16	2	16	17
2140000	-7169.09871990219	-7016.994489095882	-152.1042308063078	-7016.994489095882	1.8039095938589185	0.8390543870727984	1.0	0.3889936439254876	0.9293319752010152	0.13452526907789403	0.38454280237112876	-139.284165681613	22.936313666894954	4.836738876048344	3.7512991650104253	0.9661925962552419	1.0095048806172298	12	9	23	1	11
2150000	-7141.970796529787	-6993.320195014266	-148.6506015155207	-6993.320195014266	1.9170657466083438	0.8390543870727984	1.0	0.2905519475034414	1.025586814464736	0.0951949738788318	0.30165128097628113	-135.99330255018137	13.498073553115542	9.857319191338235	5.410274842864074	1.5430714084344057	0.7219319728899152	9	9	16	17	5
2160000	-7142.657321968875	-7010.85857964321	-131.79874232566576	-7010.85857964321	1.933957747926199	0.8390543870727984	1.0	0.4057718150648866	0.9097999837917876	0.13786443989594446	0.39161573292355173	-117.08137642985004	7.096450565818153	18.21218807602042	10.09160271393096	1.509986267971298	0.6598115219602714	1	5	20	18	12
2170000	-7119.46341138845	-6989.9860514327565	-129.47735995569377	-6989.9860514327565	1.5497937870026537	1.0352780383191367	1.0	0.35287844534517765	1.0410890549670586	0.13042787289052019	0.3337742108598668	-117.28230357924733	23.401860864792138	5.45079738412453	1.2597648630209346	1.5235716357763642	0.6240831553793557	5	26	4	19	2
2180000	-7148.037650912587	-7000.5680810469075	-147.46956986567997	-7000.5680810469075	2.00472389994651	0.8278578251692544	1.0	0.2261575904271683	1.024097340346184	0.05287693883774735	0.22594970294238528	-134.41242352205253	17.71909573164675	22.068638646506187	2.5364620929296615	0.8218198929538688	0.8877352852646612	19	2	15	5	15
2190000	-7127.773874272345	-6992.628750804436	-135.14512346790858	-6992.628750804436	1.6091417443309963	0.8990124625112814	1.0	0.30303446739164114	1.0041161823417675	0.10293631322468788	0.31448253326344094	-122.2449655472942	18.532414023578323	7.106192404662739	6.207263268322549	1.4360152430742528	0.43445062947934204	4	12	13	15	12
2200000	-7150.062209048905	-6991.932253901276	-158.1299551476287	-6991.932253901276	2.2147726945545942	0.8990124625112814	1.0	0.4008999040132569	0.9093977877684306	0.1642975928896835	0.4227575032254257	-140.49440002544193	29.89422808739091	35.4271312244732	7.559127311653954	4.578337133649887	0.9966841094383753	5	1	12	26	12
2210000	-7123.6050016135805	-6985.9983443628635	-137.6066572507171	-6985.9983443628635	1.577099879409941	0.8990124625112814	1.0	0.4478791694271562	0.9817294574056629	0.19742843256454204	0.43309476116568174	-123.97823853442628	24.096875280048025	4.281974554057877	4.933049422454882	1.4689755443067232	0.7652174265334741	17	1	12	19	7
2220000	-7156.3214418345215	-7009.327707799438	-146.99373403508326	-7009.327707799438	2.7411832560472096	0.8990124625112814	1.0	0.3646551634232732	0.9810619288729062	0.12427542162060566	0.3555198511698226	-134.47438492516807	15.522217519893983	5.179858944228239	2.6155324189914593	0.7258482448424973	1.6436893064176645	21	6	19	9	1
2230000	-7155.868689556479	-7021.15994621268	-134.70874334379906	-7021.15994621268	1.4492376763506212	0.831197583153465	1.0	0.2621558745829414	0.9946419877202092	0.057077804460872274	0.24641741568261358	-123.97472422148947	24.48306011056656	6.153958308889523	2.468980795472601	0.44685935131506677	0.31680707575578115	5	13	21	10	7
2240000	-7136.484075868718	-7006.016698060317	-130.46737780840053	-7006.016698060317	2.077534376381999	0.8927417137950184	1.0	0.3555662219767468	1.0398050173745919	0.1260075710130629	0.34245221133940373	-118.89708304856299	20.39780073413388	3.4694892234330825	2.327918242921146	0.900069412009925	0.9013567234246777	20	1	23	8	4
2250000	-7144.292463557414	-7003.803214187041	-140.4892493703732	-7003.803214187041	2.114943264760573	0.9353292079435908	1.0	0.297092217291406	0.9379991423394485	0.09508138838153045	0.3138214838227574	-126.31964203898362	16.03541699350042	10.67507499470351	9.607153071498342	1.6770056319417368	1.0044849354331054	8	11	9	11	17
2260000	-7146.33235054293	-6999.214959361844	-147.11739118108605	-6999.214959361844	2.548376618243671	0.8610405027109428	1.0	0.3548712256095946	0.9492654392947624	0.12320429186902149	0.35589977637233333	-130.51785529213464	85.29696390365598	10.430616966054703	5.247246352378782	2.380012604367092	1.1104976584406612	5	12	4	20	15
2270000	-7141.308111817136	-6998.794291393101	-142.51382042403478	-6998.794291393101	1.643680059745598	0.8610405027109428	1.0	0.33749347493119897	0.9771249335083909	0.12161539919634787	0.33671835082335133	-126.74584994620326	36.20031259349121	12.269776679901122	8.957690218612944	2.206483926116539	1.2353849312287872	1	6	16	10	23
2280000	-7132.557754399872	-6992.831825951834	-139.7259284480377	-6992.831825951834	1.7041019571155067	0.9680376478340665	1.0	0.37619871186301607	0.9793370177511035	0.11872048347953514	0.35144679887145513	-128.76791242467982	11.285350664879987	6.979637056948247	2.542035544645195	0.7959053888154993	0.5457063552400119	3	22	17	10	4
2290000	-7129.404727879835	-6985.637259541873	-143.7674683379619	-6985.637259541873	1.6467282937254315	0.9364048589115623	1.0	0.49857861085578675	0.9692484922507056	0.26254352583619456	0.5008356100100513	-130.93299893743853	17.965776925638764	5.582206813500116	2.069830328743436	2.153418252210618	0.47622590229094275	11	19	2	14	10
2300000	-7120.462477891287	-6980.855888011545	-139.60658987974116	-6980.855888011545	2.028857203841277	0.8960579538124124	1.0	0.3158784899833516	0.9571928702865282	0.09465055968257192	0.3159062762084324	-130.04659979026212	13.252093417547762	2.5115205782763677	1.2516176359467568	0.5526249604208856	0.8502226759936526	19	19	4	10	4
2310000	-7144.9569190592865	-6997.721399242705	-147.23551981658113	-6997.721399242705	2.3048313682726866	0.7990782133628112	1.0	0.2882649184212542	0.9415313934227825	0.06989107367817818	0.27506754738481165	-134.54206846298004	17.23787258117502	2.8970412102144256	2.7713468961589562	0.3208337913969481	1.2360075373377817	18	9	14	4	11
2320000	-7142.430133622698	-6997.142144924457	-145.2879886982411	-6997.142144924457	1.724757276017145	0.7674044811182553	1.0	0.39133554156085093	0.965359031745968	0.1399306646954094	0.3790334207218205	-132.87097993152898	19.201863550234805	11.18331527295663	1.3698875619562219	1.0924211077691004	0.9264006130191131	24	4	18	8	2
2330000	-7141.352204269207	-7009.778257807959	-131.5739464612482	-7009.778257807959	2.28297082954919	0.7328412259929742	1.0	0.4026306784669045	0.9651113446913395	0.17178225946093534	0.40759834694531444	-122.62803605008223	13.39100455895682	1.9201973468867866	0.6027300869820624	0.7076154367616366	0.6920306969008808	20	16	15	1	4
2340000	-7144.212251880236	-7010.31138012643	-133.9008717538063	-7010.31138012643	1.887165614994291	0.9224960919973566	1.0	0.26832074435510916	1.0071352736021892	0.08416421445103095	0.2896142239739023	-122.0156533116295	17.83628729648224	2.0128847114561323	0.499950878032141	0.2688412595066674	1.4874440888500804	19	30	3	2	2
2350000	-7142.861398411682	-7011.169996735536	-131.69140167614572	-7011.169996735536	1.440971194151048	0.9484769299345517	1.0	0.2860670122714074	1.0166130638859454	0.10513221618350692	0.3212953336141384	-121.33100231596714	16.522392155521405	6.7502520812887505	1.944371641169365	0.6184313050535397	0.3352673586798444	9	10	28	3	6
