#
#model:
#
#<?xml version="1.0" encoding="UTF-8" standalone="no"?><input id="posterior" spec="beast.core.util.CompoundDistribution">
#    <distribution id="prior" spec="beast.core.util.CompoundDistribution">
#        <distribution id="BayesianSkyline.t:Trp" spec="beast.evolution.tree.coalescent.BayesianSkyline">
#            <parameter dimension="5" id="bPopSizes.t:Trp" lower="0.0" name="popSizes" upper="380000.0">380.0</parameter>
#            <groupSizes dimension="5" id="bGroupSizes.t:Trp" spec="beast.core.parameter.IntegerParameter">1</groupSizes>
#            <treeIntervals id="BSPTreeIntervals.t:Trp" spec="beast.evolution.tree.coalescent.TreeIntervals">
#                <tree id="Tree.t:Trp">
#                    <taxonset id="TaxonSet.Trp" spec="beast.evolution.alignment.TaxonSet">
#                    </taxonset>
#                </tree>
#            </treeIntervals>
#        </distribution>
#        <distribution id="MarkovChainedPopSizes.t:Trp" jeffreys="true" parameter="@bPopSizes.t:Trp" spec="beast.math.distributions.MarkovChainDistribution"/>
#        <prior id="GammaShapePrior.s:Trp" name="distribution">
#            <parameter id="gammaShape.s:Trp" name="x">1.0</parameter>
#            <Exponential id="Exponential.0" name="distr">
#                <parameter id="RealParameter.0" lower="0.0" name="mean" upper="0.0">1.0</parameter>
#            </Exponential>
#        </prior>
#        <prior id="ucldStdevPrior.c:Trp" name="distribution">
#            <parameter id="ucldStdev.c:Trp" lower="0.0" name="x">0.1</parameter>
#            <Gamma id="Gamma.0" name="distr">
#                <parameter estimate="false" id="RealParameter.2" name="alpha">0.5396</parameter>
#                <parameter estimate="false" id="RealParameter.3" name="beta">0.3819</parameter>
#            </Gamma>
#        </prior>
#    </distribution>
#    <distribution id="likelihood" spec="beast.core.util.CompoundDistribution" useThreads="true">
#        <distribution data="@Trp" id="treeLikelihood.Trp" spec="beast.evolution.likelihood.ThreadedTreeLikelihood" tree="@Tree.t:Trp">
#            <siteModel gammaCategoryCount="4" id="SiteModel.s:Trp" shape="@gammaShape.s:Trp" spec="beast.evolution.sitemodel.SiteModel">
#                <parameter id="mutationRate.s:Trp" name="mutationRate">1.0</parameter>
#                <parameter estimate="false" id="proportionInvariant.s:Trp" lower="0.0" name="proportionInvariant" upper="1.0">0.0</parameter>
#                <substModel id="WAG.s:Trp" spec="beast.evolution.substitutionmodel.WAG"/>
#            </siteModel>
#            <branchRateModel id="RelaxedClock.c:Trp" spec="beast.evolution.branchratemodel.UCRelaxedClockModel" tree="@Tree.t:Trp">
#                <LogNormal S="@ucldStdev.c:Trp" id="LogNormalDistributionModel.c:Trp" meanInRealSpace="true" name="distr">
#                    <parameter estimate="false" id="RealParameter.1" lower="0.0" name="M" upper="1.0">1.0</parameter>
#                </LogNormal>
#                <rateCategories dimension="110" id="rateCategories.c:Trp" spec="beast.core.parameter.IntegerParameter">1</rateCategories>
#                <parameter estimate="false" id="ucldMean.c:Trp" name="clock.rate">1.0</parameter>
#            </branchRateModel>
#        </distribution>
#    </distribution>
#</input>
#
Sample	posterior	likelihood	prior	treeLikelihood	TreeHeight	gammaShape	mutationRate	ucldStdev	rate.mean	rate.variance	rate.coefficientOfVariation	BayesianSkyline	bPopSizes.1	bPopSizes.2	bPopSizes.3	bPopSizes.4	bPopSizes.5	bGroupSizes.1	bGroupSizes.2	bGroupSizes.3	bGroupSizes.4	bGroupSizes.5
0	-16764.963379109948	-16404.229471832165	-360.73390727778417	-16404.229471832165	1.5690907880004688	1.0	1.0	0.1	0.9895438424662351	0.009540859522744072	0.09691623904575244	-326.85241515930284	380.0	380.0	380.0	380.0	380.0	11	11	11	11	11
10000	-7157.036587746777	-6986.716890454686	-170.3196972920909	-6986.716890454686	2.4628191822051866	1.0940611199948627	1.0	1.0669597605862593	0.7503477950245825	1.4517679034726965	1.2034975297130017	-150.4857803774048	21.864719318288746	14.440348144468604	7.156082817311433	10.48461632091811	1.6619815399819824	13	7	19	1	15
20000	-7061.510543733484	-6890.464269220124	-171.0462745133602	-6890.464269220124	2.2293626151217683	1.0017570004760736	1.0	1.0293654857350227	0.6754653176180049	0.6543656095407182	0.9987578236940748	-153.89719628034499	22.940717689435296	4.147770061538795	5.0360493460319224	5.06329313748058	0.6699269141823007	16	5	18	10	6
30000	-7008.233332949308	-6854.594171697196	-153.63916125211222	-6854.594171697196	2.200376650867693	1.0017570004760736	1.0	0.8933482657673996	0.7330250682200078	0.6079581262799504	0.8762021886141202	-139.31766221866073	18.98006614249967	4.206561145946202	3.6387403303677894	1.9188018498340573	0.3315944654180814	14	3	34	1	3
40000	-6986.741318360347	-6843.3905641253095	-143.35075423503685	-6843.3905641253095	1.5893508087090251	0.9205370442937608	1.0	0.803864722439334	0.8690262367623718	0.47100724867826554	0.7331592400070287	-127.27476865246335	15.768237703868072	19.84901088581498	6.674716445385542	1.5286421413907514	0.7967456253612621	5	10	13	13	14
50000	-6964.733172947048	-6829.8278046823525	-134.90536826469545	-6829.8278046823525	1.526059800450101	1.1023526983617904	1.0	0.6176476365485222	0.935745564769968	0.43131802263927294	0.6543515526486586	-120.93143780466228	18.29159619093537	4.309403594675471	2.19505983322641	2.9319757106431616	0.8238029603228463	14	4	29	1	7
60000	-6942.718863853261	-6812.467242625073	-130.2516212281878	-6812.467242625073	1.496205795498661	0.9160644794492216	1.0	0.6793208509692458	0.9375229801040272	0.7615150781753475	0.834847027419073	-118.25416665221891	14.595376508172873	3.813616423986768	3.080515184226214	0.7594697729655244	0.4831541735008795	14	3	11	24	3
70000	-6896.385131935681	-6767.06927531857	-129.3158566171101	-6767.06927531857	1.2378285531119322	1.0772704038526764	1.0	0.654314397266909	0.8777447941640347	0.48007340147003374	0.6777786878039478	-118.48682212273009	18.63648440136703	2.8437119798264376	1.5534066022351274	0.5585287986797848	0.24747658939655448	19	11	16	7	2
80000	-6892.793162457581	-6758.871274038156	-133.9218884194248	-6758.871274038156	1.5504727482452436	0.9125699619010064	1.0	0.7258163369989648	0.8507007468583603	0.5801245829603712	0.7361997250417441	-121.104874471753	23.23026399882137	2.727425633960473	1.9351517834540155	0.9531165500991251	0.9022729331567699	21	1	19	12	2
90000	-6922.047759168036	-6786.188395340278	-135.8593638277584	-6786.188395340278	1.5701681577045357	1.0285635635265307	1.0	0.6422095178361804	0.7831655035659955	0.2605662761571379	0.5807074312127385	-123.00242781399501	13.704672718361492	4.1165353755368495	4.40459429676171	0.6984113809247362	0.7463505225147445	17	13	3	9	13
100000	-6928.6844692777495	-6770.505064201363	-158.17940507638627	-6770.505064201363	2.6355424440478092	1.0285635635265307	1.0	0.7179154184909695	0.7175189429848031	0.439115405695705	0.7434791216853861	-141.63735858258505	41.835657514502365	9.64238859326554	5.145021015604153	1.3641681727460258	1.4949388531701207	5	18	6	5	21
110000	-6913.977229713857	-6769.966037941102	-144.01119177275496	-6769.966037941102	1.9142839792260076	0.8833648012492936	1.0	0.5603586354499044	0.8560217152004038	0.2615397621815257	0.5470005710422517	-127.76509404151338	34.5535234267874	2.9969645693205056	6.671929129417373	2.9789095714942553	0.7496886175387831	8	4	16	13	14
120000	-6902.513981010305	-6758.692948746745	-143.82103226355915	-6758.692948746745	1.6821509151027685	1.1191921208793185	1.0	0.5759837533356262	0.8721340591753359	0.27982583805448863	0.5512286376932738	-127.75696080923989	26.55566472334168	9.983766567031882	8.333663242503073	2.1277915789474293	1.0871547327340714	11	7	12	9	16
130000	-6910.683793520976	-6762.533810358856	-148.14998316212032	-6762.533810358856	1.4954369031047368	1.1191921208793185	1.0	0.6741219441207178	0.8621582421053614	0.39783404200599715	0.634167887961001	-130.6059328352777	29.347519461408552	6.385476530427604	9.431178246886978	4.928934057715743	0.9541220927927383	1	4	10	26	14
140000	-6918.843051683215	-6770.897411802072	-147.94563988114228	-6770.897411802072	1.9211499683471587	1.1296052579384823	1.0	0.5806406973460522	0.8433678646297326	0.32863868466204815	0.6140277223745569	-129.9697142367776	28.826429978074092	4.68584233629774	10.906395540713254	5.350480937617207	1.5141002329832245	9	2	5	14	25
150000	-6924.696132033041	-6773.302528911545	-151.39360312149645	-6773.302528911545	1.5633593009928624	1.151420814544876	1.0	0.5160558033115238	0.8879304642507917	0.2970109514613205	0.5437310026128215	-135.71040173426988	11.61311793844932	12.076315015488369	10.082647042167514	3.396382656313536	1.241299317025131	14	3	13	6	19
160000	-6906.800573109148	-6765.242403313264	-141.55816979588394	-6765.242403313264	1.19607367194598	1.151420814544876	1.0	0.5152491395189385	0.868848135801926	0.36036244608235213	0.621857461834344	-127.20991909324293	13.326892493400706	11.229211618139106	4.388820068916685	2.5087555794662184	0.9334015682140439	9	16	4	7	19
170000	-6898.921287709499	-6755.703353788324	-143.21793392117397	-6755.703353788324	1.255155626751074	1.1152988780452744	1.0	0.6032335566927364	0.847439578311339	0.5926298563917907	0.772692030577889	-128.90256207699443	18.842166007269295	1.1972410028021117	3.641663852883416	0.59920703833762	1.0618089705887628	24	3	11	2	15
180000	-6908.263475413443	-6759.095924284369	-149.1675511290737	-6759.095924284369	2.126416844012444	1.0687386677508965	1.0	0.667916813797362	0.76073600123575	0.5293168227285442	0.7381455287842338	-135.00514766163244	21.952085504181163	5.89606866555792	2.289157758466114	1.5777752546928636	1.5294354507741363	13	21	4	11	6
190000	-6918.608422427226	-6776.113697737964	-142.49472468926237	-6776.113697737964	1.9346743192047542	0.9685447799658343	1.0	0.533065856486518	0.8866282970622955	0.280806910510878	0.5541255020479158	-125.45118150948306	51.92682112313037	19.179335641282993	7.074596371730833	0.58136351840796	1.1056877466087573	5	15	13	8	14
200000	-6911.114357257953	-6767.161958102154	-143.95239915579864	-6767.161958102154	1.7846261955241087	0.9685447799658343	1.0	0.5894668468336978	0.9382516982856962	0.4377328436527205	0.6483110095834881	-128.4768903464362	34.156005604746674	7.48330306060752	4.373084881606893	2.6119602271369056	0.8280473651618651	1	12	22	6	14
210000	-6891.000729620809	-6757.935169207997	-133.06556041281152	-6757.935169207997	1.3725961871764742	1.0225118710336498	1.0	0.6509351303502497	0.9306037485356079	0.5369928648215515	0.6829120836695521	-120.83720577996824	16.465025011513585	4.748938779430123	1.858862367354546	0.5222253559802165	0.8505241784560511	17	5	27	5	1
220000	-6910.681671112961	-6758.371762741123	-152.30990837183757	-6758.371762741123	1.6688239489004266	1.0148968330160628	1.0	0.6251724682767175	0.87416098635467	0.7112394841115461	0.8452739493730443	-134.12459209645104	49.42764837759792	15.13700854698073	5.203187326275224	4.920216286028854	2.0388959559485684	4	14	5	10	22
230000	-6911.624644993528	-6768.4171865616945	-143.20745843183337	-6768.4171865616945	1.7577655628632773	1.0627246858528143	1.0	0.620695484222454	0.7564365490499106	0.3595394162868924	0.6607661401879011	-125.79291476438482	31.230123682913828	14.735103155775512	11.705699634418288	3.045374485937334	0.8956981816140349	4	7	4	30	10
240000	-6908.204219432535	-6763.146560897478	-145.05765853505707	-6763.146560897478	1.370666362485792	0.9174786259751183	1.0	0.5727268972766506	0.8424363189060172	0.3808655721290956	0.6354351266139873	-124.17364184466356	107.20535361001043	11.743444425070365	26.367627584919727	2.2859376529966373	0.8945373382720693	1	3	11	31	9
250000	-6931.117773979989	-6791.194271016968	-139.9235029630204	-6791.194271016968	1.382162049471853	0.8870941849512105	1.0	0.601229236687778	0.9125231143225797	0.39280543802587276	0.6407677498487068	-124.73416409248361	15.164340607860412	7.551465458674352	8.082432763068471	1.9668236859927797	1.860412394830444	14	3	3	11	24
260000	-6882.074980668387	-6758.316560604444	-123.75842006394286	-6758.316560604444	1.494436925696428	0.8870941849512105	1.0	0.5720400040330499	0.9511102857205954	0.5379467189527343	0.7015784326490134	-110.2699653218221	19.068237578750313	13.82697479143602	2.7415129718701152	0.822328618800611	0.6766254744586866	11	2	25	4	13
270000	-6914.254109831097	-6778.175244243579	-136.07886558751784	-6778.175244243579	1.7968623671853023	0.8971251659007294	1.0	0.4496946931683301	0.9753716309972442	0.3356178610920594	0.5399612133696688	-120.22961775806365	19.804960154645556	10.61713874272026	7.461983082272742	5.162313328284194	1.2770864807323739	8	3	3	21	20
280000	-6922.552922827962	-6775.776495796422	-146.77642703154044	-6775.776495796422	1.5137914277116087	0.9519757880141283	1.0	0.5073861850189236	0.849305158637218	0.294736092350365	0.5820838335412306	-132.08453704314613	30.49258680644182	7.45972932249066	1.259170050834107	2.169262369663087	1.6470604314014972	11	15	9	19	1
290000	-6905.664926016776	-6764.83931266756	-140.82561334921613	-6764.83931266756	2.32801087970489	0.955085956874231	1.0	0.7371740059542685	0.7851675555663747	0.4988440844376321	0.7153999341036084	-122.71041771513794	51.50059919053217	22.15488664296891	5.619363827342065	3.2515848547762447	0.7876974366283814	1	9	13	9	23
300000	-6905.22797665629	-6760.445977818726	-144.78199883756386	-6760.445977818726	1.5866307529524386	0.955085956874231	1.0	0.6178062530276066	0.8360300071220527	0.3380878551861333	0.5954411935786206	-129.08025128462128	16.636967681278815	14.371682910078862	3.064366577481663	4.030300339531225	0.7145435445248195	15	10	1	7	22
310000	-6890.403870843194	-6754.734733746443	-135.66913709675117	-6754.734733746443	1.4801278386440917	0.9661468536395207	1.0	0.6693206593424739	0.8634642447786747	0.5255182209355833	0.7093341981768557	-121.07302397625985	14.98925362835413	5.114595111571701	2.4197114526248553	4.07188455655845	1.024790875650555	10	14	13	1	17
320000	-6913.5767018633915	-6771.849660148837	-141.72704171455456	-6771.849660148837	1.5455344962727757	0.9661468536395207	1.0	0.5606269993888954	0.9186673483378497	0.3996248173710739	0.6084370308664796	-125.25685103201614	30.415565822611132	19.198104370262815	4.424592648121922	2.932141014950727	1.3241500747174613	9	4	21	3	18
330000	-6913.297218357936	-6778.682462700177	-134.6147556577585	-6778.682462700177	1.4650294933329744	0.8593616395169013	1.0	0.4696564077949255	0.9329528132636983	0.22485826399014727	0.47009848311323504	-120.98626399276928	15.291581867855285	7.2147502831919015	8.080256985651642	1.3150902779264164	0.4731725463159029	11	11	8	24	1
340000	-6907.857828706835	-6761.105419983577	-146.75240872325767	-6761.105419983577	1.8455011609296157	1.0227826028363631	1.0	0.6672447434392546	0.8179642350196431	0.2914460837838777	0.5827149003874339	-129.51394159013788	28.311109125830473	10.770634748403529	9.122928494387452	4.218584418521482	1.14913272389359	5	5	16	2	27
350000	-6906.6949862355505	-6771.590507497921	-135.10447873762905	-6771.590507497921	1.828616082609729	1.0227826028363631	1.0	0.6554230187401504	0.8727716672952847	0.35157174168461774	0.6145007220815167	-118.17327965969173	23.07578390795479	22.925748364303626	3.1637120928964673	3.523187141067528	1.2040455239046897	2	10	6	12	25
360000	-6899.371106353702	-6763.700568224646	-135.67053812905547	-6763.700568224646	1.8972168028398317	1.1732868134388372	1.0	0.705893362768609	0.9165964725374649	0.7041605806864143	0.7445860374262802	-122.15569066366989	20.821606179575248	3.7643273349781863	2.9737946949480962	1.2378019274210013	0.7264622698940336	7	9	21	14	4
370000	-6896.551640028611	-6764.587814345765	-131.96382568284545	-6764.587814345765	1.6967132830012361	0.9919930656977114	1.0	0.5342446485000127	0.9093162411470582	0.3018314528577831	0.5455193162939183	-117.11756535302835	22.314149634282483	6.995828569636359	7.490750402804992	1.2970652895334835	1.009295017907964	7	10	5	27	6
380000	-6914.379477285987	-6772.001478928567	-142.37799835742064	-6772.001478928567	1.6359226063648602	0.9919930656977114	1.0	0.6337302968103831	0.8444957582957618	0.39370937551722496	0.6552350362028999	-129.02626918186562	23.280140401240434	4.694230704908801	2.6829726017880406	0.7148211893205595	1.000086957160479	12	22	6	9	6
390000	-6911.5979483282135	-6773.517949188017	-138.07999914019635	-6773.517949188017	1.2717934008312333	1.1202384788388893	1.0	0.5583767360049345	0.9270566716730371	0.3588229151802035	0.5888032453350012	-123.13536135510186	30.27637342363283	8.405921941897457	4.722251290142329	1.441914697839733	0.9213755096424083	8	12	16	3	16
400000	-6910.141560040403	-6770.449433497657	-139.692126542746	-6770.449433497657	1.311665324442833	1.1202384788388893	1.0	0.5100012426643844	0.8452138204146282	0.31100356812010904	0.5504522392118393	-126.34865010109725	19.66112563699492	12.099128299609992	1.795537282285258	1.3057451689944857	0.5554837420182291	4	21	12	10	8
410000	-6905.272185891068	-6765.168062135115	-140.10412375595263	-6765.168062135115	1.763264644754074	1.4993955782836779	1.0	0.5679237774248738	0.8314311671046719	0.4369995457895595	0.6345293241424498	-124.20824708625878	21.456611826019373	8.378242007801049	7.470819402147244	2.4066315614388505	1.0582484267699368	10	12	8	5	20
420000	-6908.942629951445	-6770.486654718712	-138.45597523273358	-6770.486654718712	1.182322468575476	0.9554614984532643	1.0	0.571497767761638	0.9073190017433057	0.36091234880838574	0.5979089759285805	-126.80635860150188	19.67467581079781	5.477507512137781	1.8563247014094284	0.337369209242987	0.5013340307594882	9	17	18	1	10
430000	-6911.756801412978	-6768.368530975994	-143.3882704369847	-6768.368530975994	1.5759027685699436	0.9150479060852839	1.0	0.568158373537314	0.8383336040470107	0.2816254476294915	0.5900883296455693	-129.2253880495877	25.032028586128593	7.001219812266928	2.6938487630955734	2.149246308956907	0.9386466129382263	7	22	12	2	12
440000	-6902.367870453203	-6773.249285262772	-129.11858519043147	-6773.249285262772	1.2867430359094814	1.0992895339883053	1.0	0.43165219585125597	0.9598692447982116	0.27253471388343414	0.5058572475733396	-114.5024281061095	36.402427000807045	7.191165377090751	2.6460769829409405	2.247102332288796	0.9773103453946899	5	17	6	13	14
450000	-6910.557447181795	-6774.664776093316	-135.89267108848006	-6774.664776093316	1.3120546160461042	1.0992895339883053	1.0	0.44020057391824974	0.8560229101965044	0.21980839054227874	0.4803775727759832	-122.7187700818513	17.596348030952896	5.390378503215616	6.286447767172615	1.0116159716737045	0.4222391431169824	7	8	14	14	12
460000	-6907.423285185823	-6767.039490431065	-140.38379475475807	-6767.039490431065	1.253230065189168	1.029250220423689	1.0	0.516443755811611	0.9077073304306883	0.23222763016252937	0.5011964936808718	-125.03054101006107	34.9550329566718	15.456972513531467	2.2810149914144993	2.047954959048321	0.8638089597664979	8	14	4	15	14
470000	-6914.309008433157	-6773.083562010741	-141.22544642241633	-6773.083562010741	1.6743601919757654	1.0050910259687638	1.0	0.49216276666263375	0.9183417930238525	0.2708290407955315	0.5192303610014825	-129.60178896986397	13.981123562655862	3.7288610826559143	1.9230168290954581	1.3219038241441599	0.9028986330906699	20	8	17	5	5
480000	-6916.162530814203	-6780.026106949122	-136.13642386508164	-6780.026106949122	1.4682083836750066	1.0776910220564964	1.0	0.6929479250988617	0.8369412652629967	0.5509728747836934	0.7427854873062525	-122.81869588883703	8.148847472856268	9.117607440497137	6.135171828913295	0.6932425385557941	0.5942100167290225	15	1	18	5	16
490000	-6916.288474893365	-6768.21040155253	-148.07807334083435	-6768.21040155253	1.742726877696272	1.0776910220564964	1.0	0.674311621077829	0.7589811464297314	0.3255839559021415	0.6464855390703175	-133.9015909586137	16.069553313539007	4.233848318700982	4.474707873412091	1.474323555987041	1.477569555202527	16	14	13	2	10
500000	-6920.96744026198	-6764.994749759295	-155.97269050268562	-6764.994749759295	1.9908413401221225	0.8944426926267764	1.0	0.640112257416987	0.7736090590602345	0.6951947024168862	0.8646079914830451	-140.18016343031462	16.087622942030567	11.867769370394763	5.522731666797254	4.586180209839025	0.7023037771610703	4	18	9	11	13
510000	-6901.641991563077	-6751.794741576526	-149.8472499865514	-6751.794741576526	1.50870523810717	0.9070549966879919	1.0	0.7943762371256786	0.7553992573770151	0.6932681832206734	0.9148995332723752	-138.0289628831846	9.948022879015761	2.675017720191016	3.0390538493118964	0.7817197296038532	0.6660659084091074	25	3	14	9	4
520000	-6915.526136534063	-6770.597746848026	-144.92838968603726	-6770.597746848026	1.7174689725339305	0.9070549966879919	1.0	0.5285465721349916	0.9126437870950644	0.4168279845678798	0.607475227023015	-131.34682441282956	8.985680563707694	1.562697344486002	5.049935254790318	0.8955257394090006	1.500614387508809	25	11	1	8	10
530000	-6902.730643896062	-6765.048338861548	-137.6823050345146	-6765.048338861548	1.3996960200389432	1.1612323614308697	1.0	0.5080205731690641	0.9192815984468082	0.31052833288348547	0.5399534371086762	-126.32002222186816	11.320132295413767	5.223994119532178	1.8560578845304343	0.943676134530188	0.7658805764402472	20	10	13	1	11
540000	-6920.51778921137	-6785.849620918497	-134.66816829287268	-6785.849620918497	1.4055844122651695	0.961717412683942	1.0	0.4468446477449772	0.9709908609370735	0.2419486404161594	0.4816131364364127	-120.50459032125747	24.795408259972792	8.622602122053605	1.3665817276282866	2.551245560890892	0.5767387280343005	5	22	15	4	9
550000	-6916.161630616735	-6779.537264832485	-136.62436578425053	-6779.537264832485	1.5529377220236023	0.96961502189975	1.0	0.653859269145771	0.9082970303979713	0.48791119521125553	0.6674689485429666	-122.82684444897652	22.191607966992116	7.997461872973108	2.1147048385351845	1.3319232991656806	1.0172687550917956	7	24	4	5	15
560000	-6896.604217630178	-6757.786400181561	-138.8178174486172	-6757.786400181561	1.8287134336896018	1.2470064041463622	1.0	0.49739571066831717	0.8446488735073593	0.3518093420351807	0.6080249853352577	-124.9693447039544	15.464835090323495	4.39890874726104	3.5348651519787846	3.073190124347487	1.0460262246115566	13	6	8	8	20
570000	-6916.006128969669	-6770.457036914091	-145.54909205557797	-6770.457036914091	1.592656350164603	1.0237787302582917	1.0	0.5020286567857395	0.8981043770280814	0.3304672086585093	0.5715100128841085	-130.25079494163077	14.847489990390969	11.712179304448517	6.645210159711117	3.535290310033428	1.4039687820705224	5	12	7	8	23
580000	-6905.400457433221	-6757.433115950999	-147.96734148222214	-6757.433115950999	1.447239713557912	1.0271120443919914	1.0	0.7368069083687193	0.8109321899399519	0.5611441728946012	0.7916448593237566	-132.5366819147291	11.379471463167604	8.48244931213751	8.340741595793483	2.856220654560369	1.1211391000940063	10	1	18	11	15
590000	-6915.6686731630425	-6773.883690867086	-141.78498229595647	-6773.883690867086	1.813743499598959	1.0361395328604943	1.0	0.5875836070083849	0.8574845575631196	0.5271579932074519	0.7205792136890657	-127.42711859197952	20.873743439991397	7.100323379774941	3.862345413008251	2.144149048558637	0.983417817660091	7	19	10	5	14
600000	-6886.7529461064705	-6753.164320098526	-133.588626007944	-6753.164320098526	1.273346520667073	1.142856226189642	1.0	0.49073036985386254	0.8662416320408634	0.2289327084402562	0.5279602029548887	-122.35083252085897	12.228831118402198	2.5370042946295763	2.299214277199424	1.305024661160611	0.5743613357595302	16	1	26	8	4
610000	-6893.9622906263685	-6753.181951465865	-140.78033916050373	-6753.181951465865	1.3453946343732015	1.201171452714312	1.0	0.6199256225508352	0.890275234276874	0.35847187590396934	0.6168917590337523	-124.5993118124103	17.072316482359014	5.131587142748033	10.97015897380373	2.214623121936112	1.0121148053629705	16	8	2	4	25
620000	-6903.917194171069	-6764.930217057832	-138.9869771132371	-6764.930217057832	1.3282030977835442	1.0294384382863087	1.0	0.4982995748679415	0.9685634522338723	0.314026881910169	0.5527495163967515	-126.65742981730261	9.958570233554072	2.106847719048845	2.425349298098733	3.1430073051904857	0.9594472025850788	19	4	6	13	13
630000	-6900.8521947817	-6750.227355345717	-150.62483943598235	-6750.227355345717	1.8663221293179528	1.1362050508911268	1.0	0.5155954826990335	0.860093585023051	0.3097060495371728	0.5731944090824036	-132.6301699580584	24.94240335326033	22.381103088074344	18.630321616345224	3.354958666875884	0.8323008294369243	6	7	1	26	15
640000	-6898.495413999388	-6768.889158327392	-129.60625567199634	-6768.889158327392	1.2278005205020166	1.1362050508911268	1.0	0.6641646850139982	0.9073910674905425	0.5688822340411529	0.7127661895968319	-118.08092724450525	15.505161828917364	4.303209941782778	1.2228442271341788	1.0412782541376004	0.2738201279789721	10	18	1	25	1
650000	-6917.980014372869	-6773.4035869449635	-144.57642742790554	-6773.4035869449635	1.4375781347122243	1.0683770045238816	1.0	0.7010137890601912	0.8193878649266912	0.6053387697354785	0.7864961821334838	-127.4793810061357	36.876275923929384	13.594899189570906	8.917318574020968	1.407444606179664	1.1832313923447337	6	8	18	6	17
660000	-6907.690353033544	-6763.308681351797	-144.38167168174724	-6763.308681351797	1.4214619557284998	0.9482374251516914	1.0	0.5368471915154049	0.8791712739221702	0.3166582852148849	0.5713767597333139	-129.3765925205145	26.404939934725643	7.893633482686981	5.624721497524479	2.0460586006697485	1.0784536457784786	15	6	5	2	27
670000	-6919.132300633347	-6780.255289315898	-138.87701131744856	-6780.255289315898	1.839184283540295	1.08663505893433	1.0	0.44929118660866096	0.8659737009716365	0.21434873393882703	0.4771789726464212	-124.9247170103131	12.551323794774682	12.097851329517127	7.856160799147203	0.8979693560067803	0.7585525844896008	7	8	17	21	2
680000	-6921.275995375624	-6779.9645320153695	-141.31146336025486	-6779.9645320153695	1.5997896712504909	1.08663505893433	1.0	0.4991854056020065	0.9191421576825255	0.24463383532416627	0.5038363221438754	-125.29105498302532	17.639311236323863	10.875515168989482	7.178719955892133	5.019498961272411	1.4083015806991717	7	13	5	1	29
690000	-6910.776654037308	-6768.225461212252	-142.55119282505518	-6768.225461212252	1.7904665605320191	1.1490871390942858	1.0	0.46421665448022653	0.9450311180203815	0.2341636226481056	0.4703973815116223	-129.63009343152245	22.118463758691995	10.302888129553818	2.777279859885061	0.6479069747555722	0.5504051485475933	4	18	24	5	4
700000	-6910.516838800844	-6770.1729274314675	-140.3439113693768	-6770.1729274314675	1.9411844725349165	1.1309914201729865	1.0	0.5658957537848267	0.8951720171365188	0.39859537733978434	0.5964155587326051	-124.74140618508184	30.73414080946761	8.037690426544168	4.359544576746656	2.690761266978506	1.2236193496870142	9	2	17	11	16
710000	-6892.5439850354815	-6756.441241464296	-136.10274357118598	-6756.441241464296	1.5270949108385945	1.0748644236052416	1.0	0.6045188479429047	0.9264501176178266	0.41109884538591096	0.5813012299848787	-121.11260382169041	24.381293028645423	9.621948526142157	3.3875350695112334	1.9028253768029102	1.4492675096118364	5	11	16	3	20
720000	-6911.072532016798	-6765.323817194181	-145.74871482261625	-6765.323817194181	1.5069304011238542	1.0748644236052416	1.0	0.6005294766002309	0.90330278781273	0.30971049847322313	0.5473201421602752	-131.78664226857782	14.094776653389848	5.207367196456713	4.678237682829964	2.2184359807816936	1.2138355390690927	12	12	12	2	17
730000	-6901.737542855454	-6755.271696284779	-146.4658465706756	-6755.271696284779	1.358279103967951	1.2094239192759373	1.0	0.643752797144513	0.7694760993424399	0.4492771248904275	0.7310411071829094	-130.5914312748136	23.506733458188023	10.872268333388044	5.653379643589478	2.813931964854266	0.7185295230889761	6	12	13	8	16
740000	-6889.6986476141765	-6758.204798691764	-131.49384892241227	-6758.204798691764	1.5383597538118818	0.9423704283887308	1.0	0.580035070281953	0.8724984337067161	0.21283857502796627	0.4984270762931358	-118.1221444532682	20.925608554693643	8.43647198111817	1.6567691587273439	1.161418126289804	1.1762887442772267	7	19	5	10	14
750000	-6910.222430740626	-6771.111355638635	-139.11107510199065	-6771.111355638635	1.4361821936635029	1.3085232978786572	1.0	0.5452830457404966	0.926622114291448	0.24257349349580337	0.5068553171775896	-126.31243127798768	14.39195522689225	6.574530286690155	1.3773411987507804	1.7433956373619846	0.5892672410301992	7	18	16	12	2
760000	-6911.17269893225	-6764.76370862649	-146.40899030575923	-6764.76370862649	1.6263674571263842	0.9480720726970898	1.0	0.5839406358558216	0.8500359386231665	0.3710289508487234	0.6169129411987249	-131.2104599999001	13.659832544120864	7.89235153800596	8.841489069812239	2.7758533515213477	1.3406596989680528	6	1	18	16	14
770000	-6897.892458105366	-6757.176551490096	-140.71590661527028	-6757.176551490096	1.6012053906198962	1.0880647398906744	1.0	0.573523105846927	0.907097640068128	0.4422754364298776	0.6476261790448574	-127.78194884326099	14.648466458440984	10.502629900597015	1.9533152661555109	1.2941330552216619	0.5280535766779223	19	6	13	15	2
780000	-6906.956261138323	-6774.861837031781	-132.0944241065418	-6774.861837031781	1.2652825117141033	0.991027790857696	1.0	0.6053839927462197	0.9302979340805376	0.31174527115993	0.541439355928137	-116.59267293902047	43.8381903447477	7.095725026201885	1.47751814195547	2.455516035034739	0.8262710040299033	3	24	7	7	14
790000	-6905.619820483515	-6767.323639895459	-138.29618058805596	-6767.323639895459	1.244850557958491	0.9552709217438098	1.0	0.522490300677342	0.9363162549318187	0.37479374718829206	0.5865302607654651	-122.74230913996728	14.643079437880434	9.297980250266669	11.892222657278104	2.6220098896646045	0.9921999984068566	10	5	7	12	21
800000	-6894.049424195044	-6759.673635953779	-134.37578824126473	-6759.673635953779	1.2476461864191397	1.2383331963485058	1.0	0.48384913869398716	0.9377666676352815	0.2956640700788409	0.5487975502531574	-123.75755905263136	15.951168972024469	4.754380181452931	1.266216359879092	0.6540202117792868	0.31251800999094015	11	18	16	9	1
810000	-6892.992252643488	-6758.469294420546	-134.5229582229424	-6758.469294420546	1.2275461383005526	0.9800863954712393	1.0	0.5829163530461832	0.8415489831115122	0.32552247546133944	0.5895231094199342	-122.9756753782364	9.297140747844253	2.3576723646282987	3.82912655848555	0.7891834212755426	0.6342276256451058	22	10	9	1	13
820000	-6889.488126180833	-6754.021033733175	-135.46709244765879	-6754.021033733175	1.4168832352694831	0.9387652687072042	1.0	0.6662811551569946	0.8783362200119363	0.39868763202649854	0.6386162259050625	-124.54338581041512	14.461917325230331	1.956084802736457	0.9454121438324852	0.8496938243430511	0.965284510061119	14	29	4	4	4
830000	-6914.5993183486	-6768.784548556074	-145.81476979252562	-6768.784548556074	1.7973242849382438	1.1321498877049483	1.0	0.5446809573437895	0.8770927679567205	0.2971287699266688	0.563996273612982	-132.8113388559597	9.896913307951758	5.21568378993971	1.7794694528656563	2.82545776503077	1.239736837487904	22	3	13	15	2
840000	-6928.5656957093715	-6777.434052629889	-151.13164307948227	-6777.434052629889	1.6824986463882938	1.1321498877049483	1.0	0.4772229894546531	0.7939476239283069	0.20642253704317112	0.5041217539018044	-135.86675896295688	24.07861160294667	6.773542303423029	7.718862466502609	1.9064247041057922	1.1675023940358533	7	17	8	9	14
850000	-6917.3149441187115	-6761.550083107093	-155.76486101161828	-6761.550083107093	1.7388139849027668	0.9210099419136567	1.0	0.451263288978888	0.839915228554504	0.15891470152308146	0.435998915028936	-136.8991620982647	110.21333979385983	9.396265613157407	10.18210904433927	2.4802844689154715	2.1426486445862394	2	19	4	15	15
860000	-6910.419049120926	-6764.811520991619	-145.60752812930698	-6764.811520991619	1.6132129622958746	1.017909780054214	1.0	0.5299686335144133	0.8770363540996631	0.24534974489082007	0.5107079561181993	-130.1838842537164	21.731692334026853	34.8752605246622	2.857440202811229	0.40666412431835813	0.6681104314943221	13	2	28	4	8
870000	-6920.531471501613	-6767.660696290305	-152.87077521130755	-6767.660696290305	1.7266148307109705	1.0316520835187253	1.0	0.6372909771786351	0.7655940314871267	0.2846236152104945	0.6259983321110641	-140.055076815377	13.58348819743518	5.604144901996104	0.8273742531783735	1.524696734186043	1.169900551548897	25	11	9	6	4
880000	-6920.468203982645	-6774.971600202172	-145.4966037804725	-6774.971600202172	1.8635978174307186	1.0650528131627568	1.0	0.5700550260423877	0.8111784911060811	0.23745072997647546	0.5352357141243426	-130.26540839230717	14.933428729013983	8.833996193998871	2.384367250629678	4.573790942717838	0.9080037077211717	21	3	7	10	14
890000	-6912.905090117481	-6768.459984732015	-144.44510538546606	-6768.459984732015	2.060575338138977	1.3079238745495698	1.0	0.6212711140409097	0.8421137136697061	0.397694134592746	0.6131762262334526	-130.34201866795246	17.884614908361222	8.423656815662417	1.6083626423201012	2.073905258689696	0.7334550267381494	7	15	2	21	10
900000	-6924.189717791244	-6773.136254317338	-151.05346347390636	-6773.136254317338	1.7522171794080799	1.0384477056394212	1.0	0.5323191807878419	0.8211877800789267	0.2334419862392252	0.5175138506483465	-133.0515088514095	14.415561133330847	32.270581579523096	9.06760299343882	4.841982684749763	1.1361937935550306	6	4	14	8	23
910000	-6940.586663007273	-6788.0116239147	-152.5750390925733	-6788.0116239147	2.3748512168948785	1.0384477056394212	1.0	0.7008041087263376	0.7246886782347675	0.2748951567042645	0.5920085497993307	-136.50598393396388	14.314834675318203	8.493376532722408	11.289146357983826	2.9018224990981762	0.7247172126889159	9	6	12	13	15
920000	-6919.489920947283	-6761.0567737338915	-158.4331472133916	-6761.0567737338915	2.0975818844958036	1.0384477056394212	1.0	0.7040831640597942	0.6853539770476689	0.2621846990481895	0.6324994789375536	-142.98690868687882	12.286181708942788	9.418468618171898	6.470348633013368	3.275934225877907	1.5510418824360426	5	15	1	19	15
930000	-6929.434225761027	-6781.633982746778	-147.80024301424888	-6781.633982746778	2.168113466625525	0.9896777965053077	1.0	0.7112551963494506	0.776632472756954	0.5512512513627779	0.772592488887718	-133.16130602970543	19.657229400050937	11.765198958555684	2.8601512152047857	0.6131308581421125	1.180334958427287	11	14	15	7	8
940000	-6921.178164595472	-6762.279103176568	-158.89906141890353	-6762.279103176568	2.1811678390998224	1.2381830480489493	1.0	0.8788846891745188	0.7629846217880673	1.0659960380066358	0.9874388483506386	-138.19192130416175	69.03672112151496	38.09612262245631	10.678011586267496	3.303616765828252	1.433954290324912	8	3	12	13	19
950000	-6905.51856861019	-6776.755765545295	-128.762803064896	-6776.755765545295	1.5875527775648945	0.9668792413119038	1.0	0.5792294536959157	0.9400626516325417	0.49060875169560714	0.6380403042779514	-113.86159672262787	11.528263748958532	12.448430320376659	9.390985339696124	1.069296001736475	1.0950739574633652	6	3	16	7	23
960000	-6913.24775529904	-6763.291565477603	-149.9561898214368	-6763.291565477603	1.9451047783546584	0.9804373743036543	1.0	0.6808712712139011	0.7630350169086878	0.331796172663968	0.6418711935851201	-128.17960352538813	90.99823345155777	7.818649475214437	10.543158766242517	15.455499789961102	2.15486728749797	3	9	6	5	32
970000	-6923.487763752604	-6771.6714607326585	-151.81630301994582	-6771.6714607326585	2.0472987247031087	0.9252984549727925	1.0	0.6691582859646076	0.6940893198587706	0.3248076297388024	0.6800657263487779	-133.56897792388978	37.459188782512214	22.96229717868168	4.689060205924195	5.070352645760193	1.6650449668994702	1	6	1	31	16
980000	-6912.760003495776	-6760.819322411804	-151.940681083972	-6760.819322411804	1.920744432325601	1.1373529616288265	1.0	0.5973899085603962	0.8224575095754576	0.28869258152418686	0.5914938458344676	-136.76081341954676	19.110427159916007	9.434928876711062	5.936911838240049	2.8800372117781614	0.4164852763074802	13	15	7	14	6
990000	-6913.980377065639	-6776.393514449692	-137.58686261594758	-6776.393514449692	1.4388936126092187	0.9541986273001912	1.0	0.6245013299083838	0.8592561830777867	0.4371715407905034	0.6535596065750681	-123.09595756682633	32.58459407428895	9.443106600141641	5.298645246690663	0.4940660664549139	0.5038630857978672	3	6	29	15	2
1000000	-6902.525009037028	-6758.80748066266	-143.7175283743684	-6758.80748066266	2.082206810655693	0.9541986273001912	1.0	0.6960918879089372	0.7497268653436753	0.2670739288785142	0.6131587029423489	-126.10963745900281	27.06394373745057	8.622707602810117	1.43908249983166	5.127099932336224	1.134489214967052	9	16	7	8	15
1010000	-6896.9796589685275	-6754.972757797642	-142.00690117088533	-6754.972757797642	1.8071086489201236	1.0541689566248482	1.0	0.5947988466277021	0.816556598723554	0.43450835341258687	0.6799370202597987	-128.81189148455636	16.38372415932808	6.433723531323118	2.4970053489978064	0.7976258620656401	1.2764577397228138	14	16	8	15	2
1020000	-6909.237590099943	-6764.55559666153	-144.681993438413	-6764.55559666153	1.3793276063793751	1.082991346195592	1.0	0.5701558152676647	0.7888536206849445	0.3294788327699478	0.611237668861666	-127.90066721850754	14.42020903941752	22.976312297505867	4.251198628357846	4.471222366390356	1.066189494076245	9	3	17	5	21
1030000	-6901.666755319867	-6764.968492334185	-136.69826298568216	-6764.968492334185	1.119722394678619	1.082991346195592	1.0	0.6048017878117218	0.8667401343217499	0.36331510516612275	0.6498059064086683	-121.38991059886997	17.604100142212637	10.275830840790617	2.960597301976114	3.9379919480422063	0.6703536132120809	12	4	8	18	13
1040000	-6906.49799659735	-6770.128891169106	-136.36910542824322	-6770.128891169106	1.1583799428650006	1.082991346195592	1.0	0.4974577359736213	1.0133612921659643	0.32024712836977154	0.5261614546094486	-121.85468502844924	26.363983871258384	5.591438777474282	2.1492951908719866	3.120352103712721	0.7951216214508583	9	14	1	17	14
1050000	-6913.146893498853	-6775.063816258178	-138.08307724067544	-6775.063816258178	1.218631875961405	1.15943080012666	1.0	0.46105260934917736	0.9699953613062415	0.25235876719035394	0.48851317168961417	-125.2618822581957	11.783558807835345	5.200893933711474	0.9059742084853238	2.259337645836919	0.9582174860560931	20	13	3	5	14
1060000	-6906.176647903735	-6762.440964899796	-143.73568300393904	-6762.440964899796	1.6797165441592556	0.9696195565002249	1.0	0.6074599833371972	0.863940461705282	0.34054671572792367	0.6199955532702528	-129.02704344400723	15.519963110854892	9.575201235697872	10.804397151856179	1.4497579233439697	0.03580318294710522	2	23	5	24	1
1070000	-6907.691162079796	-6770.547634238251	-137.14352784154528	-6770.547634238251	1.8539399359518047	0.9527672039729402	1.0	0.6108310819136217	0.841053554651503	0.2702969645961946	0.5752417255052696	-121.93575344790378	35.58705634061692	10.780857380005768	2.2086558541298094	1.808441558391191	1.2123964801517253	5	18	18	1	13
1080000	-6915.23005737172	-6771.2846821835	-143.94537518822008	-6771.2846821835	1.6401045054295034	1.112049716125644	1.0	0.5109730662948806	0.8188363617645701	0.23775452796141547	0.5326907608408891	-131.18996631373784	16.109650721463527	9.19476414237442	3.2437166662755295	0.5095476297588494	0.6496881860062533	5	19	17	2	12
1090000	-6912.328754789376	-6769.696059576384	-142.63269521299202	-6769.696059576384	1.523763287046789	0.9764976700200327	1.0	0.49191183310058434	0.8755337155856676	0.22034394304454613	0.4673592065988516	-127.44267277320618	21.688249803827986	9.21928672968558	5.92636725495199	3.128290566254602	1.1971802019589481	2	11	13	13	16
1100000	-6922.545568934687	-6767.943243783537	-154.6023251511504	-6767.943243783537	1.4852717968442959	1.0041017976686646	1.0	0.621530437344277	0.7655812158871174	0.239029906077125	0.5619653081403538	-138.55666530407922	22.183693787703543	25.29698829544802	3.711906757285576	1.5873573480506804	1.1689513911667904	15	5	20	4	11
1110000	-6919.500787482308	-6764.843530849442	-154.65725663286608	-6764.843530849442	1.7455812902848649	1.1607172591708226	1.0	0.7865283896775548	0.7087574202169302	0.33360749539567053	0.6861262462806893	-137.5736079612592	13.297053575033868	7.06030245321916	8.657563984794757	7.262727014152332	0.9312693715916203	11	4	19	7	14
1120000	-6910.56967149631	-6768.678720767198	-141.89095072911175	-6768.678720767198	1.5725027801354599	1.0989646385479448	1.0	0.5064880823007047	0.8655109228523974	0.2136397490749599	0.4808499285072481	-126.6966321841229	14.820689458618034	5.573045500834867	10.468948940075201	1.0594987832592433	1.3047532627835885	18	2	9	19	7
1130000	-6928.994977079681	-6781.2522162715	-147.74276080818058	-6781.2522162715	1.5658309469862992	0.9981479989124591	1.0	0.47616716383778723	0.847257128051141	0.2280967345607644	0.5408130138483368	-132.81042426627172	10.463370344883248	13.54056999232023	9.071104534861671	2.5069386216295997	0.9628601050993437	3	20	2	17	13
1140000	-6901.764512916799	-6765.930496007897	-135.83401690890116	-6765.930496007897	2.3935967609451776	0.9981479989124591	1.0	0.567308189858937	0.7737945113100775	0.3518561796942676	0.6273383682061572	-123.79327214615431	11.197840596692222	2.220753063248533	2.036124685298772	1.973725568495784	1.449492108527205	22	1	4	5	23
1150000	-6904.258286844721	-6757.523012243177	-146.73527460154426	-6757.523012243177	1.7242745228778342	0.9981479989124591	1.0	0.5978703513472714	0.8227246466413562	0.3778085700011207	0.6188547441755955	-133.55707325155248	20.12776979674675	8.825316979887647	1.1942135327223236	1.3152747758106667	0.7417467699354845	21	9	15	5	5
1160000	-6902.991323795178	-6763.531151941573	-139.46017185360526	-6763.531151941573	1.972161532995738	1.1882045797507002	1.0	0.8055377601606768	0.8141493606549816	0.6550858414514278	0.7922257009356815	-129.73892945320367	8.477821814010179	1.3609206150338409	1.3165065713538626	0.8529050208793494	0.059464757544025505	26	13	9	6	1
1170000	-6905.549894934717	-6758.724673210761	-146.8252217239562	-6758.724673210761	2.2993266131120516	1.0832480181984203	1.0	0.6886477489359323	0.7160547011511547	0.4100871445090572	0.683954352339717	-133.17775572031564	16.802866100285595	12.135012642914988	1.1643303755746506	1.117252032547474	0.8646652632426003	8	17	16	13	1
1180000	-6926.696147468764	-6775.540005444452	-151.15614202431277	-6775.540005444452	1.839915210574528	1.2049833453686014	1.0	0.5912195869093345	0.7788466263522691	0.22033822158981736	0.5404880087528783	-135.716178163047	16.16040016598414	13.807799552860676	6.920651148272256	1.8953628388587789	1.054138195736633	7	8	16	3	21
1190000	-6917.057986869641	-6764.674461200258	-152.38352566938354	-6764.674461200258	1.8049312355373786	1.2049833453686014	1.0	0.6108248131116972	0.7955088143882797	0.37028145931411577	0.6634418258514472	-138.0645799340213	14.722535803071656	3.7075800406825747	3.677016101365168	3.4352186762940615	1.2347296530420808	14	8	7	12	14
1200000	-6909.25680581901	-6768.857827287736	-140.39897853127448	-6768.857827287736	1.2722819105236254	1.3851783434651563	1.0	0.5972453972351768	0.8708104598543073	0.48316029642091424	0.6599715554592689	-128.9165524267894	15.941067450510374	2.6732214795181783	1.1887914159726705	1.0589577840728095	0.5689644962770908	19	8	10	14	4
1210000	-6894.012757437516	-6766.32460045711	-127.68815698040541	-6766.32460045711	1.012432836756047	0.8767747136006792	1.0	0.6198079973220776	0.9470542267248	0.5890459051620771	0.7215514034255623	-112.55313041681796	7.042543903070968	19.6777425491161	6.333650316599722	1.5976182818602767	0.49617587131380786	1	8	7	30	9
1220000	-6891.619247581036	-6758.346819137804	-133.27242844323118	-6758.346819137804	1.3430235630349616	1.0141391291957367	1.0	0.6956343483791881	0.9440443816001777	0.5380106058890951	0.685413353852042	-118.10036074442988	14.366013957922554	14.851462269064545	5.305545424007908	2.2022025183329457	0.5119424711128008	12	1	12	19	11
1230000	-6900.791248838944	-6763.2831059737055	-137.5081428652386	-6763.2831059737055	1.4283675904154298	1.0020408041632212	1.0	0.5422295088453915	0.9036842168834592	0.3081191552692941	0.565012991111521	-123.38628310386672	14.563784453273012	4.188249848647326	1.268741630143723	3.676983134005385	0.6794203223814803	19	8	7	4	17
1240000	-6916.084972446733	-6765.404958835568	-150.68001361116484	-6765.404958835568	1.841855886957433	1.0976429619894918	1.0	0.5504546933346294	0.7766386727501674	0.27760863826010473	0.5712187122571494	-137.33173274066485	12.159238819558036	2.9840994751204617	4.580976726997117	1.144108748391352	1.5204429095043408	27	7	5	11	5
1250000	-6910.917281574832	-6760.606299523602	-150.3109820512297	-6760.606299523602	2.9741986179713873	1.0099897419097204	1.0	0.5870145196830668	0.7147663446855425	0.3598800256267335	0.6595194801379016	-133.8040489101881	25.28352369107643	11.399617486738416	2.9443663847567736	3.6483299887488014	3.6845182844661126	3	18	25	2	7
1260000	-6914.950878539036	-6766.685054403418	-148.26582413561877	-6766.685054403418	3.2056768714191026	1.0099897419097204	1.0	0.6910824463756096	0.697967646542969	0.5652483184605371	0.7598122925873837	-133.858403857585	16.280467003418174	9.895874824984812	2.40489846012526	1.2028679149512949	1.7967972308513847	19	2	15	4	15
1270000	-6898.747167219444	-6753.712755259477	-145.03441195996768	-6753.712755259477	2.214106996807313	1.2101933512712675	1.0	0.6594609589572388	0.7951632704021955	0.5343322843402873	0.7112799121884631	-129.94568919693253	20.383149744304262	12.50739134053189	4.326862339458414	1.5087042942571918	0.9421092290886032	2	11	23	14	5
1280000	-6922.674561026105	-6775.889831231372	-146.784729794733	-6775.889831231372	2.6745552259553724	0.8675192573014238	1.0	0.5959166907716102	0.694486228365952	0.2984069895347681	0.6060624768971341	-130.72667183488426	17.071599246842947	21.61113169330097	4.468199436326089	2.3841152192209853	1.83451722449588	7	6	12	14	16
1290000	-6913.699928495525	-6771.5244964451085	-142.1754320504159	-6771.5244964451085	2.3994439979831186	1.1223970581846863	1.0	0.5482646126333998	0.7900392871607802	0.3893150277911572	0.6296367574241255	-128.86449769570532	20.535484584766863	5.705406619695061	3.0075996602269583	0.8096475763596311	1.0532100390342016	18	8	17	5	7
1300000	-6923.206760983815	-6778.428086322762	-144.77867466105252	-6778.428086322762	1.7378474897876381	1.0680202075375347	1.0	0.5348984168581006	0.9047443686102158	0.34809248380568575	0.5860676248803068	-129.70151192643053	19.435606293358962	9.919188207346714	2.8194194115787004	3.4461889277260154	1.372595031994756	5	14	16	7	13
1310000	-6925.718519868269	-6775.573463288231	-150.1450565800381	-6775.573463288231	1.8125696132087217	1.2768708145650776	1.0	0.55494177493262	0.882174477024952	0.3920095805729115	0.6109394036620621	-130.64107284094143	53.62430366653891	27.177679997966074	16.43031771724464	3.559288737036361	1.4349143997893772	1	10	1	25	18
1320000	-6915.206685433431	-6767.340316931863	-147.86636850156805	-6767.340316931863	1.470070650515392	1.0493324228172427	1.0	0.6030470548814373	0.9190667107736055	0.5890713722622856	0.7087916731473914	-130.43055957612378	61.976978861661905	4.6066118772141404	6.167026222410145	3.6130874300590263	0.6417894440596991	10	21	9	3	12
1330000	-6903.0958884604415	-6768.806468979105	-134.28941948133587	-6768.806468979105	1.3281741541644045	1.1124177677450895	1.0	0.4941752887332971	0.885014031633467	0.2827323756954262	0.5581976244835498	-122.04252106773043	19.882662750450578	4.223428086730653	4.021986673249749	0.5688554202847553	0.3594958590109219	10	4	24	12	5
1340000	-6894.446329888631	-6755.8449949157175	-138.60133497291363	-6755.8449949157175	1.2981227361940597	1.1722519741335398	1.0	0.5928499770454932	1.0922143524229067	0.5880839158935777	0.6297816589444898	-128.5136763126065	5.1043522340856855	5.211798169976155	2.2297910639848997	0.7769514087810063	0.285043431807538	8	12	16	18	1
1350000	-6904.594169832505	-6774.250197082235	-130.34397275026984	-6774.250197082235	1.5400670793885758	1.1722519741335398	1.0	0.4925407124526428	1.032916030978307	0.32997136639252717	0.5321890505752853	-114.24625583983459	7.510098767006139	19.861628357388447	5.686342154667319	0.28875377835267346	1.0060164992766523	2	8	18	1	26
1360000	-6906.825452884581	-6768.681601296467	-138.14385158811328	-6768.681601296467	1.1246518547630282	1.0312106138496442	1.0	0.5936411964219095	1.0309551166820132	0.38257876102560584	0.5596243544146883	-120.79017013854849	27.986015516544715	40.41268150690505	5.468788309119377	2.233846316852158	0.39328928340238195	7	4	14	20	10
1370000	-6894.438854769005	-6755.707198291796	-138.7316564772093	-6755.707198291796	1.3146375097298886	1.0312106138496442	1.0	0.5828507070440424	0.9467225868668904	0.3522156577437658	0.5909668201429168	-122.55039098185964	23.893112195068323	9.784288984814582	8.629749292376376	3.4527923974962844	0.6199216891126752	3	14	7	21	10
1380000	-6911.871946862718	-6769.426963728436	-142.44498313428213	-6769.426963728436	1.306282465304962	0.9806227321684473	1.0	0.6999561232939917	0.8807479286910289	0.5699635796961778	0.7477675218817843	-130.19224652802646	15.236683511799201	7.32885977718386	2.2671170897081727	0.950240049669503	0.19807791771218264	5	25	19	3	3
1390000	-6918.730246577898	-6769.684410727194	-149.04583585070404	-6769.684410727194	1.9931478825112645	1.1602514284536072	1.0	0.7359546543507823	0.842398458387938	0.578023339120925	0.7622316325044006	-133.65204366757973	28.50833563389783	5.614395534722625	3.535487331991202	1.7248692673869601	1.5876543432799113	9	19	18	4	5
1400000	-6907.024569829647	-6769.058238962899	-137.96633086674748	-6769.058238962899	1.431130474501896	1.3176500109473466	1.0	0.706903015192803	0.9203762061694837	0.5610289402625779	0.7450535188913201	-123.49886014039402	24.88103266684742	6.135532131333364	1.7925348399406071	1.7879623409209047	0.9590388966385714	8	18	12	11	6
1410000	-6904.456633785723	-6773.680553197042	-130.77608058868128	-6773.680553197042	1.2848372918490139	1.3176500109473466	1.0	0.5480448939206698	1.0011584682477923	0.39805996755311485	0.5998487520500663	-120.04214173320526	19.952710495658685	4.210680031238365	1.1053245390300441	0.19068935325449055	0.3367166968313767	11	20	14	1	9
1420000	-6908.173594824374	-6773.328078195156	-134.84551662921828	-6773.328078195156	1.1317955340906969	1.0645535483192803	1.0	0.5896128591698829	0.8758609119553251	0.3718301801733589	0.6158776913049369	-121.40773861958426	15.799168791294944	8.402378172916038	4.649208555712146	1.1132448248513245	0.5306389993610059	21	8	1	11	14
1430000	-6909.5900472126095	-6769.416236150583	-140.17381106202598	-6769.416236150583	1.5712164762029288	1.0131781423883564	1.0	0.7351584120053279	0.8860452527238927	0.781737923414833	0.8426841455468234	-122.45297786297513	25.26354968137184	5.06837826911087	13.79155384105159	2.607734636279043	0.44415362046834983	12	4	4	21	14
1440000	-6887.471412551934	-6752.436310376141	-135.03510217579344	-6752.436310376141	1.554559916373467	1.0131781423883564	1.0	0.6344827937323906	0.8665789261038446	0.5086824562186145	0.7097535482597409	-117.71074453956929	27.271008822440358	25.678191128046244	10.555934900507953	1.4732805757714622	1.1589361081263263	1	9	8	13	24
1450000	-6902.111838661201	-6760.176028137216	-141.93581052398469	-6760.176028137216	1.6827119679080023	1.0131781423883564	1.0	0.539103279387366	0.864696931863857	0.2844982747745133	0.5399494976386018	-123.58412633973033	54.00284257678802	33.2181997407558	3.6742457625616387	3.9676911370949077	1.0559351367261607	1	9	5	17	23
1460000	-6896.9920065108345	-6756.9329606604215	-140.0590458504127	-6756.9329606604215	1.3739094813813675	1.0879393272239637	1.0	0.6020219391836218	0.895371904945479	0.31878279486210215	0.5590434507775635	-124.21499017594174	16.537557189435436	7.144843524448457	7.649550041867289	4.459096553149528	1.077391555191316	5	5	6	17	22
1470000	-6908.070174019099	-6765.831822884487	-142.23835113461115	-6765.831822884487	1.8539671564309053	1.1855784396225666	1.0	0.543517639966102	0.7869718925047385	0.2971485554487938	0.554306439683772	-126.911463752673	19.27736581171984	15.880896266543532	4.821262210259631	1.1688551042670163	1.4470930085006715	3	12	14	13	13
1480000	-6938.176048416755	-6782.180844141409	-155.99520427534685	-6782.180844141409	1.852419904128996	0.9811308356815258	1.0	0.5982179312541605	0.8327313040265266	0.30877314447296533	0.6040862504884994	-139.48661487720457	18.312762891897172	10.41193184117602	14.550308328559261	2.180089252600789	1.0632400385181122	16	4	1	32	2
1490000	-6906.171395019674	-6766.313715041037	-139.8576799786368	-6766.313715041037	1.0764225589174259	0.9811308356815258	1.0	0.6770678390779759	0.87162572592906	0.49788802487281075	0.6872493023071597	-126.53653952859085	14.222826727977655	15.839977021339886	2.2884249987631664	0.4541158409124002	0.5451482345836838	9	13	15	2	16
1500000	-6914.410716590992	-6767.584576087604	-146.82614050338853	-6767.584576087604	1.477102788510308	1.013225751038808	1.0	0.5822615103730046	0.9095071490900386	0.4248744800506311	0.6679609684894305	-130.96007567380207	7.1211668326882185	11.357953613228588	4.875831412115014	7.401229394872531	0.8445809992489801	3	8	5	10	29
1510000	-6915.628364699109	-6769.248771205422	-146.37959349368688	-6769.248771205422	1.3504550993495836	1.1052432568315038	1.0	0.5532359885206138	0.9022006344483924	0.3932439634027096	0.6199887880951066	-130.81189057273224	13.44516605162359	11.806463272707902	6.83514744853543	3.3419076578923783	1.8947822726784511	7	8	4	22	14
1520000	-6914.862245606451	-6768.12237006806	-146.73987553839135	-6768.12237006806	1.5387343714393027	1.1086570076409012	1.0	0.6745118489118686	0.9059885121011786	0.5542409706055077	0.7631162379971069	-131.83148610753858	15.504240181888118	4.500354287387945	1.1066123082448946	3.19191465334475	1.8099904779872635	9	28	2	2	14
1530000	-6912.91486891876	-6768.731958480621	-144.18291043813852	-6768.731958480621	1.4173513810617788	1.1984148526449137	1.0	0.5272299197759247	0.9425454697263744	0.37301526289168213	0.5805924601831572	-120.4328026467189	842.6747446631458	9.780485295663638	14.49090262939389	3.0041457831312486	0.7791651701653116	1	10	4	27	13
1540000	-6904.897243433592	-6763.109208184709	-141.78803524888244	-6763.109208184709	1.6554501592965267	1.3334933993118692	1.0	0.5992716642326515	0.8755407063659943	0.4006508048129554	0.6792546146628455	-128.12595825857755	17.527421446509248	7.437851685426044	2.7612488694556823	1.3780094942604169	0.8972984035336627	11	6	27	9	2
1550000	-6909.606607665097	-6759.089438087003	-150.5171695780941	-6759.089438087003	1.671488141706858	1.524211664917867	1.0	0.688400804944467	0.7999451376891221	0.4020062064681164	0.6781543388677872	-132.6425569382604	32.698593914544794	10.41088927391278	4.437528800299471	5.640387960637413	1.0580276822462722	3	8	10	21	13
1560000	-6906.449916772987	-6762.457936393847	-143.99198037913973	-6762.457936393847	1.5766454706649056	1.008442375995147	1.0	0.5514012421781976	0.8482207602734384	0.3305512587434672	0.5904959155746872	-130.35398909407124	11.960993528392718	3.0086758016395283	3.863737833905197	3.674169602917917	1.0157153940657604	24	6	3	8	14
1570000	-6900.32052010931	-6763.098364872719	-137.2221552365908	-6763.098364872719	1.5093541305953526	1.1574021475593772	1.0	0.5655200124571798	0.8875127769785203	0.34641141065960557	0.5757808771063734	-125.24128751503305	16.72726601495963	5.643297656082958	1.7683153628825055	0.44384578815793435	0.7111198745562116	21	10	9	7	8
1580000	-6906.468954827543	-6758.246981544385	-148.22197328315838	-6758.246981544385	2.509628716215215	1.0420818061466681	1.0	0.6226090589901037	0.8116794770728297	0.4923666904468395	0.7288882909794179	-132.55335209344233	26.47388789591552	7.556014316375063	5.5684099396012	2.85664847150828	1.0247037725222687	10	10	9	13	13
1590000	-6896.912219245936	-6765.95608836232	-130.95613088361642	-6765.95608836232	1.5005377269219171	1.129982098987638	1.0	0.507559977286953	0.9464335224362038	0.34913202896717027	0.5854039537606603	-118.11274548510848	16.64209386903975	8.494839639192678	2.5115123236478034	1.3933440189203763	0.4749691332504189	8	12	16	16	3
1600000	-6899.869601417239	-6776.597349354564	-123.27225206267522	-6776.597349354564	1.646003977507298	0.7924216890748954	1.0	0.5136955706360418	0.9256149355360582	0.45268519126939877	0.6040592353694757	-110.38371949719391	19.657541006901734	2.955865836906749	1.9855472584331177	2.384180163675092	1.0978248785605262	10	2	4	23	16
1610000	-6919.28207778745	-6776.801993592662	-142.48008419478842	-6776.801993592662	1.4956215509609747	1.0776065910794899	1.0	0.5947677003731913	0.8705462132526137	0.5266792194932575	0.6872424531599987	-125.38904081246804	33.69099142526513	15.37333660806757	4.219705360035403	4.056549580641584	1.6917850495033147	10	4	15	1	25
1620000	-6880.524262663527	-6757.015045226927	-123.50921743659958	-6757.015045226927	2.3046320754465732	1.195939322488987	1.0	0.7292105306007115	0.8799544877981368	0.7133608134511479	0.752755056158841	-109.61997171341179	44.630507020821284	3.3984596476278863	1.103863078444105	0.890534238805816	0.8367723452378542	7	21	14	8	5
1630000	-6880.541039611329	-6760.54058893769	-120.00045067363992	-6760.54058893769	1.6139491448553296	0.9256084989625725	1.0	0.5987638982892027	0.8837169497308214	0.4036820521524543	0.5978983892238229	-107.88096999187479	13.751526188080113	3.8355791371040646	2.8232273463373714	1.031524174609081	0.8740736626469949	16	3	6	28	2
1640000	-6912.313905162558	-6775.007130869059	-137.30677429349794	-6775.007130869059	2.074855636940257	1.1366469223247324	1.0	0.6090188800343218	0.8993941444358465	0.3801885621934699	0.591130726584969	-123.94347758498893	23.547549004197705	3.852063656577452	2.1535589778850572	1.6517424013417201	0.7533914160507678	9	22	9	6	9
1650000	-6906.423872441611	-6757.00685021471	-149.417022226901	-6757.00685021471	1.5872770202461401	0.9518262156120062	1.0	0.6550458567208015	0.8795737622941882	0.4535923457449509	0.6559478547817403	-130.59647608043642	18.50663273997827	44.09404340241397	7.883934230509922	3.42608283236045	1.557385773929286	10	1	12	5	27
1660000	-6897.112388281609	-6767.2540760738975	-129.8583122077117	-6767.2540760738975	1.4394480828431915	1.205939105041817	1.0	0.5888729873144306	0.91185755676686	0.4041329549615385	0.6161740758920303	-115.55572862610227	21.716110428368445	4.1263582454423915	4.44136276729732	1.2791053498614458	1.2210539990065392	12	14	6	14	9
1670000	-6920.955189294462	-6781.156346453828	-139.79884284063465	-6781.156346453828	1.5760581407985148	1.3424682049383017	1.0	0.6217441919103057	0.8818926837732847	0.484452568942828	0.651352952982341	-124.82306468093444	24.34400159551823	13.780724008088004	4.3020149228892945	0.703355478842076	0.765526512246169	15	2	16	12	10
1680000	-6914.3319904124755	-6768.387735526879	-145.94425488559668	-6768.387735526879	2.183097368668391	1.0105929153887387	1.0	0.487487661119636	0.8948593370636473	0.25794229265602275	0.5301738535747051	-129.8740966740876	28.09490007028398	12.41817205603196	8.730849735969954	1.5672467490796778	1.5733207132233709	6	16	5	24	4
1690000	-6925.3726285194	-6775.694994172882	-149.67763434651826	-6775.694994172882	1.7003437872683416	1.0987171248104837	1.0	0.5212769512196194	0.8895251643553244	0.36161073592741416	0.6164849399594314	-130.9829387636402	93.95971318562192	9.090905541687066	7.912247804387972	3.1618477962894582	2.12720429477643	2	17	4	12	20
1700000	-6921.132692593715	-6773.565070839443	-147.56762175427104	-6773.565070839443	1.3712685628015768	1.1375371436979833	1.0	0.6210409804747783	0.9108632009753276	0.5783106800273684	0.7270237277979383	-130.928967245796	11.639432601989293	8.35963684315274	11.47425126121495	5.540575844899762	1.9794627105731928	12	3	1	11	28
1710000	-6906.446543906945	-6763.100804544838	-143.34573936210774	-6763.100804544838	1.2397279140675486	0.8577442831483658	1.0	0.6008146396190002	0.8833704553641311	0.4373252303023451	0.652620668914426	-128.00714076911785	37.953869470044744	20.02762032338348	2.823697925053816	1.0988517492341263	0.7728181644539317	5	10	23	3	14
1720000	-6897.124394411484	-6763.579760863755	-133.54463354772912	-6763.579760863755	1.1095255504002943	0.9795565910807972	1.0	0.5858797856822967	0.9372087790236279	0.4543083541616193	0.6395816364171789	-120.05668808697781	25.172147411366957	5.790196390505459	5.594366592061097	0.5838295872332329	0.32093230049862	12	14	13	10	6
1730000	-6891.016100309445	-6763.550653117999	-127.46544719144656	-6763.550653117999	1.1133755071037423	1.232983829180934	1.0	0.5334423232828495	1.007970505899349	0.4698237043443554	0.6100440848905359	-113.39808117399426	23.606699785889823	4.11452863260825	6.8496010964648955	0.32416988737516167	0.4299611995923516	7	25	5	8	10
1740000	-6907.855233426573	-6765.691782998349	-142.1634504282246	-6765.691782998349	1.8372346229587768	1.2706542277453106	1.0	0.5055823937581656	0.920745461635452	0.3099635299014815	0.5548672257131145	-130.50417217447242	20.916883473432442	6.651098967774958	0.6474350874411519	0.7024504170053006	0.4998683203474872	9	31	2	9	4
1750000	-6904.207778193307	-6763.230478336989	-140.97729985631725	-6763.230478336989	1.4356799176958468	1.1649745439887886	1.0	0.48261523888607183	0.9554277387243356	0.26745168796217594	0.5156259176702009	-121.93685131871443	83.62271983745083	27.27175568893932	4.4209316893787145	4.8698639710052465	0.7333635681660144	2	6	10	23	14
1760000	-6897.487534524157	-6768.761818888806	-128.72571563535053	-6768.761818888806	1.290635668846203	1.0678685420512295	1.0	0.5464718063122191	1.0018195703010002	0.49002520609217914	0.6324752714272072	-111.42156382978952	29.00355242491199	14.38771138580516	5.540388510152707	6.3529779742196935	0.7283877571233836	7	2	5	16	25
1770000	-6903.0987665864495	-6754.403635559648	-148.6951310268011	-6754.403635559648	1.958069738546375	1.0147355942658864	1.0	0.5394414984732349	0.8409930805108841	0.42130731885385586	0.6497139642281604	-130.7418816813287	27.948434335386636	21.51077907139508	10.443102941493152	5.157119529127083	1.891095504334234	1	10	2	21	21
1780000	-6891.283050512064	-6758.06895119684	-133.21409931522348	-6758.06895119684	1.3449656921649515	1.2741695991695383	1.0	0.5578443729906166	0.9318875080654083	0.5343396085678486	0.6887249043341837	-119.60079047189726	18.404853240109638	3.870475203471448	3.8953119551910294	1.8442782934885134	0.6042144979157166	9	12	13	7	14
1790000	-6902.384783233267	-6771.384810336792	-130.99997289647513	-6771.384810336792	1.4873367657973031	1.2741695991695383	1.0	0.6064873872389589	1.0183921367265565	0.4865545687946448	0.6130208556119952	-115.95393147184288	16.660560050442854	8.140982720468324	2.9685141875814023	3.4342849287966364	1.3052981645523964	9	4	5	13	24
1800000	-6903.069658128598	-6761.192493538484	-141.87716459011384	-6761.192493538484	2.158645667753583	1.072777473694733	1.0	0.5753496004118605	0.9055803322433191	0.29290823370899816	0.5398021770560816	-127.73570033747379	18.94223821178612	6.9838425791083445	3.688741758986444	1.7995127394832102	1.3205559952270336	7	7	29	6	6
1810000	-6890.0476026566275	-6755.115007614451	-134.9325950421764	-6755.115007614451	1.361545612709692	1.0316682945054174	1.0	0.590847104031665	0.9379056412276233	0.2832229886739339	0.5165103872688968	-122.65584023082955	13.009865750413715	4.951875196480418	3.550829640533345	0.4777206759907789	0.7019918947755657	16	23	2	4	10
1820000	-6909.861395633607	-6762.021724552613	-147.83967108099344	-6762.021724552613	1.701489355237105	1.0434247756052195	1.0	0.6442868712061323	0.9082201201335304	0.4036808212714487	0.6255962249252532	-130.08372258308663	26.251206526481408	16.870672784300435	12.475217649875368	4.225632894856795	0.8544497175953544	2	6	14	20	13
1830000	-6925.54621001933	-6786.022577123874	-139.5236328954561	-6786.022577123874	1.2424248063766106	1.0844130583379001	1.0	0.6293647803110702	0.9339379501794027	0.32470506362035967	0.5834372643986916	-122.54496755144947	24.91949595707786	17.297738137548155	5.049988254423424	4.371343475141959	1.1038513174369815	4	6	18	5	22
1840000	-6932.011461861213	-6773.70540580229	-158.30605605892308	-6773.70540580229	1.9796169754377444	1.1318307890433972	1.0	0.6809405686822197	0.7875573244523765	0.509927120392522	0.7595639972153545	-139.5545570842823	115.25869762661347	6.692512266929187	7.151682109894616	1.9481210946240741	1.1806083826062328	4	10	23	3	15
1850000	-6921.199417460626	-6786.85852644214	-134.34089101848608	-6786.85852644214	1.607853089473702	1.179984345296689	1.0	0.6216006195763875	0.8785575913145419	0.3402026430804788	0.6262218035444506	-118.86164378511556	33.304568312348	6.696146109599615	4.9524662586621835	1.6905928540931103	1.000333643690702	5	21	7	16	6
1860000	-6913.376075366579	-6775.05701595108	-138.31905941549934	-6775.05701595108	1.407300801464438	1.179984345296689	1.0	0.5468462617476081	0.9678375317560681	0.36355246478321607	0.5558082914982201	-122.76081075505783	18.852902534841007	8.23805115927323	7.435294855841281	3.3653514031805196	0.8458568380637985	9	3	10	23	10
1870000	-6915.788342672744	-6774.645313513841	-141.14302915890298	-6774.645313513841	1.262638156300746	1.0208158658491235	1.0	0.5996472499517741	1.043874564400145	0.4661390429093051	0.60669614570815	-120.49719621591099	345.265291736805	21.47072471520919	8.228405339849367	1.6719185525118494	0.47802256651551783	1	4	13	29	8
1880000	-6915.29770022722	-6776.947193510401	-138.3505067168185	-6776.947193510401	1.6323265685226835	1.0208158658491235	1.0	0.527413823551309	0.9435538976295912	0.4133408366361077	0.5968158646263424	-122.73215226573353	29.44865809238561	4.0851788914053335	4.799602709947407	3.8573338650578064	1.248665021005098	11	17	3	2	22
1890000	-6901.628733472401	-6763.327975402976	-138.30075806942511	-6763.327975402976	1.26240233445133	1.0208158658491235	1.0	0.5707638660620504	0.9690402312306271	0.4369634228508326	0.6132472439370817	-125.14854288793755	13.013442297182571	9.044486098166585	2.409240650471951	2.0002627529683217	0.4356619284443018	12	8	26	3	6
1900000	-6914.980469296494	-6775.159320075413	-139.82114922108113	-6775.159320075413	1.8779255285994552	1.093091387738558	1.0	0.5896359060425247	0.8874076129181137	0.4540374316382229	0.6341688030095448	-126.88051772569945	13.202518862249995	5.396558622821142	3.613505998213662	1.2789264959071793	0.9698647887363905	10	19	10	4	12
1910000	-6913.025653490798	-6766.225654580867	-146.79999890993105	-6766.225654580867	3.1666088419870695	1.093091387738558	1.0	0.6092910367362876	0.7889423014337563	0.3826308586518482	0.6209800016840397	-130.4595669813041	18.37367943925268	19.274576767038774	3.0465456008052647	3.4613757824776	1.4592331209733194	3	12	21	9	10
1920000	-6902.482289850155	-6764.38852476653	-138.0937650836245	-6764.38852476653	1.9680175539285882	1.2758745447326434	1.0	0.5833761870534397	0.8338296825615243	0.3813792680775704	0.5899308667167038	-124.34008176021982	25.32775561881753	4.374217468036947	2.386089624418967	0.4240460126260414	1.0059588846876344	13	2	34	2	4
1930000	-6899.396506324208	-6753.571394034153	-145.82511229005436	-6753.571394034153	1.7009579301233264	1.2539474148613694	1.0	0.7185672938732509	0.8542956635312224	0.45097136526798626	0.6385795162221619	-125.7670553186775	95.57925279417859	22.382671266835953	8.486271632762712	4.047922815898071	0.9740961434829174	5	1	9	21	19
1940000	-6896.495473683345	-6755.233712211382	-141.26176147196313	-6755.233712211382	1.266766727871347	1.2539474148613694	1.0	0.5704904649205921	0.8590108900020771	0.28860479651697146	0.5736403985588585	-124.64851732745346	27.040105016826658	6.009793891090587	6.605439309696629	4.906877336250864	1.0510338012111715	7	14	3	14	17
1950000	-6891.3563316316695	-6757.710633212433	-133.64569841923614	-6757.710633212433	1.1933467751365814	1.1062607625834349	1.0	0.6757504076423534	0.8747798253640897	0.4787185083941271	0.6813938180577805	-119.47999629259857	17.04575055719112	3.1103538076467463	3.973611933350996	2.217279239792382	1.0887637698870412	9	1	25	10	10
1960000	-6892.530234551634	-6754.769584274147	-137.7606502774874	-6754.769584274147	1.8304482865316116	1.1305036419880221	1.0	0.6171386571941274	0.8893366407347217	0.35905089301879106	0.6060859878841082	-117.8440264585209	270.4129198179179	23.87830864390436	5.411378163244008	1.3853083127568788	0.6306591292639946	1	8	24	4	18
1970000	-6904.691927472757	-6770.18919113523	-134.502736337527	-6770.18919113523	1.2222155932046959	0.9647933890837113	1.0	0.5169696141592945	1.0275125115157746	0.3747252551909121	0.5666578323817764	-117.22600301772465	12.120057633445406	20.81827415699219	18.999685505035004	3.463945913150783	0.8940652859540369	15	6	5	3	26
1980000	-6898.971194416311	-6763.59607071512	-135.37512370119103	-6763.59607071512	1.54542232743758	1.0407718098553425	1.0	0.5965501484023259	0.8943792398862631	0.4949701184376916	0.6912243999942279	-122.09060914886345	21.284353373528855	13.278341092969262	0.7619594250755006	0.9700887233966387	0.568848909606685	7	21	3	10	14
1990000	-6894.866251402502	-6748.631908706872	-146.23434269562986	-6748.631908706872	2.2291396435047295	1.1475802762713447	1.0	0.6076687075529232	0.7979626683226818	0.3948739689595317	0.6464436635793682	-132.45589471874902	14.619226590777103	6.50399165129616	3.8166582930985173	2.138583460868045	0.7730663243615077	17	10	13	1	14
2000000	-6925.446940145597	-6776.6234674302095	-148.8234727153876	-6776.6234674302095	2.0539627972886363	1.016521414331137	1.0	0.6291203228041485	0.7966429741591521	0.3735093344744336	0.6338432080267512	-130.50531281175492	25.81690690314825	32.94465229050932	13.61358779354877	2.713971890341564	1.0685473547459161	11	3	6	21	14
2010000	-6916.9962817449405	-6771.089307647537	-145.9069740974041	-6771.089307647537	1.8164668239684798	0.9723752724671917	1.0	0.5031140313042193	0.8303206290946735	0.25824231066692216	0.5139952648096414	-130.27173992111233	28.445767628278237	12.951851095742931	5.60056834175845	1.3626316829918692	1.7200131445349094	1	16	19	1	18
2020000	-6938.236812287798	-6796.255349469682	-141.9814628181161	-6796.255349469682	1.523317862937658	0.8921054289730745	1.0	0.43523207646827794	0.8945858426868584	0.1836737331871197	0.44618970018881443	-128.35621829533807	17.421829935947653	10.093001350015518	3.641655865520436	1.9260279393874975	1.0658075758282302	6	1	28	8	12
2030000	-6895.642470948559	-6756.890567949639	-138.75190299892006	-6756.890567949639	1.1759419762023053	1.0510691687098668	1.0	0.5779631542846081	0.9821569605811207	0.3556035310680045	0.6034535090087975	-124.32039669724625	18.407876433531033	3.092583048780993	4.367871270440893	1.6240196994127984	2.0700331489954187	18	10	1	22	4
2040000	-6896.868295958094	-6760.481968823691	-136.3863271344023	-6760.481968823691	1.2563305013066322	0.950228376939519	1.0	0.49395247789208846	0.9343916883487795	0.28244006072374	0.5246231813842179	-123.0812817374123	35.8779278792989	4.396197912936468	2.7152424429446516	0.7274128135443207	0.7838370180828541	7	20	18	2	8
2050000	-6906.900074171344	-6765.298786747773	-141.60128742357082	-6765.298786747773	1.2578795992011222	1.0879147904466104	1.0	0.7386542633037684	0.8770625781536407	0.5838747093962487	0.7391250301606177	-126.6091978499279	11.954533741004415	10.963803499482506	1.0433241323638394	2.4127334820667246	1.268530531465663	18	4	7	14	12
2060000	-6901.684157569541	-6759.302247853836	-142.38190971570495	-6759.302247853836	1.5964572424750367	1.0879147904466104	1.0	0.5177414450448732	0.9213066256218474	0.35245118071543585	0.5470398563294386	-125.74552556851383	14.298633426267521	37.38629792948086	6.495135848249076	1.4142005072892936	0.4971702721750393	19	2	4	18	12
2070000	-6904.514941223955	-6765.889938003059	-138.62500322089636	-6765.889938003059	1.1836151203780287	1.135404075731173	1.0	0.45859928845597825	0.8505332544696235	0.2567720133059277	0.5431231212243639	-121.89823906059499	62.57806120233753	11.192319964829716	5.244682951250418	2.508126911207687	0.9532465064192396	2	10	13	14	16
2080000	-6904.712441251438	-6763.506956586164	-141.20548466527345	-6763.506956586164	1.4262624595513267	0.9554219032482912	1.0	0.5747795184781975	0.8109720938892884	0.24727075990668645	0.5450761344538432	-127.84644822064872	18.896904329394502	8.023435975421949	3.4231083859312608	1.316193969658495	0.622865636792529	8	16	15	4	12
2090000	-6913.6303842866055	-6765.616825951781	-148.01355833482427	-6765.616825951781	1.4706991456063716	0.9554219032482912	1.0	0.6081617162302689	0.8222171933221715	0.3435493144214202	0.6087920944177321	-133.79597115010256	17.84997785630427	8.87758741349497	2.468208747876864	2.3636918578353825	1.1239124189716447	6	26	3	1	19
2100000	-6902.511887748995	-6758.149099496263	-144.3627882527314	-6758.149099496263	1.8215504746014037	1.135452352720095	1.0	0.7480855119410494	0.8511797965964254	0.5311285282702405	0.7096263604797571	-127.71823788238481	37.28489814307242	11.849389703320812	5.977940760300386	1.770783837187734	0.9163857529931648	7	5	21	4	18
2110000	-6895.412996839689	-6753.940080535061	-141.4729163046286	-6753.940080535061	1.7920340504656165	1.1351843487286783	1.0	0.5583159808700617	0.8250600664182406	0.4006056892471876	0.6101242238454921	-123.69539560816104	15.855693891565283	28.405887299728466	8.68936852593112	4.966965951853311	0.8057786260671028	4	4	19	5	23
2120000	-6898.202486016035	-6759.601932218896	-138.60055379713944	-6759.601932218896	2.1252899153781986	1.013078559436084	1.0	0.5712596610280001	0.8574600914668672	0.42882109616091296	0.5951631656121276	-124.35289472983649	13.53482864465831	7.2919837451425185	0.8638096122786808	2.4910684340487523	1.2778681879109954	18	10	12	5	10
2130000	-6915.486782613081	-6762.1949315394395	-153.29185107364165	-6762.1949315394395	1.8256668939497191	1.013078559436084	1.0	0.63106955108232	0.8171066518862563	0.4458322961862433	0.6619416561273765	-133.65196613502962	15.969700173455063	25.228140368914772	18.664025016080625	11.566933926894773	1.4343250283983358	1	10	2	11	31
2140000	-6924.370990876336	-6771.691545576242	-152.67944530009382	-6771.691545576242	1.869012757946881	1.058347952203839	1.0	0.6394181003525136	0.7645890381436097	0.27383652095872757	0.6144733834250339	-134.74728275906645	28.071990475258428	18.493235224197047	9.477821125613346	5.023569345258755	1.3821797875728066	6	6	14	3	26
2150000	-6918.725991007397	-6778.877604856933	-139.84838615046397	-6778.877604856933	1.4977879345822027	0.8789159773208834	1.0	0.5676698984764708	0.8475827511449622	0.272638542724514	0.5458352382914674	-127.43909400425053	10.740364673551872	4.321116372804829	2.152718623114774	2.35343940485202	1.1716263463339827	20	4	14	5	12
2160000	-6913.147238832482	-6763.578828371563	-149.56841046091913	-6763.578828371563	2.4974031152406813	0.8070009397662695	1.0	0.5617999333265736	0.8222428144437299	0.2526058361822606	0.5417363260554795	-134.07562935625572	27.966185024293814	12.132836867711044	4.982499184196907	2.189250137953516	1.4667974570697262	10	14	6	6	19
2170000	-6907.869785927487	-6770.858411082355	-137.01137484513208	-6770.858411082355	1.7224214613113444	1.1561404893138343	1.0	0.5339402700580932	0.8440066313201051	0.23368348140713274	0.5289993527672239	-125.49528420897964	12.443478340571037	6.591744365390242	1.980971612482492	0.34172609524829034	0.5915312419767048	13	8	20	1	13
2180000	-6902.509976565798	-6761.369190308407	-141.14078625739052	-6761.369190308407	1.5718993761456572	1.1561404893138343	1.0	0.5915313904367304	0.880451501269277	0.3992921175722983	0.6363628555952663	-126.94294942492085	15.451225351559353	13.592912927935865	2.559537186115302	1.4434974739161504	1.0563400371019398	13	5	12	19	6
2190000	-6929.993240636028	-6784.004138829142	-145.98910180688608	-6784.004138829142	2.0497159898686017	1.0503935217080353	1.0	0.562898261772014	0.9149107109241541	0.35903606366844504	0.5956200890878375	-129.03173216072685	45.59817698340839	23.83807258408855	5.061794219167496	1.6060544550574871	1.2202353265518244	3	10	12	29	1
2200000	-6908.972023860495	-6774.8017153968885	-134.1703084636063	-6774.8017153968885	1.5936704557024892	1.0059860312813884	1.0	0.49695698791692233	0.9835188694403614	0.30892764624225816	0.5383107682793217	-118.72492539825775	17.84517708992301	11.060414788346835	11.56036665209772	2.0847701701742722	0.5977902879860374	6	11	7	19	12
2210000	-6903.381819465872	-6765.685190281122	-137.69662918474916	-6765.685190281122	1.5460872126512712	1.0335284825976674	1.0	0.48794592605530035	0.909086051575153	0.32598388576957865	0.5771404503734405	-125.20221718575948	13.663901706029606	3.3943213187422794	3.5305125465150486	1.4648835412153371	1.078695857789746	20	4	5	23	3
2220000	-6910.605715642982	-6768.234750581103	-142.37096506187953	-6768.234750581103	3.248126061219819	1.0335284825976674	1.0	0.6074432626113774	0.7379472043747942	0.5344155451185382	0.7545444149924175	-126.17944438299646	23.19006437012528	4.91880961539809	10.605958508626214	1.3662989212602783	1.0477438100741796	8	9	6	17	15
2230000	-6917.396718117667	-6772.175805810766	-145.220912306901	-6772.175805810766	1.4663121377246382	1.0960596183950342	1.0	0.5461583828151048	0.8714904714555542	0.27432515228239074	0.5639208690818572	-129.17779300361227	23.67881041773974	15.351390862862491	6.6289826124094064	2.9785811730967944	0.7261733517973276	8	4	10	23	10
2240000	-6911.316127629011	-6766.401951662658	-144.91417596635378	-6766.401951662658	1.514773463745351	1.2075651257699735	1.0	0.6165953673589464	0.784534819442152	0.33404868193011117	0.6566603143903973	-130.12220139189523	16.705764797096464	13.50486594774656	4.898924237156895	1.062455741988385	1.0002048716177818	8	16	8	10	13
2250000	-6938.4532409780595	-6788.139057307521	-150.3141836705385	-6788.139057307521	2.361931944012129	1.2927084232554467	1.0	0.6163048058442715	0.7556679300137811	0.34540302160323944	0.6602592279029469	-133.55237064235644	38.40017702561564	11.61610752988679	7.176801753326606	1.9220205209818644	1.0347583997666032	3	19	11	18	4
2260000	-6914.276222990894	-6769.693573335591	-144.58264965530267	-6769.693573335591	1.9504676434643817	0.8755460255459654	1.0	0.6142252777717108	0.8050711158166878	0.4272243103999065	0.6648394418588639	-128.48740337086113	23.63431482950832	7.266482262238186	9.005181468051422	3.0514405772162645	1.0655247385342823	10	4	8	10	23
2270000	-6897.367359613527	-6772.745328385589	-124.6220312279375	-6772.745328385589	1.3236126456967865	1.1333588041276452	1.0	0.45775054341092447	1.016360593007579	0.3005612191323742	0.48713925515215634	-110.50033255423364	14.729562916066943	5.686107644313517	6.67862399786454	2.192695869538483	1.0523109863126194	11	2	7	9	26
2280000	-6916.179799442414	-6778.281847199853	-137.8979522425613	-6778.281847199853	1.3195233538529954	1.0476539463181365	1.0	0.5731089434809772	0.9206950395562572	0.2539868693070244	0.5195975685366525	-123.5625764728706	13.516729308775448	9.850451660798997	1.6823512781287986	2.9375224182438315	0.9566876811118373	8	15	1	16	15
2290000	-6900.872866505602	-6751.391799242103	-149.48106726349968	-6751.391799242103	1.537415489165284	1.0752801153488614	1.0	0.6201215223747802	0.8336286960533337	0.41878309589995705	0.6509816711475027	-136.55729102826584	14.288795737279539	2.086094874725145	2.40968798802111	2.3242455066309287	0.9832070000461955	21	3	17	6	8
2300000	-6897.435327207588	-6758.4642891910125	-138.9710380165754	-6758.4642891910125	1.9720390813029394	1.0752801153488614	1.0	0.7104952257054855	0.8210269849209001	0.5373910013368608	0.7648418504930863	-127.70787969627895	12.40235890625794	4.485746793124514	0.5131520314519115	0.9033405065439828	0.4531368993546437	27	1	2	16	9
2310000	-6911.851371244472	-6773.233979911489	-138.61739133298295	-6773.233979911489	1.7051761506990586	1.2374407396682185	1.0	0.454495325432726	0.936073312064801	0.27765131844925156	0.4932233086255175	-124.41999590469071	15.644186721615188	8.52044536290164	1.9956467854346227	3.2777821433671135	0.6945521037650175	12	16	10	8	9
2320000	-6894.387272183079	-6761.480065429732	-132.90720675334697	-6761.480065429732	1.4041837839636102	0.9582257145330849	1.0	0.41053357967591225	0.9424970739532448	0.20064514028077726	0.45001103390547137	-121.19570783774479	24.530340446673307	10.181215194087867	2.1254936347629374	0.3987776104152155	0.29623001173601277	1	21	19	5	9
2330000	-6916.585678989875	-6766.1027081102475	-150.48297087962786	-6766.1027081102475	1.5774076266571084	0.9788276029716422	1.0	0.5966098737978245	0.8692887004446643	0.4264562813904099	0.643201834962656	-135.60048439329805	37.468077775600776	11.044347025907928	2.9597308040755252	1.6012660842159414	0.4672155160128342	1	21	24	4	5
2340000	-6922.6161502539735	-6771.495937535735	-151.12021271823826	-6771.495937535735	1.5296268272854738	1.0496536443552653	1.0	0.6497141676614654	0.8389510758107872	0.4805401711280333	0.7101279093126829	-137.17331681324865	9.994050806859741	3.969545310528481	4.9926477871497035	3.1913955412736903	1.1821184250751617	14	14	2	15	10
2350000	-6901.007624887299	-6758.224896452335	-142.78272843496435	-6758.224896452335	1.7250348533231272	0.9429941811926247	1.0	0.6343402560846904	0.8736688132363729	0.45710400409261165	0.6862202538768891	-128.14471411195598	17.650250912509446	11.676107881997671	3.2772267842682554	2.150682640128738	1.106286875048044	13	11	7	11	13
2360000	-6890.771706160921	-6763.110599965425	-127.66110619549615	-6763.110599965425	1.319530006900308	1.0085874077649453	1.0	0.4592176571381847	0.9012130617189122	0.21444883580262794	0.4712451417525561	-118.599995733086	12.040263724183985	2.6867684368799205	0.548763176606534	0.4087073888759424	0.6487354715711897	23	15	12	1	4
2370000	-6930.987845446785	-6789.395866695145	-141.59197875164065	-6789.395866695145	1.8347537371743903	1.0085874077649453	1.0	0.4595947049584139	0.9588198903105283	0.1713846596228613	0.4043874862929473	-129.81561733238203	9.914940152117357	3.2277368505282196	0.8485865461463473	2.18392710713091	0.8833826704864062	23	11	2	1	18
2380000	-6890.786379815024	-6754.058208334835	-136.72817148018834	-6754.058208334835	2.3652913125341413	0.765957581567593	1.0	0.6401781556560622	0.8311357095179608	0.3833270967800127	0.6091609493008446	-123.81374283013778	16.18223054810901	2.4002203357520684	2.3923037070628443	1.4497723561171627	1.8274750625318892	16	13	2	10	14
2390000	-6899.870684769844	-6766.669610004084	-133.20107476576052	-6766.669610004084	1.2664268569203494	1.1362717090335528	1.0	0.5116831509178984	0.9062130703968203	0.24541949919572434	0.4930570788748402	-119.52175000675787	25.557630194927814	6.370902252651289	2.8402108219294875	1.5415118715231912	0.7472091881867777	10	7	8	26	4
2400000	-6893.935077833059	-6754.968992339119	-138.96608549394003	-6754.968992339119	1.5033470035733363	1.0420862318088573	1.0	0.5559522785169003	0.8952666141807809	0.3692584624101927	0.6061626851953483	-124.53452478317288	21.032470149858163	7.25859802000778	6.589183135275333	0.9855071694980649	0.8647876692465997	4	10	11	17	13
2410000	-6894.232808750664	-6754.185825205648	-140.04698354501588	-6754.185825205648	1.6721488834899716	1.0420862318088573	1.0	0.6495636728038459	0.8549764925558313	0.32886462924608706	0.5979720933832177	-124.88129715220728	28.753785899927564	5.195025165554336	2.3041012414964435	1.4025137025998597	2.62463175618417	10	19	8	12	6
2420000	-6896.516038927199	-6752.405790121216	-144.11024880598217	-6752.405790121216	1.8942556435648048	1.11086758038448	1.0	0.6312083819150531	0.7975546999875162	0.4197766201706517	0.6845012598227732	-130.24726888808	21.494008158531624	3.264279042791827	2.8597453501180206	1.8876388251991623	1.2073005075374186	18	2	16	16	3
2430000	-6906.96654676188	-6775.847991193354	-131.11855556852578	-6775.847991193354	1.9895129978856654	1.11086758038448	1.0	0.5900884446938269	0.8061347688283007	0.4124888243186517	0.6547549584690221	-115.84893088655203	28.246816496521486	16.462706207261004	1.913471307560361	1.9121397956131463	0.7629857933210902	6	6	3	23	17
2440000	-6913.577468205592	-6763.492661651847	-150.08480655374464	-6763.492661651847	1.9508188918329774	0.947967870887204	1.0	0.663305364083625	0.7621230148991128	0.3237163003292733	0.6453793645259258	-134.77773490671316	18.773647587460047	4.773224037046609	2.4939497763698446	4.3038822173153415	2.274903172375085	11	10	12	6	16
2450000	-6881.130394813033	-6752.399520424267	-128.730874388765	-6752.399520424267	1.4871732315983446	0.947967870887204	1.0	0.6444905671150868	0.8217424799320376	0.46247899906985585	0.6993648827509428	-116.16809495937093	22.24384926890074	6.993368626746671	2.4062307782255705	0.8547004416808246	0.22799408829696882	10	3	28	13	1
2460000	-6911.311230226567	-6768.438668938253	-142.87256128831484	-6768.438668938253	1.4115295693133822	0.9364805989643591	1.0	0.7502094978346744	0.8497764581591575	0.4240535878621083	0.6699359299751496	-125.4480466501403	37.649709956341475	6.814060750859129	2.715158180322045	5.321336214743215	1.5512650300147819	8	9	9	6	23
2470000	-6908.728503352136	-6785.486558441746	-123.24194491038978	-6785.486558441746	1.4917888330376867	0.8975494575999675	1.0	0.7091034873091316	0.9169796312853064	0.4187543289755528	0.6340422582721724	-107.93624231070481	34.95014633099431	4.968805734465223	0.3426911892366111	1.3911899961635457	0.6813269042752179	12	15	6	8	14
2480000	-6895.787720326778	-6754.997762220463	-140.7899581063149	-6754.997762220463	1.429209772595437	0.8796580278263869	1.0	0.604160281808757	0.8445898539438713	0.3486870320116237	0.6250762712689875	-126.15031603641211	16.059737368593655	15.43084460347514	4.25825902827069	1.8590581934038692	0.7432502061630388	4	16	2	28	5
