#
#model:
#
#<?xml version="1.0" encoding="UTF-8" standalone="no"?><input id="posterior" spec="beast.core.util.CompoundDistribution">
#    <distribution id="prior" spec="beast.core.util.CompoundDistribution">
#        <distribution id="BayesianSkyline.t:Tyr" spec="beast.evolution.tree.coalescent.BayesianSkyline">
#            <parameter dimension="5" id="bPopSizes.t:Tyr" lower="0.0" name="popSizes" upper="380000.0">380.0</parameter>
#            <groupSizes dimension="5" id="bGroupSizes.t:Tyr" spec="beast.core.parameter.IntegerParameter">1</groupSizes>
#            <treeIntervals id="BSPTreeIntervals.t:Tyr" spec="beast.evolution.tree.coalescent.TreeIntervals">
#                <tree id="Tree.t:Tyr">
#                    <taxonset id="TaxonSet.Tyr" spec="beast.evolution.alignment.TaxonSet">
#                    </taxonset>
#                </tree>
#            </treeIntervals>
#        </distribution>
#        <distribution id="MarkovChainedPopSizes.t:Tyr" jeffreys="true" parameter="@bPopSizes.t:Tyr" spec="beast.math.distributions.MarkovChainDistribution"/>
#        <prior id="GammaShapePrior.s:Tyr" name="distribution">
#            <parameter id="gammaShape.s:Tyr" name="x">1.0</parameter>
#            <Exponential id="Exponential.0" name="distr">
#                <parameter id="RealParameter.0" lower="0.0" name="mean" upper="0.0">1.0</parameter>
#            </Exponential>
#        </prior>
#        <prior id="ucldStdevPrior.c:Tyr" name="distribution">
#            <parameter id="ucldStdev.c:Tyr" lower="0.0" name="x">0.1</parameter>
#            <Gamma id="Gamma.0" name="distr">
#                <parameter estimate="false" id="RealParameter.2" name="alpha">0.5396</parameter>
#                <parameter estimate="false" id="RealParameter.3" name="beta">0.3819</parameter>
#            </Gamma>
#        </prior>
#    </distribution>
#    <distribution id="likelihood" spec="beast.core.util.CompoundDistribution" useThreads="true">
#        <distribution data="@Tyr" id="treeLikelihood.Tyr" spec="beast.evolution.likelihood.ThreadedTreeLikelihood" tree="@Tree.t:Tyr">
#            <siteModel gammaCategoryCount="4" id="SiteModel.s:Tyr" shape="@gammaShape.s:Tyr" spec="beast.evolution.sitemodel.SiteModel">
#                <parameter id="mutationRate.s:Tyr" name="mutationRate">1.0</parameter>
#                <parameter estimate="false" id="proportionInvariant.s:Tyr" lower="0.0" name="proportionInvariant" upper="1.0">0.0</parameter>
#                <substModel id="WAG.s:Tyr" spec="beast.evolution.substitutionmodel.WAG"/>
#            </siteModel>
#            <branchRateModel id="RelaxedClock.c:Tyr" spec="beast.evolution.branchratemodel.UCRelaxedClockModel" tree="@Tree.t:Tyr">
#                <LogNormal S="@ucldStdev.c:Tyr" id="LogNormalDistributionModel.c:Tyr" meanInRealSpace="true" name="distr">
#                    <parameter estimate="false" id="RealParameter.1" lower="0.0" name="M" upper="1.0">1.0</parameter>
#                </LogNormal>
#                <rateCategories dimension="106" id="rateCategories.c:Tyr" spec="beast.core.parameter.IntegerParameter">1</rateCategories>
#                <parameter estimate="false" id="ucldMean.c:Tyr" name="clock.rate">1.0</parameter>
#            </branchRateModel>
#        </distribution>
#    </distribution>
#</input>
#
Sample	posterior	likelihood	prior	treeLikelihood	TreeHeight	gammaShape	mutationRate	ucldStdev	rate.mean	rate.variance	rate.coefficientOfVariation	BayesianSkyline	bPopSizes.1	bPopSizes.2	bPopSizes.3	bPopSizes.4	bPopSizes.5	bGroupSizes.1	bGroupSizes.2	bGroupSizes.3	bGroupSizes.4	bGroupSizes.5
0	-15965.724150147706	-15616.852519377537	-348.8716307701688	-15616.852519377537	2.7019550942642354	1.0	1.0	0.1	1.022448839062402	0.00817239107397522	0.09136089769065563	-314.99013865168746	380.0	380.0	380.0	380.0	380.0	11	11	11	10	10
10000	-7771.167331718353	-7587.4673912784	-183.69994043995288	-7587.4673912784	2.0964398239089657	1.2140678535025318	1.0	1.0363142778357286	0.6693076545341516	0.7922965609087843	1.0272502682400835	-161.4954936669868	36.94877581797352	27.73974362246122	24.197178667329347	8.250367540213105	3.9522551501654277	9	2	3	17	22
20000	-7398.674030518055	-7233.684473427821	-164.98955709023375	-7233.684473427821	1.8888441612813796	1.0173291577093766	1.0	0.7617365732130776	0.827989613158101	0.5649330754105859	0.7582650897420832	-145.95794817188911	18.31624353751424	8.910492020691747	4.085989473242108	12.782166747113335	1.7170680509153176	15	7	11	2	18
30000	-7225.591242325513	-7090.799822244994	-134.79142008051912	-7090.799822244994	1.7063909625090792	1.1218190532881507	1.0	0.42223923504984656	0.9131531422777847	0.1722929014153867	0.4247624302080201	-124.45211862828386	9.72301239653649	4.456233214635317	1.6166128976597205	0.8938727609852449	0.6654409901950363	18	7	11	15	2
40000	-7223.426212497175	-7082.0351328905945	-141.39107960658058	-7082.0351328905945	1.7229251827496346	1.1218190532881507	1.0	0.40395978059275117	0.9301874154840027	0.1592200858473268	0.39981509530673986	-124.78189359230541	28.250541071357375	11.397661013558922	12.473634098089786	1.8589089823046194	1.7881062948423807	3	16	3	13	18
50000	-7220.300674773163	-7082.355517291262	-137.9451574819009	-7082.355517291262	1.5194918241507491	1.193034716656668	1.0	0.4614537113976205	1.0160290919553479	0.17594364219319333	0.404362936190326	-116.54457275522985	551.5561305109422	4.470933547165618	8.57767247504151	1.3324778643063337	0.9795388899685431	2	2	19	6	24
60000	-7209.232776190021	-7070.454009270708	-138.77876691931186	-7070.454009270708	1.8301020880512144	1.4045001229521714	1.0	0.5031966456438205	0.9029377903334325	0.2293833640084973	0.5063167676111983	-124.27573749802221	17.425268391331777	3.865066736238534	5.294754033013292	2.3381730106931595	1.1714044422759444	10	6	9	25	3
70000	-7219.97116309293	-7078.297470679079	-141.6736924138501	-7078.297470679079	2.5085538619966234	1.2860414651869498	1.0	0.3486211744220314	0.9087555361211489	0.14737826891588934	0.3821539064812639	-125.13977531756431	20.09021177122714	12.927763688469236	9.278016979184809	5.964770957173419	1.5738204458873837	4	4	11	12	22
80000	-7204.112747683372	-7078.69131535686	-125.42143232651178	-7078.69131535686	1.5625991527853758	1.2406958016768348	1.0	0.3592342245279207	1.0272831824500213	0.10390937963000559	0.3154542244105577	-115.6366894204538	21.40721362712455	3.365476928822967	1.8231612105724821	0.3249519723092663	0.13035660697845433	10	25	16	1	1
90000	-7208.133801713169	-7074.100770860588	-134.03303085258065	-7074.100770860588	1.703225905980624	1.305374167206687	1.0	0.44779803238386273	0.9186550216360129	0.21491547934509808	0.4674465829859992	-115.1398935591937	82.47588553408035	14.07310715246719	6.19240269379212	1.0029793688634063	2.7461667403917986	1	8	20	18	6
100000	-7208.273370442078	-7081.795639669604	-126.47773077247457	-7081.795639669604	1.5042313085987804	1.331540207827896	1.0	0.32389671001075787	1.0241560969856225	0.13096109993227062	0.3553655663536634	-111.37392084882676	19.56241814091766	17.116082082662714	3.3822357105228535	3.15421427697016	0.960853303391942	5	7	4	17	20
110000	-7211.171505198853	-7077.483982065963	-133.68752313289076	-7077.483982065963	1.671749132631355	1.331540207827896	1.0	0.3947651525347395	1.0372324619915807	0.2096745515870103	0.42770570530548513	-121.11645348772937	17.530440082747845	5.83037728960459	2.8555374240847065	1.673246371730276	0.3205351461077298	11	8	19	14	1
120000	-7214.260879943456	-7085.3034511999385	-128.9574287435175	-7085.3034511999385	1.4649928934332843	1.0527513567184148	1.0	0.4171578919683106	0.9300824789917894	0.17080784467423815	0.42033085263128517	-115.42007431835899	24.450514982680524	7.628797763146355	2.0165370497394703	1.4859137541628715	1.4562790827645522	2	15	21	14	1
130000	-7224.588132697854	-7091.384531043204	-133.20360165465027	-7091.384531043204	1.9794825045885414	1.1913411214839882	1.0	0.34814065106584835	0.923755254086057	0.10714082100630912	0.3339542473897087	-119.46588101397964	30.370476153925896	13.240352422792498	1.5683866054394175	1.1913371714254308	0.9439270495133675	3	19	17	4	10
140000	-7219.639801426782	-7076.662962999742	-142.97683842703955	-7076.662962999742	2.079705222012266	1.1913411214839882	1.0	0.40488646788929356	0.9567874799308235	0.19993288926871924	0.43894213480646105	-127.69690728600847	40.75579633556628	6.61569324509425	5.245194346514588	0.9645473005273641	1.351194001305132	8	9	13	6	17
150000	-7194.9157260851725	-7069.273943483152	-125.64178260202068	-7069.273943483152	1.4920262842327687	1.1913411214839882	1.0	0.3714613472631049	0.9358839887979098	0.14770144315814512	0.3919166625519458	-112.07540851764038	13.584142002392298	10.748906101783144	3.137445645919642	1.8064170662763228	1.6133373570653058	7	6	18	9	13
160000	-7229.986028631651	-7095.4904030993775	-134.49562553227327	-7095.4904030993775	1.440471307672752	0.9391099737412895	1.0	0.34013160621378946	0.9317364262437039	0.15159676786326376	0.39459828426923776	-122.6146196281625	33.97943203807497	3.7382524091591653	1.7673358093943288	1.126170533529076	0.3270958711961361	6	26	9	10	2
170000	-7221.959625846548	-7089.466752189023	-132.4928736575251	-7089.466752189023	1.7145448388716995	1.5768904324759452	1.0	0.23958545691878413	0.9682033958185309	0.055329596461409475	0.2360740756602341	-118.21828319309668	17.77227238395931	10.101948727364546	3.632786550704202	3.33341316994213	1.1389378803995849	2	11	6	12	22
180000	-7209.207111557045	-7082.926835748856	-126.28027580818895	-7082.926835748856	1.5715087947401092	1.2540497275238847	1.0	0.44668009031666317	1.0018211300389448	0.2456701896458389	0.48608287085812824	-112.76659459014104	14.664739487470056	1.6635693449397637	2.0652620575521565	3.779238884777875	1.3707345834082774	11	1	25	1	15
190000	-7216.267236529123	-7079.558170472482	-136.70906605664092	-7079.558170472482	1.7553713436934275	1.2195935380426635	1.0	0.3595053541036108	0.9086389663770448	0.1074776642867308	0.34631715535834207	-125.24921705704801	54.78977887976186	2.297428410764633	0.7172400098910026	0.47577128023334475	0.48048333177416186	8	33	5	2	5
200000	-7216.41068809904	-7071.4334016437315	-144.97728645530887	-7071.4334016437315	1.7296883042188111	1.2165130163660736	1.0	0.46669162974554784	0.8328207702123669	0.18403633337280917	0.46854096005013984	-129.322932347865	22.736081024873368	7.59367612833979	1.8866963218879969	4.365778646164773	1.3425097856759087	7	13	10	8	15
210000	-7214.276113567101	-7075.860719109237	-138.41539445786344	-7075.860719109237	1.7264147240711596	1.2165130163660736	1.0	0.4144957360142253	0.9538479561566903	0.12444057522509977	0.3617012582459495	-125.31140347527575	22.054031425421307	2.2515981454111493	2.5811066279705304	1.8745495813106157	1.272416597981923	12	3	23	9	6
220000	-7203.521294736354	-7076.290235990357	-127.23105874599727	-7076.290235990357	1.246222276190215	1.2165130163660736	1.0	0.4911963387985604	0.9301037745584856	0.1564803600219974	0.4224399396363183	-113.69891178130707	16.212910370262833	13.071542416872903	1.7537084864648051	1.2318371338635983	1.0134730909666831	14	6	18	4	11
230000	-7214.016378967066	-7087.77596117885	-126.24041778821609	-7087.77596117885	1.5932335911701796	1.3204612114662257	1.0	0.37831154016272467	0.9221352288469922	0.13585399564750902	0.3819548403969824	-113.33271745467096	20.346875024803342	4.037370738162227	3.171393840576257	1.6681192545978176	0.7807158748211578	10	1	4	28	10
240000	-7208.368180263145	-7070.0779864281185	-138.2901938350269	-7070.0779864281185	2.1676146071605067	1.3204612114662257	1.0	0.48320711065801736	0.8846416413526252	0.21337324956224687	0.48599507458786556	-126.06968105933719	17.461645462861572	5.176916437193066	1.3664229232848772	1.5343140341562165	0.3113821336503361	11	18	3	20	1
250000	-7192.943381944379	-7064.044487588885	-128.89889435549412	-7064.044487588885	1.700205058379047	1.3204612114662257	1.0	0.4908391127591257	0.9812256246598565	0.31059828497193814	0.5254314787994016	-112.95493162465966	30.416862633219317	10.52423736074712	5.681917557196121	2.1278778162740037	1.5969917370369844	5	6	6	9	27
260000	-7213.501298312458	-7078.140502765619	-135.36079554683866	-7078.140502765619	1.5900175378857326	1.1943885411002964	1.0	0.40231258438456463	0.9086511356220967	0.20066113509319375	0.46928417416001195	-120.5940261626425	21.155742160801193	4.209083873464337	2.784550419199199	4.64945950883322	1.5207712565721518	14	2	4	11	22
270000	-7203.48260465581	-7076.30620214149	-127.17640251432032	-7076.30620214149	2.3258486961239293	1.1943885411002964	1.0	0.44427548944151324	0.8836774777233749	0.1988674058575714	0.4471937314683674	-114.77020642841966	14.271409578340878	2.2452241006148808	3.6388719484644483	1.003821005414392	0.9720988637753154	15	14	4	13	7
280000	-7211.6344721254845	-7074.281315751529	-137.35315637395516	-7074.281315751529	2.7368905730289685	1.1222490533740472	1.0	0.41921434452513273	0.9677360753755142	0.20028954624921158	0.40867700879431285	-120.52144215212162	17.55978761694296	22.580663183980157	9.45654007704831	3.3739518205935086	2.2285193147715137	6	3	14	1	29
290000	-7209.860208471752	-7069.2528584802285	-140.60734999152393	-7069.2528584802285	2.359443442733207	1.2839738395328057	1.0	0.4006676519786667	0.9140901444961804	0.16428417309087245	0.42011032433355977	-122.27522296318867	36.48299721961763	11.209494773698415	21.502868748201145	2.2711963412828564	1.3879512607621565	5	7	3	23	15
300000	-7224.433703673274	-7087.195793158016	-137.2379105152575	-7087.195793158016	2.10125682746419	1.5082382233329925	1.0	0.42192426884864165	0.9174518298892059	0.23289758946044625	0.4771309044697151	-121.67371509247155	14.753421676020245	13.151800412641638	2.198676727723632	2.215403525403491	3.900273994916286	15	1	8	27	2
310000	-7216.364794982216	-7084.635720336876	-131.7290746453397	-7084.635720336876	1.9237497411772708	1.285079942130079	1.0	0.5018850992813115	0.9648219725275639	0.28310935003842713	0.5032136863409278	-116.17842690230069	27.071489036013254	14.292533768185375	3.447917103693746	1.7964564074273928	1.6516203212595622	1	11	9	16	16
320000	-7208.7982519744455	-7076.209329130149	-132.5889228442966	-7076.209329130149	1.998023924904911	1.0181437595032004	1.0	0.5567387686523224	0.8986514956327765	0.3576652905879832	0.5858490432190031	-116.22710584633235	41.150448396773186	9.625617145922186	3.466689757462421	3.5839328484955786	1.1832591303486468	4	10	10	8	21
330000	-7223.639334490589	-7090.3478990879985	-133.29143540259028	-7090.3478990879985	1.8383454255132212	1.1198728452627924	1.0	0.4528219309554159	0.8641283262927085	0.16019040321361658	0.43011429738020274	-119.6553109434908	22.021445723673654	4.0897301037110285	4.164724845452499	1.2625477835659171	1.208132692734709	7	9	18	9	10
340000	-7214.432866158765	-7076.3409607358535	-138.09190542291128	-7076.3409607358535	1.757225022127463	1.3306911014612655	1.0	0.6176303331384306	0.8961051162895343	0.2119355253644658	0.49575043967920746	-120.05300379493274	46.07626846853978	34.40222092805429	3.457685994464442	1.757742784371618	1.7139006700797768	5	2	31	10	5
350000	-7215.891532667027	-7078.837153465171	-137.05437920185653	-7078.837153465171	1.9315863898613603	1.2291720649556208	1.0	0.4342748837617165	0.9049119127593694	0.15695629429577349	0.406461487238608	-120.23054272432215	51.85540885937402	18.98418199201138	1.2717619762410795	2.3956373025464313	1.416425461312845	1	13	6	25	8
360000	-7199.710185454556	-7072.216312941451	-127.49387251310527	-7072.216312941451	1.518719966326061	1.2291720649556208	1.0	0.3881657478665868	1.0025308762604008	0.1665640977720073	0.3991376294349103	-112.50110389116185	24.290481671862224	19.88831848475329	2.874017189879961	1.954555475051972	0.9077903309712833	1	13	9	22	8
370000	-7222.792275308325	-7091.241967847598	-131.55030746072646	-7091.241967847598	1.4220282333307646	1.3936979660278805	1.0	0.3589918554837454	0.9799611326310858	0.16198076237724543	0.40382230189269014	-117.17020915529797	46.13242621724333	5.760544462287319	3.7139906008280508	1.3376116972164425	0.5247938568335391	11	6	1	31	4
380000	-7243.940665320557	-7110.937869241832	-133.00279607872477	-7110.937869241832	1.5945804992568633	1.3403263693620877	1.0	0.33738983008604445	1.0162360522276346	0.1334444021093604	0.35242826186212217	-117.50217773453744	54.48936377847822	18.118742915907987	3.175887196881785	1.78478190494012	0.17946869697468493	1	10	29	10	3
390000	-7217.255762160725	-7082.008442063051	-135.24732009767405	-7082.008442063051	1.7088682600811695	1.4713261326991427	1.0	0.5379282447128623	0.9477611633840327	0.2592838139239556	0.5007376988707345	-118.31922945508462	24.473385155200578	10.26507309899963	11.479066623877124	2.364483713976584	1.3857809740146483	3	7	9	31	3
400000	-7195.094984307679	-7072.329758602599	-122.76522570507971	-7072.329758602599	1.491794016115545	1.051515686162502	1.0	0.3556806615098057	0.9778199151910081	0.12992625833404692	0.36490513960715987	-110.54059025460367	17.880818536328018	5.132282115284707	2.284436731492881	1.1153535786277524	1.3162576167763667	11	1	25	9	7
410000	-7217.098217240045	-7091.545279508378	-125.5529377316669	-7091.545279508378	1.46303451148192	1.3841009654185523	1.0	0.42353315964215466	1.0338029734868832	0.1611098157736529	0.39349617570298073	-110.39068359930064	23.739902587251112	20.502081262399937	4.467618513034849	0.8775253268347577	0.9536867445803856	4	7	21	18	3
420000	-7216.497535000986	-7074.819942228534	-141.67759277245221	-7074.819942228534	1.6790397655057785	1.1261968918146459	1.0	0.4614314541699267	0.9676728493383712	0.17090153373119243	0.44143525016837615	-125.36846143851042	34.64063553867377	23.545029420737922	1.4798576415890798	1.4420380684430298	2.3475017677418086	7	10	20	14	2
430000	-7203.754467316985	-7076.286713473892	-127.46775384309332	-7076.286713473892	1.2872795633184049	1.1893810716998063	1.0	0.40161798191847237	1.0361500254679552	0.1778475352342328	0.4170347668197189	-110.47971801123622	82.96060537154385	14.148617755555533	7.2483812395575065	1.961148101178598	0.1844616247379156	1	7	10	32	3
440000	-7192.41202151803	-7067.597399931531	-124.81462158649857	-7067.597399931531	1.4243389686174737	1.216996735392849	1.0	0.4780275930996487	0.9449170948505292	0.30597371326600914	0.5245277740651403	-112.64690820943468	19.97778134480383	2.2470374787829	1.8526817952789172	0.9924977804293988	1.1704352952307553	14	13	13	7	6
450000	-7229.243366657534	-7099.729822032821	-129.5135446247135	-7099.729822032821	1.2217202632100594	1.7472481405194935	1.0	0.3583173900553562	1.0552746710904681	0.17056794020072466	0.38505518560626445	-114.12290480058452	31.820029425714427	11.751338932287073	3.701044528071758	1.9645676488117212	1.209498815633492	4	5	24	13	7
460000	-7219.77304605211	-7092.811520707612	-126.96152534449772	-7092.811520707612	1.304596137700922	1.2686678535811013	1.0	0.25714609205933137	0.9979032345404266	0.07695015381381688	0.2658794567605862	-113.63021621142018	19.82708003234181	6.783985125440122	4.72973807684916	2.4112590060293244	0.3950758159727856	3	10	5	24	11
470000	-7237.201748407531	-7093.901485214805	-143.30026319272633	-7093.901485214805	1.787734197310922	1.2715129109700691	1.0	0.3843587329813973	1.0217564219006583	0.17365822633703296	0.41290763012922027	-127.19623320693368	15.492561088421851	7.458730153351415	5.196171042276079	8.801122803983974	0.9032887607851394	11	3	10	3	26
480000	-7214.80904826193	-7084.380872582469	-130.4281756794608	-7084.380872582469	1.4774905188631848	1.5477507915475461	1.0	0.4857525093833039	0.9651965111391783	0.1994411938503409	0.47119133988626405	-114.28548693530557	49.660685301679244	10.316462220547162	1.9577186893389003	2.251772851616163	1.1285098710191654	4	12	25	1	11
490000	-7207.3546638565795	-7084.804183792692	-122.55048006388745	-7084.804183792692	1.3395426844420242	1.4155989543234464	1.0	0.43327077028907307	1.0012284036928711	0.20584777964320242	0.4437440093261567	-110.71134360972256	12.812465885524498	3.89304253504437	2.181695895186736	1.2605908922571352	0.9850636119868059	15	9	15	9	5
500000	-7201.429913881329	-7071.235988855338	-130.19392502599112	-7071.235988855338	1.6111875516930754	1.4155989543234464	1.0	0.5158290173207646	0.88175915530402	0.28416018951800903	0.5626572533082765	-114.10535509320157	15.48050325821207	27.92409391442229	2.047653440099275	1.9063162237592202	1.2762965036269724	9	3	5	23	13
510000	-7208.803281276527	-7078.929295822189	-129.87398545433808	-7078.929295822189	1.5840447500137274	1.3428481546789743	1.0	0.4039782788752724	1.0430563708626894	0.2895989332657801	0.5103236520506419	-114.32516879094554	50.36615213426315	14.062303662156074	2.2218249170307023	1.6788636063393902	0.9991874528008626	1	12	14	11	15
520000	-7201.3246436610825	-7079.581725406874	-121.74291825420804	-7079.581725406874	1.3565876432860697	1.248880928505398	1.0	0.29288749719715784	0.9656041535937726	0.09828078382296589	0.30896387307598566	-108.8054938461334	15.891646465695395	9.480300604644796	2.407484985283377	1.4771481706161889	1.4690404069044094	2	12	3	15	21
530000	-7218.116685178668	-7077.497442382905	-140.61924279576343	-7077.497442382905	1.92081850202644	1.248880928505398	1.0	0.337837217099575	0.9257175913124946	0.1194455403987007	0.3550783806192108	-124.11345852802062	44.30565744238278	9.125249142220417	4.74302201564383	3.9535473783114474	2.4083724175173185	4	15	1	3	30
540000	-7230.386632245713	-7090.2403288987825	-140.1463033469307	-7090.2403288987825	2.112699911077376	1.248880928505398	1.0	0.43177592715003604	0.9018631961639173	0.1208634766226882	0.3701194387287539	-124.05090344915597	35.74236905700237	14.71210122487934	6.0777510429685755	1.3853516032856104	1.5226261018228684	2	2	20	14	15
550000	-7238.506594391425	-7101.255256823333	-137.2513375680916	-7101.255256823333	1.7035190997161955	1.248880928505398	1.0	0.3268752022673233	0.8896780530134907	0.146329030468849	0.3909465580235885	-120.38087748635641	86.48987120493334	6.622545125316577	3.810699795381852	2.1913435740783993	2.5018053519854653	1	23	3	1	25
560000	-7209.980492402764	-7076.840728654214	-133.13976374854974	-7076.840728654214	1.8988679526334993	1.10736569591119	1.0	0.39379325158607953	1.023732355024716	0.23105103439764266	0.43924956408421484	-114.76857893718933	67.05433495128491	30.15608371763546	9.011326184729866	3.3352488425394573	1.1464936421323861	1	3	8	15	26
570000	-7215.033089018666	-7074.032183784237	-141.00090523442964	-7074.032183784237	2.0366895188664293	1.2951168950468561	1.0	0.42534911233197253	0.9089336017538545	0.16255728914070047	0.4049836470136	-116.53785550803617	63.13420454820185	12.13893866784066	58.00992269234475	10.241576708499384	1.5072653388403936	1	9	2	5	36
580000	-7214.67742106079	-7077.453362108836	-137.2240589519543	-7077.453362108836	1.9263316678947418	1.5011041680545965	1.0	0.37166465388705694	0.9631102675445151	0.15379745495638278	0.3925169855352275	-121.08607841802825	37.981905148903486	9.029557711124164	3.8507597393798716	3.403513457567472	1.8536060627236541	2	15	12	3	21
590000	-7220.846572118405	-7078.105570122342	-142.7410019960626	-7078.105570122342	1.6536379826214809	1.346028090710876	1.0	0.3396071513081087	0.9460614587204278	0.1470702851656981	0.37574004860078647	-126.58450663726572	37.61818662998755	6.838414882322882	7.456640094458456	2.355214677329972	1.9035248451009137	4	6	5	33	5
600000	-7195.88927489758	-7078.884018969065	-117.0052559285146	-7078.884018969065	1.0671941530217486	1.346028090710876	1.0	0.32892111830364723	1.0254601595964214	0.10249082553213919	0.31937494121439536	-106.08691554520915	17.971117105260113	2.7043800711600876	2.367712533390386	0.9212960202165148	0.2548464558181851	10	9	19	13	2
610000	-7205.378365028212	-7074.186601702388	-131.19176332582464	-7074.186601702388	1.6640038185008412	1.098692911258774	1.0	0.43055748823389905	0.8884589695321151	0.15334677321145535	0.4123556721776439	-116.32396646402725	33.233213064945645	3.221315106928181	3.814683675126298	1.897704574029516	2.1173978986146276	11	10	5	26	1
620000	-7211.614859056907	-7071.260894792051	-140.35396426485676	-7071.260894792051	1.6006338576619006	1.433599832758326	1.0	0.3728000676152847	0.8901879678143483	0.12492790183760638	0.3790722280531467	-126.21341593359242	14.915945793990302	9.417587254631513	0.999760333006316	0.9928608878090571	2.8152478795745064	14	8	1	5	25
630000	-7218.97390624028	-7070.461309638677	-148.51259660160198	-7070.461309638677	1.6522557450078095	1.433599832758326	1.0	0.507320508008425	0.8174121352100283	0.19623648948227576	0.4868469544988193	-132.27900106915095	40.024930395746665	12.420665542264516	4.180600231964957	1.552670813435094	1.5806421024122495	8	4	20	11	10
640000	-7226.463173269252	-7093.315691489899	-133.1474817793533	-7093.315691489899	1.801272644051856	1.2474534670670796	1.0	0.4285532193336094	0.9430263808321901	0.13823251675415563	0.37952378683982607	-118.42701146746369	37.640343383416905	10.225671841734515	2.761143806322177	1.134414977744322	1.2327908371429144	1	18	10	19	5
650000	-7211.704617900998	-7083.000411483851	-128.70420641714603	-7083.000411483851	1.2325030240150485	1.421401675858773	1.0	0.37409489628785736	0.9699070317538608	0.12628468851119942	0.3646506760365677	-111.4924230489289	41.22849505612978	19.795310810307626	1.0466722143632623	2.8108585621243423	1.583264594415045	1	13	2	10	27
660000	-7210.394770542246	-7072.124458630778	-138.27031191146816	-7072.124458630778	1.5425133822460404	1.321022133741091	1.0	0.48898112931435395	0.9526644606888264	0.2662759031198181	0.5056238593890088	-122.04548483090718	19.69663902598036	10.60295150955463	6.985011154674804	3.956455873380081	2.2521910011357824	4	3	8	14	24
670000	-7206.127235475114	-7085.491070054929	-120.63616542018504	-7085.491070054929	1.8539401500356094	1.2475494008140513	1.0	0.5405723226404493	1.0058871404632734	0.38230353914420706	0.5326664909759222	-106.57688648372333	8.759704857827202	15.940725861159862	1.1354640596011076	1.4672963314762921	1.3171004541630673	20	1	7	22	3
680000	-7190.009567254141	-7073.075651910522	-116.93391534361987	-7073.075651910522	1.3386710485404087	1.392376974779014	1.0	0.44629663221326976	1.0410636343656774	0.21739615153076583	0.4438183674082828	-105.49916131329888	16.730042471397976	2.077235329085154	0.6970946751676724	1.0672009561936184	1.28700570077495	13	14	3	16	7
690000	-7220.380047504158	-7087.42870925811	-132.95133824604792	-7087.42870925811	1.2133007414064823	1.2919525612061387	1.0	0.40455912782052095	0.9887277963708384	0.1621136676148337	0.3959867997479152	-120.19305634466933	16.830686759940527	6.578636302832304	3.371507297730876	1.0950883532281892	0.8543222540324715	3	25	1	20	4
700000	-7211.328564896084	-7081.012607520452	-130.3159573756318	-7081.012607520452	1.6705709703451677	1.2809206537561946	1.0	0.3260376516797542	0.967803401545706	0.10795011173657194	0.3348855147991373	-118.53236878842665	14.994713757331075	1.8023244814172243	2.515318673351427	2.008982874018084	0.4963010440562479	18	8	9	15	3
710000	-7205.258116013467	-7075.220391646124	-130.03772436734312	-7075.220391646124	1.2024255638294332	1.4033301211085094	1.0	0.32700735640023937	1.0263643809505467	0.13049212957606862	0.35491050837756066	-117.24522623268257	16.193669642740534	5.726823968236331	1.6411332293152314	1.0418944063339932	2.0241102892174045	14	14	5	11	9
720000	-7216.097950552273	-7077.226326408244	-138.87162414402903	-7077.226326408244	1.9600970835309797	1.3411961457192305	1.0	0.4153138182181657	0.9352705730724192	0.18912386402702447	0.450435424588563	-125.22606371605565	14.33047438074388	7.503751669822221	4.915081609028676	1.4446614545586185	1.256292643342034	3	19	10	17	4
730000	-7218.786702504913	-7077.414924461096	-141.37177804381656	-7077.414924461096	1.7581469584103282	1.5837090188438565	1.0	0.4548361565000321	0.8935853687439574	0.22362976643237895	0.48640779335080464	-124.65268320279522	27.404386007509878	10.093840085289003	1.487313587673609	3.8486668879748436	2.104629231442991	2	16	11	4	20
740000	-7220.3717584426695	-7088.396160526349	-131.97559791632045	-7088.396160526349	1.7949213614671828	1.5837090188438565	1.0	0.31161197006666835	0.896609769018975	0.09809657527711443	0.33072467571751846	-119.24018565192823	20.30571911260072	4.782723003544183	2.201778144650531	2.0234405669785653	0.40043819254181046	13	2	26	11	1
750000	-7204.971655664869	-7067.454583625985	-137.51707203888444	-7067.454583625985	1.8926618002797657	1.3018288333802803	1.0	0.4150459332979489	0.9163377044145165	0.19603804979446193	0.4362804390641555	-125.07130991593282	24.45254390244069	5.729583655095086	2.4248211184944584	0.9854985371153948	0.4029665328980987	11	12	23	6	1
760000	-7220.911318437123	-7084.351176907647	-136.56014152947597	-7084.351176907647	1.455392128233085	1.3018288333802803	1.0	0.355115750113345	0.9582743929028147	0.1663834426324177	0.3969829888183713	-120.87664363140256	29.53088787151471	8.208700371934187	11.794040923177334	1.857475653862461	0.21258145727465677	6	13	10	22	2
770000	-7217.806720846775	-7083.144188108374	-134.66253273840093	-7083.144188108374	1.5871945446435134	1.3018288333802803	1.0	0.31485946029634465	0.9394891610218101	0.11192780113968571	0.34434973661464086	-120.72231514013491	26.729739063107164	14.170762147708384	2.052561806192768	1.5802155828330857	0.8261905209762759	5	12	21	14	1
780000	-7209.4255992314	-7077.317468902549	-132.10813032885105	-7077.317468902549	1.6745424234969353	1.2745331114696352	1.0	0.40936336499923914	0.8593280341892318	0.17093869517727062	0.42701702906912636	-118.5053444965111	19.917252272406675	5.392905308927209	2.6677347394108923	2.1910675885904043	1.4636613175266915	9	7	14	9	14
790000	-7189.442716521155	-7065.278077277151	-124.16463924400307	-7065.278077277151	1.3482994135106585	1.2745331114696352	1.0	0.4325912432301262	0.9745455563539134	0.1953393372164841	0.4155779347126013	-110.20466994456258	18.845797373214193	7.139351984758038	2.2888884682325634	3.039106120961879	0.4697663393747103	7	6	32	5	3
800000	-7201.857683106456	-7069.491765370357	-132.36591773609842	-7069.491765370357	1.744591989807034	1.2051345238972584	1.0	0.43544650040238114	0.9754585698997943	0.2486485251168615	0.4802313262062626	-119.2331527219757	22.225389620032377	2.4104794054197924	2.07718470255381	1.2744278224532226	1.977607368840148	14	15	7	14	3
810000	-7210.521014308123	-7079.038905058664	-131.4821092494592	-7079.038905058664	1.555814184491017	1.1720725414408826	1.0	0.389911127460463	1.0340266286063813	0.19171607033152402	0.43288046131451907	-115.43205040427603	36.02103897613421	8.870412611017104	7.013133954782424	3.37492593217788	0.9400550254745639	7	2	9	10	25
820000	-7214.7790279641495	-7073.1100648897445	-141.6689630744053	-7073.1100648897445	2.054693418164011	1.3369467007973548	1.0	0.3857587481212507	0.9351791075214816	0.13082308828475137	0.365239468914427	-126.30688890799239	23.553645724015546	13.898711696098571	6.080482994066137	1.7449961312894589	1.47962932513828	2	4	17	21	9
830000	-7214.067967503713	-7079.57030684291	-134.4976606608027	-7079.57030684291	1.750153374613552	1.3320951659614442	1.0	0.3712111171081054	0.9827404226546016	0.15928600324956582	0.39124838479767154	-119.38565828629102	30.818387466835937	13.27816082814055	3.202990454297428	2.4981027450452413	0.7776219609515775	2	11	17	20	3
840000	-7209.249444066047	-7076.365286211199	-132.88415785484744	-7076.365286211199	1.6008277344357045	1.1744608843841449	1.0	0.29664818910370394	1.0618227248715582	0.1107677222386243	0.3167886321863652	-118.52859834930449	23.571526598230758	5.007237615835813	7.14107194973748	1.897227227754039	1.0310264795957313	10	14	2	19	8
850000	-7217.8725115802	-7089.414178651071	-128.45833292912934	-7089.414178651071	1.8199454349052706	1.0366033975496833	1.0	0.25109747876223726	0.9861059237860957	0.08294123677286869	0.2862052592439707	-114.26422588171556	32.984016655982465	10.658381557219512	3.5649424253983506	1.6449316599253765	1.4986558442369184	5	6	13	27	2
860000	-7239.135292830864	-7101.28577223944	-137.8495205914245	-7101.28577223944	1.7698244108658212	1.253025988505459	1.0	0.2519676056852039	0.9811337323683714	0.057819275408873654	0.2454361640772192	-122.05812280369551	13.277980134395898	15.934436552845106	8.282747219562568	6.302346677108867	0.9943891439002776	6	5	13	2	27
870000	-7213.325062651806	-7087.194360470678	-126.1307021811282	-7087.194360470678	1.514316420604758	1.253025988505459	1.0	0.38122376718745693	1.0011954982167912	0.11885138159598448	0.34425326973089465	-112.44146771633767	27.554436212818135	8.499179663532933	2.559761717059787	1.1878726322254993	1.1225613916447152	2	16	25	8	2
880000	-7205.87631807498	-7069.84422231407	-136.03209576090975	-7069.84422231407	1.5563120906743162	1.253025988505459	1.0	0.549607438688375	0.9877045118784087	0.3922258676910635	0.5854681134065575	-120.33895844518433	12.703905662820441	9.455092459681149	5.615676753883549	5.140905816324274	1.803579587216191	3	6	7	7	30
890000	-7197.666417535393	-7062.073050665313	-135.59336687007954	-7062.073050665313	1.4914462256431291	1.4455950933797252	1.0	0.4382194189957629	0.9249806743967461	0.2414812911851791	0.48618196531296903	-120.95568587610906	11.036071427089988	7.722077107538398	3.6583312079476022	4.782476348006078	1.2263719185940507	4	12	17	6	14
900000	-7198.115334426786	-7069.207913074948	-128.90742135183834	-7069.207913074948	1.5306642350971065	1.260590978882141	1.0	0.6173237053137547	1.0301383697044875	0.3827278207616157	0.6008080047978689	-115.07509931616787	22.651118070525534	2.460223935133463	1.765246637046555	2.313975607691414	1.1883452751060615	13	21	2	6	11
910000	-7198.101186267509	-7069.354862079507	-128.74632418800178	-7069.354862079507	1.5782487731120234	0.957450968607305	1.0	0.501075535391189	0.9399291274480965	0.23132168192041241	0.47218200951817507	-111.67273778142827	56.256506731391376	11.770427986768121	1.630168198821132	3.507950327567027	1.3138883564132406	1	17	23	2	10
920000	-7199.281349873727	-7065.259806124198	-134.0215437495289	-7065.259806124198	1.6100792347219672	1.1585347848959067	1.0	0.470907268915924	0.9237090591001292	0.26102478116002215	0.5036038583760184	-116.61164184761701	65.57350784266926	13.028409811363272	4.128378864992852	3.624714990523479	1.2811004556409156	4	7	13	4	25
930000	-7199.945581432608	-7077.596974190457	-122.34860724215092	-7077.596974190457	1.4754165556095324	1.2919038687851012	1.0	0.3949202589638441	0.9695669942052167	0.18385422964192832	0.4255688074051091	-108.8512975368463	21.873456090219843	7.161368467987134	1.627802994156006	2.0833743201291406	0.8856810553088026	7	8	6	20	12
940000	-7220.559724524251	-7093.858376875367	-126.70134764888356	-7093.858376875367	1.2455259301965549	1.6584874551889681	1.0	0.26414689518057455	1.0413866536112917	0.08014135485004946	0.2797799804137309	-111.11287284740017	31.36855189075929	18.599467653137786	3.6037006507225233	1.3888734203184663	1.770876103457268	6	2	22	20	3
950000	-7193.838383969132	-7063.950961362719	-129.8874226064134	-7063.950961362719	1.5221104405272006	1.2205150279356298	1.0	0.42995641700018905	0.9979787167529544	0.1566743975962938	0.4029652181398589	-114.47771004998864	31.224856038404738	3.274817566567736	4.977660687406595	2.7939469048074606	1.6367287806016493	2	1	21	12	17
960000	-7210.106407755257	-7077.504859887767	-132.6015478674903	-7077.504859887767	1.6219502165927473	1.387616778580865	1.0	0.4238967810449254	0.9277796968077198	0.16654315331087263	0.4285224997804227	-115.91294244145013	33.47764700294294	2.431134219269635	7.1371202154171955	2.668957199212085	0.9818222121179766	5	2	11	18	17
970000	-7207.262480185914	-7072.966380027418	-134.29610015849576	-7072.966380027418	1.891574946433773	1.3186940112643326	1.0	0.43260068003464397	0.9054803768764905	0.13683778876825767	0.39198096682387434	-117.58282831843754	74.83632801170899	4.937638996505689	2.7747184446493636	3.1849224530702607	1.5493685346717316	4	16	16	7	10
980000	-7221.213852922335	-7079.804308692633	-141.409544229702	-7079.804308692633	2.2526511269150795	1.442540060524904	1.0	0.3441079567770474	0.8842014441384204	0.10503482578223536	0.3370338090336155	-121.17137396224241	78.02993844518726	54.21811192321825	15.65610638196157	3.6710972098823174	1.579347768615147	2	3	2	31	15
990000	-7208.734151344472	-7076.600720783034	-132.13343056143705	-7076.600720783034	1.7162615381073232	1.655129770892294	1.0	0.46671254811487234	0.9104358504234165	0.1498837125898433	0.41172909061935303	-117.61560300319243	23.632941427123864	9.391969671124066	2.4886702404970777	1.7071834136262574	1.1138715260083565	3	12	16	21	1
1000000	-7223.567981719231	-7078.410364355459	-145.15761736377223	-7078.410364355459	1.651569121902624	1.372845019080693	1.0	0.4047750731410296	0.9304439956634932	0.14132575934084213	0.3758273582855142	-130.43086540050513	26.796092754535927	5.430895727306999	4.239683665921483	2.9356029753222352	0.7801204248197415	10	4	9	9	21
1010000	-7211.17833815163	-7075.920947794856	-135.25739035677384	-7075.920947794856	1.7028327805769665	1.210930902967851	1.0	0.5277450203635753	0.936966990116221	0.31148107274310816	0.5353917836747186	-121.7774111115826	13.686598285635354	4.363221814220548	2.859078009388697	2.825762228707819	1.2568600682741533	8	21	1	4	19
1020000	-7208.601946664388	-7070.2863469067415	-138.31559975764668	-7070.2863469067415	2.123175685475312	1.216653040672302	1.0	0.3960558354708222	0.8863243978163488	0.14769777501821055	0.40433883747287214	-126.44877898336348	16.41737567047783	3.1750006774968873	1.892237923455232	1.559151131593659	0.9563690002635344	7	32	2	10	2
1030000	-7218.259759529171	-7087.628128995917	-130.63163053325397	-7087.628128995917	1.4494202496275344	1.2652528235289628	1.0	0.32001977089097366	0.9495357840337915	0.09528577714181488	0.3173749247320343	-114.74353985088709	45.582428727421025	9.860192285333714	1.4965437306006217	3.069413583981571	1.40963272496752	4	7	4	28	10
1040000	-7198.669427173642	-7061.757168152871	-136.91225902077142	-7061.757168152871	1.5034817765651225	1.2141990021438693	1.0	0.4176560388653666	0.9952279383084193	0.23941854703345922	0.47137803051269644	-120.57016826871647	35.916462383220775	16.648556024207338	7.944713930263641	2.6128284125105674	0.4705003998211026	2	1	19	28	3
1050000	-7220.843599446717	-7075.016593103883	-145.82700634283452	-7075.016593103883	1.3776503617086122	1.2141990021438693	1.0	0.3706101436807789	1.0067330303445783	0.1654740314978491	0.39687009723043776	-121.02158374876765	725.0298751809329	180.7336756477365	9.001954103155121	2.6537171322009456	2.553278089398092	1	1	18	11	22
1060000	-7210.1049540331205	-7080.484948702165	-129.62000533095534	-7080.484948702165	1.7038450534140197	1.294605416198969	1.0	0.4443607784584186	0.9677510384605034	0.20318099110404694	0.43333019428949376	-113.46361066577495	43.12377580950643	8.217492261414687	4.211543658391573	2.5770826938439115	1.95575306087222	3	2	5	12	31
1070000	-7218.492445375092	-7089.353884056533	-129.13856131855806	-7089.353884056533	1.6669716771672136	1.3546687401143291	1.0	0.35572962022365584	0.9535675680710328	0.15261840784837866	0.3891746682164358	-116.33653795559009	18.133899642156884	8.827845423869322	0.9234914460242516	0.8299449550882442	1.5065406238633512	12	9	4	20	8
1080000	-7218.117328720137	-7083.419554708973	-134.69777401116448	-7083.419554708973	1.894967407435018	1.3546687401143291	1.0	0.41906996653801937	0.9764123247725869	0.1918024748094126	0.42971577755520163	-121.12603328176569	13.349258106144514	6.533878106396613	2.1073405471495894	2.8016725808852976	1.580798150595261	18	1	4	2	28
1090000	-7224.368108305886	-7085.089288840165	-139.27881946572157	-7085.089288840165	1.6718862781988961	1.3627688507896536	1.0	0.4348899941500968	0.9765140078851817	0.2477825027312333	0.4878592978675164	-126.90255804569505	9.679581038540432	3.6515014810737325	2.7659911800668935	1.6846875179730745	1.9563278495524563	15	11	4	20	3
1100000	-7210.446670202033	-7075.4334140873025	-135.01325611472987	-7075.4334140873025	1.7515915420861743	1.2488943757150066	1.0	0.4936949063923738	0.9411871217117275	0.29515674170643624	0.5212731138729043	-122.97688074727836	16.093448017622407	6.353154586136977	1.152696718408518	0.7355775189360743	1.0192878214975791	18	12	11	6	6
1110000	-7208.078893193804	-7069.990669065292	-138.08822412851185	-7069.990669065292	1.3809701966657222	1.3031026503427816	1.0	0.3969465721858605	0.9024771734801005	0.16646724108774805	0.42396295171255066	-122.60263938648238	17.865569875090102	14.442417964585166	3.226741535586375	3.4776251564645357	2.177913025771788	6	2	4	20	21
1120000	-7203.796486474235	-7080.7344218202	-123.06206465403517	-7080.7344218202	1.6893862549443568	1.2366054031197091	1.0	0.30798798946856987	0.9552784084827171	0.10379783112137106	0.319581199942428	-108.47709030340708	25.37706591741673	7.144121115302414	7.206347182685904	1.5396410728431105	1.171431456779642	1	15	4	23	10
1130000	-7216.132181432129	-7079.260939606478	-136.8712418256509	-7079.260939606478	1.4461183902375978	1.2366054031197091	1.0	0.3503512131875487	0.9811487559070416	0.15720423531838437	0.3910729158974463	-121.97997721230583	14.728131981914977	16.777898633049	3.5828874482178	2.174656213993219	2.2376112429703925	12	5	17	15	4
1140000	-7198.860469078847	-7073.781721946533	-125.07874713231358	-7073.781721946533	1.9054279056785475	1.2366054031197091	1.0	0.5056963489421341	0.9758387544500563	0.28314095539393175	0.488804899845686	-111.83424932248465	29.18097020881086	2.5331160822062406	2.1972776943813397	1.2900372868374386	0.979185051794979	6	31	2	6	8
1150000	-7189.473166767101	-7067.6553224673935	-121.81784429970763	-7067.6553224673935	1.3081689499161706	1.282854478977502	1.0	0.554049982569396	0.9931717173773374	0.24653932670075665	0.5058846476474441	-109.67803742861061	15.534784493384963	5.736707046694006	0.9943450392014033	1.4748874317423437	0.0845149375747309	9	19	7	16	2
1160000	-7215.274849868572	-7081.109681492552	-134.16516837602023	-7081.109681492552	1.8424883280177602	1.282854478977502	1.0	0.268894808257076	0.9285964730250391	0.08621227778984121	0.29434445267116727	-117.30566914598785	81.28585883442295	11.911624276311544	1.183080485989607	2.59745710651872	1.7166003378051795	1	16	2	4	30
1170000	-7203.987880899276	-7072.999380442464	-130.98850045681223	-7072.999380442464	1.4420025893797708	1.5223514029147647	1.0	0.36538956319152055	0.9488596474014033	0.11734442539119255	0.356258058034099	-117.50729697617926	31.137169128474234	5.558522279440157	3.123471099887655	1.528142435885839	0.15570574332378875	7	7	16	20	3
1180000	-7194.923732515539	-7063.311284415962	-131.61244809957634	-7063.311284415962	1.8994591234493041	1.3430108496435516	1.0	0.4918497531953276	0.8433011235810198	0.2560930702873461	0.521520999693091	-115.85439598902855	67.4187998863818	2.8500403342341625	3.06320632104041	2.3131891824779145	0.40583180636547667	5	30	12	3	3
1190000	-7206.700199500401	-7079.356414273534	-127.34378522686721	-7079.356414273534	2.818127646920303	1.010394901152183	1.0	0.40941088424846156	0.8287268953475906	0.16239983709571867	0.41407399408041584	-112.940654978753	25.122392293119923	16.325253847503213	3.4847702199534196	1.2840698141369027	1.0048073248186653	3	1	33	3	13
1200000	-7209.615756816259	-7082.817705867127	-126.7980509491316	-7082.817705867127	1.5065847943593849	1.2590394084451357	1.0	0.3333795678050865	0.966239287240951	0.12025477694135672	0.3467493381209511	-112.64990824312342	37.81029553596596	8.887895507882323	2.781381447522831	1.3565183462648518	0.9896496321231202	5	5	30	2	11
1210000	-7209.360760627827	-7071.886388366276	-137.47437226155117	-7071.886388366276	1.4857050273806	1.0979307663136213	1.0	0.43838518016504435	0.9358030422388265	0.18474848758553175	0.43783521179614726	-117.80450275720484	96.53384547061239	13.946814100524575	5.5807634703434905	8.150806350830445	1.8517559850347367	1	14	2	7	29
1220000	-7199.368909348358	-7074.271876309424	-125.09703303893386	-7074.271876309424	1.3690477280391333	1.0979307663136213	1.0	0.43794814807846505	0.9765434880267675	0.16576741900214007	0.3960592545628212	-109.65400786766013	45.47326477847977	26.205654556688472	3.7837692399419924	0.9612216266659181	0.4166508577222106	4	5	24	19	1
1230000	-7195.682641003317	-7060.515394628642	-135.167246374675	-7060.515394628642	1.4419673631824579	1.428954162839061	1.0	0.5420843119064633	0.856700039573285	0.3582856914054001	0.6063957949772564	-121.48479304494859	16.13538498103338	6.3948060049226605	3.3728902853961	0.7348455865871908	1.2273809255488017	2	5	31	10	5
1240000	-7212.9253324810625	-7079.24581514564	-133.67951733542174	-7079.24581514564	1.4347646418551727	1.1616709830375145	1.0	0.5301842603230562	0.9629146891851411	0.33346431443436614	0.5787866044947532	-120.20686210067976	19.866757031704392	8.448112870473896	2.0767618773842904	1.3469380755465439	1.044714298012622	4	17	17	8	7
1250000	-7237.161849559593	-7096.601783304959	-140.56006625463422	-7096.601783304959	1.4733429153054096	1.2757685862911587	1.0	0.450335193858371	0.987563895433975	0.19666430169252183	0.4284752759928802	-121.41758398066891	21.897297106124697	21.111751146150205	30.66664956554149	3.3437019675246753	2.331740039525965	3	7	2	21	20
1260000	-7206.5543001614815	-7079.641143088582	-126.91315707289942	-7079.641143088582	1.411351920886056	1.5554053277435118	1.0	0.342387719898797	0.940654871404512	0.1308060757172324	0.3644172038454352	-114.49676425953685	17.520747745295953	3.5541433375906313	2.3138647899272904	1.616226543633184	0.9903146508719046	8	24	7	11	3
1270000	-7224.313164239227	-7080.94206303063	-143.37110120859694	-7080.94206303063	2.071059905481959	1.3840398255693673	1.0	0.43560211426191636	0.9053035482192362	0.18369005913856873	0.441848054657703	-126.0473705509987	39.75500889650167	17.070480176038842	5.8435707396548	3.502361919298718	2.1368344298554627	4	2	15	1	31
1280000	-7208.405249391147	-7078.592036952253	-129.81321243889425	-7078.592036952253	2.2080323137966475	1.1795785412727404	1.0	0.4988151609447875	0.8908905753544079	0.20523582829659842	0.4744339205232397	-113.94571585315904	25.605166197674322	17.86116320707114	3.7580369856876334	2.235656805476411	1.6176868256515997	4	3	12	13	21
1290000	-7205.989697555577	-7068.732582275706	-137.25711527987136	-7068.732582275706	2.6799037107286203	1.5304718739205776	1.0	0.3797911644196211	0.9006537134769312	0.15588617254789355	0.39367089898075297	-121.94195044137696	29.645914595811565	16.114018352290504	3.7660138727006167	1.2184983246950756	1.3089849096946478	2	12	4	34	1
1300000	-7215.766492423087	-7074.164332026665	-141.60216039642162	-7074.164332026665	1.8805757086814359	1.2285288491515498	1.0	0.38760867768373203	0.8971610053349643	0.1454236559676577	0.39811021555988657	-121.03818968536737	59.772563940618795	8.099228869309266	18.279317802154225	11.323914546622536	1.8172660391853477	3	9	4	6	31
1310000	-7221.684879418581	-7079.305028195443	-142.3798512231374	-7079.305028195443	1.625193475930093	1.2125366497163592	1.0	0.3769379198668169	0.8958193442733903	0.14189125877014955	0.39751250088976714	-126.73848116053279	16.880749249360235	14.586937170277372	4.287992676232313	3.209506124165046	3.3736890856578765	7	8	7	8	23
1320000	-7222.279407523216	-7078.226800484493	-144.05260703872318	-7078.226800484493	1.403659097131687	1.3845104861394886	1.0	0.5240025203008765	0.9128423012194409	0.3108539193760621	0.5747184456687132	-123.39348897199284	41.176882418853914	65.60114757396973	7.469473105999214	6.403623531631971	1.0873091864584077	5	2	3	17	26
1330000	-7223.572499573038	-7085.188480058521	-138.38401951451652	-7085.188480058521	1.2991971469616959	1.2085062985583013	1.0	0.5330646186022904	1.0088353000890904	0.372364853726658	0.5845358274510232	-122.87999367488827	21.85394793792722	14.422504606167076	2.5936869494890464	3.0388014826944256	0.9023606114247663	1	23	17	3	9
1340000	-7202.643142920525	-7074.574269030981	-128.06887388954414	-7074.574269030981	1.6083865450206876	1.370194875254522	1.0	0.3858327441112932	0.9527427828688478	0.17423316053118373	0.4132727304139863	-110.8263942074421	21.714820420578487	17.642887748787366	8.149093900332954	6.749864900005026	1.2496107991451055	5	8	3	12	25
1350000	-7232.964009667871	-7092.789445129995	-140.1745645378762	-7092.789445129995	2.000406718167396	1.3957415871421943	1.0	0.44658345460707294	0.9372578890960352	0.2686032403484652	0.5018102653975648	-124.40049563738714	19.042267905300044	9.081685485274582	5.643405967810826	4.054515392970881	2.248303798881235	3	2	21	2	25
1360000	-7218.039743550962	-7079.235839827678	-138.80390372328398	-7079.235839827678	1.624932492111593	1.3507031904775655	1.0	0.4523495734957221	0.9473760224779394	0.16536043644151782	0.4248058784964631	-123.88606906201089	25.00138135642863	10.220738124173444	2.0193774376472664	1.0396738362346805	2.22884110097235	2	16	19	1	15
1370000	-7224.962473586125	-7085.227257506365	-139.73521607975982	-7085.227257506365	2.386877706348499	1.29425975098972	1.0	0.35173351709679684	0.8720757227459538	0.07899619784765448	0.3128132984926859	-124.34349516783422	28.45311884441248	12.039723876687775	5.51576616276302	1.1142156201238516	1.7770075628121393	8	1	16	8	20
1380000	-7209.770152267484	-7070.854063383353	-138.9160888841312	-7070.854063383353	1.5268887723447269	1.2068502023816154	1.0	0.4430660429206812	0.9413645407110702	0.2208370271904986	0.4891147043851962	-125.21514191508851	19.936742237298407	8.874973884661616	1.7183021872161686	2.3700775034940316	0.3297097523207385	6	12	13	20	2
1390000	-7229.792628779513	-7087.652518597702	-142.14011018181134	-7087.652518597702	2.0230272018490307	1.1813685890172367	1.0	0.49768482012940257	0.9981947954514055	0.2919401639794688	0.5381515505984954	-125.71597286690928	19.33992609478013	12.408831554604582	8.894667740498816	3.6716808942937567	2.1364935677123826	5	8	5	7	28
1400000	-7213.699611554534	-7079.942427389918	-133.7571841646165	-7079.942427389918	1.914127424285988	1.1984390286151414	1.0	0.43563393861998045	0.9976624635761496	0.19479022609921826	0.4179633811133769	-116.88332973010354	55.766239833574815	23.340404615333643	4.704976226852401	0.945553404186453	1.3541634243156144	1	6	22	16	8
1410000	-7211.513922702283	-7080.621798723866	-130.89212397841652	-7080.621798723866	1.4056977891518718	1.3755055464236734	1.0	0.5267334579608544	0.9368570013231451	0.26469269541557744	0.5163947883012516	-116.99041204804668	15.03750398711639	7.068444919594635	1.973805848441274	2.07420007208533	1.8186066887116983	10	15	3	1	24
1420000	-7210.703929453753	-7082.437621059997	-128.26630839375562	-7082.437621059997	1.476064175475127	1.2167161821226609	1.0	0.2968477587772327	0.9502330425926664	0.09658404779125149	0.3240290259732715	-115.93217972815795	17.074246183988322	2.970848083579221	2.8897297447618375	2.005229289816353	1.120677037366327	8	4	20	7	14
1430000	-7230.826579654208	-7101.455863812477	-129.37071584173142	-7101.455863812477	1.5321480962590506	1.2522861002787045	1.0	0.43567289104741913	0.9364156339666305	0.20163818955062784	0.46364681097155663	-117.0670816639224	19.64531682978802	3.4369455133133653	0.5268304613917892	0.6125831308703736	1.6930924402795164	10	17	1	8	17
1440000	-7216.521039738591	-7084.941014730685	-131.58002500790562	-7084.941014730685	1.86177250497375	1.561074776195833	1.0	0.41514355398103553	0.8712972152323847	0.13503609900161592	0.3970168141776782	-117.2840382587156	28.333778725451083	8.543443626167392	3.9037504897124076	1.5763877663300903	0.41159445683630996	4	9	23	15	2
1450000	-7209.591436417321	-7070.943494394197	-138.6479420231241	-7070.943494394197	2.049356972445674	1.2492488393385954	1.0	0.4951841579165862	0.9944023273506392	0.2752066733511447	0.5001148229584156	-123.81003880156854	11.96930896538618	13.991955544733587	5.850045610018973	1.4633375411484375	1.5352364331567714	5	2	20	16	10
1460000	-7221.332402682122	-7086.212382975765	-135.12001970635745	-7086.212382975765	2.0318793169077525	1.3228521153518917	1.0	0.415072359320914	0.9442307114198635	0.16910568713328442	0.41731630275397547	-121.3715167204551	15.267019747761083	7.960576385034686	4.309712017703127	1.9305786962849092	1.1764479169237345	7	4	10	15	17
1470000	-7218.0893324249455	-7076.985997809755	-141.1033346151907	-7076.985997809755	2.6463249111025893	1.3228521153518917	1.0	0.4253325462428788	0.9075843537199063	0.19934094829252358	0.44862727170916505	-125.26404235352322	28.47126590418577	9.852627603445518	5.9961763774263055	2.790857400179777	1.6586703840873844	7	5	12	11	18
1480000	-7201.276173281861	-7066.601056747709	-134.67511653415173	-7066.601056747709	2.9042608275204524	1.3228521153518917	1.0	0.474894627161356	0.7908364660056535	0.2215595163692708	0.5022137154107955	-120.0536045102855	26.776651612049847	3.4428708373699366	3.50516449076341	2.4648386876551807	1.4825929274121519	10	7	16	10	10
1490000	-7201.012790428875	-7063.238880804666	-137.7739096242081	-7063.238880804666	1.401841762371627	1.2199518019121387	1.0	0.4085972416962118	0.9216244101918046	0.2230041827803401	0.46404751212763795	-117.67235311307664	168.97899762266837	57.09114160883615	3.703579946674113	1.3265836028506572	2.106410046894114	2	2	37	9	3
1500000	-7210.165713387743	-7080.094516264282	-130.07119712346173	-7080.094516264282	1.4201537247690954	1.465870964001844	1.0	0.3807837253085702	0.9765347334046104	0.1721516155590806	0.4107209672121396	-115.06028380621926	31.318929710431252	12.42537195621523	3.113615120072158	1.626547702037809	1.3231060599983429	8	2	16	14	13
1510000	-7208.062467291539	-7077.1325696805825	-130.9298976109568	-7077.1325696805825	1.9869758644715754	1.465870964001844	1.0	0.3984595105411031	0.9440621470402396	0.1807221915811256	0.41056410870335985	-112.86614456335313	73.7728475667084	10.15762395154919	7.679918165290032	3.7415237946148268	1.272147469384427	1	6	8	16	22
1520000	-7205.855551163676	-7080.80117665534	-125.0543745083358	-7080.80117665534	1.6021644313560868	1.4915713476817878	1.0	0.3494906110188324	0.9767903041262614	0.11052186968264303	0.3234955884124183	-111.72439126573352	22.813326614616482	3.821442374055369	0.6554295330457532	1.5281616691717297	1.7740473158955639	14	6	6	22	5
1530000	-7207.413443528748	-7088.317635038797	-119.09580848995087	-7088.317635038797	1.192197879620838	0.9507627375856302	1.0	0.2872043081458671	0.9975676370918392	0.06146895432329758	0.25314290586312205	-107.42312177961942	26.12578679288685	4.189686124330253	2.3991741353651728	0.7515465229119577	0.7298517283751892	10	8	21	13	1
1540000	-7211.087776359326	-7084.020805076999	-127.06697128232778	-7084.020805076999	1.330408224988817	1.1859029425576595	1.0	0.33335053505371004	0.9309264454880473	0.09499293663585208	0.31668636534959904	-117.47354980013272	7.126632373769222	2.487024497181949	0.5161858350949402	1.3266996874649744	0.6296895349888781	21	21	1	8	2
1550000	-7202.291590652198	-7061.256154179476	-141.03543647272215	-7061.256154179476	2.0989166132041652	1.1859029425576595	1.0	0.49247188431503375	0.8856191967427789	0.24885277243381493	0.5301714853765039	-125.45090522801593	22.70979691344621	8.123664556245389	2.5231259821128584	4.314146979603193	1.5116300161075893	7	7	2	13	24
1560000	-7199.744045403267	-7077.790214013994	-121.95383138927244	-7077.790214013994	1.3010545707277874	1.2533772606628668	1.0	0.36515023843446587	0.952577446678292	0.10486387113711122	0.3261030993739123	-109.4608926766365	34.62217288742503	6.145859117414885	2.9658983973514195	0.8389225357888697	0.007624112583485753	6	2	36	8	1
1570000	-7198.5460837968485	-7076.929665982192	-121.6164178146565	-7076.929665982192	1.1467099787934727	1.2533772606628668	1.0	0.3402887131532289	0.9998419221606395	0.09700397672325545	0.31649776500076043	-109.4386931313335	26.49267134899992	5.302996470626761	2.8109712272792517	0.7131030781933161	0.4630651904517618	8	3	28	13	1
1580000	-7221.349744534308	-7091.18441928209	-130.16532525221834	-7091.18441928209	1.6153951949858407	1.5820998051091146	1.0	0.3270813407333112	0.9976556184820282	0.10919038347878864	0.32246508872792007	-116.02436989201959	26.63061734540021	10.795163459732336	3.843595266002463	1.238268597868268	0.8062318593358708	2	13	20	4	14
1590000	-7195.64481770889	-7064.186294422168	-131.4585232867209	-7064.186294422168	1.9186092338968637	1.3722674262807526	1.0	0.4193607907651559	0.933937686292155	0.14472410732163393	0.3793281232483401	-118.78521358648483	10.467762954860362	6.283212744037304	2.616117108811547	2.0540786646481792	1.2455496309710439	6	10	6	24	7
1600000	-7226.017660829299	-7089.144088366617	-136.87357246268135	-7089.144088366617	1.6831540235212414	1.7964248304791128	1.0	0.42126463187796515	0.889452747823325	0.18727191352983735	0.42693695260539993	-121.60280600543585	28.26527890717963	5.2659125128540465	2.3070034556958015	3.3557656576978725	1.0746015748397142	3	20	21	6	3
1610000	-7205.228264144414	-7076.913040637498	-128.31522350691688	-7076.913040637498	1.7571160298506923	1.4112838550216076	1.0	0.31760683329507605	0.9424076033467153	0.12188144528137775	0.3478345846098682	-114.74273574727309	71.71980587362869	5.739254129103093	2.3108457327650265	0.7160210877262437	0.20747681012187297	1	18	30	3	1
1620000	-7229.1342666697465	-7093.497985715403	-135.63628095434305	-7093.497985715403	1.670428711876269	1.3949463200944743	1.0	0.3566071511786923	0.9375055664375465	0.11859642274410746	0.34414627361305306	-118.39471144482575	27.76296638833378	23.05151768970818	9.472076216384593	3.4951983920209395	1.7951346796533696	3	2	8	17	23
1630000	-7203.314738591572	-7062.318301459896	-140.99643713167512	-7062.318301459896	1.5015292712911597	1.5246537939896772	1.0	0.5044815407383575	0.9288951569245203	0.23686249930082573	0.4768267922069229	-122.36247236105504	30.90350463332132	8.974889096557085	10.26704798442434	9.394249211099016	1.4078545956172068	2	2	11	10	28
1640000	-7227.155512917068	-7088.584789010191	-138.57072390687657	-7088.584789010191	1.8226134061594266	1.3882437005247272	1.0	0.3091070662811206	0.956552074767236	0.10737750109052199	0.33024446862655993	-121.77136614497884	43.10425202045654	29.961518820007992	4.328802240324154	2.437783893791917	1.1630664808871216	4	2	27	9	11
1650000	-7220.260062948743	-7082.662480658185	-137.59758229055865	-7082.662480658185	1.5221120595385138	1.4270245688075534	1.0	0.47611756739934197	0.8637264321562552	0.26410535940065977	0.5314252029755546	-120.42628199930373	24.677478964205953	5.72881471329141	6.992529322907272	7.960538305574883	0.7365745765254095	6	13	3	12	19
1660000	-7198.0228450335935	-7066.063839907196	-131.9590051263975	-7066.063839907196	1.4141952619180926	1.6614116877579241	1.0	0.4319308814135063	0.9568718125711745	0.21868346103648748	0.4682316649181023	-117.31319352719285	24.767781602482124	3.1973872478320673	3.704197321105833	1.5829183308123365	1.8930232637620603	5	16	6	18	8
1670000	-7207.566066436838	-7084.212030013076	-123.35403642376194	-7084.212030013076	1.5582268081879793	1.3649720318036909	1.0	0.41370970570805254	1.013969850384744	0.21959546805800442	0.43455494241298365	-111.1613145677181	19.23119475204609	4.162659712075193	2.7683677211660056	1.1777793905931124	0.40498006696611155	8	6	22	14	3
1680000	-7208.97012012712	-7088.598082518887	-120.37203760823311	-7088.598082518887	1.360773149486389	1.0877304442844278	1.0	0.32349484590995387	0.9921828983589492	0.11786272494579654	0.33817437349877794	-107.45063522673667	23.64884952939321	5.359334068115039	2.741864008620467	1.5978094776134029	1.15615830863741	7	5	11	22	8
1690000	-7213.739554985906	-7079.425624144753	-134.3139308411526	-7079.425624144753	1.7622647802442974	1.0877304442844278	1.0	0.4116362420763253	0.8771771533090473	0.10916699580027513	0.3713937250126243	-120.54288566071085	18.66020467685198	4.957319103251794	3.817842363143036	2.4424881885047514	1.6445174961266233	8	4	4	15	22
1700000	-7240.936019820817	-7098.876330575133	-142.05968924568438	-7098.876330575133	2.5566806314960724	1.0877304442844278	1.0	0.47082670750664696	0.8932938975402094	0.1426039624017638	0.40063291478951457	-121.77576745972648	206.5928931629156	19.19815973693901	4.452717098119048	4.723365500829613	1.3378849113860412	1	8	9	18	17
1710000	-7211.217974227455	-7079.530697511983	-131.68727671547146	-7079.530697511983	2.55039318457067	1.3241059594308187	1.0	0.37575822506778817	0.8977039196576225	0.12730389174647902	0.3660982202077934	-115.074089001645	13.633763752620776	10.240315316756407	6.578577640602376	9.84734201015854	1.6155541236719437	6	7	7	1	32
1720000	-7211.061553307955	-7081.777634497285	-129.28391881067031	-7081.777634497285	1.7176703847818382	1.4252003308624261	1.0	0.34374540841876533	0.9724075129202453	0.13532054651057068	0.3613734899832404	-114.01147473392686	17.162606610591116	12.9654704566045	6.996396429604703	0.780143254670133	1.6448911633527612	5	3	13	10	22
1730000	-7196.092710279595	-7074.749064864669	-121.34364541492599	-7074.749064864669	1.4134499668624088	1.4344622347682332	1.0	0.4604725838800517	0.9830725753028564	0.22044830533305151	0.4549496297957463	-109.40754378888296	20.78347683910136	2.105354900324	0.4961945219244299	0.6680014781470651	1.5245547844304805	13	28	1	8	3
1740000	-7213.10696162349	-7081.728668703751	-131.37829291973875	-7081.728668703751	1.7590702965920497	1.6230382600612192	1.0	0.283947749569704	0.9944456516876052	0.09470683964310074	0.30982024092487986	-118.21448244312225	14.883879432353613	4.2494815118870415	0.8060192808695278	2.248254293959957	1.5549236111307512	13	10	3	10	17
1750000	-7201.714439263526	-7080.672132161203	-121.04230710232363	-7080.672132161203	1.8068520865185247	1.3769974476471731	1.0	0.29923434861734793	0.9921971564127001	0.10685921945894747	0.31938790452425087	-109.01874789128996	15.165076160428589	3.6135474755378985	2.8976192211792946	1.388904638173388	1.1181239435090347	6	2	19	5	21
1760000	-7210.724691774489	-7080.722075600555	-130.0026161739338	-7080.722075600555	1.5417247352765364	1.2352400988022307	1.0	0.5192929929746212	0.9499119243251984	0.24662243545270213	0.5274532312230178	-117.0286792148279	18.672084601284993	3.3268730426614783	2.8101682145895195	0.9057835312718995	1.2374503854284546	13	20	6	7	7
1770000	-7224.114535344347	-7084.5269666011645	-139.5875687431822	-7084.5269666011645	2.2230684849228126	1.21834368110976	1.0	0.4453498354750283	0.8944581419181828	0.172720853324821	0.4368617163927617	-125.69218861235981	36.22651230897167	4.552576973497523	1.0022636200502082	1.6238618093319224	1.2277217793996684	5	21	1	12	14
1780000	-7214.174336362065	-7085.7366787651845	-128.43765759688063	-7085.7366787651845	2.2586121903307697	1.4750097781918707	1.0	0.3945785099857566	0.9101298985338123	0.15405798967916745	0.3897342575225716	-111.32260759985546	84.40029809571939	21.710744633440303	2.556190234596096	1.6128441048915947	1.1042999040551382	2	5	22	10	14
1790000	-7207.500254508902	-7078.001197074671	-129.49905743423085	-7078.001197074671	1.4487472115597484	1.1430617276287094	1.0	0.449927549639518	0.9697952327141397	0.2856112706438872	0.5010562726806823	-119.17980091971407	7.379291542693451	2.4507959137891864	1.6605017746457977	1.8321069701727357	0.4901280245187727	20	11	13	6	3
1800000	-7203.4608596311355	-7077.399851678887	-126.06100795224859	-7077.399851678887	1.2763023005883278	1.0516237281325844	1.0	0.38409269119946715	1.0308982047609805	0.1559868236237938	0.3719462532540419	-112.67829224473068	16.841965436274613	4.86074077551264	3.8033035595371345	2.6668138637142538	1.2508902814731908	6	21	3	4	19
1810000	-7228.526944239276	-7088.537940553328	-139.98900368594863	-7088.537940553328	2.2722366757000536	1.2711073436442804	1.0	0.42360828701872383	0.9191988400515279	0.17382342917059224	0.43364674148038906	-124.85964861354373	17.785237429968383	11.674395504288738	7.544263519542151	2.057690710487034	1.3039746053122265	7	4	12	28	2
1820000	-7220.280347326024	-7089.644317100164	-130.63603022585957	-7089.644317100164	1.3012368565638128	1.3202753252478918	1.0	0.2564991524794696	0.9446072489944719	0.0660894169021036	0.2670771668705444	-117.41805499159733	15.843089654603542	7.735109483665323	5.782078673100389	1.6727809279060515	0.8498765255781312	2	4	13	23	11
1830000	-7212.666312804705	-7081.3863467372485	-131.27996606745657	-7081.3863467372485	2.109156668151241	1.01203988188343	1.0	0.4556623027591866	0.9570702818851791	0.3040136167157747	0.5352001631968674	-117.30133664317584	36.51034520095807	5.4059235578444556	2.4601569767999782	2.1237816298877656	0.32683026270387083	6	13	10	23	1
1840000	-7206.192401818254	-7075.417402459617	-130.7749993586377	-7075.417402459617	3.1328895953874376	1.217330516555377	1.0	0.4296870179553463	0.7550456073801278	0.16265151546269796	0.43461796660622204	-116.24091096578829	27.395648677779896	10.195651705323844	0.5654776765503609	1.2334198610719647	1.7395761722573393	9	13	2	17	12
1850000	-7209.634160082551	-7074.555903978054	-135.07825610449692	-7074.555903978054	1.6006767083107878	1.1518636840121939	1.0	0.4230984909034602	0.9917906537103628	0.15551449797107195	0.3865229605597798	-116.74793776865583	22.939851565105783	17.205643564509938	23.26274583787324	3.49516822408978	2.5380072906204085	4	2	3	16	28
1860000	-7197.99618363702	-7067.265748090381	-130.7304355466392	-7067.265748090381	1.2303816743216585	1.0554800588187894	1.0	0.4925858901344775	0.9657575675111536	0.2177795590705943	0.44806177282733195	-117.13678067447198	21.912127433792136	4.1539262535032435	3.686564517421198	1.7562555351330447	1.0115728455330406	11	17	2	11	12
1870000	-7215.693859605273	-7075.940542393563	-139.75331721170974	-7075.940542393563	2.4074101564018475	1.0863690655310647	1.0	0.41738966668087685	0.8667529460443133	0.14815102794046017	0.40997672197892115	-123.64219673426672	46.925571344706114	11.721880745212497	2.5669592052152725	2.8268952676209524	1.8223874493474352	5	13	13	15	7
1880000	-7211.166951900832	-7078.139899732723	-133.02705216810824	-7078.139899732723	1.7621371504581202	1.229809039159428	1.0	0.40726056059798604	0.959208445298448	0.12679388301278338	0.36796719972494457	-115.75831398961297	46.178652595204284	25.06717191115991	5.716430466924483	1.9020808322273082	1.9604791467339937	3	3	21	22	4
1890000	-7215.6909422401195	-7080.2142176338375	-135.47672460628203	-7080.2142176338375	2.515700384332465	1.229809039159428	1.0	0.45157157026430567	0.8540908454803187	0.22149770769824428	0.48011271692572666	-121.88085637658311	17.420651943844405	3.761499073174275	3.0310745429999963	1.8336723238282473	2.179671810959815	9	17	9	4	14
1900000	-7202.846093444262	-7064.346362217027	-138.49973122723506	-7064.346362217027	1.519957498645419	1.5885861261963747	1.0	0.4062741300074262	0.936082969838821	0.1824416900440758	0.4333019996137471	-119.01849862428547	160.99039605378007	14.465397790323735	4.93459884708921	3.537929972712486	1.4944593899356329	1	8	4	18	22
1910000	-7216.751954871709	-7086.210519093798	-130.5414357779106	-7086.210519093798	2.560106955059652	1.0235245589402928	1.0	0.32229447348734885	0.9354787580823577	0.08918027544314633	0.29524437571484313	-115.75631113037619	12.1099264856304	15.262692321327119	4.050313493242478	4.257126008715218	1.3727282981821327	2	8	7	13	23
1920000	-7220.077374497702	-7083.764149463252	-136.31322503445065	-7083.764149463252	1.4494405493544287	1.496827512962277	1.0	0.4834761188103661	0.9851221062609384	0.19905841924257017	0.449861506713747	-119.60212433063685	45.80566398913393	16.623764551726143	4.6773801840759655	0.4952928312061019	1.1164093386730507	2	11	22	3	15
1930000	-7203.418084585352	-7088.676919466121	-114.74116511923059	-7088.676919466121	1.5805156648187804	1.4295114400324602	1.0	0.2416219745081224	1.0020028160104322	0.05882000047305374	0.2418899887262002	-102.98711917892696	21.24302675604962	3.9058098195303774	2.0905056814905394	0.7640918941795724	1.0234526523715421	7	13	14	12	7
1940000	-7206.147279541897	-7085.364198585778	-120.7830809561194	-7085.364198585778	1.3806104681457434	1.21378359676641	1.0	0.36196731739604426	0.9346947227248598	0.12322774348016115	0.3567216115098921	-110.32275459855005	14.360403573403703	2.2478536591580265	1.7371095589383212	0.7730596748960193	0.7572935648857432	11	28	8	2	4
1950000	-7215.221677805735	-7078.490225370485	-136.73145243525008	-7078.490225370485	1.940807075185178	1.21378359676641	1.0	0.38867111808510024	0.9261504753963075	0.18647813579983746	0.42668508362932084	-123.94708248205768	11.741716362771873	6.475039171031087	2.1686614733998058	1.9966034593453772	1.8811891185146645	15	7	2	24	5
1960000	-7219.592865683523	-7082.4911233013745	-137.10174238214898	-7082.4911233013745	1.2385171978003824	1.2457861289963672	1.0	0.42499265834776095	0.9479980858833619	0.1745553136475657	0.4279773951355807	-119.70233685349262	36.48254581281071	13.050038757674375	10.300028239603263	3.155514130254948	2.394233905635024	3	11	8	4	27
1970000	-7220.6925351090895	-7083.30781130153	-137.3847238075593	-7083.30781130153	1.699747003856858	1.383774068398651	1.0	0.3512459626517743	0.9713900072798981	0.11436128376406617	0.33854055213808615	-121.15121628363721	28.743495757370543	7.500213249669435	9.416507144169932	2.745089984459965	1.7591064400312388	2	5	10	30	6
1980000	-7205.656894327348	-7081.078713745104	-124.57818058224306	-7081.078713745104	1.664137128834562	1.2663254410654452	1.0	0.32215429036637705	0.952134945298074	0.09670158557632703	0.3171379563869742	-112.78978597076676	18.06973305906845	5.048611832575844	2.158030517994768	1.1963708063528804	0.7223875488426987	9	7	25	1	11
1990000	-7209.100114200187	-7077.518419290819	-131.58169490936788	-7077.518419290819	2.1069314681071387	1.144381288945707	1.0	0.3656771204640095	0.9429253157840807	0.14602308318707596	0.37755251881568436	-115.03326132483599	34.75448114187671	13.68714766830363	7.7229677772903536	3.807663852888559	1.4674933617670864	4	5	6	8	30
2000000	-7217.644218699605	-7079.531276427704	-138.11294227190032	-7079.531276427704	2.11970107507331	1.2859493526432058	1.0	0.39746835653625534	0.9638677361861955	0.10336865857441141	0.3295710008125128	-119.23698490955485	50.5631385212651	20.88431910532481	14.215733172777371	5.0109212479307566	1.9918420095278844	2	3	4	5	39
2010000	-7221.445112909591	-7083.387095322905	-138.05801758668602	-7083.387095322905	1.6607079692685294	1.2859493526432058	1.0	0.40248636306411156	0.9564308713833178	0.2116500406303412	0.4368568725420235	-121.84570615943636	16.32213254029905	28.399530100053312	6.895567402748951	1.7632487650996225	1.1366964564752746	1	6	13	20	13
2020000	-7228.5637043419	-7096.781251440566	-131.7824529013346	-7096.781251440566	1.3496094949225976	1.168980721457418	1.0	0.36302159898128494	0.9725941944232105	0.1000473531336929	0.311032847052721	-117.65657994409645	17.302714612376207	7.515315973175501	2.7112430661330547	3.342117789438884	1.8163477673683333	16	1	1	16	19
2030000	-7223.8564068164505	-7089.890468388154	-133.9659384282968	-7089.890468388154	1.5829861426016492	1.379241445002761	1.0	0.38905249354447374	0.9238217542533947	0.12081882265140076	0.3692021562740657	-119.66864080779303	16.003050146431914	2.7165118356766937	4.632858747615766	3.049258164841237	1.9171067037979765	13	6	5	17	12
2040000	-7199.729981706878	-7072.692856751417	-127.03712495546131	-7072.692856751417	1.215908233478824	1.2555773373393129	1.0	0.5324748277879962	0.9914620888664972	0.31851014035645586	0.5450327406339637	-113.13221852662433	15.99931197764663	5.616727752442611	4.491579689101185	1.7181307144321318	1.2349277122772662	9	2	12	20	10
2050000	-7203.322338021013	-7073.508034374685	-129.8143036463282	-7073.508034374685	1.901466943997603	1.2555773373393129	1.0	0.4690149851854339	0.9626710762834931	0.22613180576903666	0.45352499813086483	-116.65817956967977	24.062900092876234	7.376986671346223	2.9164633810649767	0.6444971450991875	0.7272639289462174	7	11	23	5	7
2060000	-7211.32708836502	-7073.68948149544	-137.63760686957997	-7073.68948149544	1.7784479582537078	1.207234376946726	1.0	0.4412706420815582	0.8839739615878077	0.13834804688791072	0.39053615055228863	-120.31358512679967	81.32802862481668	8.87565071729594	3.8367881594487825	2.3471749677270775	2.41235091995599	2	8	19	20	4
2070000	-7207.6422345166575	-7076.642371114274	-130.99986340238306	-7076.642371114274	2.0435523201810475	1.207234376946726	1.0	0.4505935525825268	0.9411406532869578	0.16992056590903507	0.4196489465003747	-117.62046536597691	16.23720080117097	3.183621591582869	2.3318404481262687	2.550363960678089	2.1491010727524658	5	14	22	6	6
2080000	-7198.878677345689	-7062.7422611764	-136.1364161692887	-7062.7422611764	1.5317207280987222	1.1888666409451025	1.0	0.3949777933702362	0.9222512338180714	0.15317583395311793	0.4135587501943211	-124.49656261950804	14.631191598441376	2.4707621870619594	2.785002129643696	1.223819411246236	0.7746465964603979	14	25	5	7	2
2090000	-7209.308002381254	-7066.068736441906	-143.23926593934706	-7066.068736441906	1.9619059985040799	1.3073210205288694	1.0	0.51713467241285	0.8712934368406919	0.15757089077864525	0.4215793481599928	-126.38757336181311	14.317613821871275	4.90572011814419	2.7456876082295167	9.130995725395717	1.3877566454698735	6	4	16	1	26
2100000	-7203.0365079235935	-7073.5907489167985	-129.44575900679496	-7073.5907489167985	1.4637279607138407	1.3073210205288694	1.0	0.41771857652640015	0.8794305246660854	0.12479679858077318	0.3884393810036104	-117.0826559442812	12.248218973343379	6.2445700360790495	3.969721404639794	1.623707871420148	0.20223562838141423	7	3	16	25	2
2110000	-7196.145369982902	-7059.9875584747315	-136.15781150816974	-7059.9875584747315	1.7824898608923936	1.3073210205288694	1.0	0.4930232518186311	0.8296380134924238	0.18239000324341853	0.4768093366409384	-121.54114669658554	40.75689029999575	2.6569172722608494	2.5840767602302033	1.3987207786471305	1.5507125227526386	5	5	17	17	9
2120000	-7215.9975938808575	-7083.3232833925795	-132.6743104882777	-7083.3232833925795	2.462055182142914	1.3073210205288694	1.0	0.38411792259839367	0.9194884826528927	0.13358110831293604	0.3709289870517621	-115.32034472523438	14.118100664142066	10.806582378991795	9.183575584745896	12.172036973674325	2.0711434329363536	4	7	1	5	36
2130000	-7207.184403917137	-7077.745867260098	-129.43853665703944	-7077.745867260098	1.866124515105397	1.4550395151314357	1.0	0.3668053409031609	0.9849550685967018	0.12901914350048965	0.3601986871840237	-114.2005769271756	46.57128240367366	8.4730958944133	3.485643710239262	2.1673078117369124	0.5400807608582853	4	15	7	25	2
2140000	-7206.457744098539	-7080.937228666216	-125.52051543232328	-7080.937228666216	1.819909173596346	1.0914699878090723	1.0	0.41551627281638787	0.9789529810252767	0.21494447795464877	0.47114816742402293	-110.72332025067698	31.507251065646724	1.009230923514175	3.043000850289036	2.123469305991737	1.1097310415125832	5	2	16	16	14
2150000	-7194.815852869239	-7075.24957575823	-119.5662771110088	-7075.24957575823	1.3450658638438362	1.249966269081242	1.0	0.3304117349752956	1.0265121430947663	0.1418081429736493	0.3610400507924373	-106.88326475784929	46.40403343343951	3.2307766667645454	1.790938138120099	1.2131076910905039	0.21118463728681972	6	21	13	10	3
2160000	-7209.247970699965	-7089.5081085346	-119.73986216536498	-7089.5081085346	1.4615700293410858	1.4093906490992343	1.0	0.3437552722150554	1.0360468821888753	0.12972406042479706	0.35766580320701785	-108.92188429488873	26.978988900378123	3.231794939684711	1.3425434257343343	0.4390184918833086	0.4058637348738711	9	21	20	2	1
2170000	-7205.866386151502	-7088.227529167913	-117.63885698358915	-7088.227529167913	1.1272019151914203	1.21403627918345	1.0	0.34763230405149703	1.0924716757267017	0.14456661881806404	0.3601115301447539	-106.42666488449684	12.788909769804874	3.2119284368772965	1.3990684137659213	1.1571966265930265	1.5457390979056707	10	15	5	14	9
2180000	-7207.985215120664	-7089.235076071423	-118.75013904924188	-7089.235076071423	2.1937529576963772	1.1396595545542758	1.0	0.3556028234711153	0.9863246195928136	0.1244008580246469	0.3517597009336775	-106.50628395051774	18.65245284715857	6.183670885905178	1.3684162713690133	1.4709930310891326	0.9840182839201863	7	5	20	17	4
2190000	-7199.925979487587	-7078.663421582894	-121.26255790469278	-7078.663421582894	1.438826242127539	1.1384377634575091	1.0	0.3384291830765836	0.9794057429320656	0.1728122120876697	0.4048000977643723	-107.5375691778497	30.802532602037637	3.623183528644537	1.1955099289816309	2.8191923177316998	0.16066389111504747	11	14	25	1	2
2200000	-7210.243322384888	-7081.617372625586	-128.6259497593026	-7081.617372625586	2.125413631887163	1.2835046694884922	1.0	0.39549813526070016	0.9465304662396055	0.16777562928149697	0.411957326576662	-116.05274872064365	14.658317817359485	6.018212770558335	2.226137554869576	1.4926653563243528	1.321966510357986	10	1	31	6	5
2210000	-7202.155403663124	-7063.362973412236	-138.79243025088792	-7063.362973412236	1.8962957551307489	1.2529900596689516	1.0	0.38443594901596073	0.9407378013730976	0.16997060618283621	0.41966056483037084	-120.94032865417712	52.08460522432873	6.829270841454191	10.71667867430982	2.4358487270734406	2.5260032901558778	1	12	3	10	27
2220000	-7201.874347733649	-7074.041139919928	-127.83320781372096	-7074.041139919928	1.761290843507129	1.7623701869378268	1.0	0.34197666317530373	0.9149076321456339	0.1738087114061936	0.4197708583105382	-113.02348932387459	23.708595837527664	10.017796464521068	2.6859737412632265	2.093505908227604	1.745988920103809	2	8	17	5	21
2230000	-7213.920430865779	-7075.05081906001	-138.86961180576867	-7075.05081906001	4.311097600530802	1.2017458242444332	1.0	0.4038365856147065	0.8564138422732738	0.1739442523088444	0.40887121283302785	-124.46857287885064	24.06080137440218	9.751417427775408	3.2358052625182694	2.010391876513929	1.4290368971380243	6	13	13	18	3
2240000	-7214.9283896639745	-7079.343189719999	-135.58519994397523	-7079.343189719999	2.4857516819432677	1.5242380446364079	1.0	0.3079209190265321	0.9552947965516979	0.09862430788666128	0.3000766132520903	-118.08579345213744	30.212896622386626	25.26433153982509	3.8958231725515082	4.617371842385368	2.8674322003896195	2	7	8	3	33
2250000	-7215.391358344467	-7080.634186813476	-134.75717153099154	-7080.634186813476	2.0510709189919076	1.3423688325669954	1.0	0.398875656583687	0.9743275558626111	0.15784062973486315	0.40333901689939794	-118.14110002708037	61.17916210888929	9.321850120847953	3.45945268614177	0.5177551556179534	1.5312780380508868	1	15	25	1	11
2260000	-7221.937285977697	-7079.013242517931	-142.9240434597663	-7079.013242517931	2.9095130108168012	1.3423688325669954	1.0	0.4585275520927563	0.84590801754633	0.2057521508325418	0.4840359364495512	-127.57017465724951	20.747210226777025	10.412493553651707	4.58200428581691	0.7460531035167746	1.82722639635275	8	5	14	1	25
2270000	-7230.740320712275	-7094.9773436311825	-135.76297708109314	-7094.9773436311825	2.0469374307611523	1.2199690207052647	1.0	0.5183762774326086	0.9480194222574868	0.2694095974720916	0.5336028830965909	-120.89621087398938	18.1753647251518	9.361768288310861	4.457703094126107	2.0000088211224942	1.8971854572116411	9	7	4	13	20
2280000	-7219.810134958698	-7077.650180422276	-142.15995453642145	-7077.650180422276	2.2273675936685375	1.586732043779532	1.0	0.5295864743590682	0.933081772975133	0.19719402496888422	0.46381746094371434	-124.61656782321796	20.741117231640864	38.67588146474965	1.9672088967615202	2.351570525525886	1.2265879384271887	5	7	6	13	22
2290000	-7207.533276297253	-7091.0318990404385	-116.50137725681469	-7091.0318990404385	1.3481549606977064	1.2743416435948314	1.0	0.3544070518512558	1.0771912542370519	0.17250937692149504	0.3765937318247151	-98.5764509249707	64.73258111753485	10.48481109306521	4.537663303233006	6.361069817001467	1.0915266741488836	1	3	13	7	29
2300000	-7212.917145690641	-7085.4777504529175	-127.43939523772336	-7085.4777504529175	1.310329167534273	1.2743416435948314	1.0	0.3923263668580801	1.00344298881983	0.17107115493166944	0.4076018359925502	-109.07232556140895	54.177505873470345	12.77360068114986	8.28943278803042	7.180205383763049	1.0639252312661647	3	2	11	7	30
2310000	-7200.4808731787225	-7077.8612647546315	-122.61960842409091	-7077.8612647546315	1.4465493478139444	1.4146980819785895	1.0	0.4077834807390583	0.988258462151315	0.23187111812551015	0.46677412904145854	-109.37090309065505	15.936156886328233	11.18048727590566	1.5452953560376779	1.035636620365281	1.3139732525686971	8	7	28	2	8
2320000	-7219.350245553171	-7092.565722718443	-126.78452283472758	-7092.565722718443	1.4035570636363623	1.4146980819785895	1.0	0.4315363197085017	0.955950454148272	0.22454079602837262	0.4696820112914827	-112.05819821319949	23.804407178191422	7.411439537388014	2.977586927957247	1.5481177464707536	2.3000899315585337	4	13	8	9	19
2330000	-7242.626695275106	-7102.7581416109515	-139.86855366415455	-7102.7581416109515	1.510695003783929	1.3535681536287334	1.0	0.43085742981808905	0.9928694117952737	0.2195998195386661	0.47358041712705684	-124.28918326701961	36.033285957266706	6.565556025840135	3.2413809057721257	2.688370448788051	2.1114614715847684	10	6	8	5	24
2340000	-7198.10829050753	-7072.656267516506	-125.45202299102394	-7072.656267516506	1.3379193609614366	1.3535681536287334	1.0	0.401895459872158	0.9952072073941597	0.2014690985821651	0.4489479035525331	-113.42138599920605	17.09570931440844	2.2894357501555644	2.81445067465511	1.2244185177306153	0.6416164970224496	12	6	21	11	3
2350000	-7210.377418715351	-7081.745606435891	-128.63181227946023	-7081.745606435891	1.4334058121062232	1.1543076243543424	1.0	0.400816245487513	1.026615231542145	0.20554083188816674	0.4471265133509539	-113.58167041149858	33.35664460216759	13.053619249307372	2.230961704209024	1.5651443545648505	1.8633639724050013	6	4	35	1	7
2360000	-7224.79139551997	-7075.917470986885	-148.87392453308564	-7075.917470986885	1.8851394743416159	1.1722036423946762	1.0	0.5005756982964794	0.8389600485467766	0.26595783123689903	0.5713937643986512	-134.7085521318016	12.258305817267782	13.02048481689493	3.5494020230107703	1.9462936544118712	1.2210199007437883	14	3	8	27	1
2370000	-7224.782949625158	-7086.230481562298	-138.55246806285976	-7086.230481562298	2.022899205321879	1.191862946873526	1.0	0.4453570946186242	0.8986112842959155	0.20908127706964336	0.47616972470645297	-123.19753663392346	23.32459104802275	8.100193873444232	7.380146987027093	2.26706058246292	1.3980121830307366	6	6	13	24	4
2380000	-7215.915496987836	-7083.774075077222	-132.1414219106146	-7083.774075077222	1.70656824846517	1.1848520993377514	1.0	0.34796470766516874	0.9548298904270396	0.10681947692889177	0.3440685398263538	-115.79305228753225	58.86427214366231	12.379627260269519	1.1466613893901816	1.5397840599984904	2.892809092039611	2	14	21	3	13
2390000	-7214.371379842718	-7084.371982025857	-129.99939781686172	-7084.371982025857	1.6928829199465028	1.5009590504883075	1.0	0.43898909912161366	0.984064169893727	0.20507756050667447	0.45037967856822625	-115.60242023199969	23.68934032440187	6.264311687689994	4.372463255144539	1.0598680101138895	1.3178979710157264	11	3	14	5	20
2400000	-7218.579665773184	-7084.188988369497	-134.39067740368816	-7084.188988369497	1.63720927400802	1.2543822753762817	1.0	0.3493034220619185	0.9803982885350474	0.11109099910516988	0.3388071072161966	-123.15645652604434	9.365597333995234	6.548869912702528	3.346256039125847	1.2214301841340833	0.2859106485868755	12	5	10	25	1
2410000	-7205.875365497031	-7065.456209210699	-140.4191562863324	-7065.456209210699	1.4768352238199811	1.2543822753762817	1.0	0.4140149802207011	0.9693395404352002	0.2141256117949058	0.4510043932289991	-124.62970630170521	14.405398803840816	21.60177428837387	6.859492682005116	2.3646481446760013	1.2343656445075826	10	3	15	17	8
2420000	-7210.199314156281	-7071.73836192458	-138.4609522317003	-7071.73836192458	1.9918878417010593	1.5423998587845082	1.0	0.5309516481404819	0.8862303464465248	0.20770728090457202	0.4781281341859495	-120.11311435037919	28.1495594274906	17.800899008232996	12.29878140100689	4.77131677409617	1.8611053375561988	7	5	2	16	23
2430000	-7217.253802535183	-7073.621767236887	-143.63203529829693	-7073.621767236887	1.8603025757275375	1.434539501335947	1.0	0.5881993066018104	0.8592286126440905	0.24324246406345648	0.5548361725253261	-128.01889358284294	30.15798626014426	8.529843200443201	4.195995135576548	1.4553472243227537	1.479210204578004	9	5	15	1	23
2440000	-7218.041850996437	-7078.006258926392	-140.03559207004466	-7078.006258926392	1.8030206725155888	1.4119718017758882	1.0	0.4426797077185108	0.9337139079936115	0.18330237553262194	0.43757399982210754	-126.7426863178297	14.717184984475033	4.096731265093737	0.6646492710159063	1.3396078346922806	2.665623881838447	20	10	4	5	14
2450000	-7223.373503045431	-7085.7205118512	-137.6529911942307	-7085.7205118512	1.6537240592479083	1.3044505442376875	1.0	0.4177991655816788	0.9342967850000367	0.11868609240667996	0.3678224562936347	-122.34294702408486	14.898078049370158	16.911564924603034	5.825154428998828	2.407633125751179	1.373082127019401	4	7	13	18	11
2460000	-7209.679351910449	-7081.264801560113	-128.41455035033673	-7081.264801560113	1.3690252394875282	1.2202095106215023	1.0	0.43750459585240686	0.93831624445289	0.175504236768746	0.42270225856584975	-113.82180654107113	25.639616373357867	4.807697519659019	4.456433535959047	2.8716270043514287	0.7526141319519307	3	14	5	16	15
2470000	-7210.011006086597	-7084.381985964352	-125.62902012224578	-7084.381985964352	1.2949366349998894	1.2794152036684259	1.0	0.4693672522025628	0.9341623384793358	0.21853117769566738	0.483300089428067	-111.47703780764544	30.849130318576808	5.445657764139334	1.2277276253091127	1.318733109408441	1.9806012872769183	7	15	2	19	10
2480000	-7221.053826923802	-7085.013922835636	-136.03990408816657	-7085.013922835636	1.5126076185738238	1.1358898570276723	1.0	0.4264115003863316	0.9717867866284243	0.19010012002236923	0.45453329339823406	-121.36820916381038	52.94952176487883	8.994677233631897	4.250763217352592	0.9964522910702899	0.3757073559439272	3	15	17	16	2
2490000	-7231.5639956301075	-7095.474667728738	-136.0893279013701	-7095.474667728738	1.7368756531924752	1.494930205230391	1.0	0.42179238384680284	0.9579170282933974	0.22159841098308444	0.4699478232823168	-122.18545796497084	14.885852902899485	10.139684907744918	3.092987013753905	2.0040216906927335	1.0968488627363193	12	6	9	13	13
2500000	-7221.057142422455	-7083.366313779624	-137.69082864283166	-7083.366313779624	1.8655409151948574	1.4728974727041304	1.0	0.396414671038557	0.9899834296743418	0.17944162154739948	0.41556329894345556	-122.93548591050008	17.469359593494	13.422730098012417	3.4165658083887096	1.6235021687398725	1.8871577482852688	7	10	9	7	20
2510000	-7204.716108008105	-7081.52515836838	-123.19094963972489	-7081.52515836838	1.6797025077710943	1.2586503745089743	1.0	0.47540458291537446	0.9109983870289233	0.22026325726294604	0.49652410468775166	-111.34263712964595	21.868115937957327	3.076634577526652	1.165039367551792	1.1137648935011157	0.7557153686549017	16	3	29	1	4
2520000	-7225.42222674626	-7085.896724420344	-139.52550232591625	-7085.896724420344	1.9478132791603155	1.3766546585601496	1.0	0.4745787929258523	0.9123520151836775	0.16946963323384756	0.4280717709967007	-123.5552002827458	15.053516041630386	12.06302620354699	10.556531101019855	1.5157618381889053	1.832778653562847	16	2	7	1	27
2530000	-7215.766013216996	-7072.4723306769965	-143.2936825399993	-7072.4723306769965	2.774540075438104	1.254584709841501	1.0	0.4839746736406083	0.8218983460085295	0.22066196513543365	0.49289385730480373	-122.99281505943456	87.80416739682451	8.80724337624192	14.830774020725148	5.293699338061064	2.6682256083025226	1	10	3	7	32
2540000	-7201.906388465302	-7066.330204807867	-135.57618365743596	-7066.330204807867	1.5788525917101675	1.1307195633644438	1.0	0.4176954326185148	0.9405756587850054	0.1849156021071204	0.4209926006627888	-116.66251235596535	247.88988669164786	18.121213767492062	4.36597840135532	0.966478349214423	1.173359699003265	1	7	18	4	23
2550000	-7213.056076047555	-7090.680361703997	-122.3757143435581	-7090.680361703997	1.554423483737299	1.477199800923843	1.0	0.3001032311491903	1.033971208683502	0.10995006868680063	0.3299917887282827	-111.35133709072464	22.217778745546216	3.0867360053032793	1.4686934951895005	1.076674704525147	0.21710277542000883	8	28	1	13	3
2560000	-7222.693363892698	-7094.559885689938	-128.13347820275982	-7094.559885689938	1.3333388847289707	1.7814028440949579	1.0	0.31091618009539856	1.036129604932383	0.11436896793097505	0.3272591810952516	-114.82238314770422	19.00852069848074	4.6870171571074675	2.695713966306689	1.0751571872888208	1.672147945492476	11	9	18	4	11
2570000	-7221.704341883393	-7087.395764018324	-134.30857786506851	-7087.395764018324	2.3455098126046865	1.4382602903233417	1.0	0.34188173783738623	0.9824242638666896	0.12818928163687085	0.36293171092184334	-117.50257334603438	69.42930667133413	9.268313047539406	5.016305574360604	2.4366308463822515	1.5028671532548379	1	5	21	1	25
2580000	-7210.185875355748	-7079.384533514335	-130.80134184141318	-7079.384533514335	1.9285422721060739	1.4094852382682626	1.0	0.46746992040504726	0.874816134670441	0.15898876001070297	0.40108313009491536	-114.7326956032529	73.58143053709456	15.512198944709045	1.1326041849118547	1.1571915455020043	1.03201873174473	1	19	8	22	3
2590000	-7212.472290822657	-7075.305047463757	-137.16724335890032	-7075.305047463757	2.0038182600831065	1.4094852382682626	1.0	0.4367928523616871	0.8943240793348087	0.14876035673577565	0.405541611976689	-118.02552153326616	105.52249587912281	15.023542366122756	11.126895890753692	2.6276402980586253	1.2320392696721367	1	12	1	20	19
2600000	-7196.886293240218	-7074.345665041324	-122.54062819889398	-7074.345665041324	1.5668819204081674	1.1131769837335548	1.0	0.34254988208458703	1.0364698305256832	0.09436035075172759	0.2986696389330202	-107.83504433650592	27.651894988145933	7.585566197368829	6.252441690598301	0.8125595667436086	1.3733979756310197	2	18	5	3	25
2610000	-7210.996566365838	-7069.625391600192	-141.3711747656451	-7069.625391600192	1.6800541442901291	1.3870327710073551	1.0	0.4033474844189042	0.9570830625353628	0.17621081598870145	0.4228200641771963	-126.43383332441385	30.226271316833074	13.219354271663668	5.073958836698496	0.7287810283818148	0.919447778786955	4	18	7	19	5
2620000	-7215.331097420493	-7089.54271582014	-125.78838160035335	-7089.54271582014	1.3916226468209478	1.4901883347928042	1.0	0.41526261597554953	0.9762003672264378	0.1556033162889302	0.3907754723099851	-109.00740964807456	38.42428201608092	11.077475375404225	11.138360875869012	1.880269515415945	0.7943068769362832	4	3	8	34	4
2630000	-7220.875415505169	-7083.938879925641	-136.93653557952788	-7083.938879925641	1.7734823945180649	1.667204002281339	1.0	0.4214410970205453	0.9247349981823482	0.19506250659835378	0.44380294002271375	-122.43572941317879	24.606658736580705	5.060718319856346	5.101123727696687	1.6549020103187149	0.7449940599517426	6	14	10	18	5
